A16|IOBS_205_252|BANK0|DIFFIO_B0_30N|||
A17|IOBS_213_252|BANK0|DIFFIO_B0_31N|||
A18|IOBS_221_252|BANK0|DIFFIO_B0_32N|||
D17|IOBS_225_252|BANK0|DIFFIO_B0_33N|||
C12|IOBS_125_252|BANK0|DIFFIO_B0_17N/GCLK14/PLL0_CLK5/PLL1_CLK5|dataa[10]|input|NO
A12|IOBS_129_252|BANK0|DIFFIO_B0_18N/GCLK12/PLL0_CLK7/PLL1_CLK7|dataa[8]|input|NO
A10|IOBS_113_252|BANK0|DIFFIO_B0_15N/GCLK18/PLL0_CLK1/PLL1_CLK1|dataa[1]|input|NO
F8|IOBS_69_252|BANK0|DIFFIO_B0_8N|||
F9|IOBS_77_252|BANK0|DIFFIO_B0_9N|||
H10|IOBS_81_252|BANK0|DIFFIO_B0_10N|||
F10|IOBS_89_252|BANK0|DIFFIO_B0_11N|||
H11|IOBS_93_252|BANK0|DIFFIO_B0_12N|||
D8|IOBS_97_252|BANK0|DIFFIO_B0_13N|dataa[2]|input|NO
C10|IOBS_109_252|BANK0|DIFFIO_B0_14N|dataa[4]|input|NO
A5|IOBS_21_252|BANK0|DIFFIO_B0_1N|||
C6|IOBS_29_252|BANK0|DIFFIO_B0_2N|||
A6|IOBS_37_252|BANK0|DIFFIO_B0_3N|||
A7|IOBS_45_252|BANK0|DIFFIO_B0_4N|||
A8|IOBS_49_252|BANK0|DIFFIO_B0_5N|||
C8|IOBS_61_252|BANK0|DIFFIO_B0_6N|||
A11|IOBS_121_252|BANK0|DIFFIO_B0_16N/GCLK16/PLL0_CLK3/PLL1_CLK3/XTALB_B0|dataa[6]|input|NO
D12|IOBS_145_252|BANK0|DIFFIO_B0_20N|||
F12|IOBS_149_252|BANK0|DIFFIO_B0_21N|||
D13|IOBS_153_252|BANK0|DIFFIO_B0_22N|||
G13|IOBS_161_252|BANK0|DIFFIO_B0_23N|||
F15|IOBS_165_252|BANK0|DIFFIO_B0_24N|||
H14|IOBS_177_252|BANK0|DIFFIO_B0_25N|||
C14|IOBS_181_252|BANK0|DIFFIO_B0_26N|||
A14|IOBS_185_252|BANK0|DIFFIO_B0_27N|||
A15|IOBS_193_252|BANK0|DIFFIO_B0_28N|||
B16|IOBD_204_252|BANK0|DIFFIO_B0_30P|||
C17|IOBD_212_252|BANK0|DIFFIO_B0_31P|||
B18|IOBD_220_252|BANK0|DIFFIO_B0_32P|||
E16|IOBD_224_252|BANK0|DIFFIO_B0_33P|||
C13|IOBD_132_252|BANK0|DIFFIO_B0_19P|dataa[20]|input|NO
D11|IOBD_124_252|BANK0|DIFFIO_B0_17P/GCLK15/PLL0_CLK4/PLL1_CLK4|dataa[28]|input|NO
B12|IOBD_128_252|BANK0|DIFFIO_B0_18P/GCLK13/PLL0_CLK6/PLL1_CLK6|dataa[7]|input|NO
C11|IOBD_120_252|BANK0|DIFFIO_B0_16P/GCLK17/PLL0_CLK2/PLL1_CLK2/XTALA_B0|dataa[16]|input|NO
E8|IOBD_68_252|BANK0|DIFFIO_B0_8P|dataa[29]|input|NO
G8|IOBD_76_252|BANK0|DIFFIO_B0_9P|||
G9|IOBD_80_252|BANK0|DIFFIO_B0_10P|||
E10|IOBD_88_252|BANK0|DIFFIO_B0_11P|dataa[14]|input|NO
G11|IOBD_92_252|BANK0|DIFFIO_B0_12P|dataa[13]|input|NO
D7|IOBD_96_252|BANK0|DIFFIO_B0_13P|dataa[23]|input|NO
D10|IOBD_108_252|BANK0|DIFFIO_B0_14P|dataa[15]|input|NO
C9|IOBD_64_252|BANK0|DIFFIO_B0_7P|||
C5|IOBD_20_252|BANK0|DIFFIO_B0_1P|||
D6|IOBD_28_252|BANK0|DIFFIO_B0_2P|||
B6|IOBD_36_252|BANK0|DIFFIO_B0_3P|||
C7|IOBD_44_252|BANK0|DIFFIO_B0_4P|||
B8|IOBD_48_252|BANK0|DIFFIO_B0_5P|||
D9|IOBD_60_252|BANK0|DIFFIO_B0_6P|dataa[30]|input|NO
A3|IOBD_16_252|BANK0|DIFFIO_B0_0P/IO_STATUS_C|||
B10|IOBD_112_252|BANK0|DIFFIO_B0_15P/GCLK19/PLL0_CLK0/PLL1_CLK0|dataa[24]|input|NO
E12|IOBD_144_252|BANK0|DIFFIO_B0_20P|dataa[5]|input|NO
H12|IOBD_148_252|BANK0|DIFFIO_B0_21P|dataa[27]|input|NO
F13|IOBD_152_252|BANK0|DIFFIO_B0_22P|||
H13|IOBD_160_252|BANK0|DIFFIO_B0_23P|||
E14|IOBD_164_252|BANK0|DIFFIO_B0_24P|||
F14|IOBD_176_252|BANK0|DIFFIO_B0_25P|||
D14|IOBD_180_252|BANK0|DIFFIO_B0_26P|||
B14|IOBD_184_252|BANK0|DIFFIO_B0_27P|||
C15|IOBD_192_252|BANK0|DIFFIO_B0_28P|||
D15|IOBD_196_252|BANK0|DIFFIO_B0_29P|||
A13|IOBR_133_252|BANK0|DIFFIO_B0_19N/VREF_B0|ampout[19]|output|NO
A9|IOBR_65_252|BANK0|DIFFIO_B0_7N/VREF_B0|||
A4|IOBR_17_252|BANK0|DIFFIO_B0_0N/VREF_B0|||
C16|IOBR_197_252|BANK0|DIFFIO_B0_29N/VREF_B0|||
T19|IOBS_244_9|BANK1|DIFFI_B1_39P|||
V19|IOBS_244_13|BANK1|DIFFI_B1_38P|||
U19|IOBS_244_17|BANK1|DIFFI_B1_37P|||
L17|IOBS_244_21|BANK1|DIFFI_B1_36P|||
W20|IOBS_244_25|BANK1|DIFFI_B1_35P|||
P19|IOBS_244_37|BANK1|DIFFI_B1_34P|||
M19|IOBS_244_41|BANK1|DIFFI_B1_33P|||
V21|IOBS_244_45|BANK1|DIFFI_B1_32P|||
U20|IOBS_244_49|BANK1|DIFFI_B1_31P|||
T21|IOBS_244_53|BANK1|DIFFI_B1_30P|||
R20|IOBS_244_77|BANK1|DIFFI_B1_29P|datab[29]|input|NO
P21|IOBS_244_81|BANK1|DIFFI_B1_28P|datab[25]|input|NO
P18|IOBS_244_85|BANK1|DIFFI_B1_27P|||
N20|IOBS_244_89|BANK1|DIFFI_B1_26P|||
M21|IOBS_244_93|BANK1|DIFFI_B1_25P|||
L20|IOBS_244_105|BANK1|DIFFI_B1_24P|||
K21|IOBS_244_109|BANK1|DIFFI_B1_23P|dataa[25]|input|NO
J20|IOBS_244_113|BANK1|DIFFI_B1_22P/GCLK5/PLL2_CLK10/PLL3_CLK10|ampout[12]|output|NO
M20|IOBS_244_117|BANK1|DIFFI_B1_21P/GCLK7/PLL2_CLK8/PLL3_CLK8|ampout[4]|output|NO
M18|IOBS_244_121|BANK1|DIFFI_B1_20P|ampout[15]|output|NO
D21|IOBS_244_201|BANK1|DIFFI_B1_9P|||
F18|IOBS_244_205|BANK1|DIFFI_B1_8P|||
D19|IOBS_244_209|BANK1|DIFFI_B1_7P|||
H16|IOBS_244_213|BANK1|DIFFI_B1_6P|||
K16|IOBS_244_217|BANK1|DIFFI_B1_5P|||
A20|IOBS_244_229|BANK1|DIFFI_B1_4P|||
B21|IOBS_244_233|BANK1|DIFFI_B1_3P|||
F16|IOBS_244_237|BANK1|DIFFI_B1_2P|||
G16|IOBS_244_241|BANK1|DIFFI_B1_1P|||
C19|IOBS_244_245|BANK1|DIFFI_B1_0P|||
H21|IOBS_244_133|BANK1|DIFFI_B1_19P/GCLK9/PLL0_CLK10/PLL1_CLK10/XTALA_B1|dataa[31]|input|NO
K20|IOBS_244_137|BANK1|DIFFI_B1_18P/GCLK11/PLL0_CLK8/PLL1_CLK8|ampout[20]|output|NO
G20|IOBS_244_141|BANK1|DIFFI_B1_17P|ampout[29]|output|NO
H20|IOBS_244_145|BANK1|DIFFI_B1_16P|dataa[19]|input|NO
F21|IOBS_244_149|BANK1|DIFFI_B1_15P|dataa[26]|input|NO
J17|IOBS_244_161|BANK1|DIFFI_B1_14P|||
E20|IOBS_244_165|BANK1|DIFFI_B1_13P|dataa[11]|input|NO
H19|IOBS_244_169|BANK1|DIFFI_B1_12P|||
G19|IOBS_244_173|BANK1|DIFFI_B1_11P|dataa[12]|input|NO
C20|IOBS_244_177|BANK1|DIFFI_B1_10P|||
N19|IOBR_244_40|BANK1|DIFFI_B1_33N/VREF_B1|||
B20|IOBR_244_244|BANK1|DIFFI_B1_0N/VREF_B1|||
V18|IOBS_244_12|BANK1|DIFFI_B1_38N|||
V20|IOBS_244_16|BANK1|DIFFI_B1_37N|||
K18|IOBS_244_20|BANK1|DIFFI_B1_36N|||
W22|IOBS_244_24|BANK1|DIFFI_B1_35N|||
P20|IOBS_244_36|BANK1|DIFFI_B1_34N|||
V22|IOBS_244_44|BANK1|DIFFI_B1_32N|||
U22|IOBS_244_48|BANK1|DIFFI_B1_31N|datab[23]|input|NO
T22|IOBS_244_52|BANK1|DIFFI_B1_30N|||
R22|IOBS_244_76|BANK1|DIFFI_B1_29N|datab[22]|input|NO
P22|IOBS_244_80|BANK1|DIFFI_B1_28N|||
P17|IOBS_244_84|BANK1|DIFFI_B1_27N|||
N22|IOBS_244_88|BANK1|DIFFI_B1_26N|||
M22|IOBS_244_92|BANK1|DIFFI_B1_25N|||
L22|IOBS_244_104|BANK1|DIFFI_B1_24N|ampout[16]|output|NO
K22|IOBS_244_108|BANK1|DIFFI_B1_23N|ampout[2]|output|NO
J22|IOBS_244_112|BANK1|DIFFI_B1_22N/GCLK4/PLL2_CLK11/PLL3_CLK11|ampout[13]|output|NO
L19|IOBS_244_116|BANK1|DIFFI_B1_21N/GCLK6/PLL2_CLK9/PLL3_CLK9|ampout[8]|output|NO
M17|IOBS_244_120|BANK1|DIFFI_B1_20N|ampout[11]|output|NO
D22|IOBS_244_200|BANK1|DIFFI_B1_9N|||
F19|IOBS_244_204|BANK1|DIFFI_B1_8N|||
D20|IOBS_244_208|BANK1|DIFFI_B1_7N|||
H17|IOBS_244_212|BANK1|DIFFI_B1_6N|||
J16|IOBS_244_216|BANK1|DIFFI_B1_5N|||
A21|IOBS_244_228|BANK1|DIFFI_B1_4N|||
B22|IOBS_244_232|BANK1|DIFFI_B1_3N|||
F17|IOBS_244_236|BANK1|DIFFI_B1_2N|||
G17|IOBS_244_240|BANK1|DIFFI_B1_1N|||
H22|IOBS_244_132|BANK1|DIFFI_B1_19N/GCLK8/PLL0_CLK11/PLL1_CLK11/XTALB_B1|dataa[0]|input|NO
K19|IOBS_244_136|BANK1|DIFFI_B1_18N/GCLK10/PLL0_CLK9/PLL1_CLK9|ampout[24]|output|NO
G22|IOBS_244_140|BANK1|DIFFI_B1_17N|ampout[26]|output|NO
J19|IOBS_244_144|BANK1|DIFFI_B1_16N|ampout[23]|output|NO
F22|IOBS_244_148|BANK1|DIFFI_B1_15N|ampout[21]|output|NO
K17|IOBS_244_160|BANK1|DIFFI_B1_14N|||
E22|IOBS_244_164|BANK1|DIFFI_B1_13N|||
H18|IOBS_244_168|BANK1|DIFFI_B1_12N|||
F20|IOBS_244_172|BANK1|DIFFI_B1_11N|||
C22|IOBS_244_176|BANK1|DIFFI_B1_10N|||
T20|IOBS_244_8|BANK1|DIFFI_B1_39N/DOUT_BUSY|||
AB14|IOBR_184_0|BANK2|DIFFIO_B2_30N/VREF_B2|valid_in|input|NO
AB7|IOBR_76_0|BANK2|DIFFIO_B2_12N/RWSEL/VREF_B2|||
AB10|IOBR_120_0|BANK2|DIFFIO_B2_19N/VREF_B2|datab[21]|input|NO
AB17|IOBS_192_0|BANK2|DIFFIO_B2_31N|syn_rst|input|NO
AB18|IOBS_196_0|BANK2|DIFFIO_B2_32N/D12|datab[28]|input|NO
V15|IOBS_204_0|BANK2|DIFFIO_B2_33N/D10|datab[27]|input|NO
U13|IOBS_212_0|BANK2|DIFFIO_B2_34N/D2|||
Y18|IOBS_216_0|BANK2|DIFFIO_B2_35N|||
AB19|IOBS_220_0|BANK2|DIFFIO_B2_36N|||
AB20|IOBS_224_0|BANK2|DIFFIO_B2_37N/CS_N|||
AB21|IOBS_228_0|BANK2|DIFFIO_B2_38N|||
AA22|IOBS_232_0|BANK2|DIFFIO_B2_39N/MODE_0|||
AB11|IOBS_128_0|BANK2|DIFFIO_B2_21N/GCLK28/PLL2_CLK0/PLL3_CLK0/XTALA_B2|datab[18]|input|NO
AB12|IOBS_132_0|BANK2|DIFFIO_B2_22N/GCLK30/D15/PLL2_CLK2/PLL3_CLK2|datab[20]|input|NO
AB13|IOBS_144_0|BANK2|DIFFIO_B2_23N/GCLK0/ECCLK/PLL2_CLK4/PLL3_CLK4|datab[5]|input|NO
Y12|IOBS_148_0|BANK2|DIFFIO_B2_24N/GCLK2/PLL2_CLK6/PLL3_CLK6|datab[2]|input|NO
AB15|IOBS_152_0|BANK2|DIFFIO_B2_25N|datab[26]|input|NO
Y14|IOBS_160_0|BANK2|DIFFIO_B2_26N|datab[6]|input|NO
AB16|IOBS_164_0|BANK2|DIFFIO_B2_27N|datab[13]|input|NO
W13|IOBS_176_0|BANK2|DIFFIO_B2_28N|datab[24]|input|NO
W15|IOBS_180_0|BANK2|DIFFIO_B2_29N|datab[3]|input|NO
T11|IOBS_124_0|BANK2|DIFFIO_B2_20N|datab[17]|input|NO
Y8|IOBS_80_0|BANK2|DIFFIO_B2_13N|||
V7|IOBS_88_0|BANK2|DIFFIO_B2_14N|||
AB8|IOBS_92_0|BANK2|DIFFIO_B2_15N|datab[8]|input|NO
Y10|IOBS_96_0|BANK2|DIFFIO_B2_16N|datab[19]|input|NO
AB9|IOBS_108_0|BANK2|DIFFIO_B2_17N|datab[14]|input|NO
W11|IOBS_112_0|BANK2|DIFFIO_B2_18N|datab[16]|input|NO
T5|IOBS_8_0|BANK2|DIFFIO_B2_0N/CSO_N/MFG_TEST_OUT|||
AB2|IOBS_12_0|BANK2|DIFFIO_B2_1N/D9|||
V5|IOBS_16_0|BANK2|DIFFIO_B2_2N|||
Y4|IOBS_20_0|BANK2|DIFFIO_B2_3N/D6|||
R7|IOBS_24_0|BANK2|DIFFIO_B2_4N|||
R8|IOBS_28_0|BANK2|DIFFIO_B2_5N|||
AB3|IOBS_36_0|BANK2|DIFFIO_B2_6N|||
AB4|IOBS_44_0|BANK2|DIFFIO_B2_7N|||
AB5|IOBS_48_0|BANK2|DIFFIO_B2_8N|||
Y6|IOBS_60_0|BANK2|DIFFIO_B2_9N|||
V9|IOBS_64_0|BANK2|DIFFIO_B2_10N|||
AB6|IOBS_68_0|BANK2|DIFFIO_B2_11N/D4|||
Y17|IOBD_193_0|BANK2|DIFFIO_B2_31P|||
AA18|IOBD_197_0|BANK2|DIFFIO_B2_32P/D11|||
U15|IOBD_205_0|BANK2|DIFFIO_B2_33P/MODE_1|||
U14|IOBD_213_0|BANK2|DIFFIO_B2_34P/D1|||
W18|IOBD_217_0|BANK2|DIFFIO_B2_35P|||
Y19|IOBD_221_0|BANK2|DIFFIO_B2_36P|||
AA20|IOBD_225_0|BANK2|DIFFIO_B2_37P/D0|||
AA21|IOBD_229_0|BANK2|DIFFIO_B2_38P|||
Y21|IOBD_233_0|BANK2|DIFFIO_B2_39P/CFG_CLK|||
AA14|IOBD_185_0|BANK2|DIFFIO_B2_30P|||
Y11|IOBD_129_0|BANK2|DIFFIO_B2_21P/GCLK29/PLL2_CLK1/PLL3_CLK1/XTALB_B2|datab[11]|input|NO
AA12|IOBD_133_0|BANK2|DIFFIO_B2_22P/GCLK31/D14/PLL2_CLK3/PLL3_CLK3|datab[31]|input|NO
Y13|IOBD_145_0|BANK2|DIFFIO_B2_23P/GCLK1/D13/PLL2_CLK5/PLL3_CLK5|datab[0]|input|NO
W12|IOBD_149_0|BANK2|DIFFIO_B2_24P/GCLK3/PLL2_CLK7/PLL3_CLK7|datab[4]|input|NO
Y15|IOBD_153_0|BANK2|DIFFIO_B2_25P|datab[12]|input|NO
W14|IOBD_161_0|BANK2|DIFFIO_B2_26P|datab[7]|input|NO
AA16|IOBD_165_0|BANK2|DIFFIO_B2_27P|datab[10]|input|NO
V13|IOBD_177_0|BANK2|DIFFIO_B2_28P|||
Y16|IOBD_181_0|BANK2|DIFFIO_B2_29P|||
R11|IOBD_125_0|BANK2|DIFFIO_B2_20P|datab[9]|input|NO
AA10|IOBD_121_0|BANK2|DIFFIO_B2_19P|datab[1]|input|NO
W9|IOBD_81_0|BANK2|DIFFIO_B2_13P|||
W8|IOBD_89_0|BANK2|DIFFIO_B2_14P|||
AA8|IOBD_93_0|BANK2|DIFFIO_B2_15P|||
W10|IOBD_97_0|BANK2|DIFFIO_B2_16P|||
Y9|IOBD_109_0|BANK2|DIFFIO_B2_17P|datab[30]|input|NO
V11|IOBD_113_0|BANK2|DIFFIO_B2_18P|datab[15]|input|NO
Y7|IOBD_77_0|BANK2|DIFFIO_B2_12P/D7|||
T6|IOBD_9_0|BANK2|DIFFIO_B2_0P/INIT_FLAG_N|||
AA2|IOBD_13_0|BANK2|DIFFIO_B2_1P/D8|||
U6|IOBD_17_0|BANK2|DIFFIO_B2_2P|||
W4|IOBD_21_0|BANK2|DIFFIO_B2_3P/D5|||
T7|IOBD_25_0|BANK2|DIFFIO_B2_4P|||
R9|IOBD_29_0|BANK2|DIFFIO_B2_5P|||
Y3|IOBD_37_0|BANK2|DIFFIO_B2_6P|||
AA4|IOBD_45_0|BANK2|DIFFIO_B2_7P|||
Y5|IOBD_49_0|BANK2|DIFFIO_B2_8P|||
W6|IOBD_61_0|BANK2|DIFFIO_B2_9P|||
U9|IOBD_65_0|BANK2|DIFFIO_B2_10P|||
AA6|IOBD_69_0|BANK2|DIFFIO_B2_11P/D3|||
V2|IOBS_0_44|BANK3|DIFFI_B3_32P|||
U3|IOBS_0_48|BANK3|DIFFI_B3_31P|||
T2|IOBS_0_52|BANK3|DIFFI_B3_30P|||
R3|IOBS_0_76|BANK3|DIFFI_B3_29P|||
P2|IOBS_0_80|BANK3|DIFFI_B3_28P|||
R4|IOBS_0_84|BANK3|DIFFI_B3_27P|||
N3|IOBS_0_88|BANK3|DIFFI_B3_26P|||
M2|IOBS_0_92|BANK3|DIFFI_B3_25P|||
L3|IOBS_0_104|BANK3|DIFFI_B3_24P|ampout[14]|output|NO
K2|IOBS_0_108|BANK3|DIFFI_B3_23P|ampout[5]|output|NO
J3|IOBS_0_112|BANK3|DIFFI_B3_22P/GCLK27/PLL2_CLK15/PLL3_CLK15|ampout[7]|output|NO
M3|IOBS_0_116|BANK3|DIFFI_B3_21P/GCLK25/PLL2_CLK13/PLL3_CLK13|ampout[6]|output|NO
M6|IOBS_0_120|BANK3|DIFFI_B3_20P|dataa[22]|input|NO
A2|IOBS_0_244|BANK3|DIFFI_B3_0P|||
Y2|IOBS_0_8|BANK3|DIFFI_B3_39P|||
K5|IOBS_0_132|BANK3|DIFFI_B3_19P/GCLK23/PLL0_CLK15/PLL1_CLK15/XTALB_B3|dataa[17]|input|NO
K3|IOBS_0_136|BANK3|DIFFI_B3_18P/GCLK21/PLL0_CLK13/PLL1_CLK13|clk|input|NO
K6|IOBS_0_140|BANK3|DIFFI_B3_17P|ampout[31]|output|NO
H4|IOBS_0_144|BANK3|DIFFI_B3_16P|ampout[27]|output|NO
H2|IOBS_0_148|BANK3|DIFFI_B3_15P|ampout[28]|output|NO
G3|IOBS_0_160|BANK3|DIFFI_B3_14P|dataa[21]|input|NO
H6|IOBS_0_164|BANK3|DIFFI_B3_13P|||
F2|IOBS_0_168|BANK3|DIFFI_B3_12P|ampout[18]|output|NO
G4|IOBS_0_172|BANK3|DIFFI_B3_11P|||
E3|IOBS_0_176|BANK3|DIFFI_B3_10P|||
M5|IOBS_0_40|BANK3|DIFFI_B3_33P|||
W3|IOBS_0_12|BANK3|DIFFI_B3_38P|||
P6|IOBS_0_16|BANK3|DIFFI_B3_37P|||
T4|IOBS_0_20|BANK3|DIFFI_B3_36P|||
U4|IOBS_0_24|BANK3|DIFFI_B3_25P|||
P3|IOBS_0_36|BANK3|DIFFI_B3_34P|||
D2|IOBS_0_200|BANK3|DIFFI_B3_9P|||
C3|IOBS_0_204|BANK3|DIFFI_B3_8P|||
G6|IOBS_0_208|BANK3|DIFFI_B3_7P|||
K7|IOBS_0_212|BANK3|DIFFI_B3_6P|||
D5|IOBS_0_216|BANK3|DIFFI_B3_5P|||
J7|IOBS_0_228|BANK3|DIFFI_B3_4P|||
B2|IOBS_0_232|BANK3|DIFFI_B3_3P|||
D3|IOBS_0_236|BANK3|DIFFI_B3_2P|||
E5|IOBS_0_240|BANK3|DIFFI_B3_1P|||
Y1|IOBR_0_9|BANK3|DIFFI_B3_39N/VREF_B3|||
M4|IOBR_0_41|BANK3|DIFFI_B3_33N/VREF_B3|||
B3|IOBR_0_245|BANK3|DIFFI_B3_0N/VREF_B3|||
V1|IOBS_0_45|BANK3|DIFFI_B3_32N|||
U1|IOBS_0_49|BANK3|DIFFI_B3_31N|||
T1|IOBS_0_53|BANK3|DIFFI_B3_30N|||
R1|IOBS_0_77|BANK3|DIFFI_B3_29N|||
P1|IOBS_0_81|BANK3|DIFFI_B3_28N|||
P4|IOBS_0_85|BANK3|DIFFI_B3_27N|||
N1|IOBS_0_89|BANK3|DIFFI_B3_26N|valid_out|output|NO
M1|IOBS_0_93|BANK3|DIFFI_B3_25N|ampout[17]|output|NO
L1|IOBS_0_105|BANK3|DIFFI_B3_24N|ampout[1]|output|NO
K1|IOBS_0_109|BANK3|DIFFI_B3_23N|ampout[3]|output|NO
J1|IOBS_0_113|BANK3|DIFFI_B3_22N/GCLK26/PLL2_CLK14/PLL3_CLK14|ampout[0]|output|NO
L4|IOBS_0_117|BANK3|DIFFI_B3_21N/GCLK24/PLL2_CLK12/PLL3_CLK12|ampout[9]|output|NO
L6|IOBS_0_121|BANK3|DIFFI_B3_20N|ampout[10]|output|NO
K4|IOBS_0_133|BANK3|DIFFI_B3_19N/GCLK22/PLL0_CLK14/PLL1_CLK14/XTALA_B3|ampout[25]|output|NO
J4|IOBS_0_137|BANK3|DIFFI_B3_18N/GCLK20/PLL0_CLK12/PLL1_CLK12|dataa[9]|input|NO
J6|IOBS_0_141|BANK3|DIFFI_B3_17N|ampout[30]|output|NO
H3|IOBS_0_145|BANK3|DIFFI_B3_16N|dataa[18]|input|NO
H1|IOBS_0_149|BANK3|DIFFI_B3_15N|dataa[3]|input|NO
G1|IOBS_0_161|BANK3|DIFFI_B3_14N|ampout[22]|output|NO
H5|IOBS_0_165|BANK3|DIFFI_B3_13N|||
F1|IOBS_0_169|BANK3|DIFFI_B3_12N|||
F3|IOBS_0_173|BANK3|DIFFI_B3_11N|||
E1|IOBS_0_177|BANK3|DIFFI_B3_10N|||
D1|IOBS_0_201|BANK3|DIFFI_B3_9N|||
C1|IOBS_0_205|BANK3|DIFFI_B3_8N|||
F5|IOBS_0_209|BANK3|DIFFI_B3_7N|||
K8|IOBS_0_213|BANK3|DIFFI_B3_6N|||
E4|IOBS_0_217|BANK3|DIFFI_B3_5N|||
H8|IOBS_0_229|BANK3|DIFFI_B3_4N|||
B1|IOBS_0_233|BANK3|DIFFI_B3_3N|||
C4|IOBS_0_237|BANK3|DIFFI_B3_2N|||
E6|IOBS_0_241|BANK3|DIFFI_B3_1N|||
W1|IOBS_0_13|BANK3|DIFFI_B3_38N|||
P5|IOBS_0_17|BANK3|DIFFI_B3_37N|||
T3|IOBS_0_21|BANK3|DIFFI_B3_36N|||
V3|IOBS_0_25|BANK3|DIFFI_B3_25N|||
N4|IOBS_0_37|BANK3|DIFFI_B3_34N|||
