#Build: Fabric Compiler 2022.1, Build 99559, Jul 12 00:20 2022
#Install: D:\fpga_competition\FPGA_competition\ziguangtongchuang_file\MES50HP_v3\set_up\set_up_file\PDS_2022.1\bin
#Application name: pds_shell.exe
#OS: Windows 10 10.0.22000
#Hostname: Thecomputerofmartin
Generated by Fabric Compiler (version 2022.1 build 99559) at Wed May  1 18:21:09 2024
Compiling verification operator library.
Compiling common defs.
Compiling prim grid devices.
Compiling gate devices.
Compiling gate operators.
Building architecture model.
Loading device packaging model.
Building architecture floorplan logic view.
Constraint check start.
Executing : def_port {es7243_sda} LOC=AB10 VCCIO=3.3 IOSTANDARD=LVCMOS33 DRIVE=8 SLEW=SLOW NONE=TRUE
Executing : def_port {es7243_sda} LOC=AB10 VCCIO=3.3 IOSTANDARD=LVCMOS33 DRIVE=8 SLEW=SLOW NONE=TRUE successfully
Executing : def_port {es8156_sda} LOC=AB8 VCCIO=3.3 IOSTANDARD=LVCMOS33 DRIVE=8 SLEW=SLOW NONE=TRUE
Executing : def_port {es8156_sda} LOC=AB8 VCCIO=3.3 IOSTANDARD=LVCMOS33 DRIVE=8 SLEW=SLOW NONE=TRUE successfully
Executing : def_port {adc_dac_int} LOC=B3 VCCIO=3.3 IOSTANDARD=LVCMOS33 DRIVE=8 SLEW=SLOW NONE=TRUE
Executing : def_port {adc_dac_int} LOC=B3 VCCIO=3.3 IOSTANDARD=LVCMOS33 DRIVE=8 SLEW=SLOW NONE=TRUE successfully
Executing : def_port {es0_mclk} LOC=V11 VCCIO=3.3 IOSTANDARD=LVCMOS33 DRIVE=8 SLEW=SLOW NONE=TRUE
Executing : def_port {es0_mclk} LOC=V11 VCCIO=3.3 IOSTANDARD=LVCMOS33 DRIVE=8 SLEW=SLOW NONE=TRUE successfully
Executing : def_port {es1_mclk} LOC=Y6 VCCIO=3.3 IOSTANDARD=LVCMOS33 DRIVE=8 SLEW=SLOW NONE=TRUE
Executing : def_port {es1_mclk} LOC=Y6 VCCIO=3.3 IOSTANDARD=LVCMOS33 DRIVE=8 SLEW=SLOW NONE=TRUE successfully
Executing : def_port {es1_sdout} LOC=AB5 VCCIO=3.3 IOSTANDARD=LVCMOS33 DRIVE=8 SLEW=SLOW NONE=TRUE
C: ConstraintEditor-2002: [C:/Users/86151/Desktop/auido_fft_fir/audio_fft_fir_hdmi/src/UDP/udp/revised_new/final_dup_top/prj/device_map/audio_udp_top.pcf(line number: 8)] | Port es1_sdout has been placed at location AB5, whose type is share pin.
Executing : def_port {es1_sdout} LOC=AB5 VCCIO=3.3 IOSTANDARD=LVCMOS33 DRIVE=8 SLEW=SLOW NONE=TRUE successfully
Executing : def_port {es7243_scl} LOC=AA10 VCCIO=3.3 IOSTANDARD=LVCMOS33 DRIVE=8 SLEW=SLOW NONE=TRUE
Executing : def_port {es7243_scl} LOC=AA10 VCCIO=3.3 IOSTANDARD=LVCMOS33 DRIVE=8 SLEW=SLOW NONE=TRUE successfully
Executing : def_port {es8156_scl} LOC=AA8 VCCIO=3.3 IOSTANDARD=LVCMOS33 DRIVE=8 SLEW=SLOW NONE=TRUE
Executing : def_port {es8156_scl} LOC=AA8 VCCIO=3.3 IOSTANDARD=LVCMOS33 DRIVE=8 SLEW=SLOW NONE=TRUE successfully
Executing : def_port {eth_rgmii_tx_ctl_0} LOC=B18 VCCIO=3.3 IOSTANDARD=LVCMOS33 DRIVE=4 SLEW=FAST NONE=TRUE
C: ConstraintEditor-2002: [C:/Users/86151/Desktop/auido_fft_fir/audio_fft_fir_hdmi/src/UDP/udp/revised_new/final_dup_top/prj/device_map/audio_udp_top.pcf(line number: 11)] | Port eth_rgmii_tx_ctl_0 has been placed at location B18, whose type is share pin.
Executing : def_port {eth_rgmii_tx_ctl_0} LOC=B18 VCCIO=3.3 IOSTANDARD=LVCMOS33 DRIVE=4 SLEW=FAST NONE=TRUE successfully
Executing : def_port {eth_rgmii_txc_0} LOC=G16 VCCIO=3.3 IOSTANDARD=LVCMOS33 DRIVE=4 SLEW=FAST NONE=TRUE
Executing : def_port {eth_rgmii_txc_0} LOC=G16 VCCIO=3.3 IOSTANDARD=LVCMOS33 DRIVE=4 SLEW=FAST NONE=TRUE successfully
Executing : def_port {eth_rgmii_txd_0[0]} LOC=F17 VCCIO=3.3 IOSTANDARD=LVCMOS33 DRIVE=4 SLEW=FAST NONE=TRUE
Executing : def_port {eth_rgmii_txd_0[0]} LOC=F17 VCCIO=3.3 IOSTANDARD=LVCMOS33 DRIVE=4 SLEW=FAST NONE=TRUE successfully
Executing : def_port {eth_rgmii_txd_0[1]} LOC=D17 VCCIO=3.3 IOSTANDARD=LVCMOS33 DRIVE=4 SLEW=FAST NONE=TRUE
C: ConstraintEditor-2002: [C:/Users/86151/Desktop/auido_fft_fir/audio_fft_fir_hdmi/src/UDP/udp/revised_new/final_dup_top/prj/device_map/audio_udp_top.pcf(line number: 14)] | Port eth_rgmii_txd_0[1] has been placed at location D17, whose type is share pin.
Executing : def_port {eth_rgmii_txd_0[1]} LOC=D17 VCCIO=3.3 IOSTANDARD=LVCMOS33 DRIVE=4 SLEW=FAST NONE=TRUE successfully
Executing : def_port {eth_rgmii_txd_0[2]} LOC=C18 VCCIO=3.3 IOSTANDARD=LVCMOS33 DRIVE=4 SLEW=FAST NONE=TRUE
C: ConstraintEditor-2002: [C:/Users/86151/Desktop/auido_fft_fir/audio_fft_fir_hdmi/src/UDP/udp/revised_new/final_dup_top/prj/device_map/audio_udp_top.pcf(line number: 15)] | Port eth_rgmii_txd_0[2] has been placed at location C18, whose type is share pin.
Executing : def_port {eth_rgmii_txd_0[2]} LOC=C18 VCCIO=3.3 IOSTANDARD=LVCMOS33 DRIVE=4 SLEW=FAST NONE=TRUE successfully
Executing : def_port {eth_rgmii_txd_0[3]} LOC=A18 VCCIO=3.3 IOSTANDARD=LVCMOS33 DRIVE=4 SLEW=FAST NONE=TRUE
C: ConstraintEditor-2002: [C:/Users/86151/Desktop/auido_fft_fir/audio_fft_fir_hdmi/src/UDP/udp/revised_new/final_dup_top/prj/device_map/audio_udp_top.pcf(line number: 16)] | Port eth_rgmii_txd_0[3] has been placed at location A18, whose type is share pin.
Executing : def_port {eth_rgmii_txd_0[3]} LOC=A18 VCCIO=3.3 IOSTANDARD=LVCMOS33 DRIVE=4 SLEW=FAST NONE=TRUE successfully
Executing : def_port {eth_rst_n_0} LOC=B20 VCCIO=3.3 IOSTANDARD=LVCMOS33 DRIVE=4 SLEW=FAST NONE=TRUE
C: ConstraintEditor-2002: [C:/Users/86151/Desktop/auido_fft_fir/audio_fft_fir_hdmi/src/UDP/udp/revised_new/final_dup_top/prj/device_map/audio_udp_top.pcf(line number: 17)] | Port eth_rst_n_0 has been placed at location B20, whose type is share pin.
Executing : def_port {eth_rst_n_0} LOC=B20 VCCIO=3.3 IOSTANDARD=LVCMOS33 DRIVE=4 SLEW=FAST NONE=TRUE successfully
Executing : def_port {led} LOC=B2 VCCIO=3.3 IOSTANDARD=LVCMOS33 DRIVE=4 SLEW=FAST NONE=TRUE
Executing : def_port {led} LOC=B2 VCCIO=3.3 IOSTANDARD=LVCMOS33 DRIVE=4 SLEW=FAST NONE=TRUE successfully
Executing : def_port {lin_led} LOC=A2 VCCIO=3.3 IOSTANDARD=LVCMOS33 DRIVE=8 SLEW=SLOW NONE=TRUE
Executing : def_port {lin_led} LOC=A2 VCCIO=3.3 IOSTANDARD=LVCMOS33 DRIVE=8 SLEW=SLOW NONE=TRUE successfully
Executing : def_port {lout_led} LOC=A3 VCCIO=3.3 IOSTANDARD=LVCMOS33 DRIVE=8 SLEW=SLOW NONE=TRUE
Executing : def_port {lout_led} LOC=A3 VCCIO=3.3 IOSTANDARD=LVCMOS33 DRIVE=8 SLEW=SLOW NONE=TRUE successfully
Executing : def_port {es0_alrck} LOC=AB11 VCCIO=3.3 IOSTANDARD=LVCMOS33 NONE=TRUE
Executing : def_port {es0_alrck} LOC=AB11 VCCIO=3.3 IOSTANDARD=LVCMOS33 NONE=TRUE successfully
Executing : def_port {es0_dsclk} LOC=Y11 VCCIO=3.3 IOSTANDARD=LVCMOS33 NONE=TRUE
Executing : def_port {es0_dsclk} LOC=Y11 VCCIO=3.3 IOSTANDARD=LVCMOS33 NONE=TRUE successfully
Executing : def_port {es0_sdin} LOC=W11 VCCIO=3.3 IOSTANDARD=LVCMOS33 NONE=TRUE
Executing : def_port {es0_sdin} LOC=W11 VCCIO=3.3 IOSTANDARD=LVCMOS33 NONE=TRUE successfully
Executing : def_port {es1_dlrc} LOC=Y5 VCCIO=3.3 IOSTANDARD=LVCMOS33 NONE=TRUE
C: ConstraintEditor-2002: [C:/Users/86151/Desktop/auido_fft_fir/audio_fft_fir_hdmi/src/UDP/udp/revised_new/final_dup_top/prj/device_map/audio_udp_top.pcf(line number: 24)] | Port es1_dlrc has been placed at location Y5, whose type is share pin.
Executing : def_port {es1_dlrc} LOC=Y5 VCCIO=3.3 IOSTANDARD=LVCMOS33 NONE=TRUE successfully
Executing : def_port {es1_dsclk} LOC=W6 VCCIO=3.3 IOSTANDARD=LVCMOS33 NONE=TRUE
Executing : def_port {es1_dsclk} LOC=W6 VCCIO=3.3 IOSTANDARD=LVCMOS33 NONE=TRUE successfully
Executing : def_port {es1_sdin} LOC=W8 VCCIO=3.3 IOSTANDARD=LVCMOS33 NONE=TRUE
C: ConstraintEditor-2001: [C:/Users/86151/Desktop/auido_fft_fir/audio_fft_fir_hdmi/src/UDP/udp/revised_new/final_dup_top/prj/device_map/audio_udp_top.pcf(line number: 26)] Object 'es1_sdin' is dangling, which has no connection. it will be ignored.
Executing : def_port {es1_sdin} LOC=W8 VCCIO=3.3 IOSTANDARD=LVCMOS33 NONE=TRUE failed
Executing : def_port {eth_rgmii_rx_ctl_0} LOC=F9 VCCIO=3.3 IOSTANDARD=LVCMOS33 NONE=TRUE
Executing : def_port {eth_rgmii_rx_ctl_0} LOC=F9 VCCIO=3.3 IOSTANDARD=LVCMOS33 NONE=TRUE successfully
Executing : def_port {eth_rgmii_rxc_0} LOC=F14 VCCIO=3.3 IOSTANDARD=LVCMOS33 NONE=TRUE
Executing : def_port {eth_rgmii_rxc_0} LOC=F14 VCCIO=3.3 IOSTANDARD=LVCMOS33 NONE=TRUE successfully
Executing : def_port {eth_rgmii_rxd_0[0]} LOC=H10 VCCIO=3.3 IOSTANDARD=LVCMOS33 NONE=TRUE
Executing : def_port {eth_rgmii_rxd_0[0]} LOC=H10 VCCIO=3.3 IOSTANDARD=LVCMOS33 NONE=TRUE successfully
Executing : def_port {eth_rgmii_rxd_0[1]} LOC=H11 VCCIO=3.3 IOSTANDARD=LVCMOS33 NONE=TRUE
Executing : def_port {eth_rgmii_rxd_0[1]} LOC=H11 VCCIO=3.3 IOSTANDARD=LVCMOS33 NONE=TRUE successfully
Executing : def_port {eth_rgmii_rxd_0[2]} LOC=G13 VCCIO=3.3 IOSTANDARD=LVCMOS33 NONE=TRUE
Executing : def_port {eth_rgmii_rxd_0[2]} LOC=G13 VCCIO=3.3 IOSTANDARD=LVCMOS33 NONE=TRUE successfully
Executing : def_port {eth_rgmii_rxd_0[3]} LOC=H13 VCCIO=3.3 IOSTANDARD=LVCMOS33 NONE=TRUE
Executing : def_port {eth_rgmii_rxd_0[3]} LOC=H13 VCCIO=3.3 IOSTANDARD=LVCMOS33 NONE=TRUE successfully
Executing : def_port {key} LOC=K18 VCCIO=3.3 IOSTANDARD=LVCMOS33 NONE=TRUE
C: ConstraintEditor-2002: [C:/Users/86151/Desktop/auido_fft_fir/audio_fft_fir_hdmi/src/UDP/udp/revised_new/final_dup_top/prj/device_map/audio_udp_top.pcf(line number: 33)] | Port key has been placed at location K18, whose type is share pin.
Executing : def_port {key} LOC=K18 VCCIO=3.3 IOSTANDARD=LVCMOS33 NONE=TRUE successfully
Executing : def_port {lin_test} LOC=Y13 VCCIO=3.3 IOSTANDARD=LVCMOS33 NONE=TRUE
C: ConstraintEditor-2002: [C:/Users/86151/Desktop/auido_fft_fir/audio_fft_fir_hdmi/src/UDP/udp/revised_new/final_dup_top/prj/device_map/audio_udp_top.pcf(line number: 34)] | Port lin_test has been placed at location Y13, whose type is share pin.
Executing : def_port {lin_test} LOC=Y13 VCCIO=3.3 IOSTANDARD=LVCMOS33 NONE=TRUE successfully
Executing : def_port {lout_test} LOC=V7 VCCIO=3.3 IOSTANDARD=LVCMOS33 NONE=TRUE
Executing : def_port {lout_test} LOC=V7 VCCIO=3.3 IOSTANDARD=LVCMOS33 NONE=TRUE successfully
Executing : def_port {sys_clk} LOC=P20 VCCIO=3.3 IOSTANDARD=LVCMOS33 NONE=TRUE
Executing : def_port {sys_clk} LOC=P20 VCCIO=3.3 IOSTANDARD=LVCMOS33 NONE=TRUE successfully
Constraint check end.
I: Column Clock Check open.
Read Column Clock Map.

Placement started.
Phase 1 Pre global placement started.
Mapping instance udp_top_inst/eth0_gmii_to_rgmii/rgmii_clk_delay/opit_0 to IOCKDLY_84_360.
Mapping instance voice_loop_test_inst/the_instance_name/u_pll_e3/goppll to PLL_158_55.
Phase 1.1 1st GP placement started.
Design Utilization : 5%.
Wirelength after clock region global placement is 12399.
1st GP placement takes 3.55 sec.

Phase 1.2 Clock placement started.
Mapping instance clkbufg_0/gopclkbufg to USCM_84_108.
Mapping instance udp_top_inst/eth0_gmii_to_rgmii/GTP_CLKBUFG_RXSHFT/gopclkbufg to USCM_84_109.
Mapping instance clkbufg_1/gopclkbufg to USCM_84_110.
C: Place-2028: GLOBAL_CLOCK: the driver es1_dsclk_ibuf/opit_1 fixed at IOL_39_6 is unreasonable. Sub-optimal placement for a clock source and a clock buffer.
Mapping instance clkbufg_2/gopclkbufg to USCM_84_111.
Clock placement takes 0.30 sec.

Pre global placement takes 5.58 sec.

Phase 2 Global placement started.
Phase 2.1 Fixed placement started.
Placed fixed group with base inst adc_dac_int_obuf/opit_1 on IOL_35_374.
Placed fixed group with base inst es0_alrck_ibuf/opit_1 on IOL_159_5.
Placed fixed group with base inst es0_dsclk_ibuf/opit_1 on IOL_159_6.
Placed fixed group with base inst es0_mclk_obuf/opit_1 on IOL_135_6.
Placed fixed group with base inst es0_sdin_ibuf/opit_1 on IOL_135_5.
Placed fixed group with base inst es1_dlrc_ibuf/opit_1 on IOL_35_6.
Placed fixed group with base inst es1_dsclk_ibuf/opit_1 on IOL_39_6.
Placed fixed group with base inst es1_mclk_obuf/opit_1 on IOL_39_5.
Placed fixed group with base inst es1_sdout_obuf/opit_1 on IOL_35_5.
Placed fixed group with base inst es7243_scl_obuf/opit_1 on IOL_151_6.
Placed fixed group with base inst es8156_scl_obuf/opit_1 on IOL_119_6.
Placed fixed group with base inst eth_rgmii_rxc_0_ibuf/opit_1 on IOL_243_374.
Placed fixed group with base inst eth_rst_n_0_obuf/opit_1 on IOL_319_374.
Placed fixed group with base inst key_ibuf/opit_1 on IOL_327_257.
Placed fixed group with base inst led_obuf/opit_1 on IOL_19_374.
Placed fixed group with base inst lin_led_obuf/opit_1 on IOL_19_373.
Placed fixed group with base inst lin_test_ibuf/opit_1 on IOL_167_6.
Placed fixed group with base inst lout_led_obuf/opit_1 on IOL_35_373.
Placed fixed group with base inst lout_test_ibuf/opit_1 on IOL_47_6.
Placed fixed group with base inst sys_clk_ibuf/opit_1 on IOL_327_210.
Placed fixed group with base inst udp_top_inst/eth0_gmii_to_rgmii/gtp_outbuft1/opit_1_IOL on IOL_311_374.
Placed fixed group with base inst udp_top_inst/eth0_gmii_to_rgmii/gtp_outbuft6/opit_1_IOL on IOL_299_374.
Placed fixed group with base inst udp_top_inst/eth0_gmii_to_rgmii/rgmii_rx_data[0].u_rgmii_rxd_ibuf/opit_1 on IOL_75_374.
Placed fixed group with base inst udp_top_inst/eth0_gmii_to_rgmii/rgmii_rx_data[1].u_rgmii_rxd_ibuf/opit_1 on IOL_75_373.
Placed fixed group with base inst udp_top_inst/eth0_gmii_to_rgmii/rgmii_rx_data[2].u_rgmii_rxd_ibuf/opit_1 on IOL_251_373.
Placed fixed group with base inst udp_top_inst/eth0_gmii_to_rgmii/rgmii_rx_data[3].u_rgmii_rxd_ibuf/opit_1 on IOL_251_374.
Placed fixed group with base inst udp_top_inst/eth0_gmii_to_rgmii/rgmii_tx_data[0].gtp_outbuft1/opit_1_IOL on IOL_299_373.
Placed fixed group with base inst udp_top_inst/eth0_gmii_to_rgmii/rgmii_tx_data[1].gtp_outbuft1/opit_1_IOL on IOL_323_374.
Placed fixed group with base inst udp_top_inst/eth0_gmii_to_rgmii/rgmii_tx_data[2].gtp_outbuft1/opit_1_IOL on IOL_323_373.
Placed fixed group with base inst udp_top_inst/eth0_gmii_to_rgmii/rgmii_tx_data[3].gtp_outbuft1/opit_1_IOL on IOL_311_373.
Placed fixed group with base inst udp_top_inst/eth0_gmii_to_rgmii/u_rgmii_rx_ctl_ibuf/opit_1 on IOL_71_373.
Placed fixed group with base inst voice_loop_test_inst.ES7243E_reg_config.u_i2c_com.i2c_sdat_tri/opit_1 on IOL_151_5.
Placed fixed group with base inst voice_loop_test_inst.ES8156_reg_config.u_i2c_com.i2c_sdat_tri/opit_1 on IOL_119_5.
Placed fixed instance clkbufg_0/gopclkbufg on USCM_84_108.
Placed fixed instance clkbufg_1/gopclkbufg on USCM_84_110.
Placed fixed instance clkbufg_2/gopclkbufg on USCM_84_111.
Placed fixed instance udp_top_inst/eth0_gmii_to_rgmii/GTP_CLKBUFG_RXSHFT/gopclkbufg on USCM_84_109.
Placed fixed instance udp_top_inst/eth0_gmii_to_rgmii/rgmii_clk_delay/opit_0 on IOCKDLY_84_360.
Placed fixed instance voice_loop_test_inst/the_instance_name/u_pll_e3/goppll on PLL_158_55.
Placed fixed instance BKCL_auto_0 on BKCL_188_376.
Placed fixed instance BKCL_auto_1 on BKCL_328_184.
Placed fixed instance BKCL_auto_2 on BKCL_192_0.
Fixed placement takes 0.00 sec.

Phase 2.2 Process placement started.
Placed instance udp_top_inst/eth0_gmii_to_rgmii/clk_dll/gopdll(gopDLL) on DLL_86_363, and placed udp_top_inst/eth0_gmii_to_rgmii/rgmii_clk_delay/opit_0(gopCLKDELAY) on IOCKDLY_84_360.
Process placement takes 0.00 sec.

Phase 2.3 IO placement started.
IO placement takes 0.03 sec.

Phase 2.4 2nd GP placement started.
Run super clustering :
	Initial slack 498014.
	2 iterations finished.
	Final slack 498215.
Super clustering done.
Design Utilization : 5%.
2nd GP placement takes 3.08 sec.

Wirelength after global placement is 11633.
Global placement takes 3.11 sec.

Phase 3 Post global placement started.
Phase 3.1 Macro cell placement started.
Wirelength after macro cell placement is 11703.
Macro cell placement takes 0.00 sec.

Phase 3.2 3rd GP placement started.
Run super clustering :
	Initial slack 498014.
	2 iterations finished.
	Final slack 498215.
Super clustering done.
Design Utilization : 5%.
3rd GP placement takes 3.14 sec.

Wirelength after post global placement is 12217.
Post global placement takes 3.16 sec.

Phase 4 Legalization started.
The average distance in LP is 3.777961.
Wirelength after legalization is 19204.
Legalization takes 0.14 sec.

Phase 5 Timing-driven detailed placement started.
Phase 5.1 Replication placement started.
Worst slack before Replication Place is 498805.
Replication placement takes 0.17 sec.

Wirelength after replication placement is 19204.
Phase 5.2 DP placement started.
Legalized cost 498805.000000.
The detailed placement ends at 0th iteration.
DP placement takes 0.12 sec.

Wirelength after detailed placement is 19204.
Timing-driven detailed placement takes 0.31 sec.

Worst slack is 498805, TNS after placement is 0.
Placement done.
Total placement takes 13.19 sec.
Finished placement. (CPU time elapsed 0h:00m:13s)

Routing started.
Building routing graph takes 1.58 sec.
Worst slack is 498805, TNS before global route is 0.
Processing design graph takes 0.42 sec.
Total memory for routing:
	117.020361 M.
Total nets for routing : 2261.
Rcf routing step 1 processed 0 nets, it takes 0.00 sec.
Rcf routing step 2 processed 0 nets, it takes 0.00 sec.
Rcf routing step 3 processed 0 nets, it takes 0.00 sec.
Global Routing step 1 processed 0 nets, it takes 0.00 sec.
Global Routing step 2 processed 0 nets, it takes 0.00 sec.
Unrouted nets 67 at the end of iteration 0.
Unrouted nets 51 at the end of iteration 1.
Unrouted nets 38 at the end of iteration 2.
Unrouted nets 35 at the end of iteration 3.
Unrouted nets 34 at the end of iteration 4.
Unrouted nets 26 at the end of iteration 5.
Unrouted nets 18 at the end of iteration 6.
Unrouted nets 14 at the end of iteration 7.
Unrouted nets 9 at the end of iteration 8.
Unrouted nets 5 at the end of iteration 9.
Unrouted nets 7 at the end of iteration 10.
Unrouted nets 6 at the end of iteration 11.
Unrouted nets 4 at the end of iteration 12.
Unrouted nets 1 at the end of iteration 13.
Unrouted nets 1 at the end of iteration 14.
Unrouted nets 1 at the end of iteration 15.
Unrouted nets 2 at the end of iteration 16.
Unrouted nets 2 at the end of iteration 17.
Unrouted nets 1 at the end of iteration 18.
Unrouted nets 1 at the end of iteration 19.
Unrouted nets 1 at the end of iteration 20.
Unrouted nets 1 at the end of iteration 21.
Unrouted nets 1 at the end of iteration 22.
Unrouted nets 1 at the end of iteration 23.
Unrouted nets 1 at the end of iteration 24.
Unrouted nets 1 at the end of iteration 25.
Unrouted nets 0 at the end of iteration 26.
Global Routing step 3 processed 116 nets, it takes 1.53 sec.
Global routing takes 1.56 sec.
Total 3418 subnets.
    forward max bucket size 4389 , backward 755.
        Unrouted nets 2463 at the end of iteration 0.
    route iteration 0, CPU time elapsed 1.265625 sec.
    forward max bucket size 3525 , backward 163.
        Unrouted nets 1777 at the end of iteration 1.
    route iteration 1, CPU time elapsed 1.109375 sec.
    forward max bucket size 1839 , backward 188.
        Unrouted nets 1401 at the end of iteration 2.
    route iteration 2, CPU time elapsed 0.390625 sec.
    forward max bucket size 420 , backward 260.
        Unrouted nets 1388 at the end of iteration 3.
    route iteration 3, CPU time elapsed 0.296875 sec.
    forward max bucket size 124 , backward 188.
        Unrouted nets 1197 at the end of iteration 4.
    route iteration 4, CPU time elapsed 0.265625 sec.
    forward max bucket size 128 , backward 151.
        Unrouted nets 1025 at the end of iteration 5.
    route iteration 5, CPU time elapsed 0.218750 sec.
    forward max bucket size 191 , backward 208.
        Unrouted nets 818 at the end of iteration 6.
    route iteration 6, CPU time elapsed 0.187500 sec.
    forward max bucket size 48 , backward 73.
        Unrouted nets 676 at the end of iteration 7.
    route iteration 7, CPU time elapsed 0.156250 sec.
    forward max bucket size 42 , backward 73.
        Unrouted nets 584 at the end of iteration 8.
    route iteration 8, CPU time elapsed 0.125000 sec.
    forward max bucket size 33 , backward 86.
        Unrouted nets 487 at the end of iteration 9.
    route iteration 9, CPU time elapsed 0.109375 sec.
    forward max bucket size 36 , backward 69.
        Unrouted nets 377 at the end of iteration 10.
    route iteration 10, CPU time elapsed 0.093750 sec.
    forward max bucket size 37 , backward 48.
        Unrouted nets 290 at the end of iteration 11.
    route iteration 11, CPU time elapsed 0.078125 sec.
    forward max bucket size 52 , backward 45.
        Unrouted nets 229 at the end of iteration 12.
    route iteration 12, CPU time elapsed 0.062500 sec.
    forward max bucket size 38 , backward 45.
        Unrouted nets 173 at the end of iteration 13.
    route iteration 13, CPU time elapsed 0.046875 sec.
    forward max bucket size 39 , backward 52.
        Unrouted nets 148 at the end of iteration 14.
    route iteration 14, CPU time elapsed 0.046875 sec.
    forward max bucket size 38 , backward 45.
        Unrouted nets 150 at the end of iteration 15.
    route iteration 15, CPU time elapsed 0.046875 sec.
    forward max bucket size 37 , backward 46.
        Unrouted nets 116 at the end of iteration 16.
    route iteration 16, CPU time elapsed 0.046875 sec.
    forward max bucket size 54 , backward 62.
        Unrouted nets 106 at the end of iteration 17.
    route iteration 17, CPU time elapsed 0.031250 sec.
    forward max bucket size 49 , backward 62.
        Unrouted nets 92 at the end of iteration 18.
    route iteration 18, CPU time elapsed 0.031250 sec.
    forward max bucket size 52 , backward 76.
        Unrouted nets 62 at the end of iteration 19.
    route iteration 19, CPU time elapsed 0.031250 sec.
    forward max bucket size 62 , backward 72.
        Unrouted nets 54 at the end of iteration 20.
    route iteration 20, CPU time elapsed 0.031250 sec.
    forward max bucket size 27 , backward 39.
        Unrouted nets 42 at the end of iteration 21.
    route iteration 21, CPU time elapsed 0.031250 sec.
    forward max bucket size 26 , backward 33.
        Unrouted nets 26 at the end of iteration 22.
    route iteration 22, CPU time elapsed 0.015625 sec.
    forward max bucket size 29 , backward 28.
        Unrouted nets 24 at the end of iteration 23.
    route iteration 23, CPU time elapsed 0.015625 sec.
    forward max bucket size 27 , backward 34.
        Unrouted nets 15 at the end of iteration 24.
    route iteration 24, CPU time elapsed 0.015625 sec.
    forward max bucket size 30 , backward 33.
        Unrouted nets 20 at the end of iteration 25.
    route iteration 25, CPU time elapsed 0.015625 sec.
    forward max bucket size 31 , backward 43.
        Unrouted nets 20 at the end of iteration 26.
    route iteration 26, CPU time elapsed 0.000000 sec.
    forward max bucket size 27 , backward 50.
        Unrouted nets 10 at the end of iteration 27.
    route iteration 27, CPU time elapsed 0.015625 sec.
    forward max bucket size 24 , backward 15.
        Unrouted nets 10 at the end of iteration 28.
    route iteration 28, CPU time elapsed 0.000000 sec.
    forward max bucket size 32 , backward 22.
        Unrouted nets 14 at the end of iteration 29.
    route iteration 29, CPU time elapsed 0.000000 sec.
    forward max bucket size 22 , backward 20.
        Unrouted nets 9 at the end of iteration 30.
    route iteration 30, CPU time elapsed 0.015625 sec.
    forward max bucket size 23 , backward 20.
        Unrouted nets 6 at the end of iteration 31.
    route iteration 31, CPU time elapsed 0.000000 sec.
    forward max bucket size 12 , backward 8.
        Unrouted nets 0 at the end of iteration 32.
    route iteration 32, CPU time elapsed 0.000000 sec.
Detailed routing takes 32 iterations
C: Route-2036: The clock path from es1_dsclk_ibuf/opit_1:OUT to clkbufg_2/gopclkbufg:CLK is routed by SRB.
C: Route-2036: The clock path from eth_rgmii_rxc_0_ibuf/opit_1:OUT to udp_top_inst/eth0_gmii_to_rgmii/clk_dll/gopdll:CLK is routed by SRB.
C: Route-2036: The clock path from voice_loop_test_inst/ES7243E_reg_config/clock_i2c/opit_0_L5Q:Q to voice_loop_test_inst/ES7243E_reg_config/config_step_2/opit_0_inv:CLK is routed by SRB.
Detailed routing takes 5.00 sec.
Start fix hold violation.
Build tmp routing results takes 0.05 sec.
Timing analysis takes 0.39 sec.
Hold violation fix iter 0 takes 6.64 sec, total_step_forward 278562.
Incremental timing analysis takes 0.33 sec.
Hold violation fix iter 1 takes 1.05 sec, total_step_forward 194212.
Incremental timing analysis takes 0.33 sec.
Hold violation fix iter 2 takes 0.34 sec, total_step_forward 126462.
Incremental timing analysis takes 0.33 sec.
Hold violation fix iter 3 takes 0.34 sec, total_step_forward 126576.
Incremental timing analysis takes 0.33 sec.
Hold violation fix iter 4 takes 0.44 sec, total_step_forward 151978.
Incremental timing analysis takes 0.34 sec.
Hold violation fix iter 5 takes 0.44 sec, total_step_forward 152288.
Hold Violation Fix in router takes 6 iterations.
Fix hold violation Finished.
Hold Violation Fix in router takes 11.50 sec.

Dispose routing result:
    Collect routing result.
    Delete unused device instances.
    Annotate routing result.
    Change LUT configuration.
    Dispose misc instances.
    Annotate routing result again.
Finish routing takes 0.22 sec.
Used SRB routing arc is 45179.
Cleanup routing takes 0.02 sec.
Routing done.
Total routing takes 20.80 sec.
W: Timing-4105: The worst slack of endpoint udp_top_inst/audio_data_pkt_inst/fifo_audo_data_pkt_inst/u_ipm_distributed_fifo_fifo_audo_data_pkt/ipm_distributed_sdpram_fifo_audo_data_pkt/mem_9_0/ram32x1dp/WD of clock PLL|voice_loop_test_inst/the_instance_name/u_pll_e3/CLKOUT0 is 134ps(fast corner), but required hold violation threshold is 200ps.
C: STA-3017: There are 1 clock cross SRB paths do not meet the required hold violation threshold(200ps).


Device Utilization Summary :
+---------------------------------------------------------------------------+
| Logic Utilization        | Used     | Available     | Utilization(%)     
+---------------------------------------------------------------------------+
| Use of APM               | 0        | 84            | 0                  
| Use of BKCL              | 3        | 4             | 75                 
| Use of CLMA              | 255      | 6450          | 4                  
|   FF                     | 431      | 38700         | 2                  
|   LUT                    | 800      | 25800         | 4                  
|   LUT-FF pairs           | 354      | 25800         | 2                  
| Use of CLMS              | 534      | 4250          | 13                 
|   FF                     | 54       | 25500         | 1                  
|   LUT                    | 1273     | 17000         | 8                  
|   LUT-FF pairs           | 3        | 17000         | 1                  
|   Distributed RAM        | 1024     | 17000         | 7                  
| Use of CRYSTAL           | 0        | 2             | 0                  
| Use of DLL               | 1        | 10            | 10                 
| Use of DQSL              | 0        | 18            | 0                  
| Use of DRM               | 0.5      | 134           | 1                  
| Use of FUSECODE          | 0        | 1             | 0                  
| Use of HARD0N1           | 57       | 6672          | 1                  
| Use of HSST              | 0        | 1             | 0                  
| Use of IO                | 33       | 296           | 12                 
|   IOBD                   | 17       | 64            | 27                 
|   IOBR_LR                | 0        | 7             | 0                  
|   IOBR_TB                | 2        | 8             | 25                 
|   IOBS_LR                | 2        | 161           | 2                  
|   IOBS_TB                | 12       | 56            | 22                 
| Use of IOCKDIV           | 0        | 20            | 0                  
| Use of IOCKDLY           | 1        | 40            | 3                  
| Use of IOCKGATE          | 0        | 20            | 0                  
| Use of IOCKGMUX_TEST     | 0        | 20            | 0                  
| Use of IOL               | 33       | 400           | 9                  
| Use of IPAL              | 0        | 1             | 0                  
| Use of LDO               | 0        | 4             | 0                  
| Use of MFG_TEST          | 0        | 1             | 0                  
| Use of OSC               | 0        | 1             | 0                  
| Use of PCIE              | 0        | 1             | 0                  
| Use of PIOMUX_TEST       | 0        | 10            | 0                  
| Use of PLL               | 1        | 5             | 20                 
| Use of PREGMUX_TEST      | 0        | 6             | 0                  
| Use of RCKB              | 1        | 24            | 5                  
| Use of RCKBMUX_TEST      | 0        | 12            | 0                  
| Use of RESCAL            | 0        | 4             | 0                  
| Use of SCANCHAIN         | 0        | 2             | 0                  
| Use of START             | 1        | 1             | 100                
| Use of UDID              | 0        | 1             | 0                  
| Use of USCM              | 5        | 30            | 17                 
| Use of USCMMUX_TEST      | 0        | 30            | 0                  
| Use of VCKBMUX_TEST      | 0        | 12            | 0                  
+---------------------------------------------------------------------------+

Finished routing. (CPU time elapsed 0h:00m:20s)
Design 'audio_udp_top' has been placed and routed successfully.
Saving design to DB.
Finished placement and routing. (CPU time elapsed 0h:00m:42s)
Action pnr: Real time elapsed is 0h:0m:45s
Action pnr: CPU time elapsed is 0h:0m:43s
Action pnr: Process CPU time elapsed is 0h:0m:43s
Current time: Wed May  1 18:21:52 2024
Action pnr: Peak memory pool usage is 830 MB
