#Build: Fabric Compiler 2022.1, Build 99559, Jul 12 00:20 2022
#Install: D:\fpga_competition\FPGA_competition\ziguangtongchuang_file\MES50HP_v3\set_up\set_up_file\PDS_2022.1\bin
#Application name: pds_shell.exe
#OS: Windows 10 10.0.22000
#Hostname: Thecomputerofmartin
Generated by Fabric Compiler (version 2022.1 build 99559) at Tue Apr  2 15:32:46 2024
Compiling verification operator library.
Compiling common defs.
Compiling prim grid devices.
Compiling gate devices.
Compiling gate operators.
Building architecture model.
Loading device packaging model.
W: ConstraintEditor-4030: No constraint files found, so all ports are unspecified I/O constraint.
I: Column Clock Check open.
Read Column Clock Map.

Placement started.
Phase 1 Pre global placement started.
Phase 1.1 1st GP placement started.
Design Utilization : 1%.
Wirelength after clock region global placement is 765.
1st GP placement takes 1.00 sec.

Phase 1.2 Clock placement started.
Mapping instance es0_dsclk_ibuf/opit_1 to IOL_7_137.
Mapping instance clkbufg_0/gopclkbufg to USCM_56_112.
Mapping instance es1_dsclk_ibuf/opit_1 to IOL_115_249.
Mapping instance clkbufg_2/gopclkbufg to USCM_56_113.
Mapping instance u_pll/u_pll_e3/goppll to PLL_122_179.
Mapping instance clkbufg_1/gopclkbufg to USCM_56_114.
Clock placement takes 0.33 sec.

Pre global placement takes 2.84 sec.

Phase 2 Global placement started.
Phase 2.1 Fixed placement started.
Placed fixed group with base inst es0_dsclk_ibuf/opit_1 on IOL_7_137.
Placed fixed group with base inst es1_dsclk_ibuf/opit_1 on IOL_115_249.
Placed fixed instance clkbufg_0/gopclkbufg on USCM_56_112.
Placed fixed instance clkbufg_1/gopclkbufg on USCM_56_114.
Placed fixed instance clkbufg_2/gopclkbufg on USCM_56_113.
Placed fixed instance u_pll/u_pll_e3/goppll on PLL_122_179.
Fixed placement takes 0.00 sec.

Phase 2.2 Process placement started.
Process placement takes 0.00 sec.

Phase 2.3 IO placement started.
IO placement takes 0.02 sec.

Phase 2.4 2nd GP placement started.
Run super clustering :
	Initial slack 498014.
	2 iterations finished.
	Final slack 498215.
Super clustering done.
Design Utilization : 1%.
2nd GP placement takes 0.72 sec.

Wirelength after global placement is 1418.
Global placement takes 0.73 sec.

Phase 3 Post global placement started.
Phase 3.1 Macro cell placement started.
Wirelength after macro cell placement is 1465.
Macro cell placement takes 0.00 sec.

Phase 3.2 3rd GP placement started.
Run super clustering :
	Initial slack 498014.
	2 iterations finished.
	Final slack 498215.
Super clustering done.
Design Utilization : 1%.
3rd GP placement takes 0.69 sec.

Wirelength after post global placement is 1296.
Post global placement takes 0.69 sec.

Phase 4 Legalization started.
The average distance in LP is 1.343348.
Wirelength after legalization is 1712.
Legalization takes 0.02 sec.

Phase 5 Timing-driven detailed placement started.
Phase 5.1 Replication placement started.
Worst slack before Replication Place is 498718.
Replication placement takes 0.05 sec.

Wirelength after replication placement is 1712.
Phase 5.2 DP placement started.
Legalized cost 498718.000000.
The detailed placement ends at 0th iteration.
DP placement takes 0.00 sec.

Wirelength after detailed placement is 1712.
Timing-driven detailed placement takes 0.05 sec.

Worst slack is 498718, TNS after placement is 0.
Placement done.
Total placement takes 4.42 sec.
Finished placement. (CPU time elapsed 0h:00m:04s)

Routing started.
Building routing graph takes 0.67 sec.
Worst slack is 498718, TNS before global route is 0.
Processing design graph takes 0.11 sec.
Total memory for routing:
	63.409719 M.
Total nets for routing : 382.
Rcf routing step 1 processed 0 nets, it takes 0.00 sec.
Rcf routing step 2 processed 0 nets, it takes 0.00 sec.
Rcf routing step 3 processed 0 nets, it takes 0.00 sec.
Global Routing step 1 processed 0 nets, it takes 0.00 sec.
Global Routing step 2 processed 0 nets, it takes 0.00 sec.
Unrouted nets 0 at the end of iteration 0.
Global Routing step 3 processed 11 nets, it takes 0.00 sec.
Global routing takes 0.02 sec.
Total 394 subnets.
    forward max bucket size 1100 , backward 12.
        Unrouted nets 240 at the end of iteration 0.
    route iteration 0, CPU time elapsed 0.046875 sec.
    forward max bucket size 294 , backward 28.
        Unrouted nets 184 at the end of iteration 1.
    route iteration 1, CPU time elapsed 0.015625 sec.
    forward max bucket size 23 , backward 37.
        Unrouted nets 149 at the end of iteration 2.
    route iteration 2, CPU time elapsed 0.031250 sec.
    forward max bucket size 22 , backward 36.
        Unrouted nets 100 at the end of iteration 3.
    route iteration 3, CPU time elapsed 0.015625 sec.
    forward max bucket size 25 , backward 78.
        Unrouted nets 82 at the end of iteration 4.
    route iteration 4, CPU time elapsed 0.000000 sec.
    forward max bucket size 19 , backward 78.
        Unrouted nets 80 at the end of iteration 5.
    route iteration 5, CPU time elapsed 0.015625 sec.
    forward max bucket size 23 , backward 41.
        Unrouted nets 54 at the end of iteration 6.
    route iteration 6, CPU time elapsed 0.000000 sec.
    forward max bucket size 24 , backward 67.
        Unrouted nets 26 at the end of iteration 7.
    route iteration 7, CPU time elapsed 0.000000 sec.
    forward max bucket size 12 , backward 91.
        Unrouted nets 15 at the end of iteration 8.
    route iteration 8, CPU time elapsed 0.000000 sec.
    forward max bucket size 14 , backward 31.
        Unrouted nets 11 at the end of iteration 9.
    route iteration 9, CPU time elapsed 0.000000 sec.
    forward max bucket size 15 , backward 20.
        Unrouted nets 6 at the end of iteration 10.
    route iteration 10, CPU time elapsed 0.000000 sec.
    forward max bucket size 14 , backward 24.
        Unrouted nets 5 at the end of iteration 11.
    route iteration 11, CPU time elapsed 0.000000 sec.
    forward max bucket size 13 , backward 19.
        Unrouted nets 0 at the end of iteration 12.
    route iteration 12, CPU time elapsed 0.015625 sec.
Detailed routing takes 12 iterations
C: Route-2036: The clock path from ES7243E_reg_config/clock_i2c/opit_0_L5Q:Q to ES7243E_reg_config/config_step_2/opit_0_inv:CLK is routed by SRB.
Detailed routing takes 0.16 sec.
Start fix hold violation.
Build tmp routing results takes 0.00 sec.
Timing analysis takes 0.02 sec.
No hold violation.
Hold Violation Fix in router takes 0 iterations.
Fix hold violation Finished.
Hold Violation Fix in router takes 0.09 sec.

Dispose routing result:
    Collect routing result.
    Delete unused device instances.
    Annotate routing result.
    Change LUT configuration.
    Dispose misc instances.
    Annotate routing result again.
Finish routing takes 0.03 sec.
Used SRB routing arc is 2635.
Cleanup routing takes 0.00 sec.
Routing done.
Total routing takes 1.33 sec.


Device Utilization Summary :
+---------------------------------------------------------------------------+
| Logic Utilization        | Used     | Available     | Utilization(%)     
+---------------------------------------------------------------------------+
| Use of APM               | 0        | 40            | 0                  
| Use of BKCL              | 0        | 4             | 0                  
| Use of CLMA              | 48       | 3748          | 2                  
|   FF                     | 119      | 22488         | 1                  
|   LUT                    | 131      | 14992         | 1                  
|   LUT-FF pairs           | 60       | 14992         | 1                  
| Use of CLMS              | 23       | 1892          | 2                  
|   FF                     | 53       | 11352         | 1                  
|   LUT                    | 63       | 7568          | 1                  
|   LUT-FF pairs           | 19       | 7568          | 1                  
|   Distributed RAM        | 0        | 7568          | 0                  
| Use of CRYSTAL           | 0        | 4             | 0                  
| Use of DLL               | 0        | 8             | 0                  
| Use of DQSL              | 0        | 12            | 0                  
| Use of DRM               | 0.5      | 60            | 1                  
| Use of FUSECODE          | 0        | 1             | 0                  
| Use of HARD0N1           | 22       | 3480          | 1                  
| Use of IO                | 19       | 308           | 7                  
|   IOBD                   | 4        | 74            | 6                  
|   IOBR                   | 2        | 12            | 17                 
|   IOBS                   | 13       | 222           | 6                  
| Use of IOCKDIV           | 0        | 16            | 0                  
| Use of IOCKDLY           | 0        | 32            | 0                  
| Use of IOCKGATE          | 0        | 16            | 0                  
| Use of IOCKGMUX_TEST     | 0        | 16            | 0                  
| Use of IOL               | 19       | 308           | 7                  
| Use of IPAL              | 0        | 1             | 0                  
| Use of MFG_TEST          | 0        | 1             | 0                  
| Use of OSC               | 0        | 1             | 0                  
| Use of PLL               | 1        | 4             | 25                 
| Use of PREGMUX_TEST      | 0        | 4             | 0                  
| Use of RCKB              | 0        | 16            | 0                  
| Use of RCKBMUX_TEST      | 0        | 8             | 0                  
| Use of RESCAL            | 0        | 4             | 0                  
| Use of SCANCHAIN         | 0        | 2             | 0                  
| Use of START             | 1        | 1             | 100                
| Use of UDID              | 0        | 1             | 0                  
| Use of USCM              | 4        | 30            | 14                 
| Use of USCMMUX_TEST      | 0        | 30            | 0                  
| Use of VCKBMUX_TEST      | 0        | 8             | 0                  
+---------------------------------------------------------------------------+

Finished routing. (CPU time elapsed 0h:00m:01s)
Design 'voice_loop_test' has been placed and routed successfully.
Saving design to DB.
Finished placement and routing. (CPU time elapsed 0h:00m:09s)
Action pnr: Real time elapsed is 0h:0m:12s
Action pnr: CPU time elapsed is 0h:0m:10s
Action pnr: Process CPU time elapsed is 0h:0m:10s
Current time: Tue Apr  2 15:32:57 2024
Action pnr: Peak memory pool usage is 625 MB
