#Build: Fabric Compiler 2022.1, Build 99559, Jul 12 00:20 2022
#Install: D:\fpga_competition\FPGA_competition\ziguangtongchuang_file\MES50HP_v3\set_up\set_up_file\PDS_2022.1\bin
#Application name: pds_shell.exe
#OS: Windows 10 10.0.22000
#Hostname: Thecomputerofmartin
Generated by Fabric Compiler (version 2022.1 build 99559) at Sun May 26 10:22:48 2024
Compiling verification operator library.
Compiling common defs.
Loading technology operator library.
Compiling technology operator library.
Compiling technology operator (valence) library.
Compiling operator packing rules.
Compiling prim grid devices.
Compiling gate devices.
Compiling gate operators.
Compiling tech operator impls.
Building architecture model.
Loading device packaging model.
Reading design from translate DB.
Flattening design 'udp_loop'
Device mapping started.
Optimizing circuit logic.
Checking design netlist.
Processing tech operator.
I: The instance clkbufg_0(GTP_CLKBUFG) has been inserted on the net nt_sys_clk in design, driver pin O(instance sys_clk_ibuf) -> load pin CLK(instance cnt[0]).
Converting tech operator to gate operator.
Processing gate operator.
I: Infer CARRY group, base inst: N6_0_1/gateop, insts:11.
I: Infer CARRY group, base inst: u_udp/u_udp_rx/N188.eq_0/gateop, insts:3.
I: Infer CARRY group, base inst: u_udp/u_udp_rx/N226_1.fsub_1/gateop, insts:12.
I: Infer CARRY group, base inst: u_udp/u_udp_rx/N245_1_1/gateop, insts:15.
I: Infer CARRY group, base inst: u_udp/u_udp_rx/N249_1.fsub_1/gateop, insts:15.
I: Infer CARRY group, base inst: u_udp/u_udp_rx/N250.eq_0/gateop, insts:8.
I: Infer CARRY group, base inst: u_udp/u_udp_tx/N295_1_1/gateop, insts:15.
I: Infer CARRY group, base inst: u_udp/u_udp_tx/N304_1/gateop, insts:16.
I: Infer CARRY group, base inst: u_udp/u_udp_tx/N916_5_0/gateop, insts:21.
I: Infer CARRY group, base inst: fifo_udp_loop/u_ipm_distributed_fifo_fifo_udp_loop/u_ipm_distributed_fifo_ctr/N286.eq_0/gateop, insts:6.
I: Infer CARRY group, base inst: u_udp/u_udp_tx/N3544_1_1/gateop, insts:16.
I: Infer CARRY group, base inst: u_udp/u_udp_tx/N3556_1_1/gateop, insts:17.
I: Infer CARRY group, base inst: u_udp/u_udp_tx/N3559_1_1/gateop, insts:10.
I: Infer CARRY group, base inst: fifo_udp_loop/u_ipm_distributed_fifo_fifo_udp_loop/u_ipm_distributed_fifo_ctr/N266.eq_0/gateop, insts:5.
I: Infer CARRY group, base inst: fifo_udp_loop/u_ipm_distributed_fifo_fifo_udp_loop/u_ipm_distributed_fifo_ctr/N58_3_1/gateop, insts:11.
I: Infer CARRY group, base inst: fifo_udp_loop/u_ipm_distributed_fifo_fifo_udp_loop/u_ipm_distributed_fifo_ctr/N190_3_1/gateop, insts:11.
Device mapping done.
Total device mapping takes 0.31 sec.

Device Utilization Summary:
+------------------------------------------------------------------------+
| Logic Utilization     | Used     | Available     | Utilization(%)     
+------------------------------------------------------------------------+
| APM                   | 0        | 84            | 0                  
| IOCKDLY               | 1        | 40            | 3                  
| FF                    | 389      | 64200         | 1                  
| LUT                   | 1873     | 42800         | 5                  
| Distributed RAM       | 1024     | 17000         | 7                  
| DLL                   | 1        | 10            | 10                 
| DQSL                  | 0        | 18            | 0                  
| DRM                   | 0        | 134           | 0                  
| FUSECODE              | 0        | 1             | 0                  
| IO                    | 14       | 296           | 5                  
| IOCKDIV               | 0        | 20            | 0                  
| IOCKGATE              | 0        | 20            | 0                  
| IPAL                  | 0        | 1             | 0                  
| PLL                   | 0        | 5             | 0                  
| RCKB                  | 0        | 24            | 0                  
| SCANCHAIN             | 0        | 2             | 0                  
| START                 | 0        | 1             | 0                  
| USCM                  | 2        | 30            | 7                  
| HSST                  | 0        | 1             | 0                  
| OSC                   | 0        | 1             | 0                  
| CRYSTAL               | 0        | 2             | 0                  
| RESCAL                | 0        | 4             | 0                  
| UDID                  | 0        | 1             | 0                  
| PCIE                  | 0        | 1             | 0                  
+------------------------------------------------------------------------+

Design 'udp_loop' has been successfully mapped to architecture-specific objects.
Saving design to DB.
Action dev_map: Real time elapsed is 0h:0m:5s
Action dev_map: CPU time elapsed is 0h:0m:4s
Action dev_map: Process CPU time elapsed is 0h:0m:4s
Current time: Sun May 26 10:22:51 2024
Action dev_map: Peak memory pool usage is 253 MB
