#Build: Fabric Compiler 2022.1, Build 99559, Jul 12 00:20 2022
#Install: D:\fpga_competition\FPGA_competition\ziguangtongchuang_file\MES50HP_v3\set_up\set_up_file\PDS_2022.1\bin
#Application name: pds_shell.exe
#OS: Windows 10 10.0.22000
#Hostname: Thecomputerofmartin
Generated by Fabric Compiler (version 2022.1 build 99559) at Fri May 10 10:07:06 2024
Compiling verification operator library.
Compiling common defs.
Compiling prim grid devices.
Compiling gate devices.
Compiling gate operators.
Building architecture model.
Loading device packaging model.
Reading design from pnr DB.
Start Report Post-PnR timing.
W: Flow-4065: The port audio_clk has a sdc constraint, but it do not connect to any pin.
Constructing timing graph ...
Timing graph has been constructed successfully
C: STA-3009: The clock fft_test|audio_clk is not connected to any clock endpoints,it will be treated as a normal port or pin.
W: Timing-4087: Port 'fft_eop' is not constrained, it is treated as combinational output.
W: Timing-4087: Port 'fft_ready' is not constrained, it is treated as combinational output.
W: Timing-4087: Port 'fft_rst_n' is not constrained, it is treated as combinational output.
W: Timing-4087: Port 'fft_sop' is not constrained, it is treated as combinational output.
W: Timing-4087: Port 'fft_valid' is not constrained, it is treated as combinational output.
W: Timing-4086: Port 'audio_data[0]' is not constrained, it is treated as combinational input.
W: Timing-4086: Port 'audio_data[1]' is not constrained, it is treated as combinational input.
W: Timing-4086: Port 'audio_data[2]' is not constrained, it is treated as combinational input.
W: Timing-4086: Port 'audio_data[3]' is not constrained, it is treated as combinational input.
W: Timing-4086: Port 'audio_data[4]' is not constrained, it is treated as combinational input.
W: Timing-4086: Port 'audio_data[5]' is not constrained, it is treated as combinational input.
W: Timing-4086: Port 'audio_data[6]' is not constrained, it is treated as combinational input.
W: Timing-4086: Port 'audio_data[7]' is not constrained, it is treated as combinational input.
W: Timing-4086: Port 'audio_data[8]' is not constrained, it is treated as combinational input.
W: Timing-4086: Port 'audio_data[9]' is not constrained, it is treated as combinational input.
W: Timing-4086: Port 'audio_data[10]' is not constrained, it is treated as combinational input.
W: Timing-4086: Port 'audio_data[11]' is not constrained, it is treated as combinational input.
W: Timing-4086: Port 'audio_data[12]' is not constrained, it is treated as combinational input.
W: Timing-4086: Port 'audio_data[13]' is not constrained, it is treated as combinational input.
W: Timing-4086: Port 'audio_data[14]' is not constrained, it is treated as combinational input.
W: Timing-4086: Port 'audio_data[15]' is not constrained, it is treated as combinational input.
W: Timing-4086: Port 'audio_data[16]' is not constrained, it is treated as combinational input.
W: Timing-4086: Port 'audio_data[17]' is not constrained, it is treated as combinational input.
W: Timing-4086: Port 'audio_data[18]' is not constrained, it is treated as combinational input.
W: Timing-4086: Port 'audio_data[19]' is not constrained, it is treated as combinational input.
W: Timing-4086: Port 'audio_data[20]' is not constrained, it is treated as combinational input.
W: Timing-4086: Port 'audio_data[21]' is not constrained, it is treated as combinational input.
W: Timing-4086: Port 'audio_data[22]' is not constrained, it is treated as combinational input.
W: Timing-4086: Port 'audio_data[23]' is not constrained, it is treated as combinational input.
W: Timing-4086: Port 'audio_valid' is not constrained, it is treated as combinational input.
W: Timing-4086: Port 'rst_n' is not constrained, it is treated as combinational input.
Report timing is finished successfully.
Action report_timing: Real time elapsed is 0h:0m:5s
Action report_timing: CPU time elapsed is 0h:0m:3s
Action report_timing: Process CPU time elapsed is 0h:0m:3s
Current time: Fri May 10 10:07:09 2024
Action report_timing: Peak memory pool usage is 594 MB
