#Build: Fabric Compiler 2022.1, Build 99559, Jul 12 00:20 2022
#Install: D:\fpga_competition\FPGA_competition\ziguangtongchuang_file\MES50HP_v3\set_up\set_up_file\PDS_2022.1\bin
#Application name: pds_shell.exe
#OS: Windows 10 10.0.22000
#Hostname: Thecomputerofmartin
Generated by Fabric Compiler (version 2022.1 build 99559) at Sat Mar 30 14:59:21 2024
Compiling verification operator library.
Compiling common defs.
Loading technology operator library.
Compiling technology operator library.
Compiling technology operator (valence) library.
Compiling operator packing rules.
Compiling prim grid devices.
Compiling gate devices.
Compiling gate operators.
Compiling tech operator impls.
Building architecture model.
Loading device packaging model.
Reading design from translate DB.
Flattening design 'ipsxe_fft_core_only'
Device mapping started.
Optimizing circuit logic.
I: Const net (pin CEPRE of inst u_fft_wrapper/use_radix2_burst.u_radix2_burst_core/r2_dit_bf/u_r2_dit_mult_by_twiddle/u_comp_mult/t16.u_comp_mult_t16/u_4mult_0/genblk5[1].mult_i) has been disconnected.
I: Const net (pin RSTPRE of inst u_fft_wrapper/use_radix2_burst.u_radix2_burst_core/r2_dit_bf/u_r2_dit_mult_by_twiddle/u_comp_mult/t16.u_comp_mult_t16/u_4mult_0/genblk5[1].mult_i) has been disconnected.
I: Const net (pin CEMODEX of inst u_fft_wrapper/use_radix2_burst.u_radix2_burst_core/r2_dit_bf/u_r2_dit_mult_by_twiddle/u_comp_mult/t16.u_comp_mult_t16/u_4mult_0/genblk5[1].mult_i) has been disconnected.
I: Const net (pin RSTMODEX of inst u_fft_wrapper/use_radix2_burst.u_radix2_burst_core/r2_dit_bf/u_r2_dit_mult_by_twiddle/u_comp_mult/t16.u_comp_mult_t16/u_4mult_0/genblk5[1].mult_i) has been disconnected.
I: Const net (pin CEMODEY of inst u_fft_wrapper/use_radix2_burst.u_radix2_burst_core/r2_dit_bf/u_r2_dit_mult_by_twiddle/u_comp_mult/t16.u_comp_mult_t16/u_4mult_0/genblk5[1].mult_i) has been disconnected.
I: Const net (pin RSTMODEY of inst u_fft_wrapper/use_radix2_burst.u_radix2_burst_core/r2_dit_bf/u_r2_dit_mult_by_twiddle/u_comp_mult/t16.u_comp_mult_t16/u_4mult_0/genblk5[1].mult_i) has been disconnected.
I: Const net (pin CEMODEZ of inst u_fft_wrapper/use_radix2_burst.u_radix2_burst_core/r2_dit_bf/u_r2_dit_mult_by_twiddle/u_comp_mult/t16.u_comp_mult_t16/u_4mult_0/genblk5[1].mult_i) has been disconnected.
I: Const net (pin RSTMODEZ of inst u_fft_wrapper/use_radix2_burst.u_radix2_burst_core/r2_dit_bf/u_r2_dit_mult_by_twiddle/u_comp_mult/t16.u_comp_mult_t16/u_4mult_0/genblk5[1].mult_i) has been disconnected.
I: Const net (pin CEX of inst u_fft_wrapper/use_radix2_burst.u_radix2_burst_core/r2_dit_bf/u_r2_dit_mult_by_twiddle/u_comp_mult/t16.u_comp_mult_t16/u_4mult_0/genblk5[1].mult_i) has been disconnected.
I: Const net (pin RSTX of inst u_fft_wrapper/use_radix2_burst.u_radix2_burst_core/r2_dit_bf/u_r2_dit_mult_by_twiddle/u_comp_mult/t16.u_comp_mult_t16/u_4mult_0/genblk5[1].mult_i) has been disconnected.
I: Const net (pin CEY of inst u_fft_wrapper/use_radix2_burst.u_radix2_burst_core/r2_dit_bf/u_r2_dit_mult_by_twiddle/u_comp_mult/t16.u_comp_mult_t16/u_4mult_0/genblk5[1].mult_i) has been disconnected.
I: Const net (pin RSTY of inst u_fft_wrapper/use_radix2_burst.u_radix2_burst_core/r2_dit_bf/u_r2_dit_mult_by_twiddle/u_comp_mult/t16.u_comp_mult_t16/u_4mult_0/genblk5[1].mult_i) has been disconnected.
I: Const net (pin CEZ of inst u_fft_wrapper/use_radix2_burst.u_radix2_burst_core/r2_dit_bf/u_r2_dit_mult_by_twiddle/u_comp_mult/t16.u_comp_mult_t16/u_4mult_0/genblk5[1].mult_i) has been disconnected.
I: Const net (pin RSTZ of inst u_fft_wrapper/use_radix2_burst.u_radix2_burst_core/r2_dit_bf/u_r2_dit_mult_by_twiddle/u_comp_mult/t16.u_comp_mult_t16/u_4mult_0/genblk5[1].mult_i) has been disconnected.
I: Const net (pin CEM of inst u_fft_wrapper/use_radix2_burst.u_radix2_burst_core/r2_dit_bf/u_r2_dit_mult_by_twiddle/u_comp_mult/t16.u_comp_mult_t16/u_4mult_0/genblk5[1].mult_i) has been disconnected.
I: Const net (pin RSTM of inst u_fft_wrapper/use_radix2_burst.u_radix2_burst_core/r2_dit_bf/u_r2_dit_mult_by_twiddle/u_comp_mult/t16.u_comp_mult_t16/u_4mult_0/genblk5[1].mult_i) has been disconnected.
I: Const net (pin CEP of inst u_fft_wrapper/use_radix2_burst.u_radix2_burst_core/r2_dit_bf/u_r2_dit_mult_by_twiddle/u_comp_mult/t16.u_comp_mult_t16/u_4mult_0/genblk5[1].mult_i) has been disconnected.
I: Const net (pin RSTP of inst u_fft_wrapper/use_radix2_burst.u_radix2_burst_core/r2_dit_bf/u_r2_dit_mult_by_twiddle/u_comp_mult/t16.u_comp_mult_t16/u_4mult_0/genblk5[1].mult_i) has been disconnected.
I: Const net (pin CEPRE of inst u_fft_wrapper/use_radix2_burst.u_radix2_burst_core/r2_dit_bf/u_r2_dit_mult_by_twiddle/u_comp_mult/t16.u_comp_mult_t16/u_4mult_0/mult_0) has been disconnected.
I: Const net (pin RSTPRE of inst u_fft_wrapper/use_radix2_burst.u_radix2_burst_core/r2_dit_bf/u_r2_dit_mult_by_twiddle/u_comp_mult/t16.u_comp_mult_t16/u_4mult_0/mult_0) has been disconnected.
I: Const net (pin CEMODEX of inst u_fft_wrapper/use_radix2_burst.u_radix2_burst_core/r2_dit_bf/u_r2_dit_mult_by_twiddle/u_comp_mult/t16.u_comp_mult_t16/u_4mult_0/mult_0) has been disconnected.
I: Const net (pin RSTMODEX of inst u_fft_wrapper/use_radix2_burst.u_radix2_burst_core/r2_dit_bf/u_r2_dit_mult_by_twiddle/u_comp_mult/t16.u_comp_mult_t16/u_4mult_0/mult_0) has been disconnected.
I: Const net (pin CEMODEY of inst u_fft_wrapper/use_radix2_burst.u_radix2_burst_core/r2_dit_bf/u_r2_dit_mult_by_twiddle/u_comp_mult/t16.u_comp_mult_t16/u_4mult_0/mult_0) has been disconnected.
I: Const net (pin RSTMODEY of inst u_fft_wrapper/use_radix2_burst.u_radix2_burst_core/r2_dit_bf/u_r2_dit_mult_by_twiddle/u_comp_mult/t16.u_comp_mult_t16/u_4mult_0/mult_0) has been disconnected.
I: Const net (pin CEMODEZ of inst u_fft_wrapper/use_radix2_burst.u_radix2_burst_core/r2_dit_bf/u_r2_dit_mult_by_twiddle/u_comp_mult/t16.u_comp_mult_t16/u_4mult_0/mult_0) has been disconnected.
I: Const net (pin RSTMODEZ of inst u_fft_wrapper/use_radix2_burst.u_radix2_burst_core/r2_dit_bf/u_r2_dit_mult_by_twiddle/u_comp_mult/t16.u_comp_mult_t16/u_4mult_0/mult_0) has been disconnected.
I: Const net (pin CEX of inst u_fft_wrapper/use_radix2_burst.u_radix2_burst_core/r2_dit_bf/u_r2_dit_mult_by_twiddle/u_comp_mult/t16.u_comp_mult_t16/u_4mult_0/mult_0) has been disconnected.
I: Const net (pin RSTX of inst u_fft_wrapper/use_radix2_burst.u_radix2_burst_core/r2_dit_bf/u_r2_dit_mult_by_twiddle/u_comp_mult/t16.u_comp_mult_t16/u_4mult_0/mult_0) has been disconnected.
I: Const net (pin CEY of inst u_fft_wrapper/use_radix2_burst.u_radix2_burst_core/r2_dit_bf/u_r2_dit_mult_by_twiddle/u_comp_mult/t16.u_comp_mult_t16/u_4mult_0/mult_0) has been disconnected.
I: Const net (pin RSTY of inst u_fft_wrapper/use_radix2_burst.u_radix2_burst_core/r2_dit_bf/u_r2_dit_mult_by_twiddle/u_comp_mult/t16.u_comp_mult_t16/u_4mult_0/mult_0) has been disconnected.
I: Const net (pin CEZ of inst u_fft_wrapper/use_radix2_burst.u_radix2_burst_core/r2_dit_bf/u_r2_dit_mult_by_twiddle/u_comp_mult/t16.u_comp_mult_t16/u_4mult_0/mult_0) has been disconnected.
I: Const net (pin RSTZ of inst u_fft_wrapper/use_radix2_burst.u_radix2_burst_core/r2_dit_bf/u_r2_dit_mult_by_twiddle/u_comp_mult/t16.u_comp_mult_t16/u_4mult_0/mult_0) has been disconnected.
I: Const net (pin CEM of inst u_fft_wrapper/use_radix2_burst.u_radix2_burst_core/r2_dit_bf/u_r2_dit_mult_by_twiddle/u_comp_mult/t16.u_comp_mult_t16/u_4mult_0/mult_0) has been disconnected.
I: Const net (pin RSTM of inst u_fft_wrapper/use_radix2_burst.u_radix2_burst_core/r2_dit_bf/u_r2_dit_mult_by_twiddle/u_comp_mult/t16.u_comp_mult_t16/u_4mult_0/mult_0) has been disconnected.
I: Const net (pin CEP of inst u_fft_wrapper/use_radix2_burst.u_radix2_burst_core/r2_dit_bf/u_r2_dit_mult_by_twiddle/u_comp_mult/t16.u_comp_mult_t16/u_4mult_0/mult_0) has been disconnected.
I: Const net (pin RSTP of inst u_fft_wrapper/use_radix2_burst.u_radix2_burst_core/r2_dit_bf/u_r2_dit_mult_by_twiddle/u_comp_mult/t16.u_comp_mult_t16/u_4mult_0/mult_0) has been disconnected.
I: Const net (pin CEPRE of inst u_fft_wrapper/use_radix2_burst.u_radix2_burst_core/r2_dit_bf/u_r2_dit_mult_by_twiddle/u_comp_mult/t16.u_comp_mult_t16/u_4mult_1/genblk5[1].mult_i) has been disconnected.
I: Const net (pin RSTPRE of inst u_fft_wrapper/use_radix2_burst.u_radix2_burst_core/r2_dit_bf/u_r2_dit_mult_by_twiddle/u_comp_mult/t16.u_comp_mult_t16/u_4mult_1/genblk5[1].mult_i) has been disconnected.
I: Const net (pin CEMODEX of inst u_fft_wrapper/use_radix2_burst.u_radix2_burst_core/r2_dit_bf/u_r2_dit_mult_by_twiddle/u_comp_mult/t16.u_comp_mult_t16/u_4mult_1/genblk5[1].mult_i) has been disconnected.
I: Const net (pin RSTMODEX of inst u_fft_wrapper/use_radix2_burst.u_radix2_burst_core/r2_dit_bf/u_r2_dit_mult_by_twiddle/u_comp_mult/t16.u_comp_mult_t16/u_4mult_1/genblk5[1].mult_i) has been disconnected.
I: Const net (pin CEMODEY of inst u_fft_wrapper/use_radix2_burst.u_radix2_burst_core/r2_dit_bf/u_r2_dit_mult_by_twiddle/u_comp_mult/t16.u_comp_mult_t16/u_4mult_1/genblk5[1].mult_i) has been disconnected.
I: Const net (pin RSTMODEY of inst u_fft_wrapper/use_radix2_burst.u_radix2_burst_core/r2_dit_bf/u_r2_dit_mult_by_twiddle/u_comp_mult/t16.u_comp_mult_t16/u_4mult_1/genblk5[1].mult_i) has been disconnected.
I: Const net (pin CEMODEZ of inst u_fft_wrapper/use_radix2_burst.u_radix2_burst_core/r2_dit_bf/u_r2_dit_mult_by_twiddle/u_comp_mult/t16.u_comp_mult_t16/u_4mult_1/genblk5[1].mult_i) has been disconnected.
I: Const net (pin RSTMODEZ of inst u_fft_wrapper/use_radix2_burst.u_radix2_burst_core/r2_dit_bf/u_r2_dit_mult_by_twiddle/u_comp_mult/t16.u_comp_mult_t16/u_4mult_1/genblk5[1].mult_i) has been disconnected.
I: Const net (pin CEX of inst u_fft_wrapper/use_radix2_burst.u_radix2_burst_core/r2_dit_bf/u_r2_dit_mult_by_twiddle/u_comp_mult/t16.u_comp_mult_t16/u_4mult_1/genblk5[1].mult_i) has been disconnected.
I: Const net (pin RSTX of inst u_fft_wrapper/use_radix2_burst.u_radix2_burst_core/r2_dit_bf/u_r2_dit_mult_by_twiddle/u_comp_mult/t16.u_comp_mult_t16/u_4mult_1/genblk5[1].mult_i) has been disconnected.
I: Const net (pin CEY of inst u_fft_wrapper/use_radix2_burst.u_radix2_burst_core/r2_dit_bf/u_r2_dit_mult_by_twiddle/u_comp_mult/t16.u_comp_mult_t16/u_4mult_1/genblk5[1].mult_i) has been disconnected.
I: Const net (pin RSTY of inst u_fft_wrapper/use_radix2_burst.u_radix2_burst_core/r2_dit_bf/u_r2_dit_mult_by_twiddle/u_comp_mult/t16.u_comp_mult_t16/u_4mult_1/genblk5[1].mult_i) has been disconnected.
I: Const net (pin CEZ of inst u_fft_wrapper/use_radix2_burst.u_radix2_burst_core/r2_dit_bf/u_r2_dit_mult_by_twiddle/u_comp_mult/t16.u_comp_mult_t16/u_4mult_1/genblk5[1].mult_i) has been disconnected.
I: Const net (pin RSTZ of inst u_fft_wrapper/use_radix2_burst.u_radix2_burst_core/r2_dit_bf/u_r2_dit_mult_by_twiddle/u_comp_mult/t16.u_comp_mult_t16/u_4mult_1/genblk5[1].mult_i) has been disconnected.
I: Const net (pin CEM of inst u_fft_wrapper/use_radix2_burst.u_radix2_burst_core/r2_dit_bf/u_r2_dit_mult_by_twiddle/u_comp_mult/t16.u_comp_mult_t16/u_4mult_1/genblk5[1].mult_i) has been disconnected.
I: Const net (pin RSTM of inst u_fft_wrapper/use_radix2_burst.u_radix2_burst_core/r2_dit_bf/u_r2_dit_mult_by_twiddle/u_comp_mult/t16.u_comp_mult_t16/u_4mult_1/genblk5[1].mult_i) has been disconnected.
I: Const net (pin CEP of inst u_fft_wrapper/use_radix2_burst.u_radix2_burst_core/r2_dit_bf/u_r2_dit_mult_by_twiddle/u_comp_mult/t16.u_comp_mult_t16/u_4mult_1/genblk5[1].mult_i) has been disconnected.
I: Const net (pin RSTP of inst u_fft_wrapper/use_radix2_burst.u_radix2_burst_core/r2_dit_bf/u_r2_dit_mult_by_twiddle/u_comp_mult/t16.u_comp_mult_t16/u_4mult_1/genblk5[1].mult_i) has been disconnected.
I: Const net (pin CEPRE of inst u_fft_wrapper/use_radix2_burst.u_radix2_burst_core/r2_dit_bf/u_r2_dit_mult_by_twiddle/u_comp_mult/t16.u_comp_mult_t16/u_4mult_1/mult_0) has been disconnected.
I: Const net (pin RSTPRE of inst u_fft_wrapper/use_radix2_burst.u_radix2_burst_core/r2_dit_bf/u_r2_dit_mult_by_twiddle/u_comp_mult/t16.u_comp_mult_t16/u_4mult_1/mult_0) has been disconnected.
I: Const net (pin CEMODEX of inst u_fft_wrapper/use_radix2_burst.u_radix2_burst_core/r2_dit_bf/u_r2_dit_mult_by_twiddle/u_comp_mult/t16.u_comp_mult_t16/u_4mult_1/mult_0) has been disconnected.
I: Const net (pin RSTMODEX of inst u_fft_wrapper/use_radix2_burst.u_radix2_burst_core/r2_dit_bf/u_r2_dit_mult_by_twiddle/u_comp_mult/t16.u_comp_mult_t16/u_4mult_1/mult_0) has been disconnected.
I: Const net (pin CEMODEY of inst u_fft_wrapper/use_radix2_burst.u_radix2_burst_core/r2_dit_bf/u_r2_dit_mult_by_twiddle/u_comp_mult/t16.u_comp_mult_t16/u_4mult_1/mult_0) has been disconnected.
I: Const net (pin RSTMODEY of inst u_fft_wrapper/use_radix2_burst.u_radix2_burst_core/r2_dit_bf/u_r2_dit_mult_by_twiddle/u_comp_mult/t16.u_comp_mult_t16/u_4mult_1/mult_0) has been disconnected.
I: Const net (pin CEMODEZ of inst u_fft_wrapper/use_radix2_burst.u_radix2_burst_core/r2_dit_bf/u_r2_dit_mult_by_twiddle/u_comp_mult/t16.u_comp_mult_t16/u_4mult_1/mult_0) has been disconnected.
I: Const net (pin RSTMODEZ of inst u_fft_wrapper/use_radix2_burst.u_radix2_burst_core/r2_dit_bf/u_r2_dit_mult_by_twiddle/u_comp_mult/t16.u_comp_mult_t16/u_4mult_1/mult_0) has been disconnected.
I: Const net (pin CEX of inst u_fft_wrapper/use_radix2_burst.u_radix2_burst_core/r2_dit_bf/u_r2_dit_mult_by_twiddle/u_comp_mult/t16.u_comp_mult_t16/u_4mult_1/mult_0) has been disconnected.
I: Const net (pin RSTX of inst u_fft_wrapper/use_radix2_burst.u_radix2_burst_core/r2_dit_bf/u_r2_dit_mult_by_twiddle/u_comp_mult/t16.u_comp_mult_t16/u_4mult_1/mult_0) has been disconnected.
I: Const net (pin CEY of inst u_fft_wrapper/use_radix2_burst.u_radix2_burst_core/r2_dit_bf/u_r2_dit_mult_by_twiddle/u_comp_mult/t16.u_comp_mult_t16/u_4mult_1/mult_0) has been disconnected.
I: Const net (pin RSTY of inst u_fft_wrapper/use_radix2_burst.u_radix2_burst_core/r2_dit_bf/u_r2_dit_mult_by_twiddle/u_comp_mult/t16.u_comp_mult_t16/u_4mult_1/mult_0) has been disconnected.
I: Const net (pin CEZ of inst u_fft_wrapper/use_radix2_burst.u_radix2_burst_core/r2_dit_bf/u_r2_dit_mult_by_twiddle/u_comp_mult/t16.u_comp_mult_t16/u_4mult_1/mult_0) has been disconnected.
I: Const net (pin RSTZ of inst u_fft_wrapper/use_radix2_burst.u_radix2_burst_core/r2_dit_bf/u_r2_dit_mult_by_twiddle/u_comp_mult/t16.u_comp_mult_t16/u_4mult_1/mult_0) has been disconnected.
I: Const net (pin CEM of inst u_fft_wrapper/use_radix2_burst.u_radix2_burst_core/r2_dit_bf/u_r2_dit_mult_by_twiddle/u_comp_mult/t16.u_comp_mult_t16/u_4mult_1/mult_0) has been disconnected.
I: Const net (pin RSTM of inst u_fft_wrapper/use_radix2_burst.u_radix2_burst_core/r2_dit_bf/u_r2_dit_mult_by_twiddle/u_comp_mult/t16.u_comp_mult_t16/u_4mult_1/mult_0) has been disconnected.
I: Const net (pin CEP of inst u_fft_wrapper/use_radix2_burst.u_radix2_burst_core/r2_dit_bf/u_r2_dit_mult_by_twiddle/u_comp_mult/t16.u_comp_mult_t16/u_4mult_1/mult_0) has been disconnected.
I: Const net (pin RSTP of inst u_fft_wrapper/use_radix2_burst.u_radix2_burst_core/r2_dit_bf/u_r2_dit_mult_by_twiddle/u_comp_mult/t16.u_comp_mult_t16/u_4mult_1/mult_0) has been disconnected.
I: Const net (pin CEPRE of inst u_fft_wrapper/use_radix2_burst.u_radix2_burst_core/r2_dit_bf/u_r2_dit_mult_by_twiddle/u_comp_mult/t16.u_comp_mult_t16/u_4mult_2/genblk5[1].mult_i) has been disconnected.
I: Const net (pin RSTPRE of inst u_fft_wrapper/use_radix2_burst.u_radix2_burst_core/r2_dit_bf/u_r2_dit_mult_by_twiddle/u_comp_mult/t16.u_comp_mult_t16/u_4mult_2/genblk5[1].mult_i) has been disconnected.
I: Const net (pin CEMODEX of inst u_fft_wrapper/use_radix2_burst.u_radix2_burst_core/r2_dit_bf/u_r2_dit_mult_by_twiddle/u_comp_mult/t16.u_comp_mult_t16/u_4mult_2/genblk5[1].mult_i) has been disconnected.
I: Const net (pin RSTMODEX of inst u_fft_wrapper/use_radix2_burst.u_radix2_burst_core/r2_dit_bf/u_r2_dit_mult_by_twiddle/u_comp_mult/t16.u_comp_mult_t16/u_4mult_2/genblk5[1].mult_i) has been disconnected.
I: Const net (pin CEMODEY of inst u_fft_wrapper/use_radix2_burst.u_radix2_burst_core/r2_dit_bf/u_r2_dit_mult_by_twiddle/u_comp_mult/t16.u_comp_mult_t16/u_4mult_2/genblk5[1].mult_i) has been disconnected.
I: Const net (pin RSTMODEY of inst u_fft_wrapper/use_radix2_burst.u_radix2_burst_core/r2_dit_bf/u_r2_dit_mult_by_twiddle/u_comp_mult/t16.u_comp_mult_t16/u_4mult_2/genblk5[1].mult_i) has been disconnected.
I: Const net (pin CEMODEZ of inst u_fft_wrapper/use_radix2_burst.u_radix2_burst_core/r2_dit_bf/u_r2_dit_mult_by_twiddle/u_comp_mult/t16.u_comp_mult_t16/u_4mult_2/genblk5[1].mult_i) has been disconnected.
I: Const net (pin RSTMODEZ of inst u_fft_wrapper/use_radix2_burst.u_radix2_burst_core/r2_dit_bf/u_r2_dit_mult_by_twiddle/u_comp_mult/t16.u_comp_mult_t16/u_4mult_2/genblk5[1].mult_i) has been disconnected.
I: Const net (pin CEX of inst u_fft_wrapper/use_radix2_burst.u_radix2_burst_core/r2_dit_bf/u_r2_dit_mult_by_twiddle/u_comp_mult/t16.u_comp_mult_t16/u_4mult_2/genblk5[1].mult_i) has been disconnected.
I: Const net (pin RSTX of inst u_fft_wrapper/use_radix2_burst.u_radix2_burst_core/r2_dit_bf/u_r2_dit_mult_by_twiddle/u_comp_mult/t16.u_comp_mult_t16/u_4mult_2/genblk5[1].mult_i) has been disconnected.
I: Const net (pin CEY of inst u_fft_wrapper/use_radix2_burst.u_radix2_burst_core/r2_dit_bf/u_r2_dit_mult_by_twiddle/u_comp_mult/t16.u_comp_mult_t16/u_4mult_2/genblk5[1].mult_i) has been disconnected.
I: Const net (pin RSTY of inst u_fft_wrapper/use_radix2_burst.u_radix2_burst_core/r2_dit_bf/u_r2_dit_mult_by_twiddle/u_comp_mult/t16.u_comp_mult_t16/u_4mult_2/genblk5[1].mult_i) has been disconnected.
I: Const net (pin CEZ of inst u_fft_wrapper/use_radix2_burst.u_radix2_burst_core/r2_dit_bf/u_r2_dit_mult_by_twiddle/u_comp_mult/t16.u_comp_mult_t16/u_4mult_2/genblk5[1].mult_i) has been disconnected.
I: Const net (pin RSTZ of inst u_fft_wrapper/use_radix2_burst.u_radix2_burst_core/r2_dit_bf/u_r2_dit_mult_by_twiddle/u_comp_mult/t16.u_comp_mult_t16/u_4mult_2/genblk5[1].mult_i) has been disconnected.
I: Const net (pin CEM of inst u_fft_wrapper/use_radix2_burst.u_radix2_burst_core/r2_dit_bf/u_r2_dit_mult_by_twiddle/u_comp_mult/t16.u_comp_mult_t16/u_4mult_2/genblk5[1].mult_i) has been disconnected.
I: Const net (pin RSTM of inst u_fft_wrapper/use_radix2_burst.u_radix2_burst_core/r2_dit_bf/u_r2_dit_mult_by_twiddle/u_comp_mult/t16.u_comp_mult_t16/u_4mult_2/genblk5[1].mult_i) has been disconnected.
I: Const net (pin CEP of inst u_fft_wrapper/use_radix2_burst.u_radix2_burst_core/r2_dit_bf/u_r2_dit_mult_by_twiddle/u_comp_mult/t16.u_comp_mult_t16/u_4mult_2/genblk5[1].mult_i) has been disconnected.
I: Const net (pin RSTP of inst u_fft_wrapper/use_radix2_burst.u_radix2_burst_core/r2_dit_bf/u_r2_dit_mult_by_twiddle/u_comp_mult/t16.u_comp_mult_t16/u_4mult_2/genblk5[1].mult_i) has been disconnected.
I: Const net (pin CEPRE of inst u_fft_wrapper/use_radix2_burst.u_radix2_burst_core/r2_dit_bf/u_r2_dit_mult_by_twiddle/u_comp_mult/t16.u_comp_mult_t16/u_4mult_2/mult_0) has been disconnected.
I: Const net (pin RSTPRE of inst u_fft_wrapper/use_radix2_burst.u_radix2_burst_core/r2_dit_bf/u_r2_dit_mult_by_twiddle/u_comp_mult/t16.u_comp_mult_t16/u_4mult_2/mult_0) has been disconnected.
I: Const net (pin CEMODEX of inst u_fft_wrapper/use_radix2_burst.u_radix2_burst_core/r2_dit_bf/u_r2_dit_mult_by_twiddle/u_comp_mult/t16.u_comp_mult_t16/u_4mult_2/mult_0) has been disconnected.
I: Const net (pin RSTMODEX of inst u_fft_wrapper/use_radix2_burst.u_radix2_burst_core/r2_dit_bf/u_r2_dit_mult_by_twiddle/u_comp_mult/t16.u_comp_mult_t16/u_4mult_2/mult_0) has been disconnected.
I: Const net (pin CEMODEY of inst u_fft_wrapper/use_radix2_burst.u_radix2_burst_core/r2_dit_bf/u_r2_dit_mult_by_twiddle/u_comp_mult/t16.u_comp_mult_t16/u_4mult_2/mult_0) has been disconnected.
I: Const net (pin RSTMODEY of inst u_fft_wrapper/use_radix2_burst.u_radix2_burst_core/r2_dit_bf/u_r2_dit_mult_by_twiddle/u_comp_mult/t16.u_comp_mult_t16/u_4mult_2/mult_0) has been disconnected.
I: Const net (pin CEMODEZ of inst u_fft_wrapper/use_radix2_burst.u_radix2_burst_core/r2_dit_bf/u_r2_dit_mult_by_twiddle/u_comp_mult/t16.u_comp_mult_t16/u_4mult_2/mult_0) has been disconnected.
I: Const net (pin RSTMODEZ of inst u_fft_wrapper/use_radix2_burst.u_radix2_burst_core/r2_dit_bf/u_r2_dit_mult_by_twiddle/u_comp_mult/t16.u_comp_mult_t16/u_4mult_2/mult_0) has been disconnected.
I: Const net (pin CEX of inst u_fft_wrapper/use_radix2_burst.u_radix2_burst_core/r2_dit_bf/u_r2_dit_mult_by_twiddle/u_comp_mult/t16.u_comp_mult_t16/u_4mult_2/mult_0) has been disconnected.
I: Const net (pin RSTX of inst u_fft_wrapper/use_radix2_burst.u_radix2_burst_core/r2_dit_bf/u_r2_dit_mult_by_twiddle/u_comp_mult/t16.u_comp_mult_t16/u_4mult_2/mult_0) has been disconnected.
I: Const net (pin CEY of inst u_fft_wrapper/use_radix2_burst.u_radix2_burst_core/r2_dit_bf/u_r2_dit_mult_by_twiddle/u_comp_mult/t16.u_comp_mult_t16/u_4mult_2/mult_0) has been disconnected.
I: Const net (pin RSTY of inst u_fft_wrapper/use_radix2_burst.u_radix2_burst_core/r2_dit_bf/u_r2_dit_mult_by_twiddle/u_comp_mult/t16.u_comp_mult_t16/u_4mult_2/mult_0) has been disconnected.
I: Const net (pin CEZ of inst u_fft_wrapper/use_radix2_burst.u_radix2_burst_core/r2_dit_bf/u_r2_dit_mult_by_twiddle/u_comp_mult/t16.u_comp_mult_t16/u_4mult_2/mult_0) has been disconnected.
I: Const net (pin RSTZ of inst u_fft_wrapper/use_radix2_burst.u_radix2_burst_core/r2_dit_bf/u_r2_dit_mult_by_twiddle/u_comp_mult/t16.u_comp_mult_t16/u_4mult_2/mult_0) has been disconnected.
I: Const net (pin CEM of inst u_fft_wrapper/use_radix2_burst.u_radix2_burst_core/r2_dit_bf/u_r2_dit_mult_by_twiddle/u_comp_mult/t16.u_comp_mult_t16/u_4mult_2/mult_0) has been disconnected.
I: Const net (pin RSTM of inst u_fft_wrapper/use_radix2_burst.u_radix2_burst_core/r2_dit_bf/u_r2_dit_mult_by_twiddle/u_comp_mult/t16.u_comp_mult_t16/u_4mult_2/mult_0) has been disconnected.
I: Const net (pin CEP of inst u_fft_wrapper/use_radix2_burst.u_radix2_burst_core/r2_dit_bf/u_r2_dit_mult_by_twiddle/u_comp_mult/t16.u_comp_mult_t16/u_4mult_2/mult_0) has been disconnected.
I: Const net (pin RSTP of inst u_fft_wrapper/use_radix2_burst.u_radix2_burst_core/r2_dit_bf/u_r2_dit_mult_by_twiddle/u_comp_mult/t16.u_comp_mult_t16/u_4mult_2/mult_0) has been disconnected.
I: Const net (pin CEPRE of inst u_fft_wrapper/use_radix2_burst.u_radix2_burst_core/r2_dit_bf/u_r2_dit_mult_by_twiddle/u_comp_mult/t16.u_comp_mult_t16/u_4mult_3/genblk5[1].mult_i) has been disconnected.
I: Const net (pin RSTPRE of inst u_fft_wrapper/use_radix2_burst.u_radix2_burst_core/r2_dit_bf/u_r2_dit_mult_by_twiddle/u_comp_mult/t16.u_comp_mult_t16/u_4mult_3/genblk5[1].mult_i) has been disconnected.
I: Const net (pin CEMODEX of inst u_fft_wrapper/use_radix2_burst.u_radix2_burst_core/r2_dit_bf/u_r2_dit_mult_by_twiddle/u_comp_mult/t16.u_comp_mult_t16/u_4mult_3/genblk5[1].mult_i) has been disconnected.
I: Const net (pin RSTMODEX of inst u_fft_wrapper/use_radix2_burst.u_radix2_burst_core/r2_dit_bf/u_r2_dit_mult_by_twiddle/u_comp_mult/t16.u_comp_mult_t16/u_4mult_3/genblk5[1].mult_i) has been disconnected.
I: Const net (pin CEMODEY of inst u_fft_wrapper/use_radix2_burst.u_radix2_burst_core/r2_dit_bf/u_r2_dit_mult_by_twiddle/u_comp_mult/t16.u_comp_mult_t16/u_4mult_3/genblk5[1].mult_i) has been disconnected.
I: Const net (pin RSTMODEY of inst u_fft_wrapper/use_radix2_burst.u_radix2_burst_core/r2_dit_bf/u_r2_dit_mult_by_twiddle/u_comp_mult/t16.u_comp_mult_t16/u_4mult_3/genblk5[1].mult_i) has been disconnected.
I: Const net (pin CEMODEZ of inst u_fft_wrapper/use_radix2_burst.u_radix2_burst_core/r2_dit_bf/u_r2_dit_mult_by_twiddle/u_comp_mult/t16.u_comp_mult_t16/u_4mult_3/genblk5[1].mult_i) has been disconnected.
I: Const net (pin RSTMODEZ of inst u_fft_wrapper/use_radix2_burst.u_radix2_burst_core/r2_dit_bf/u_r2_dit_mult_by_twiddle/u_comp_mult/t16.u_comp_mult_t16/u_4mult_3/genblk5[1].mult_i) has been disconnected.
I: Const net (pin CEX of inst u_fft_wrapper/use_radix2_burst.u_radix2_burst_core/r2_dit_bf/u_r2_dit_mult_by_twiddle/u_comp_mult/t16.u_comp_mult_t16/u_4mult_3/genblk5[1].mult_i) has been disconnected.
I: Const net (pin RSTX of inst u_fft_wrapper/use_radix2_burst.u_radix2_burst_core/r2_dit_bf/u_r2_dit_mult_by_twiddle/u_comp_mult/t16.u_comp_mult_t16/u_4mult_3/genblk5[1].mult_i) has been disconnected.
I: Const net (pin CEY of inst u_fft_wrapper/use_radix2_burst.u_radix2_burst_core/r2_dit_bf/u_r2_dit_mult_by_twiddle/u_comp_mult/t16.u_comp_mult_t16/u_4mult_3/genblk5[1].mult_i) has been disconnected.
I: Const net (pin RSTY of inst u_fft_wrapper/use_radix2_burst.u_radix2_burst_core/r2_dit_bf/u_r2_dit_mult_by_twiddle/u_comp_mult/t16.u_comp_mult_t16/u_4mult_3/genblk5[1].mult_i) has been disconnected.
I: Const net (pin CEZ of inst u_fft_wrapper/use_radix2_burst.u_radix2_burst_core/r2_dit_bf/u_r2_dit_mult_by_twiddle/u_comp_mult/t16.u_comp_mult_t16/u_4mult_3/genblk5[1].mult_i) has been disconnected.
I: Const net (pin RSTZ of inst u_fft_wrapper/use_radix2_burst.u_radix2_burst_core/r2_dit_bf/u_r2_dit_mult_by_twiddle/u_comp_mult/t16.u_comp_mult_t16/u_4mult_3/genblk5[1].mult_i) has been disconnected.
I: Const net (pin CEM of inst u_fft_wrapper/use_radix2_burst.u_radix2_burst_core/r2_dit_bf/u_r2_dit_mult_by_twiddle/u_comp_mult/t16.u_comp_mult_t16/u_4mult_3/genblk5[1].mult_i) has been disconnected.
I: Const net (pin RSTM of inst u_fft_wrapper/use_radix2_burst.u_radix2_burst_core/r2_dit_bf/u_r2_dit_mult_by_twiddle/u_comp_mult/t16.u_comp_mult_t16/u_4mult_3/genblk5[1].mult_i) has been disconnected.
I: Const net (pin CEP of inst u_fft_wrapper/use_radix2_burst.u_radix2_burst_core/r2_dit_bf/u_r2_dit_mult_by_twiddle/u_comp_mult/t16.u_comp_mult_t16/u_4mult_3/genblk5[1].mult_i) has been disconnected.
I: Const net (pin RSTP of inst u_fft_wrapper/use_radix2_burst.u_radix2_burst_core/r2_dit_bf/u_r2_dit_mult_by_twiddle/u_comp_mult/t16.u_comp_mult_t16/u_4mult_3/genblk5[1].mult_i) has been disconnected.
I: Const net (pin CEPRE of inst u_fft_wrapper/use_radix2_burst.u_radix2_burst_core/r2_dit_bf/u_r2_dit_mult_by_twiddle/u_comp_mult/t16.u_comp_mult_t16/u_4mult_3/mult_0) has been disconnected.
I: Const net (pin RSTPRE of inst u_fft_wrapper/use_radix2_burst.u_radix2_burst_core/r2_dit_bf/u_r2_dit_mult_by_twiddle/u_comp_mult/t16.u_comp_mult_t16/u_4mult_3/mult_0) has been disconnected.
I: Const net (pin CEMODEX of inst u_fft_wrapper/use_radix2_burst.u_radix2_burst_core/r2_dit_bf/u_r2_dit_mult_by_twiddle/u_comp_mult/t16.u_comp_mult_t16/u_4mult_3/mult_0) has been disconnected.
I: Const net (pin RSTMODEX of inst u_fft_wrapper/use_radix2_burst.u_radix2_burst_core/r2_dit_bf/u_r2_dit_mult_by_twiddle/u_comp_mult/t16.u_comp_mult_t16/u_4mult_3/mult_0) has been disconnected.
I: Const net (pin CEMODEY of inst u_fft_wrapper/use_radix2_burst.u_radix2_burst_core/r2_dit_bf/u_r2_dit_mult_by_twiddle/u_comp_mult/t16.u_comp_mult_t16/u_4mult_3/mult_0) has been disconnected.
I: Const net (pin RSTMODEY of inst u_fft_wrapper/use_radix2_burst.u_radix2_burst_core/r2_dit_bf/u_r2_dit_mult_by_twiddle/u_comp_mult/t16.u_comp_mult_t16/u_4mult_3/mult_0) has been disconnected.
I: Const net (pin CEMODEZ of inst u_fft_wrapper/use_radix2_burst.u_radix2_burst_core/r2_dit_bf/u_r2_dit_mult_by_twiddle/u_comp_mult/t16.u_comp_mult_t16/u_4mult_3/mult_0) has been disconnected.
I: Const net (pin RSTMODEZ of inst u_fft_wrapper/use_radix2_burst.u_radix2_burst_core/r2_dit_bf/u_r2_dit_mult_by_twiddle/u_comp_mult/t16.u_comp_mult_t16/u_4mult_3/mult_0) has been disconnected.
I: Const net (pin CEX of inst u_fft_wrapper/use_radix2_burst.u_radix2_burst_core/r2_dit_bf/u_r2_dit_mult_by_twiddle/u_comp_mult/t16.u_comp_mult_t16/u_4mult_3/mult_0) has been disconnected.
I: Const net (pin RSTX of inst u_fft_wrapper/use_radix2_burst.u_radix2_burst_core/r2_dit_bf/u_r2_dit_mult_by_twiddle/u_comp_mult/t16.u_comp_mult_t16/u_4mult_3/mult_0) has been disconnected.
I: Const net (pin CEY of inst u_fft_wrapper/use_radix2_burst.u_radix2_burst_core/r2_dit_bf/u_r2_dit_mult_by_twiddle/u_comp_mult/t16.u_comp_mult_t16/u_4mult_3/mult_0) has been disconnected.
I: Const net (pin RSTY of inst u_fft_wrapper/use_radix2_burst.u_radix2_burst_core/r2_dit_bf/u_r2_dit_mult_by_twiddle/u_comp_mult/t16.u_comp_mult_t16/u_4mult_3/mult_0) has been disconnected.
I: Const net (pin CEZ of inst u_fft_wrapper/use_radix2_burst.u_radix2_burst_core/r2_dit_bf/u_r2_dit_mult_by_twiddle/u_comp_mult/t16.u_comp_mult_t16/u_4mult_3/mult_0) has been disconnected.
I: Const net (pin RSTZ of inst u_fft_wrapper/use_radix2_burst.u_radix2_burst_core/r2_dit_bf/u_r2_dit_mult_by_twiddle/u_comp_mult/t16.u_comp_mult_t16/u_4mult_3/mult_0) has been disconnected.
I: Const net (pin CEM of inst u_fft_wrapper/use_radix2_burst.u_radix2_burst_core/r2_dit_bf/u_r2_dit_mult_by_twiddle/u_comp_mult/t16.u_comp_mult_t16/u_4mult_3/mult_0) has been disconnected.
I: Const net (pin RSTM of inst u_fft_wrapper/use_radix2_burst.u_radix2_burst_core/r2_dit_bf/u_r2_dit_mult_by_twiddle/u_comp_mult/t16.u_comp_mult_t16/u_4mult_3/mult_0) has been disconnected.
I: Const net (pin CEP of inst u_fft_wrapper/use_radix2_burst.u_radix2_burst_core/r2_dit_bf/u_r2_dit_mult_by_twiddle/u_comp_mult/t16.u_comp_mult_t16/u_4mult_3/mult_0) has been disconnected.
I: Const net (pin RSTP of inst u_fft_wrapper/use_radix2_burst.u_radix2_burst_core/r2_dit_bf/u_r2_dit_mult_by_twiddle/u_comp_mult/t16.u_comp_mult_t16/u_4mult_3/mult_0) has been disconnected.
Checking design netlist.
E: DRC-0033: The parameter INIT_00 = 288'h0B8242A900A04C2494088481E8D07018187C053C4126403B580C46022D4062400A480000 is not supported in inst u_fft_wrapper/use_radix2_burst.u_radix2_burst_core/r2_dit_bf/u_r2_dit_mult_by_twiddle/u_twiddle_gen/u_sin_rom/use_drm.u_sin_drm_rom/sin_rom_used_2.
E: DRC-0033: The parameter INIT_01 = 288'h1608454FB14B38509A139804C2012368468E110F440E70FA303C2B0E318365D0CBBC307E is not supported in inst u_fft_wrapper/use_radix2_burst.u_radix2_burst_core/r2_dit_bf/u_r2_dit_mult_by_twiddle/u_twiddle_gen/u_sin_rom/use_drm.u_sin_drm_rom/sin_rom_used_2.
E: DRC-0033: The parameter INIT_02 = 288'h1D20872DB1C8AC70711BAC06CE51B0486A371A14C6668191D06279181D85E6C171685A41 is not supported in inst u_fft_wrapper/use_radix2_burst.u_radix2_burst_core/r2_dit_bf/u_r2_dit_mult_by_twiddle/u_twiddle_gen/u_sin_rom/use_drm.u_sin_drm_rom/sin_rom_used_2.
E: DRC-0033: The parameter INIT_03 = 288'h1FBEC7EEC1FB507EB11FA147E4F1F83C7CC51F1C87C151EABC7A3F1E31478421DAD87621 is not supported in inst u_fft_wrapper/use_radix2_burst.u_radix2_burst_core/r2_dit_bf/u_r2_dit_mult_by_twiddle/u_twiddle_gen/u_sin_rom/use_drm.u_sin_drm_rom/sin_rom_used_2.
E: DRC-0033: The parameter INIT_00 = 288'h0B8242A900A04C2494088481E8D07018187C053C4126403B580C46022D4062400A480000 is not supported in inst u_fft_wrapper/use_radix2_burst.u_radix2_burst_core/r2_dit_bf/u_r2_dit_mult_by_twiddle/u_twiddle_gen/u_sin_rom/use_drm.u_sin_drm_rom/sin_rom_used_3.
E: DRC-0033: The parameter INIT_01 = 288'h1608454FB14B38509A139804C2012368468E110F440E70FA303C2B0E318365D0CBBC307E is not supported in inst u_fft_wrapper/use_radix2_burst.u_radix2_burst_core/r2_dit_bf/u_r2_dit_mult_by_twiddle/u_twiddle_gen/u_sin_rom/use_drm.u_sin_drm_rom/sin_rom_used_3.
E: DRC-0033: The parameter INIT_02 = 288'h1D20872DB1C8AC70711BAC06CE51B0486A371A14C6668191D06279181D85E6C171685A41 is not supported in inst u_fft_wrapper/use_radix2_burst.u_radix2_burst_core/r2_dit_bf/u_r2_dit_mult_by_twiddle/u_twiddle_gen/u_sin_rom/use_drm.u_sin_drm_rom/sin_rom_used_3.
E: DRC-0033: The parameter INIT_03 = 288'h1FBEC7EEC1FB507EB11FA147E4F1F83C7CC51F1C87C151EABC7A3F1E31478421DAD87621 is not supported in inst u_fft_wrapper/use_radix2_burst.u_radix2_burst_core/r2_dit_bf/u_r2_dit_mult_by_twiddle/u_twiddle_gen/u_sin_rom/use_drm.u_sin_drm_rom/sin_rom_used_3.
Program Error Out.
Action dev_map: Real time elapsed is 0h:0m:4s
Action dev_map: CPU time elapsed is 0h:0m:2s
Action dev_map: Process CPU time elapsed is 0h:0m:2s
Current time: Sat Mar 30 14:59:23 2024
Action dev_map: Peak memory pool usage is 212 MB
