#Build: Fabric Compiler 2022.1, Build 99559, Jul 12 00:20 2022
#Install: D:\fpga_competition\FPGA_competition\ziguangtongchuang_file\MES50HP_v3\set_up\set_up_file\PDS_2022.1\bin
#Application name: pds_shell.exe
#OS: Windows 10 10.0.22000
#Hostname: Thecomputerofmartin
Generated by Fabric Compiler (version 2022.1 build 99559) at Fri May 10 11:10:07 2024
Compiling verification operator library.
Compiling common defs.
Loading technology operator library.
Compiling technology operator library.
Compiling technology operator (valence) library.
Compiling operator packing rules.
Compiling prim grid devices.
Compiling gate devices.
Compiling gate operators.
Compiling tech operator impls.
Building architecture model.
Loading device packaging model.
Reading design from translate DB.
Flattening design 'fft_test'
Device mapping started.
Optimizing circuit logic.
Checking design netlist.
Processing tech operator.
I: The instance clkbufg_0(GTP_CLKBUFG) has been inserted on the net nt_clk_50m in design, driver pin O(instance clk_50m_ibuf) -> load pin CLK(instance u_fft_ctrl/delay_cnt[0]).
Converting tech operator to gate operator.
Processing gate operator.
Device mapping done.
Total device mapping takes 0.00 sec.

Device Utilization Summary:
+------------------------------------------------------------------------+
| Logic Utilization     | Used     | Available     | Utilization(%)     
+------------------------------------------------------------------------+
| APM                   | 0        | 20            | 0                  
| IOCKDLY               | 0        | 16            | 0                  
| FF                    | 6        | 15600         | 1                  
| LUT                   | 7        | 10400         | 1                  
| Distributed RAM       | 0        | 2640          | 0                  
| DLL                   | 0        | 4             | 0                  
| DQSL                  | 0        | 12            | 0                  
| DRM                   | 0        | 30            | 0                  
| FUSECODE              | 0        | 1             | 0                  
| IO                    | 7        | 160           | 5                  
| IOCKDIV               | 0        | 8             | 0                  
| IOCKGATE              | 0        | 8             | 0                  
| IPAL                  | 0        | 1             | 0                  
| PLL                   | 0        | 4             | 0                  
| RCKB                  | 0        | 16            | 0                  
| SCANCHAIN             | 0        | 4             | 0                  
| START                 | 0        | 1             | 0                  
| USCM                  | 1        | 20            | 5                  
| OSC                   | 0        | 1             | 0                  
| ADC                   | 0        | 1             | 0                  
| CRYSTAL               | 0        | 4             | 0                  
| FLSIF                 | 0        | 1             | 0                  
| RESCAL                | 0        | 4             | 0                  
| UDID                  | 0        | 1             | 0                  
+------------------------------------------------------------------------+

Design 'fft_test' has been successfully mapped to architecture-specific objects.
Saving design to DB.
Action dev_map: Real time elapsed is 0h:0m:3s
Action dev_map: CPU time elapsed is 0h:0m:2s
Action dev_map: Process CPU time elapsed is 0h:0m:2s
Current time: Fri May 10 11:10:09 2024
Action dev_map: Peak memory pool usage is 191 MB
