-----------------------------------------------------------------------------------------------------------------------------------------------------------------------------------------------------------------------------------------------------------------------------
Detailed RTL Component Info :
-----Module Name :
                    audio_udp_top

-----ROMs :
            512 Bit    (32 x 16 bit)          ROMs := 1
            1K Bit    (64 x 16 bit)          ROMs := 1

-----RAMs :
            32K Bit    (1024 x 32 bit)          RAMs := 1

Distributed RAM and Block RAM: Final Mapping Report
|----------------------------------------------------------------------------------------------------------------------------------------------------|------------------------|-------------------|---------|
| DPRAM Inst Name                                                                                                                                    | Size (Depth x Width)   | Primitives        | Count   |
|----------------------------------------------------------------------------------------------------------------------------------------------------|------------------------|-------------------|---------|
| voice_loop_test_inst/ES8156_reg_config/N189                                                                                                        | 32 x 16                |                   |         |
|                                                                                                                                                    | 32 x 1                 | GTP_ROM32X1       | 16      |
|----------------------------------------------------------------------------------------------------------------------------------------------------|------------------------|-------------------|---------|
| udp_top_inst/audio_data_pkt_inst/fifo_audo_data_pkt_inst/u_ipm_distributed_fifo_fifo_audo_data_pkt/ipm_distributed_sdpram_fifo_audo_data_pkt/mem   | 1024 x 32              |                   |         |
|                                                                                                                                                    | 32 x 1                 | GTP_RAM32X1DP     | 1024    |
|----------------------------------------------------------------------------------------------------------------------------------------------------|------------------------|-------------------|---------|

|------------------------------------------------|------------------------|-------------------|-------------------|-------------------|-------------------|
| Inst Name                                      | Size (Depth x Width)   | Write_Mode_A      | Write_Mode_B      | Ram_Mode          | Primitives        |
|------------------------------------------------|------------------------|-------------------|-------------------|-------------------|-------------------|
| voice_loop_test_inst/ES7243E_reg_config/N237   | 64 x 16                |                   |                   |                   |                   |
|                                         N237   | 64 x 16                | NORMAL_WRITE      | /                 | SINGLE_PORT       | GTP_DRM9K         |
|------------------------------------------------|------------------------|-------------------|-------------------|-------------------|-------------------|

-----------------------------------------------------------------------------------------------------------------------------------------------------------------------------------------------------------------------------------------------------------------------------

