[Info] [2024-5-10 16:43:47] /***************************Start Configuration***************************/
[Info] [2024-5-10 16:43:47] Path: D:/fpga_competition/FPGA_competition/ziguangtongchuang_file/MES50HP_v3/set_up/set_up_file/PDS_2022.1/bin
[Info] [2024-5-10 16:43:47] Version: 99559
[Info] [2024-5-10 16:43:48] Current Path: C:/Users/86151/Desktop/auido_fft_fir/audio_top/src/hdmi_top/prj
[Info] [2024-5-10 16:43:48] PDS Dir Path: C:/Users/86151/Desktop/auido_fft_fir/audio_top/src/hdmi_top/prj
[Info] [2024-5-10 16:43:50] /***************************End Configration***************************/
[Info] [2024-5-10 16:44:09] /***************************Start Configuration***************************/
[Info] [2024-5-10 16:44:09] Path: D:/fpga_competition/FPGA_competition/ziguangtongchuang_file/MES50HP_v3/set_up/set_up_file/PDS_2022.1/bin
[Info] [2024-5-10 16:44:09] Version: 99559
[Info] [2024-5-10 16:44:10] Current Path: C:/Users/86151/Desktop/auido_fft_fir/audio_top/src/hdmi_top/prj
[Info] [2024-5-10 16:44:10] PDS Dir Path: C:/Users/86151/Desktop/auido_fft_fir/audio_top/src/hdmi_top/prj
[Info] [2024-5-10 16:44:12] Configuration is not connect with server. connect first then scan chain.
[Debug] [2024-5-10 16:44:12] Client Local host name:Thecomputerofmartin
[Debug] [2024-5-10 16:44:12] Client Local Address:169.254.51.120
[Debug] [2024-5-10 16:44:12] Client Local Address:10.136.129.96
[Debug] [2024-5-10 16:44:12] Server Address:127.0.0.1, Port:65420
[Info] [2024-5-10 16:44:12] Connect OK, Server: 127.0.0.1  Port: 65420
[Debug] [2024-5-10 16:44:12] Finish.
[Info] [2024-5-10 16:44:12] Connect server succeeded
[Debug] [2024-5-10 16:44:12] Send RPC:1
[Debug] [2024-5-10 16:44:12] Send cmd [check version information:40005] OK
[Debug] [2024-5-10 16:44:12] Send RPC:2
[Debug] [2024-5-10 16:44:12] Send cmd [get_cable_paras:40011] OK
[Debug] [2024-5-10 16:44:12] Begin to send initialize chain cmd...
[Debug] [2024-5-10 16:44:12] Send RPC:3
[Debug] [2024-5-10 16:44:12] Send cmd [Open config cable:20001] OK
[Debug] [2024-5-10 16:44:12] End to send initialize chain cmd.
[Debug] [2024-5-10 16:44:12] COMMAND[check version information] execute successfully, takes 0.0 secs.
[Debug] [2024-5-10 16:44:13] COMMAND[get_cable_paras] execute successfully, takes 0.9 secs.
[Debug] [2024-5-10 16:44:14] begin the exec of open cable cmd...
[Debug] [2024-5-10 16:44:14] Begin to deal with chain from server...
[Debug] [2024-5-10 16:44:14] Begin to set user chain...
[Debug] [2024-5-10 16:44:14] End to set user chain.
[Debug] [2024-5-10 16:44:14] Begin to update graphic item and tree item ...
[Debug] [2024-5-10 16:44:14] End to update graphic item and tree item ...
[Info] [2024-5-10 16:44:15] set OpenLastPath: C:/Users/86151/Desktop/auido_fft_fir/audio_top/src/hdmi_top/prj/generate_bitstream/hdmi_top.sbit
[Debug] [2024-5-10 16:44:15] begin to get device info from CFG file...
[Debug] [2024-5-10 16:44:15] end to get device info from CFG file...
[Debug] [2024-5-10 16:44:15] Begin to update graphic item and tree item ...
[Debug] [2024-5-10 16:44:15] End to update graphic item and tree item ...
[Debug] [2024-5-10 16:44:15] End to deal wiht chain from server.
[Debug] [2024-5-10 16:44:15] end the exec of open cable cmd.
[Debug] [2024-5-10 16:44:15] COMMAND[Open config cable] execute successfully, takes 2.6 secs.
[Debug] [2024-5-10 16:44:16] Begin to send programming cmd...
[Debug] [2024-5-10 16:44:16] Send RPC:4
[Debug] [2024-5-10 16:44:16] Begin to send program data.
[Debug] [2024-5-10 16:44:16] End to send program data.
[Debug] [2024-5-10 16:44:16] Send cmd [Program:20002] OK
[Debug] [2024-5-10 16:44:17] The value of Progress is 6
[Debug] [2024-5-10 16:44:17] The value of Progress is 10
[Debug] [2024-5-10 16:44:17] The value of Progress is 15
[Debug] [2024-5-10 16:44:17] The value of Progress is 20
[Debug] [2024-5-10 16:44:17] The value of Progress is 25
[Debug] [2024-5-10 16:44:17] The value of Progress is 30
[Debug] [2024-5-10 16:44:17] The value of Progress is 35
[Debug] [2024-5-10 16:44:17] The value of Progress is 40
[Debug] [2024-5-10 16:44:17] The value of Progress is 45
[Debug] [2024-5-10 16:44:17] The value of Progress is 50
[Debug] [2024-5-10 16:44:17] The value of Progress is 55
[Debug] [2024-5-10 16:44:17] The value of Progress is 60
[Debug] [2024-5-10 16:44:18] The value of Progress is 65
[Debug] [2024-5-10 16:44:18] The value of Progress is 70
[Debug] [2024-5-10 16:44:18] The value of Progress is 75
[Debug] [2024-5-10 16:44:18] The value of Progress is 80
[Debug] [2024-5-10 16:44:18] The value of Progress is 85
[Debug] [2024-5-10 16:44:18] The value of Progress is 90
[Debug] [2024-5-10 16:44:18] The value of Progress is 95
[Debug] [2024-5-10 16:44:18] The value of Progress is 100
[Debug] [2024-5-10 16:44:18] COMMAND[Program] execute successfully, takes 2.0 secs.
[Debug] [2024-5-10 16:44:18] End to send programming cmd.
[Info] [2024-5-10 16:44:31] /***************************End Configration***************************/
[Info] [2024-5-10 16:47:08] /***************************Start Configuration***************************/
[Info] [2024-5-10 16:47:08] Path: D:/fpga_competition/FPGA_competition/ziguangtongchuang_file/MES50HP_v3/set_up/set_up_file/PDS_2022.1/bin
[Info] [2024-5-10 16:47:08] Version: 99559
[Info] [2024-5-10 16:47:09] Current Path: C:/Users/86151/Desktop/auido_fft_fir/audio_top/src/hdmi_top/prj
[Info] [2024-5-10 16:47:09] PDS Dir Path: C:/Users/86151/Desktop/auido_fft_fir/audio_top/src/hdmi_top/prj
[Info] [2024-5-10 16:47:12] Configuration is not connect with server. connect first then scan chain.
[Debug] [2024-5-10 16:47:12] Client Local host name:Thecomputerofmartin
[Debug] [2024-5-10 16:47:12] Client Local Address:10.136.129.96
[Debug] [2024-5-10 16:47:12] Server Address:127.0.0.1, Port:65420
[Info] [2024-5-10 16:47:13] Connect OK, Server: 127.0.0.1  Port: 65420
[Debug] [2024-5-10 16:47:13] Finish.
[Info] [2024-5-10 16:47:13] Connect server succeeded
[Debug] [2024-5-10 16:47:13] Send RPC:1
[Debug] [2024-5-10 16:47:13] Send cmd [check version information:40005] OK
[Debug] [2024-5-10 16:47:13] Send RPC:2
[Debug] [2024-5-10 16:47:13] Send cmd [get_cable_paras:40011] OK
[Debug] [2024-5-10 16:47:13] Begin to send initialize chain cmd...
[Debug] [2024-5-10 16:47:13] Send RPC:3
[Debug] [2024-5-10 16:47:13] Send cmd [Open config cable:20001] OK
[Debug] [2024-5-10 16:47:13] End to send initialize chain cmd.
[Debug] [2024-5-10 16:47:13] COMMAND[check version information] execute successfully, takes 0.0 secs.
[Debug] [2024-5-10 16:47:14] COMMAND[get_cable_paras] execute successfully, takes 0.9 secs.
[Debug] [2024-5-10 16:47:14] begin the exec of open cable cmd...
[Debug] [2024-5-10 16:47:14] Begin to deal with chain from server...
[Debug] [2024-5-10 16:47:14] Begin to set user chain...
[Debug] [2024-5-10 16:47:14] End to set user chain.
[Debug] [2024-5-10 16:47:14] Begin to update graphic item and tree item ...
[Debug] [2024-5-10 16:47:14] End to update graphic item and tree item ...
[Info] [2024-5-10 16:47:16] set OpenLastPath: C:/Users/86151/Desktop/auido_fft_fir/audio_top/src/hdmi_top/prj/generate_bitstream/hdmi_top.sbit
[Debug] [2024-5-10 16:47:16] begin to get device info from CFG file...
[Debug] [2024-5-10 16:47:16] end to get device info from CFG file...
[Debug] [2024-5-10 16:47:16] Begin to update graphic item and tree item ...
[Debug] [2024-5-10 16:47:16] End to update graphic item and tree item ...
[Debug] [2024-5-10 16:47:16] End to deal wiht chain from server.
[Debug] [2024-5-10 16:47:16] end the exec of open cable cmd.
[Debug] [2024-5-10 16:47:16] COMMAND[Open config cable] execute successfully, takes 3.0 secs.
[Debug] [2024-5-10 16:47:17] Begin to send programming cmd...
[Debug] [2024-5-10 16:47:17] Send RPC:4
[Debug] [2024-5-10 16:47:17] Begin to send program data.
[Debug] [2024-5-10 16:47:17] End to send program data.
[Debug] [2024-5-10 16:47:17] Send cmd [Program:20002] OK
[Debug] [2024-5-10 16:47:17] The value of Progress is 6
[Debug] [2024-5-10 16:47:17] The value of Progress is 10
[Debug] [2024-5-10 16:47:17] The value of Progress is 15
[Debug] [2024-5-10 16:47:18] The value of Progress is 20
[Debug] [2024-5-10 16:47:18] The value of Progress is 25
[Debug] [2024-5-10 16:47:18] The value of Progress is 30
[Debug] [2024-5-10 16:47:18] The value of Progress is 35
[Debug] [2024-5-10 16:47:18] The value of Progress is 40
[Debug] [2024-5-10 16:47:18] The value of Progress is 45
[Debug] [2024-5-10 16:47:18] The value of Progress is 50
[Debug] [2024-5-10 16:47:18] The value of Progress is 55
[Debug] [2024-5-10 16:47:18] The value of Progress is 60
[Debug] [2024-5-10 16:47:18] The value of Progress is 65
[Debug] [2024-5-10 16:47:18] The value of Progress is 70
[Debug] [2024-5-10 16:47:18] The value of Progress is 75
[Debug] [2024-5-10 16:47:19] The value of Progress is 80
[Debug] [2024-5-10 16:47:19] The value of Progress is 85
[Debug] [2024-5-10 16:47:19] The value of Progress is 90
[Debug] [2024-5-10 16:47:19] The value of Progress is 95
[Debug] [2024-5-10 16:47:19] The value of Progress is 100
[Debug] [2024-5-10 16:47:19] COMMAND[Program] execute successfully, takes 2.0 secs.
[Debug] [2024-5-10 16:47:19] End to send programming cmd.
[Debug] [2024-5-10 16:51:09] Begin to send initialize chain cmd...
[Debug] [2024-5-10 16:51:09] Send RPC:5
[Debug] [2024-5-10 16:51:09] Send cmd [Open config cable:20001] OK
[Debug] [2024-5-10 16:51:09] End to send initialize chain cmd.
[Debug] [2024-5-10 16:51:09] begin the exec of open cable cmd...
[Debug] [2024-5-10 16:51:09] Begin to deal with chain from server...
[Debug] [2024-5-10 16:51:09] Begin to set user chain...
[Debug] [2024-5-10 16:51:09] End to set user chain.
[Debug] [2024-5-10 16:51:09] Begin to update graphic item and tree item ...
[Debug] [2024-5-10 16:51:09] End to update graphic item and tree item ...
[Info] [2024-5-10 16:51:11] set OpenLastPath: C:/Users/86151/Desktop/auido_fft_fir/audio_top/src/hdmi_top/prj/generate_bitstream/hdmi_top.sbit
[Debug] [2024-5-10 16:51:11] begin to get device info from CFG file...
[Debug] [2024-5-10 16:51:11] end to get device info from CFG file...
[Debug] [2024-5-10 16:51:11] Begin to update graphic item and tree item ...
[Debug] [2024-5-10 16:51:11] End to update graphic item and tree item ...
[Debug] [2024-5-10 16:51:11] End to deal wiht chain from server.
[Debug] [2024-5-10 16:51:11] end the exec of open cable cmd.
[Debug] [2024-5-10 16:51:11] COMMAND[Open config cable] execute successfully, takes 2.4 secs.
[Debug] [2024-5-10 16:51:12] Begin to send programming cmd...
[Debug] [2024-5-10 16:51:12] Send RPC:6
[Debug] [2024-5-10 16:51:12] Begin to send program data.
[Debug] [2024-5-10 16:51:12] End to send program data.
[Debug] [2024-5-10 16:51:12] Send cmd [Program:20002] OK
[Debug] [2024-5-10 16:51:13] The value of Progress is 6
[Debug] [2024-5-10 16:51:13] The value of Progress is 10
[Debug] [2024-5-10 16:51:13] The value of Progress is 15
[Debug] [2024-5-10 16:51:13] The value of Progress is 20
[Debug] [2024-5-10 16:51:13] The value of Progress is 25
[Debug] [2024-5-10 16:51:13] The value of Progress is 30
[Debug] [2024-5-10 16:51:13] The value of Progress is 35
[Debug] [2024-5-10 16:51:13] The value of Progress is 40
[Debug] [2024-5-10 16:51:13] The value of Progress is 45
[Debug] [2024-5-10 16:51:13] The value of Progress is 50
[Debug] [2024-5-10 16:51:14] The value of Progress is 55
[Debug] [2024-5-10 16:51:14] The value of Progress is 60
[Debug] [2024-5-10 16:51:14] The value of Progress is 65
[Debug] [2024-5-10 16:51:14] The value of Progress is 70
[Debug] [2024-5-10 16:51:14] The value of Progress is 75
[Debug] [2024-5-10 16:51:14] The value of Progress is 80
[Debug] [2024-5-10 16:51:14] The value of Progress is 85
[Debug] [2024-5-10 16:51:14] The value of Progress is 90
[Debug] [2024-5-10 16:51:14] The value of Progress is 95
[Debug] [2024-5-10 16:51:14] The value of Progress is 100
[Debug] [2024-5-10 16:51:14] COMMAND[Program] execute successfully, takes 2.0 secs.
[Debug] [2024-5-10 16:51:14] End to send programming cmd.
[Info] [2024-5-10 16:53:19] /***************************End Configration***************************/
