#Build: Fabric Compiler 2022.1, Build 99559, Jul 12 00:20 2022
#Install: D:\fpga_competition\FPGA_competition\ziguangtongchuang_file\MES50HP_v3\set_up\set_up_file\PDS_2022.1\bin
#Application name: pds_shell.exe
#OS: Windows 10 10.0.22000
#Hostname: Thecomputerofmartin
Generated by Fabric Compiler (version 2022.1 build 99559) at Tue Apr  2 15:32:43 2024
Compiling verification operator library.
Compiling common defs.
Loading technology operator library.
Compiling technology operator library.
Compiling technology operator (valence) library.
Compiling operator packing rules.
Compiling prim grid devices.
Compiling gate devices.
Compiling gate operators.
Compiling tech operator impls.
Building architecture model.
Loading device packaging model.
Reading design from translate DB.
C: SDC-2025: Clock source 'n:ES7243E_reg_config/clock_i2c' need a clock constraint, please use 'create_clock' or 'create_generate_clock' to generate.
Flattening design 'voice_loop_test'
Device mapping started.
Optimizing circuit logic.
W: Public-4008: Instance 'ce' of 'GTP_DFF_R' unit is dangling and will be cleaned.
W: Public-4008: Instance 'cnt_12M[0]' of 'GTP_DFF_R' unit is dangling and will be cleaned.
W: Public-4008: Instance 'cnt_12M[1]' of 'GTP_DFF_R' unit is dangling and will be cleaned.
W: Public-4008: Instance 'cnt_12M[2]' of 'GTP_DFF_R' unit is dangling and will be cleaned.
W: Public-4008: Instance 'cnt_12M[3]' of 'GTP_DFF_R' unit is dangling and will be cleaned.
W: Public-4008: Instance 'cnt_12M[4]' of 'GTP_DFF_R' unit is dangling and will be cleaned.
W: Public-4008: Instance 'cnt_12M[5]' of 'GTP_DFF_R' unit is dangling and will be cleaned.
W: Public-4008: Instance 'cnt_12M[6]' of 'GTP_DFF_R' unit is dangling and will be cleaned.
W: Public-4008: Instance 'cnt_12M[7]' of 'GTP_DFF_R' unit is dangling and will be cleaned.
W: Public-4008: Instance 'cnt_12M[8]' of 'GTP_DFF_R' unit is dangling and will be cleaned.
W: Public-4008: Instance 'cnt_12M[9]' of 'GTP_DFF_R' unit is dangling and will be cleaned.
W: Public-4008: Instance 'cnt_12M[10]' of 'GTP_DFF_R' unit is dangling and will be cleaned.
W: Public-4008: Instance 'cnt_12M[11]' of 'GTP_DFF_R' unit is dangling and will be cleaned.
W: Public-4008: Instance 'cnt_12M[12]' of 'GTP_DFF_R' unit is dangling and will be cleaned.
W: Public-4008: Instance 'cnt_12M[13]' of 'GTP_DFF_R' unit is dangling and will be cleaned.
W: Public-4008: Instance 'cnt_12M[14]' of 'GTP_DFF_R' unit is dangling and will be cleaned.
W: Public-4008: Instance 'cnt_12M[15]' of 'GTP_DFF_R' unit is dangling and will be cleaned.
W: Public-4008: Instance 'cnt_12M[16]' of 'GTP_DFF_R' unit is dangling and will be cleaned.
W: Public-4008: Instance 'ES7243E_reg_config/u_i2c_com/ack1' of 'GTP_DFF_S' unit is dangling and will be cleaned.
W: Public-4008: Instance 'ES7243E_reg_config/u_i2c_com/ack2' of 'GTP_DFF_S' unit is dangling and will be cleaned.
W: Public-4008: Instance 'ES7243E_reg_config/u_i2c_com/ack3' of 'GTP_DFF_S' unit is dangling and will be cleaned.
W: Public-4008: Instance 'ES8156_reg_config/u_i2c_com/ack1' of 'GTP_DFF_S' unit is dangling and will be cleaned.
W: Public-4008: Instance 'ES8156_reg_config/u_i2c_com/ack2' of 'GTP_DFF_S' unit is dangling and will be cleaned.
W: Public-4008: Instance 'ES8156_reg_config/u_i2c_com/ack3' of 'GTP_DFF_S' unit is dangling and will be cleaned.
Checking design netlist.
Processing tech operator.
I: The instance clkbufg_0(GTP_CLKBUFG) has been inserted on the net nt_es0_dsclk in design, driver pin O(instance es0_dsclk_ibuf) -> load pin CLK(instance ES7243_i2s_rx/cnt[0]).
I: The instance clkbufg_1(GTP_CLKBUFG) has been inserted on the net nt_es1_mclk in design, driver pin CLKOUT0(instance u_pll/u_pll_e3) -> load pin CLK(instance ES7243E_reg_config/clock_cnt[0]).
I: The instance clkbufg_2(GTP_CLKBUFG) has been inserted on the net nt_es1_dsclk in design, driver pin O(instance es1_dsclk_ibuf) -> load pin I(instance ES8156_i2s_tx/N13).
Converting tech operator to gate operator.
Processing gate operator.
I: Infer CARRY group, base inst: N32_0_1/gateop, insts:18.
I: Infer CARRY group, base inst: ES7243E_reg_config/N34_1_1/gateop, insts:5.
I: Infer CARRY group, base inst: ES7243E_reg_config/u_i2c_com/N36_1_1/gateop, insts:6.
I: Infer CARRY group, base inst: ES8156_reg_config/u_i2c_com/N36_1_1/gateop, insts:6.
Device mapping done.
Total device mapping takes 0.03 sec.

Device Utilization Summary:
+------------------------------------------------------------------------+
| Logic Utilization     | Used     | Available     | Utilization(%)     
+------------------------------------------------------------------------+
| APM                   | 0        | 40            | 0                  
| IOCKDLY               | 0        | 32            | 0                  
| FF                    | 172      | 33840         | 1                  
| LUT                   | 194      | 22560         | 1                  
| Distributed RAM       | 0        | 7568          | 0                  
| DLL                   | 0        | 8             | 0                  
| DQSL                  | 0        | 12            | 0                  
| DRM                   | 0.5      | 60            | 1                  
| FUSECODE              | 0        | 1             | 0                  
| IO                    | 19       | 308           | 7                  
| IOCKDIV               | 0        | 16            | 0                  
| IOCKGATE              | 0        | 16            | 0                  
| IPAL                  | 0        | 1             | 0                  
| PLL                   | 1        | 4             | 25                 
| RCKB                  | 0        | 16            | 0                  
| SCANCHAIN             | 0        | 2             | 0                  
| START                 | 0        | 1             | 0                  
| USCM                  | 3        | 30            | 10                 
| OSC                   | 0        | 1             | 0                  
| CRYSTAL               | 0        | 4             | 0                  
| RESCAL                | 0        | 4             | 0                  
| UDID                  | 0        | 1             | 0                  
+------------------------------------------------------------------------+

Design 'voice_loop_test' has been successfully mapped to architecture-specific objects.
Saving design to DB.
Action dev_map: Real time elapsed is 0h:0m:4s
Action dev_map: CPU time elapsed is 0h:0m:2s
Action dev_map: Process CPU time elapsed is 0h:0m:2s
Current time: Tue Apr  2 15:32:46 2024
Action dev_map: Peak memory pool usage is 207 MB
