#Build: Fabric Compiler 2022.1, Build 99559, Jul 12 00:20 2022
#Install: D:\fpga_competition\FPGA_competition\ziguangtongchuang_file\MES50HP_v3\set_up\set_up_file\PDS_2022.1\bin
#Application name: pds_shell.exe
#OS: Windows 10 10.0.22000
#Hostname: Thecomputerofmartin
Generated by Fabric Compiler (version 2022.1 build 99559) at Thu May 23 15:08:27 2024
License checkout: fabric_ads
Compiling verification operator library.
Compiling common defs.
Loading technology operator library.
Compiling technology operator library.
Compiling technology operator (valence) library.
Reading design from compile DB
Reading design from compile DB successfully.
Constraint check start.
W: ConstraintEditor-4030: No constraint files found, so all ports are unspecified I/O constraint.
Constraint check end.
C: SDC-2025: Clock source 'n:audio_clk' need a clock constraint, please use 'create_clock' or 'create_generate_clock' to generate.
Executing : get_ports audio_clk
Executing : get_ports audio_clk successfully.
Executing : create_clock -name lms_top|audio_clk [get_ports audio_clk] -period 1000.000 -waveform {0.000 500.000} -add
Executing : create_clock -name lms_top|audio_clk [get_ports audio_clk] -period 1000.000 -waveform {0.000 500.000} -add successfully.
Executing : set_clock_groups -name Inferred_clock_group_0 -asynchronous -group lms_top|audio_clk
Executing : set_clock_groups -name Inferred_clock_group_0 -asynchronous -group lms_top|audio_clk successfully.
Start pre-mapping.
W: Removed bmsWIDEDFFCPE inst en_flag that is stuck at constant 0.
I: Constant propagation done on en_flag (bmsWIDEDFFCPE).
I: Constant propagation done on lms_fifo1/U_ipml_fifo_lms_fifos/U_ipml_sdpram/ADDR_LOOP[0].DATA_LOOP[0].U_GTP_DRM18K (GTP_DRM18K).
I: Constant propagation done on lms_fifo1/U_ipml_fifo_lms_fifos/U_ipml_sdpram/ADDR_LOOP[0].DATA_LOOP[1].U_GTP_DRM18K (GTP_DRM18K).
I: Constant propagation done on lms_fifo1/U_ipml_fifo_lms_fifos/U_ipml_sdpram/ADDR_LOOP[0].DATA_LOOP[2].U_GTP_DRM18K (GTP_DRM18K).
I: Constant propagation done on lms_fifo1/U_ipml_fifo_lms_fifos/U_ipml_sdpram/ADDR_LOOP[0].DATA_LOOP[3].U_GTP_DRM18K (GTP_DRM18K).
I: Constant propagation done on lms_fifo1/U_ipml_fifo_lms_fifos/U_ipml_sdpram/ADDR_LOOP[0].DATA_LOOP[4].U_GTP_DRM18K (GTP_DRM18K).
I: Constant propagation done on lms_fifo1/U_ipml_fifo_lms_fifos/U_ipml_sdpram/ADDR_LOOP[0].DATA_LOOP[5].U_GTP_DRM18K (GTP_DRM18K).
I: Constant propagation done on lms_fifo1/U_ipml_fifo_lms_fifos/U_ipml_sdpram/ADDR_LOOP[0].DATA_LOOP[6].U_GTP_DRM18K (GTP_DRM18K).
I: Constant propagation done on lms_fifo1/U_ipml_fifo_lms_fifos/U_ipml_sdpram/ADDR_LOOP[0].DATA_LOOP[7].U_GTP_DRM18K (GTP_DRM18K).
I: Constant propagation done on lms_fifo1/U_ipml_fifo_lms_fifos/U_ipml_sdpram/ADDR_LOOP[0].DATA_LOOP[8].U_GTP_DRM18K (GTP_DRM18K).
Executing : pre-mapping successfully. Time elapsed: 0.232s wall, 0.234s user + 0.000s system = 0.234s CPU (100.9%)

Start mod-gen.
W: Public-4008: Instance 'class1[2].genblk1.LMS_tap_2/Delay_reg/Delay_out[15:0]' of 'bmsWIDEDFFCPE' unit is dangling and will be cleaned.
W: Public-4008: Instance 'LMS_inst/Data_reg_3/Delay_out[15:0]' of 'bmsWIDEDFFCPE' unit is dangling and will be cleaned.
W: Public-4008: Instance 'lms_fifo2/U_ipml_fifo_lms_fifos/U_ipml_fifo_ctrl/rd_water_level[17:0]' of 'bmsWIDEDFFCPE' unit is dangling and will be cleaned.
W: Public-4008: Instance 'lms_fifo2/U_ipml_fifo_lms_fifos/U_ipml_fifo_ctrl/wr_water_level[17:0]' of 'bmsWIDEDFFCPE' unit is dangling and will be cleaned.
W: Public-4008: Instance 'lms_fifo1/U_ipml_fifo_lms_fifos/U_ipml_fifo_ctrl/rd_water_level[17:0]' of 'bmsWIDEDFFCPE' unit is dangling and will be cleaned.
W: Public-4008: Instance 'lms_fifo1/U_ipml_fifo_lms_fifos/U_ipml_fifo_ctrl/wr_water_level[17:0]' of 'bmsWIDEDFFCPE' unit is dangling and will be cleaned.
W: Removed bmsWIDEDFFCPE inst LMS_inst/Data_reg_2/Delay_out[15:0] at 0 that is stuck at constant 0.
W: Removed bmsWIDEDFFCPE inst LMS_inst/Data_reg_2/Delay_out[15:0] at 1 that is stuck at constant 0.
W: Removed bmsWIDEDFFCPE inst LMS_inst/Data_reg_2/Delay_out[15:0] at 2 that is stuck at constant 0.
W: Removed bmsWIDEDFFCPE inst LMS_inst/Data_reg_2/Delay_out[15:0] at 3 that is stuck at constant 0.
W: Removed bmsWIDEDFFCPE inst LMS_inst/Data_reg_2/Delay_out[15:0] at 4 that is stuck at constant 0.
W: Removed bmsWIDEDFFCPE inst LMS_inst/Data_reg_2/Delay_out[15:0] at 5 that is stuck at constant 0.
W: Removed bmsWIDEDFFCPE inst LMS_inst/Data_reg_2/Delay_out[15:0] at 6 that is stuck at constant 0.
W: Removed bmsWIDEDFFCPE inst LMS_inst/Data_reg_2/Delay_out[15:0] at 7 that is stuck at constant 0.
W: Removed bmsWIDEDFFCPE inst LMS_inst/Data_reg_2/Delay_out[15:0] at 8 that is stuck at constant 0.
W: Removed bmsWIDEDFFCPE inst LMS_inst/Data_reg_2/Delay_out[15:0] at 9 that is stuck at constant 0.
W: Removed bmsWIDEDFFCPE inst LMS_inst/Data_reg_2/Delay_out[15:0] at 10 that is stuck at constant 0.
W: Removed bmsWIDEDFFCPE inst LMS_inst/Data_reg_2/Delay_out[15:0] at 11 that is stuck at constant 0.
W: Removed bmsWIDEDFFCPE inst LMS_inst/Data_reg_2/Delay_out[15:0] at 12 that is stuck at constant 0.
W: Removed bmsWIDEDFFCPE inst LMS_inst/Data_reg_2/Delay_out[15:0] at 13 that is stuck at constant 0.
W: Removed bmsWIDEDFFCPE inst LMS_inst/Data_reg_2/Delay_out[15:0] at 14 that is stuck at constant 0.
W: Removed bmsWIDEDFFCPE inst LMS_inst/Data_reg_2/Delay_out[15:0] at 15 that is stuck at constant 0.
W: Removed bmsWIDEDFFCPE inst LMS_inst/Data_reg_1/Delay_out[15:0] at 0 that is stuck at constant 0.
W: Removed bmsWIDEDFFCPE inst LMS_inst/Data_reg_1/Delay_out[15:0] at 1 that is stuck at constant 0.
W: Removed bmsWIDEDFFCPE inst LMS_inst/Data_reg_1/Delay_out[15:0] at 2 that is stuck at constant 0.
W: Removed bmsWIDEDFFCPE inst LMS_inst/Data_reg_1/Delay_out[15:0] at 3 that is stuck at constant 0.
W: Removed bmsWIDEDFFCPE inst LMS_inst/Data_reg_1/Delay_out[15:0] at 4 that is stuck at constant 0.
W: Removed bmsWIDEDFFCPE inst LMS_inst/Data_reg_1/Delay_out[15:0] at 5 that is stuck at constant 0.
W: Removed bmsWIDEDFFCPE inst LMS_inst/Data_reg_1/Delay_out[15:0] at 6 that is stuck at constant 0.
W: Removed bmsWIDEDFFCPE inst LMS_inst/Data_reg_1/Delay_out[15:0] at 7 that is stuck at constant 0.
W: Removed bmsWIDEDFFCPE inst LMS_inst/Data_reg_1/Delay_out[15:0] at 8 that is stuck at constant 0.
W: Removed bmsWIDEDFFCPE inst LMS_inst/Data_reg_1/Delay_out[15:0] at 9 that is stuck at constant 0.
W: Removed bmsWIDEDFFCPE inst LMS_inst/Data_reg_1/Delay_out[15:0] at 10 that is stuck at constant 0.
W: Removed bmsWIDEDFFCPE inst LMS_inst/Data_reg_1/Delay_out[15:0] at 11 that is stuck at constant 0.
W: Removed bmsWIDEDFFCPE inst LMS_inst/Data_reg_1/Delay_out[15:0] at 12 that is stuck at constant 0.
W: Removed bmsWIDEDFFCPE inst LMS_inst/Data_reg_1/Delay_out[15:0] at 13 that is stuck at constant 0.
W: Removed bmsWIDEDFFCPE inst LMS_inst/Data_reg_1/Delay_out[15:0] at 14 that is stuck at constant 0.
W: Removed bmsWIDEDFFCPE inst LMS_inst/Data_reg_1/Delay_out[15:0] at 15 that is stuck at constant 0.
W: Removed bmsWIDEDFFCPE inst LMS_inst/LMSX_selfdefine_inst/class1[2].genblk1.LMS_tap_2/Data_reg/Delay_out[15:0] at 0 that is stuck at constant 0.
W: Removed bmsWIDEDFFCPE inst LMS_inst/LMSX_selfdefine_inst/class1[2].genblk1.LMS_tap_2/Data_reg/Delay_out[15:0] at 1 that is stuck at constant 0.
W: Removed bmsWIDEDFFCPE inst LMS_inst/LMSX_selfdefine_inst/class1[2].genblk1.LMS_tap_2/Data_reg/Delay_out[15:0] at 2 that is stuck at constant 0.
W: Removed bmsWIDEDFFCPE inst LMS_inst/LMSX_selfdefine_inst/class1[2].genblk1.LMS_tap_2/Data_reg/Delay_out[15:0] at 3 that is stuck at constant 0.
W: Removed bmsWIDEDFFCPE inst LMS_inst/LMSX_selfdefine_inst/class1[2].genblk1.LMS_tap_2/Data_reg/Delay_out[15:0] at 4 that is stuck at constant 0.
W: Removed bmsWIDEDFFCPE inst LMS_inst/LMSX_selfdefine_inst/class1[2].genblk1.LMS_tap_2/Data_reg/Delay_out[15:0] at 5 that is stuck at constant 0.
W: Removed bmsWIDEDFFCPE inst LMS_inst/LMSX_selfdefine_inst/class1[2].genblk1.LMS_tap_2/Data_reg/Delay_out[15:0] at 6 that is stuck at constant 0.
W: Removed bmsWIDEDFFCPE inst LMS_inst/LMSX_selfdefine_inst/class1[2].genblk1.LMS_tap_2/Data_reg/Delay_out[15:0] at 7 that is stuck at constant 0.
W: Removed bmsWIDEDFFCPE inst LMS_inst/LMSX_selfdefine_inst/class1[2].genblk1.LMS_tap_2/Data_reg/Delay_out[15:0] at 8 that is stuck at constant 0.
W: Removed bmsWIDEDFFCPE inst LMS_inst/LMSX_selfdefine_inst/class1[2].genblk1.LMS_tap_2/Data_reg/Delay_out[15:0] at 9 that is stuck at constant 0.
W: Removed bmsWIDEDFFCPE inst LMS_inst/LMSX_selfdefine_inst/class1[2].genblk1.LMS_tap_2/Data_reg/Delay_out[15:0] at 10 that is stuck at constant 0.
W: Removed bmsWIDEDFFCPE inst LMS_inst/LMSX_selfdefine_inst/class1[2].genblk1.LMS_tap_2/Data_reg/Delay_out[15:0] at 11 that is stuck at constant 0.
W: Removed bmsWIDEDFFCPE inst LMS_inst/LMSX_selfdefine_inst/class1[2].genblk1.LMS_tap_2/Data_reg/Delay_out[15:0] at 12 that is stuck at constant 0.
W: Removed bmsWIDEDFFCPE inst LMS_inst/LMSX_selfdefine_inst/class1[2].genblk1.LMS_tap_2/Data_reg/Delay_out[15:0] at 13 that is stuck at constant 0.
W: Removed bmsWIDEDFFCPE inst LMS_inst/LMSX_selfdefine_inst/class1[2].genblk1.LMS_tap_2/Data_reg/Delay_out[15:0] at 14 that is stuck at constant 0.
W: Removed bmsWIDEDFFCPE inst LMS_inst/LMSX_selfdefine_inst/class1[2].genblk1.LMS_tap_2/Data_reg/Delay_out[15:0] at 15 that is stuck at constant 0.
W: Removed bmsWIDEDFFCPE inst LMS_inst/LMSX_selfdefine_inst/class1[0].genblk1.LMS_tap_1/Data_reg/Delay_out[15:0] at 0 that is stuck at constant 0.
W: Removed bmsWIDEDFFCPE inst LMS_inst/LMSX_selfdefine_inst/class1[0].genblk1.LMS_tap_1/Data_reg/Delay_out[15:0] at 1 that is stuck at constant 0.
W: Removed bmsWIDEDFFCPE inst LMS_inst/LMSX_selfdefine_inst/class1[0].genblk1.LMS_tap_1/Data_reg/Delay_out[15:0] at 2 that is stuck at constant 0.
W: Removed bmsWIDEDFFCPE inst LMS_inst/LMSX_selfdefine_inst/class1[0].genblk1.LMS_tap_1/Data_reg/Delay_out[15:0] at 3 that is stuck at constant 0.
W: Removed bmsWIDEDFFCPE inst LMS_inst/LMSX_selfdefine_inst/class1[0].genblk1.LMS_tap_1/Data_reg/Delay_out[15:0] at 4 that is stuck at constant 0.
W: Removed bmsWIDEDFFCPE inst LMS_inst/LMSX_selfdefine_inst/class1[0].genblk1.LMS_tap_1/Data_reg/Delay_out[15:0] at 5 that is stuck at constant 0.
W: Removed bmsWIDEDFFCPE inst LMS_inst/LMSX_selfdefine_inst/class1[0].genblk1.LMS_tap_1/Data_reg/Delay_out[15:0] at 6 that is stuck at constant 0.
W: Removed bmsWIDEDFFCPE inst LMS_inst/LMSX_selfdefine_inst/class1[0].genblk1.LMS_tap_1/Data_reg/Delay_out[15:0] at 7 that is stuck at constant 0.
W: Removed bmsWIDEDFFCPE inst LMS_inst/LMSX_selfdefine_inst/class1[0].genblk1.LMS_tap_1/Data_reg/Delay_out[15:0] at 8 that is stuck at constant 0.
W: Removed bmsWIDEDFFCPE inst LMS_inst/LMSX_selfdefine_inst/class1[0].genblk1.LMS_tap_1/Data_reg/Delay_out[15:0] at 9 that is stuck at constant 0.
W: Removed bmsWIDEDFFCPE inst LMS_inst/LMSX_selfdefine_inst/class1[0].genblk1.LMS_tap_1/Data_reg/Delay_out[15:0] at 10 that is stuck at constant 0.
W: Removed bmsWIDEDFFCPE inst LMS_inst/LMSX_selfdefine_inst/class1[0].genblk1.LMS_tap_1/Data_reg/Delay_out[15:0] at 11 that is stuck at constant 0.
W: Removed bmsWIDEDFFCPE inst LMS_inst/LMSX_selfdefine_inst/class1[0].genblk1.LMS_tap_1/Data_reg/Delay_out[15:0] at 12 that is stuck at constant 0.
W: Removed bmsWIDEDFFCPE inst LMS_inst/LMSX_selfdefine_inst/class1[0].genblk1.LMS_tap_1/Data_reg/Delay_out[15:0] at 13 that is stuck at constant 0.
W: Removed bmsWIDEDFFCPE inst LMS_inst/LMSX_selfdefine_inst/class1[0].genblk1.LMS_tap_1/Data_reg/Delay_out[15:0] at 14 that is stuck at constant 0.
W: Removed bmsWIDEDFFCPE inst LMS_inst/LMSX_selfdefine_inst/class1[0].genblk1.LMS_tap_1/Data_reg/Delay_out[15:0] at 15 that is stuck at constant 0.
W: Removed bmsWIDEDFFCPE inst LMS_inst/LMSX_selfdefine_inst/class1[1].genblk1.LMS_tap_2/Delay_reg/Delay_out[15:0] at 0 that is stuck at constant 0.
W: Removed bmsWIDEDFFCPE inst LMS_inst/LMSX_selfdefine_inst/class1[1].genblk1.LMS_tap_2/Delay_reg/Delay_out[15:0] at 1 that is stuck at constant 0.
W: Removed bmsWIDEDFFCPE inst LMS_inst/LMSX_selfdefine_inst/class1[1].genblk1.LMS_tap_2/Delay_reg/Delay_out[15:0] at 2 that is stuck at constant 0.
W: Removed bmsWIDEDFFCPE inst LMS_inst/LMSX_selfdefine_inst/class1[1].genblk1.LMS_tap_2/Delay_reg/Delay_out[15:0] at 3 that is stuck at constant 0.
W: Removed bmsWIDEDFFCPE inst LMS_inst/LMSX_selfdefine_inst/class1[1].genblk1.LMS_tap_2/Delay_reg/Delay_out[15:0] at 4 that is stuck at constant 0.
W: Removed bmsWIDEDFFCPE inst LMS_inst/LMSX_selfdefine_inst/class1[1].genblk1.LMS_tap_2/Delay_reg/Delay_out[15:0] at 5 that is stuck at constant 0.
W: Removed bmsWIDEDFFCPE inst LMS_inst/LMSX_selfdefine_inst/class1[1].genblk1.LMS_tap_2/Delay_reg/Delay_out[15:0] at 6 that is stuck at constant 0.
W: Removed bmsWIDEDFFCPE inst LMS_inst/LMSX_selfdefine_inst/class1[1].genblk1.LMS_tap_2/Delay_reg/Delay_out[15:0] at 7 that is stuck at constant 0.
W: Removed bmsWIDEDFFCPE inst LMS_inst/LMSX_selfdefine_inst/class1[1].genblk1.LMS_tap_2/Delay_reg/Delay_out[15:0] at 8 that is stuck at constant 0.
W: Removed bmsWIDEDFFCPE inst LMS_inst/LMSX_selfdefine_inst/class1[1].genblk1.LMS_tap_2/Delay_reg/Delay_out[15:0] at 9 that is stuck at constant 0.
W: Removed bmsWIDEDFFCPE inst LMS_inst/LMSX_selfdefine_inst/class1[1].genblk1.LMS_tap_2/Delay_reg/Delay_out[15:0] at 10 that is stuck at constant 0.
W: Removed bmsWIDEDFFCPE inst LMS_inst/LMSX_selfdefine_inst/class1[1].genblk1.LMS_tap_2/Delay_reg/Delay_out[15:0] at 11 that is stuck at constant 0.
W: Removed bmsWIDEDFFCPE inst LMS_inst/LMSX_selfdefine_inst/class1[1].genblk1.LMS_tap_2/Delay_reg/Delay_out[15:0] at 12 that is stuck at constant 0.
W: Removed bmsWIDEDFFCPE inst LMS_inst/LMSX_selfdefine_inst/class1[1].genblk1.LMS_tap_2/Delay_reg/Delay_out[15:0] at 13 that is stuck at constant 0.
W: Removed bmsWIDEDFFCPE inst LMS_inst/LMSX_selfdefine_inst/class1[1].genblk1.LMS_tap_2/Delay_reg/Delay_out[15:0] at 14 that is stuck at constant 0.
W: Removed bmsWIDEDFFCPE inst LMS_inst/LMSX_selfdefine_inst/class1[1].genblk1.LMS_tap_2/Delay_reg/Delay_out[15:0] at 15 that is stuck at constant 0.
W: Removed bmsWIDEDFFCPE inst LMS_inst/LMSX_selfdefine_inst/class1[1].genblk1.LMS_tap_2/Data_reg/Delay_out[15:0] at 0 that is stuck at constant 0.
W: Removed bmsWIDEDFFCPE inst LMS_inst/LMSX_selfdefine_inst/class1[1].genblk1.LMS_tap_2/Data_reg/Delay_out[15:0] at 1 that is stuck at constant 0.
W: Removed bmsWIDEDFFCPE inst LMS_inst/LMSX_selfdefine_inst/class1[1].genblk1.LMS_tap_2/Data_reg/Delay_out[15:0] at 2 that is stuck at constant 0.
W: Removed bmsWIDEDFFCPE inst LMS_inst/LMSX_selfdefine_inst/class1[1].genblk1.LMS_tap_2/Data_reg/Delay_out[15:0] at 3 that is stuck at constant 0.
W: Removed bmsWIDEDFFCPE inst LMS_inst/LMSX_selfdefine_inst/class1[1].genblk1.LMS_tap_2/Data_reg/Delay_out[15:0] at 4 that is stuck at constant 0.
W: Removed bmsWIDEDFFCPE inst LMS_inst/LMSX_selfdefine_inst/class1[1].genblk1.LMS_tap_2/Data_reg/Delay_out[15:0] at 5 that is stuck at constant 0.
W: Removed bmsWIDEDFFCPE inst LMS_inst/LMSX_selfdefine_inst/class1[1].genblk1.LMS_tap_2/Data_reg/Delay_out[15:0] at 6 that is stuck at constant 0.
W: Removed bmsWIDEDFFCPE inst LMS_inst/LMSX_selfdefine_inst/class1[1].genblk1.LMS_tap_2/Data_reg/Delay_out[15:0] at 7 that is stuck at constant 0.
W: Removed bmsWIDEDFFCPE inst LMS_inst/LMSX_selfdefine_inst/class1[1].genblk1.LMS_tap_2/Data_reg/Delay_out[15:0] at 8 that is stuck at constant 0.
W: Removed bmsWIDEDFFCPE inst LMS_inst/LMSX_selfdefine_inst/class1[1].genblk1.LMS_tap_2/Data_reg/Delay_out[15:0] at 9 that is stuck at constant 0.
W: Removed bmsWIDEDFFCPE inst LMS_inst/LMSX_selfdefine_inst/class1[1].genblk1.LMS_tap_2/Data_reg/Delay_out[15:0] at 10 that is stuck at constant 0.
W: Removed bmsWIDEDFFCPE inst LMS_inst/LMSX_selfdefine_inst/class1[1].genblk1.LMS_tap_2/Data_reg/Delay_out[15:0] at 11 that is stuck at constant 0.
W: Removed bmsWIDEDFFCPE inst LMS_inst/LMSX_selfdefine_inst/class1[1].genblk1.LMS_tap_2/Data_reg/Delay_out[15:0] at 12 that is stuck at constant 0.
W: Removed bmsWIDEDFFCPE inst LMS_inst/LMSX_selfdefine_inst/class1[1].genblk1.LMS_tap_2/Data_reg/Delay_out[15:0] at 13 that is stuck at constant 0.
W: Removed bmsWIDEDFFCPE inst LMS_inst/LMSX_selfdefine_inst/class1[1].genblk1.LMS_tap_2/Data_reg/Delay_out[15:0] at 14 that is stuck at constant 0.
W: Removed bmsWIDEDFFCPE inst LMS_inst/LMSX_selfdefine_inst/class1[1].genblk1.LMS_tap_2/Data_reg/Delay_out[15:0] at 15 that is stuck at constant 0.
W: Removed bmsWIDEDFFCPE inst LMS_inst/LMSX_selfdefine_inst/class1[0].genblk1.LMS_tap_1/Delay_reg/Delay_out[15:0] at 0 that is stuck at constant 0.
W: Removed bmsWIDEDFFCPE inst LMS_inst/LMSX_selfdefine_inst/class1[0].genblk1.LMS_tap_1/Delay_reg/Delay_out[15:0] at 1 that is stuck at constant 0.
W: Removed bmsWIDEDFFCPE inst LMS_inst/LMSX_selfdefine_inst/class1[0].genblk1.LMS_tap_1/Delay_reg/Delay_out[15:0] at 2 that is stuck at constant 0.
W: Removed bmsWIDEDFFCPE inst LMS_inst/LMSX_selfdefine_inst/class1[0].genblk1.LMS_tap_1/Delay_reg/Delay_out[15:0] at 3 that is stuck at constant 0.
W: Removed bmsWIDEDFFCPE inst LMS_inst/LMSX_selfdefine_inst/class1[0].genblk1.LMS_tap_1/Delay_reg/Delay_out[15:0] at 4 that is stuck at constant 0.
W: Removed bmsWIDEDFFCPE inst LMS_inst/LMSX_selfdefine_inst/class1[0].genblk1.LMS_tap_1/Delay_reg/Delay_out[15:0] at 5 that is stuck at constant 0.
W: Removed bmsWIDEDFFCPE inst LMS_inst/LMSX_selfdefine_inst/class1[0].genblk1.LMS_tap_1/Delay_reg/Delay_out[15:0] at 6 that is stuck at constant 0.
W: Removed bmsWIDEDFFCPE inst LMS_inst/LMSX_selfdefine_inst/class1[0].genblk1.LMS_tap_1/Delay_reg/Delay_out[15:0] at 7 that is stuck at constant 0.
W: Removed bmsWIDEDFFCPE inst LMS_inst/LMSX_selfdefine_inst/class1[0].genblk1.LMS_tap_1/Delay_reg/Delay_out[15:0] at 8 that is stuck at constant 0.
W: Removed bmsWIDEDFFCPE inst LMS_inst/LMSX_selfdefine_inst/class1[0].genblk1.LMS_tap_1/Delay_reg/Delay_out[15:0] at 9 that is stuck at constant 0.
W: Removed bmsWIDEDFFCPE inst LMS_inst/LMSX_selfdefine_inst/class1[0].genblk1.LMS_tap_1/Delay_reg/Delay_out[15:0] at 10 that is stuck at constant 0.
W: Removed bmsWIDEDFFCPE inst LMS_inst/LMSX_selfdefine_inst/class1[0].genblk1.LMS_tap_1/Delay_reg/Delay_out[15:0] at 11 that is stuck at constant 0.
W: Removed bmsWIDEDFFCPE inst LMS_inst/LMSX_selfdefine_inst/class1[0].genblk1.LMS_tap_1/Delay_reg/Delay_out[15:0] at 12 that is stuck at constant 0.
W: Removed bmsWIDEDFFCPE inst LMS_inst/LMSX_selfdefine_inst/class1[0].genblk1.LMS_tap_1/Delay_reg/Delay_out[15:0] at 13 that is stuck at constant 0.
W: Removed bmsWIDEDFFCPE inst LMS_inst/LMSX_selfdefine_inst/class1[0].genblk1.LMS_tap_1/Delay_reg/Delay_out[15:0] at 14 that is stuck at constant 0.
W: Removed bmsWIDEDFFCPE inst LMS_inst/LMSX_selfdefine_inst/class1[0].genblk1.LMS_tap_1/Delay_reg/Delay_out[15:0] at 15 that is stuck at constant 0.
W: Removed bmsWIDEDFFCPE inst lms_fifo1/U_ipml_fifo_lms_fifos/U_ipml_sdpram/addr_bus_rd_ce[2:0] at 0 that is stuck at constant 0.
W: Removed bmsWIDEDFFCPE inst lms_fifo1/U_ipml_fifo_lms_fifos/U_ipml_sdpram/addr_bus_rd_ce[2:0] at 1 that is stuck at constant 0.
W: Removed bmsWIDEDFFCPE inst lms_fifo1/U_ipml_fifo_lms_fifos/U_ipml_sdpram/addr_bus_rd_ce[2:0] at 2 that is stuck at constant 0.
W: Removed bmsWIDEDFFCPE inst lms_fifo2/U_ipml_fifo_lms_fifos/U_ipml_sdpram/addr_bus_rd_ce[2:0] at 0 that is stuck at constant 0.
W: Removed bmsWIDEDFFCPE inst lms_fifo2/U_ipml_fifo_lms_fifos/U_ipml_sdpram/addr_bus_rd_ce[2:0] at 1 that is stuck at constant 0.
W: Removed bmsWIDEDFFCPE inst lms_fifo2/U_ipml_fifo_lms_fifos/U_ipml_sdpram/addr_bus_rd_ce[2:0] at 2 that is stuck at constant 0.
I: Removed bmsSIGNMULT inst LMS_inst/LMSX_selfdefine_inst/class1[2].genblk1.LMS_tap_2/N11 that is redundant to LMS_inst/LMSX_selfdefine_inst/class1[0].genblk1.LMS_tap_1/N11
I: Removed bmsSIGNMULT inst LMS_inst/LMSX_selfdefine_inst/class1[1].genblk1.LMS_tap_2/N11 that is redundant to LMS_inst/LMSX_selfdefine_inst/class1[0].genblk1.LMS_tap_1/N11
I: Removed bmsSIGNMULT inst LMS_inst/LMSX_selfdefine_inst/class1[2].genblk1.LMS_tap_2/N3 that is redundant to LMS_inst/LMSX_selfdefine_inst/class1[0].genblk1.LMS_tap_1/N3
I: Removed bmsSIGNMULT inst LMS_inst/LMSX_selfdefine_inst/class1[1].genblk1.LMS_tap_2/N3 that is redundant to LMS_inst/LMSX_selfdefine_inst/class1[0].genblk1.LMS_tap_1/N3
I: Removed bmsADD inst LMS_inst/LMSX_selfdefine_inst/class1[1].genblk1.LMS_tap_2/N5 that is redundant to LMS_inst/LMSX_selfdefine_inst/class1[0].genblk1.LMS_tap_1/N5
I: Removed bmsADD inst LMS_inst/LMSX_selfdefine_inst/class1[2].genblk1.LMS_tap_2/N5 that is redundant to LMS_inst/LMSX_selfdefine_inst/class1[0].genblk1.LMS_tap_1/N5
I: Removed bmsWIDEMUX inst LMS_inst/LMSX_selfdefine_inst/class1[2].genblk1.LMS_tap_2/N6 that is redundant to LMS_inst/LMSX_selfdefine_inst/class1[0].genblk1.LMS_tap_1/N6
I: Removed bmsWIDEMUX inst LMS_inst/LMSX_selfdefine_inst/class1[1].genblk1.LMS_tap_2/N6 that is redundant to LMS_inst/LMSX_selfdefine_inst/class1[0].genblk1.LMS_tap_1/N6
W: Public-4008: Instance 'lms_fifo2/U_ipml_fifo_lms_fifos/U_ipml_fifo_ctrl/ASYN_CTRL.asyn_rempty' of 'bmsWIDEDFFCPE' unit is dangling and will be cleaned.
W: Public-4008: Instance 'lms_fifo2/U_ipml_fifo_lms_fifos/U_ipml_fifo_ctrl/ASYN_CTRL.asyn_wfull' of 'bmsWIDEDFFCPE' unit is dangling and will be cleaned.
W: Public-4008: Instance 'lms_fifo2/U_ipml_fifo_lms_fifos/U_ipml_fifo_ctrl/ASYN_CTRL.rbin[17:0]' of 'bmsWIDEDFFCPE' unit is dangling and will be cleaned.
W: Public-4008: Instance 'lms_fifo2/U_ipml_fifo_lms_fifos/U_ipml_fifo_ctrl/ASYN_CTRL.rptr[17:0]' of 'bmsWIDEDFFCPE' unit is dangling and will be cleaned.
W: Public-4008: Instance 'lms_fifo2/U_ipml_fifo_lms_fifos/U_ipml_fifo_ctrl/ASYN_CTRL.rwptr1[17:0]' of 'bmsWIDEDFFCPE' unit is dangling and will be cleaned.
W: Public-4008: Instance 'lms_fifo2/U_ipml_fifo_lms_fifos/U_ipml_fifo_ctrl/ASYN_CTRL.wbin[17:0]' of 'bmsWIDEDFFCPE' unit is dangling and will be cleaned.
W: Public-4008: Instance 'lms_fifo2/U_ipml_fifo_lms_fifos/U_ipml_fifo_ctrl/ASYN_CTRL.wptr[17:0]' of 'bmsWIDEDFFCPE' unit is dangling and will be cleaned.
W: Public-4008: Instance 'lms_fifo2/U_ipml_fifo_lms_fifos/U_ipml_fifo_ctrl/ASYN_CTRL.wrptr1[17:0]' of 'bmsWIDEDFFCPE' unit is dangling and will be cleaned.
W: Public-4008: Instance 'lms_fifo2/U_ipml_fifo_lms_fifos/U_ipml_fifo_ctrl/wrptr2[14]' of 'bmsWIDEDFFCPE' unit is dangling and will be cleaned.
W: Public-4008: Instance 'lms_fifo2/U_ipml_fifo_lms_fifos/U_ipml_fifo_ctrl/wrptr2[15]' of 'bmsWIDEDFFCPE' unit is dangling and will be cleaned.
W: Public-4008: Instance 'lms_fifo2/U_ipml_fifo_lms_fifos/U_ipml_fifo_ctrl/wrptr2[16]' of 'bmsWIDEDFFCPE' unit is dangling and will be cleaned.
W: Public-4008: Instance 'lms_fifo2/U_ipml_fifo_lms_fifos/U_ipml_fifo_ctrl/wrptr2[17]' of 'bmsWIDEDFFCPE' unit is dangling and will be cleaned.
W: Public-4008: Instance 'lms_fifo2/U_ipml_fifo_lms_fifos/U_ipml_fifo_ctrl/rwptr2[0]' of 'bmsWIDEDFFCPE' unit is dangling and will be cleaned.
W: Public-4008: Instance 'lms_fifo2/U_ipml_fifo_lms_fifos/U_ipml_fifo_ctrl/rwptr2[1]' of 'bmsWIDEDFFCPE' unit is dangling and will be cleaned.
W: Public-4008: Instance 'lms_fifo2/U_ipml_fifo_lms_fifos/U_ipml_fifo_ctrl/rwptr2[2]' of 'bmsWIDEDFFCPE' unit is dangling and will be cleaned.
W: Public-4008: Instance 'lms_fifo2/U_ipml_fifo_lms_fifos/U_ipml_fifo_ctrl/rwptr2[3]' of 'bmsWIDEDFFCPE' unit is dangling and will be cleaned.
W: Public-4008: Instance 'lms_fifo2/U_ipml_fifo_lms_fifos/U_ipml_fifo_ctrl/rwptr2[4]' of 'bmsWIDEDFFCPE' unit is dangling and will be cleaned.
W: Public-4008: Instance 'lms_fifo2/U_ipml_fifo_lms_fifos/U_ipml_fifo_ctrl/rwptr2[5]' of 'bmsWIDEDFFCPE' unit is dangling and will be cleaned.
W: Public-4008: Instance 'lms_fifo2/U_ipml_fifo_lms_fifos/U_ipml_fifo_ctrl/rwptr2[6]' of 'bmsWIDEDFFCPE' unit is dangling and will be cleaned.
W: Public-4008: Instance 'lms_fifo2/U_ipml_fifo_lms_fifos/U_ipml_fifo_ctrl/rwptr2[7]' of 'bmsWIDEDFFCPE' unit is dangling and will be cleaned.
W: Public-4008: Instance 'lms_fifo2/U_ipml_fifo_lms_fifos/U_ipml_fifo_ctrl/rwptr2[8]' of 'bmsWIDEDFFCPE' unit is dangling and will be cleaned.
W: Public-4008: Instance 'lms_fifo2/U_ipml_fifo_lms_fifos/U_ipml_fifo_ctrl/rwptr2[9]' of 'bmsWIDEDFFCPE' unit is dangling and will be cleaned.
W: Public-4008: Instance 'lms_fifo2/U_ipml_fifo_lms_fifos/U_ipml_fifo_ctrl/rwptr2[10]' of 'bmsWIDEDFFCPE' unit is dangling and will be cleaned.
W: Public-4008: Instance 'lms_fifo2/U_ipml_fifo_lms_fifos/U_ipml_fifo_ctrl/rwptr2[11]' of 'bmsWIDEDFFCPE' unit is dangling and will be cleaned.
W: Public-4008: Instance 'lms_fifo2/U_ipml_fifo_lms_fifos/U_ipml_fifo_ctrl/rwptr2[12]' of 'bmsWIDEDFFCPE' unit is dangling and will be cleaned.
W: Public-4008: Instance 'lms_fifo2/U_ipml_fifo_lms_fifos/U_ipml_fifo_ctrl/rwptr2[13]' of 'bmsWIDEDFFCPE' unit is dangling and will be cleaned.
W: Public-4008: Instance 'lms_fifo2/U_ipml_fifo_lms_fifos/U_ipml_fifo_ctrl/rwptr2[14]' of 'bmsWIDEDFFCPE' unit is dangling and will be cleaned.
W: Public-4008: Instance 'lms_fifo2/U_ipml_fifo_lms_fifos/U_ipml_fifo_ctrl/rwptr2[15]' of 'bmsWIDEDFFCPE' unit is dangling and will be cleaned.
W: Public-4008: Instance 'lms_fifo2/U_ipml_fifo_lms_fifos/U_ipml_fifo_ctrl/rwptr2[16]' of 'bmsWIDEDFFCPE' unit is dangling and will be cleaned.
W: Public-4008: Instance 'lms_fifo2/U_ipml_fifo_lms_fifos/U_ipml_fifo_ctrl/rwptr2[17]' of 'bmsWIDEDFFCPE' unit is dangling and will be cleaned.
W: Public-4008: Instance 'lms_fifo2/U_ipml_fifo_lms_fifos/U_ipml_fifo_ctrl/wrptr2[0]' of 'bmsWIDEDFFCPE' unit is dangling and will be cleaned.
W: Public-4008: Instance 'lms_fifo2/U_ipml_fifo_lms_fifos/U_ipml_fifo_ctrl/wrptr2[1]' of 'bmsWIDEDFFCPE' unit is dangling and will be cleaned.
W: Public-4008: Instance 'lms_fifo2/U_ipml_fifo_lms_fifos/U_ipml_fifo_ctrl/wrptr2[2]' of 'bmsWIDEDFFCPE' unit is dangling and will be cleaned.
W: Public-4008: Instance 'lms_fifo2/U_ipml_fifo_lms_fifos/U_ipml_fifo_ctrl/wrptr2[3]' of 'bmsWIDEDFFCPE' unit is dangling and will be cleaned.
W: Public-4008: Instance 'lms_fifo2/U_ipml_fifo_lms_fifos/U_ipml_fifo_ctrl/wrptr2[4]' of 'bmsWIDEDFFCPE' unit is dangling and will be cleaned.
W: Public-4008: Instance 'lms_fifo2/U_ipml_fifo_lms_fifos/U_ipml_fifo_ctrl/wrptr2[5]' of 'bmsWIDEDFFCPE' unit is dangling and will be cleaned.
W: Public-4008: Instance 'lms_fifo2/U_ipml_fifo_lms_fifos/U_ipml_fifo_ctrl/wrptr2[6]' of 'bmsWIDEDFFCPE' unit is dangling and will be cleaned.
W: Public-4008: Instance 'lms_fifo2/U_ipml_fifo_lms_fifos/U_ipml_fifo_ctrl/wrptr2[7]' of 'bmsWIDEDFFCPE' unit is dangling and will be cleaned.
W: Public-4008: Instance 'lms_fifo2/U_ipml_fifo_lms_fifos/U_ipml_fifo_ctrl/wrptr2[8]' of 'bmsWIDEDFFCPE' unit is dangling and will be cleaned.
W: Public-4008: Instance 'lms_fifo2/U_ipml_fifo_lms_fifos/U_ipml_fifo_ctrl/wrptr2[9]' of 'bmsWIDEDFFCPE' unit is dangling and will be cleaned.
W: Public-4008: Instance 'lms_fifo2/U_ipml_fifo_lms_fifos/U_ipml_fifo_ctrl/wrptr2[10]' of 'bmsWIDEDFFCPE' unit is dangling and will be cleaned.
W: Public-4008: Instance 'lms_fifo2/U_ipml_fifo_lms_fifos/U_ipml_fifo_ctrl/wrptr2[11]' of 'bmsWIDEDFFCPE' unit is dangling and will be cleaned.
W: Public-4008: Instance 'lms_fifo2/U_ipml_fifo_lms_fifos/U_ipml_fifo_ctrl/wrptr2[12]' of 'bmsWIDEDFFCPE' unit is dangling and will be cleaned.
W: Public-4008: Instance 'lms_fifo2/U_ipml_fifo_lms_fifos/U_ipml_fifo_ctrl/wrptr2[13]' of 'bmsWIDEDFFCPE' unit is dangling and will be cleaned.
W: Public-4008: Instance 'lms_fifo1/U_ipml_fifo_lms_fifos/U_ipml_fifo_ctrl/ASYN_CTRL.asyn_rempty' of 'bmsWIDEDFFCPE' unit is dangling and will be cleaned.
W: Public-4008: Instance 'lms_fifo1/U_ipml_fifo_lms_fifos/U_ipml_fifo_ctrl/ASYN_CTRL.asyn_wfull' of 'bmsWIDEDFFCPE' unit is dangling and will be cleaned.
W: Public-4008: Instance 'lms_fifo1/U_ipml_fifo_lms_fifos/U_ipml_fifo_ctrl/ASYN_CTRL.rbin[17:0]' of 'bmsWIDEDFFCPE' unit is dangling and will be cleaned.
W: Public-4008: Instance 'lms_fifo1/U_ipml_fifo_lms_fifos/U_ipml_fifo_ctrl/ASYN_CTRL.rptr[17:0]' of 'bmsWIDEDFFCPE' unit is dangling and will be cleaned.
W: Public-4008: Instance 'lms_fifo1/U_ipml_fifo_lms_fifos/U_ipml_fifo_ctrl/ASYN_CTRL.rwptr1[17:0]' of 'bmsWIDEDFFCPE' unit is dangling and will be cleaned.
W: Public-4008: Instance 'lms_fifo1/U_ipml_fifo_lms_fifos/U_ipml_fifo_ctrl/ASYN_CTRL.wbin[17:0]' of 'bmsWIDEDFFCPE' unit is dangling and will be cleaned.
W: Public-4008: Instance 'lms_fifo1/U_ipml_fifo_lms_fifos/U_ipml_fifo_ctrl/ASYN_CTRL.wptr[17:0]' of 'bmsWIDEDFFCPE' unit is dangling and will be cleaned.
W: Public-4008: Instance 'lms_fifo1/U_ipml_fifo_lms_fifos/U_ipml_fifo_ctrl/ASYN_CTRL.wrptr1[17:0]' of 'bmsWIDEDFFCPE' unit is dangling and will be cleaned.
W: Public-4008: Instance 'lms_fifo1/U_ipml_fifo_lms_fifos/U_ipml_fifo_ctrl/wrptr2[14]' of 'bmsWIDEDFFCPE' unit is dangling and will be cleaned.
W: Public-4008: Instance 'lms_fifo1/U_ipml_fifo_lms_fifos/U_ipml_fifo_ctrl/wrptr2[15]' of 'bmsWIDEDFFCPE' unit is dangling and will be cleaned.
W: Public-4008: Instance 'lms_fifo1/U_ipml_fifo_lms_fifos/U_ipml_fifo_ctrl/wrptr2[16]' of 'bmsWIDEDFFCPE' unit is dangling and will be cleaned.
W: Public-4008: Instance 'lms_fifo1/U_ipml_fifo_lms_fifos/U_ipml_fifo_ctrl/wrptr2[17]' of 'bmsWIDEDFFCPE' unit is dangling and will be cleaned.
W: Public-4008: Instance 'lms_fifo1/U_ipml_fifo_lms_fifos/U_ipml_fifo_ctrl/rwptr2[0]' of 'bmsWIDEDFFCPE' unit is dangling and will be cleaned.
W: Public-4008: Instance 'lms_fifo1/U_ipml_fifo_lms_fifos/U_ipml_fifo_ctrl/rwptr2[1]' of 'bmsWIDEDFFCPE' unit is dangling and will be cleaned.
W: Public-4008: Instance 'lms_fifo1/U_ipml_fifo_lms_fifos/U_ipml_fifo_ctrl/rwptr2[2]' of 'bmsWIDEDFFCPE' unit is dangling and will be cleaned.
W: Public-4008: Instance 'lms_fifo1/U_ipml_fifo_lms_fifos/U_ipml_fifo_ctrl/rwptr2[3]' of 'bmsWIDEDFFCPE' unit is dangling and will be cleaned.
W: Public-4008: Instance 'lms_fifo1/U_ipml_fifo_lms_fifos/U_ipml_fifo_ctrl/rwptr2[4]' of 'bmsWIDEDFFCPE' unit is dangling and will be cleaned.
W: Public-4008: Instance 'lms_fifo1/U_ipml_fifo_lms_fifos/U_ipml_fifo_ctrl/rwptr2[5]' of 'bmsWIDEDFFCPE' unit is dangling and will be cleaned.
W: Public-4008: Instance 'lms_fifo1/U_ipml_fifo_lms_fifos/U_ipml_fifo_ctrl/rwptr2[6]' of 'bmsWIDEDFFCPE' unit is dangling and will be cleaned.
W: Public-4008: Instance 'lms_fifo1/U_ipml_fifo_lms_fifos/U_ipml_fifo_ctrl/rwptr2[7]' of 'bmsWIDEDFFCPE' unit is dangling and will be cleaned.
W: Public-4008: Instance 'lms_fifo1/U_ipml_fifo_lms_fifos/U_ipml_fifo_ctrl/rwptr2[8]' of 'bmsWIDEDFFCPE' unit is dangling and will be cleaned.
W: Public-4008: Instance 'lms_fifo1/U_ipml_fifo_lms_fifos/U_ipml_fifo_ctrl/rwptr2[9]' of 'bmsWIDEDFFCPE' unit is dangling and will be cleaned.
W: Public-4008: Instance 'lms_fifo1/U_ipml_fifo_lms_fifos/U_ipml_fifo_ctrl/rwptr2[10]' of 'bmsWIDEDFFCPE' unit is dangling and will be cleaned.
W: Public-4008: Instance 'lms_fifo1/U_ipml_fifo_lms_fifos/U_ipml_fifo_ctrl/rwptr2[11]' of 'bmsWIDEDFFCPE' unit is dangling and will be cleaned.
W: Public-4008: Instance 'lms_fifo1/U_ipml_fifo_lms_fifos/U_ipml_fifo_ctrl/rwptr2[12]' of 'bmsWIDEDFFCPE' unit is dangling and will be cleaned.
W: Public-4008: Instance 'lms_fifo1/U_ipml_fifo_lms_fifos/U_ipml_fifo_ctrl/rwptr2[13]' of 'bmsWIDEDFFCPE' unit is dangling and will be cleaned.
W: Public-4008: Instance 'lms_fifo1/U_ipml_fifo_lms_fifos/U_ipml_fifo_ctrl/rwptr2[14]' of 'bmsWIDEDFFCPE' unit is dangling and will be cleaned.
W: Public-4008: Instance 'lms_fifo1/U_ipml_fifo_lms_fifos/U_ipml_fifo_ctrl/rwptr2[15]' of 'bmsWIDEDFFCPE' unit is dangling and will be cleaned.
W: Public-4008: Instance 'lms_fifo1/U_ipml_fifo_lms_fifos/U_ipml_fifo_ctrl/rwptr2[16]' of 'bmsWIDEDFFCPE' unit is dangling and will be cleaned.
W: Public-4008: Instance 'lms_fifo1/U_ipml_fifo_lms_fifos/U_ipml_fifo_ctrl/rwptr2[17]' of 'bmsWIDEDFFCPE' unit is dangling and will be cleaned.
W: Public-4008: Instance 'lms_fifo1/U_ipml_fifo_lms_fifos/U_ipml_fifo_ctrl/wrptr2[0]' of 'bmsWIDEDFFCPE' unit is dangling and will be cleaned.
W: Public-4008: Instance 'lms_fifo1/U_ipml_fifo_lms_fifos/U_ipml_fifo_ctrl/wrptr2[1]' of 'bmsWIDEDFFCPE' unit is dangling and will be cleaned.
W: Public-4008: Instance 'lms_fifo1/U_ipml_fifo_lms_fifos/U_ipml_fifo_ctrl/wrptr2[2]' of 'bmsWIDEDFFCPE' unit is dangling and will be cleaned.
W: Public-4008: Instance 'lms_fifo1/U_ipml_fifo_lms_fifos/U_ipml_fifo_ctrl/wrptr2[3]' of 'bmsWIDEDFFCPE' unit is dangling and will be cleaned.
W: Public-4008: Instance 'lms_fifo1/U_ipml_fifo_lms_fifos/U_ipml_fifo_ctrl/wrptr2[4]' of 'bmsWIDEDFFCPE' unit is dangling and will be cleaned.
W: Public-4008: Instance 'lms_fifo1/U_ipml_fifo_lms_fifos/U_ipml_fifo_ctrl/wrptr2[5]' of 'bmsWIDEDFFCPE' unit is dangling and will be cleaned.
W: Public-4008: Instance 'lms_fifo1/U_ipml_fifo_lms_fifos/U_ipml_fifo_ctrl/wrptr2[6]' of 'bmsWIDEDFFCPE' unit is dangling and will be cleaned.
W: Public-4008: Instance 'lms_fifo1/U_ipml_fifo_lms_fifos/U_ipml_fifo_ctrl/wrptr2[7]' of 'bmsWIDEDFFCPE' unit is dangling and will be cleaned.
W: Public-4008: Instance 'lms_fifo1/U_ipml_fifo_lms_fifos/U_ipml_fifo_ctrl/wrptr2[8]' of 'bmsWIDEDFFCPE' unit is dangling and will be cleaned.
W: Public-4008: Instance 'lms_fifo1/U_ipml_fifo_lms_fifos/U_ipml_fifo_ctrl/wrptr2[9]' of 'bmsWIDEDFFCPE' unit is dangling and will be cleaned.
W: Public-4008: Instance 'lms_fifo1/U_ipml_fifo_lms_fifos/U_ipml_fifo_ctrl/wrptr2[10]' of 'bmsWIDEDFFCPE' unit is dangling and will be cleaned.
W: Public-4008: Instance 'lms_fifo1/U_ipml_fifo_lms_fifos/U_ipml_fifo_ctrl/wrptr2[11]' of 'bmsWIDEDFFCPE' unit is dangling and will be cleaned.
W: Public-4008: Instance 'lms_fifo1/U_ipml_fifo_lms_fifos/U_ipml_fifo_ctrl/wrptr2[12]' of 'bmsWIDEDFFCPE' unit is dangling and will be cleaned.
W: Public-4008: Instance 'lms_fifo1/U_ipml_fifo_lms_fifos/U_ipml_fifo_ctrl/wrptr2[13]' of 'bmsWIDEDFFCPE' unit is dangling and will be cleaned.
I: Removed bmsADD inst LMS_inst/LMSX_selfdefine_inst/class1[0].genblk1.LMS_tap_1/N11_m1_m1_m2_a1 that is redundant to LMS_inst/LMSX_selfdefine_inst/class1[0].genblk1.LMS_tap_1/N11_m1_m1_m1_a1
I: Removed bmsADD inst LMS_inst/LMSX_selfdefine_inst/class1[0].genblk1.LMS_tap_1/N11_m1_m2_m1_a1 that is redundant to LMS_inst/LMSX_selfdefine_inst/class1[0].genblk1.LMS_tap_1/N11_m1_m1_m1_a1
I: Removed bmsADD inst LMS_inst/LMSX_selfdefine_inst/class1[0].genblk1.LMS_tap_1/N11_m1_m2_m2_a1 that is redundant to LMS_inst/LMSX_selfdefine_inst/class1[0].genblk1.LMS_tap_1/N11_m1_m1_m1_a1
I: Removed bmsADD inst LMS_inst/LMSX_selfdefine_inst/class1[0].genblk1.LMS_tap_1/N11_m2_m1_m1_a1 that is redundant to LMS_inst/LMSX_selfdefine_inst/class1[0].genblk1.LMS_tap_1/N11_m1_m1_m1_a1
I: Removed bmsADD inst LMS_inst/LMSX_selfdefine_inst/class1[0].genblk1.LMS_tap_1/N11_m1_m2_a1 that is redundant to LMS_inst/LMSX_selfdefine_inst/class1[0].genblk1.LMS_tap_1/N11_m1_m1_a1
Executing : mod-gen successfully. Time elapsed: 0.114s wall, 0.078s user + 0.031s system = 0.109s CPU (96.3%)

Start logic-optimization.
Executing : logic-optimization successfully. Time elapsed: 0.008s wall, 0.016s user + 0.000s system = 0.016s CPU (184.7%)

Start tech-mapping phase 1.
Executing : tech-mapping phase 1 successfully. Time elapsed: 0.001s wall, 0.000s user + 0.000s system = 0.000s CPU (n/a%)

Start tech-mapping phase 2.
Executing : tech-mapping phase 2 successfully. Time elapsed: 0.001s wall, 0.000s user + 0.000s system = 0.000s CPU (n/a%)

Start tech-optimization.
Executing : tech-optimization successfully. Time elapsed: 0.001s wall, 0.000s user + 0.000s system = 0.000s CPU (n/a%)

Start phys-optimization.
Executing : phys-optimization successfully. Time elapsed: 0.000s wall, 0.000s user + 0.000s system = 0.000s CPU (n/a%)

Start restore-hierarchy.
Executing : restore-hierarchy successfully. Time elapsed: 0.000s wall, 0.000s user + 0.000s system = 0.000s CPU (n/a%)


Cell Usage:
GTP_GRS                       1 use

I/O ports: 16
GTP_OUTBUF                 16 uses

Mapping Summary:
Total LUTs: 0 of 42800 (0.00%)
	LUTs as dram: 0 of 17000 (0.00%)
	LUTs as logic: 0
Total Registers: 0 of 64200 (0.00%)
Total Latches: 0

DRM18K:
Total DRM18K = 0.0 of 134 (0.00%)

APMs:
Total APMs = 0.00 of 84 (0.00%)

Total I/O ports = 16 of 296 (5.41%)


Overview of Control Sets:

Number of unique control sets : 0

Histogram:
*************************************************************
  Fanout     | Count    | Sync Set/Reset    Async Set/Reset
-------------------------------------------------------------
  [0, Inf)   | 0        | 0                 0
-------------------------------------------------------------
  The maximum fanout: 0
=============================================================

Flip-Flop Distribution:
************************************************************************
  Clock Enable    Sync Set/Reset    Async Set/Reset    Total Registers
------------------------------------------------------------------------
  NO              NO                NO                 0
  NO              NO                YES                0
  NO              YES               NO                 0
  YES             NO                NO                 0
  YES             NO                YES                0
  YES             YES               NO                 0
========================================================================

Latch Distribution:
************************************************
  Gate Enable    Preset/Clear    Total Latches
************************************************
  NO             NO              0
  NO             YES             0
  YES            NO              0
  YES            YES             0
************************************************

Design 'lms_top' has been successfully synthesized to architecture-specific objects.
Saving design to DB.
Saving design to lms_top_syn.vm
Constructing timing graph ...
Timing graph has been constructed successfully
C: STA-3009: The clock lms_top|audio_clk is not connected to any clock endpoints,it will be treated as a normal port or pin.
W: Timing-4087: Port 'y_lms[0]' is not constrained, it is treated as combinational output.
W: Timing-4087: Port 'y_lms[1]' is not constrained, it is treated as combinational output.
W: Timing-4087: Port 'y_lms[2]' is not constrained, it is treated as combinational output.
W: Timing-4087: Port 'y_lms[3]' is not constrained, it is treated as combinational output.
W: Timing-4087: Port 'y_lms[4]' is not constrained, it is treated as combinational output.
W: Timing-4087: Port 'y_lms[5]' is not constrained, it is treated as combinational output.
W: Timing-4087: Port 'y_lms[6]' is not constrained, it is treated as combinational output.
W: Timing-4087: Port 'y_lms[7]' is not constrained, it is treated as combinational output.
W: Timing-4087: Port 'y_lms[8]' is not constrained, it is treated as combinational output.
W: Timing-4087: Port 'y_lms[9]' is not constrained, it is treated as combinational output.
W: Timing-4087: Port 'y_lms[10]' is not constrained, it is treated as combinational output.
W: Timing-4087: Port 'y_lms[11]' is not constrained, it is treated as combinational output.
W: Timing-4087: Port 'y_lms[12]' is not constrained, it is treated as combinational output.
W: Timing-4087: Port 'y_lms[13]' is not constrained, it is treated as combinational output.
W: Timing-4087: Port 'y_lms[14]' is not constrained, it is treated as combinational output.
W: Timing-4087: Port 'y_lms[15]' is not constrained, it is treated as combinational output.
W: Timing-4086: Port 'adc_data[0]' is not constrained, it is treated as combinational input.
W: Timing-4086: Port 'adc_data[1]' is not constrained, it is treated as combinational input.
W: Timing-4086: Port 'adc_data[2]' is not constrained, it is treated as combinational input.
W: Timing-4086: Port 'adc_data[3]' is not constrained, it is treated as combinational input.
W: Timing-4086: Port 'adc_data[4]' is not constrained, it is treated as combinational input.
W: Timing-4086: Port 'adc_data[5]' is not constrained, it is treated as combinational input.
W: Timing-4086: Port 'adc_data[6]' is not constrained, it is treated as combinational input.
W: Timing-4086: Port 'adc_data[7]' is not constrained, it is treated as combinational input.
W: Timing-4086: Port 'adc_data[8]' is not constrained, it is treated as combinational input.
W: Timing-4086: Port 'adc_data[9]' is not constrained, it is treated as combinational input.
W: Timing-4086: Port 'adc_data[10]' is not constrained, it is treated as combinational input.
W: Timing-4086: Port 'adc_data[11]' is not constrained, it is treated as combinational input.
W: Timing-4086: Port 'adc_data[12]' is not constrained, it is treated as combinational input.
W: Timing-4086: Port 'adc_data[13]' is not constrained, it is treated as combinational input.
W: Timing-4086: Port 'adc_data[14]' is not constrained, it is treated as combinational input.
W: Timing-4086: Port 'adc_data[15]' is not constrained, it is treated as combinational input.
W: Timing-4086: Port 'data_valid' is not constrained, it is treated as combinational input.
W: Timing-4086: Port 'rec_data[0]' is not constrained, it is treated as combinational input.
W: Timing-4086: Port 'rec_data[1]' is not constrained, it is treated as combinational input.
W: Timing-4086: Port 'rec_data[2]' is not constrained, it is treated as combinational input.
W: Timing-4086: Port 'rec_data[3]' is not constrained, it is treated as combinational input.
W: Timing-4086: Port 'rec_data[4]' is not constrained, it is treated as combinational input.
W: Timing-4086: Port 'rec_data[5]' is not constrained, it is treated as combinational input.
W: Timing-4086: Port 'rec_data[6]' is not constrained, it is treated as combinational input.
W: Timing-4086: Port 'rec_data[7]' is not constrained, it is treated as combinational input.
W: Timing-4086: Port 'rec_data[8]' is not constrained, it is treated as combinational input.
W: Timing-4086: Port 'rec_data[9]' is not constrained, it is treated as combinational input.
W: Timing-4086: Port 'rec_data[10]' is not constrained, it is treated as combinational input.
W: Timing-4086: Port 'rec_data[11]' is not constrained, it is treated as combinational input.
W: Timing-4086: Port 'rec_data[12]' is not constrained, it is treated as combinational input.
W: Timing-4086: Port 'rec_data[13]' is not constrained, it is treated as combinational input.
W: Timing-4086: Port 'rec_data[14]' is not constrained, it is treated as combinational input.
W: Timing-4086: Port 'rec_data[15]' is not constrained, it is treated as combinational input.
W: Timing-4086: Port 'rec_data[16]' is not constrained, it is treated as combinational input.
W: Timing-4086: Port 'rec_data[17]' is not constrained, it is treated as combinational input.
W: Timing-4086: Port 'rec_data[18]' is not constrained, it is treated as combinational input.
W: Timing-4086: Port 'rec_data[19]' is not constrained, it is treated as combinational input.
W: Timing-4086: Port 'rec_data[20]' is not constrained, it is treated as combinational input.
W: Timing-4086: Port 'rec_data[21]' is not constrained, it is treated as combinational input.
W: Timing-4086: Port 'rec_data[22]' is not constrained, it is treated as combinational input.
W: Timing-4086: Port 'rec_data[23]' is not constrained, it is treated as combinational input.
W: Timing-4086: Port 'rec_data[24]' is not constrained, it is treated as combinational input.
W: Timing-4086: Port 'rec_data[25]' is not constrained, it is treated as combinational input.
W: Timing-4086: Port 'rec_data[26]' is not constrained, it is treated as combinational input.
W: Timing-4086: Port 'rec_data[27]' is not constrained, it is treated as combinational input.
W: Timing-4086: Port 'rec_data[28]' is not constrained, it is treated as combinational input.
W: Timing-4086: Port 'rec_data[29]' is not constrained, it is treated as combinational input.
W: Timing-4086: Port 'rec_data[30]' is not constrained, it is treated as combinational input.
W: Timing-4086: Port 'rec_data[31]' is not constrained, it is treated as combinational input.
W: Timing-4086: Port 'rec_en' is not constrained, it is treated as combinational input.
W: Timing-4086: Port 'rgmii_clk' is not constrained, it is treated as combinational input.
W: Timing-4086: Port 'rst_n' is not constrained, it is treated as combinational input.
W: Timing-4086: Port 'sys_clk' is not constrained, it is treated as combinational input.
Action synthesize: Real time elapsed is 0h:0m:3s
Action synthesize: CPU time elapsed is 0h:0m:1s
Action synthesize: Process CPU time elapsed is 0h:0m:1s
Current time: Thu May 23 15:08:28 2024
Action synthesize: Peak memory pool usage is 181 MB
