# Reading D:/modelsim106/setup/tcl/vsim/pref.tcl
# //  ModelSim SE-64 10.6d Feb 24 2018
# //
# //  Copyright 1991-2018 Mentor Graphics Corporation
# //  All Rights Reserved.
# //
# //  ModelSim SE-64 and its associated documentation contain trade
# //  secrets and commercial or financial information that are the property of
# //  Mentor Graphics Corporation and are privileged, confidential,
# //  and exempt from disclosure under the Freedom of Information Act,
# //  5 U.S.C. Section 552. Furthermore, this information
# //  is prohibited from disclosure under the Trade Secrets Act,
# //  18 U.S.C. Section 1905.
# //
# do {run_behav_compile.tcl}
# ** Error: (vlib-35) Failed to create directory "work".
# File exists. (errno = EEXIST)
# Model Technology ModelSim SE-64 vmap 10.6d Lib Mapping Utility 2018.02 Feb 24 2018
# vmap work ./work 
# Modifying modelsim.ini
# Model Technology ModelSim SE-64 vmap 10.6d Lib Mapping Utility 2018.02 Feb 24 2018
# vmap usim C:/Users/86151/Desktop/auido_fft_fir/audio_top/src/hdmi_top/prj/usim 
# Modifying modelsim.ini
# Model Technology ModelSim SE-64 vmap 10.6d Lib Mapping Utility 2018.02 Feb 24 2018
# vmap adc C:/Users/86151/Desktop/auido_fft_fir/audio_top/src/hdmi_top/prj/adc 
# Modifying modelsim.ini
# Model Technology ModelSim SE-64 vmap 10.6d Lib Mapping Utility 2018.02 Feb 24 2018
# vmap ddrc C:/Users/86151/Desktop/auido_fft_fir/audio_top/src/hdmi_top/prj/ddrc 
# Modifying modelsim.ini
# Model Technology ModelSim SE-64 vmap 10.6d Lib Mapping Utility 2018.02 Feb 24 2018
# vmap ddrphy C:/Users/86151/Desktop/auido_fft_fir/audio_top/src/hdmi_top/prj/ddrphy 
# Modifying modelsim.ini
# Model Technology ModelSim SE-64 vmap 10.6d Lib Mapping Utility 2018.02 Feb 24 2018
# vmap hsst_e2 C:/Users/86151/Desktop/auido_fft_fir/audio_top/src/hdmi_top/prj/hsst_e2 
# Modifying modelsim.ini
# Model Technology ModelSim SE-64 vmap 10.6d Lib Mapping Utility 2018.02 Feb 24 2018
# vmap iolhr_dft C:/Users/86151/Desktop/auido_fft_fir/audio_top/src/hdmi_top/prj/iolhr_dft 
# Modifying modelsim.ini
# Model Technology ModelSim SE-64 vmap 10.6d Lib Mapping Utility 2018.02 Feb 24 2018
# vmap ipal_e1 C:/Users/86151/Desktop/auido_fft_fir/audio_top/src/hdmi_top/prj/ipal_e1 
# Modifying modelsim.ini
# Model Technology ModelSim SE-64 vmap 10.6d Lib Mapping Utility 2018.02 Feb 24 2018
# vmap pciegen2 C:/Users/86151/Desktop/auido_fft_fir/audio_top/src/hdmi_top/prj/pciegen2 
# Modifying modelsim.ini
# Model Technology ModelSim SE-64 vlog 10.6d Compiler 2018.02 Feb 24 2018
# Start time: 13:46:00 on May 11,2024
# vlog -reportprogress 300 C:/Users/86151/Desktop/auido_fft_fir/audio_top/src/hdmi_top/src/hdmi_test_revised.v -work work 
# -- Compiling module hdmi_test_revised
# 
# Top level modules:
# 	hdmi_test_revised
# End time: 13:46:00 on May 11,2024, Elapsed time: 0:00:00
# Errors: 0, Warnings: 0
# Model Technology ModelSim SE-64 vlog 10.6d Compiler 2018.02 Feb 24 2018
# Start time: 13:46:00 on May 11,2024
# vlog -reportprogress 300 C:/Users/86151/Desktop/auido_fft_fir/audio_top/src/hdmi_top/src/hdmi_top.v -work work 
# -- Compiling module hdmi_top
# 
# Top level modules:
# 	hdmi_top
# End time: 13:46:00 on May 11,2024, Elapsed time: 0:00:00
# Errors: 0, Warnings: 0
# Model Technology ModelSim SE-64 vlog 10.6d Compiler 2018.02 Feb 24 2018
# Start time: 13:46:00 on May 11,2024
# vlog -reportprogress 300 C:/Users/86151/Desktop/auido_fft_fir/audio_top/src/hdmi_top/src/iic_dri.v -work work 
# -- Compiling module iic_dri
# 
# Top level modules:
# 	iic_dri
# End time: 13:46:00 on May 11,2024, Elapsed time: 0:00:00
# Errors: 0, Warnings: 0
# Model Technology ModelSim SE-64 vlog 10.6d Compiler 2018.02 Feb 24 2018
# Start time: 13:46:00 on May 11,2024
# vlog -reportprogress 300 C:/Users/86151/Desktop/auido_fft_fir/audio_top/src/hdmi_top/src/ms72xx_ctl.v -work work 
# -- Compiling module ms72xx_ctl
# 
# Top level modules:
# 	ms72xx_ctl
# End time: 13:46:00 on May 11,2024, Elapsed time: 0:00:00
# Errors: 0, Warnings: 0
# Model Technology ModelSim SE-64 vlog 10.6d Compiler 2018.02 Feb 24 2018
# Start time: 13:46:00 on May 11,2024
# vlog -reportprogress 300 C:/Users/86151/Desktop/auido_fft_fir/audio_top/src/hdmi_top/src/ms7200_ctl.v -work work 
# -- Compiling module ms7200_ctl
# 
# Top level modules:
# 	ms7200_ctl
# End time: 13:46:00 on May 11,2024, Elapsed time: 0:00:00
# Errors: 0, Warnings: 0
# Model Technology ModelSim SE-64 vlog 10.6d Compiler 2018.02 Feb 24 2018
# Start time: 13:46:00 on May 11,2024
# vlog -reportprogress 300 C:/Users/86151/Desktop/auido_fft_fir/audio_top/src/hdmi_top/src/ms7210_ctl.v -work work 
# -- Compiling module ms7210_ctl
# 
# Top level modules:
# 	ms7210_ctl
# End time: 13:46:00 on May 11,2024, Elapsed time: 0:00:00
# Errors: 0, Warnings: 0
# Model Technology ModelSim SE-64 vlog 10.6d Compiler 2018.02 Feb 24 2018
# Start time: 13:46:00 on May 11,2024
# vlog -reportprogress 300 C:/Users/86151/Desktop/auido_fft_fir/audio_top/src/hdmi_top/src/pattern_vg_revised.v -work work 
# -- Compiling module pattern_vg_revised
# 
# Top level modules:
# 	pattern_vg_revised
# End time: 13:46:00 on May 11,2024, Elapsed time: 0:00:00
# Errors: 0, Warnings: 0
# Model Technology ModelSim SE-64 vlog 10.6d Compiler 2018.02 Feb 24 2018
# Start time: 13:46:00 on May 11,2024
# vlog -reportprogress 300 C:/Users/86151/Desktop/auido_fft_fir/audio_top/src/hdmi_top/src/rw_ram_ctrl.v -work work 
# -- Compiling module rw_ram_ctrl
# 
# Top level modules:
# 	rw_ram_ctrl
# End time: 13:46:00 on May 11,2024, Elapsed time: 0:00:00
# Errors: 0, Warnings: 0
# Model Technology ModelSim SE-64 vlog 10.6d Compiler 2018.02 Feb 24 2018
# Start time: 13:46:00 on May 11,2024
# vlog -reportprogress 300 C:/Users/86151/Desktop/auido_fft_fir/audio_top/src/hdmi_top/src/single_ram.v -work work 
# -- Compiling module single_ram
# 
# Top level modules:
# 	single_ram
# End time: 13:46:01 on May 11,2024, Elapsed time: 0:00:01
# Errors: 0, Warnings: 0
# Model Technology ModelSim SE-64 vlog 10.6d Compiler 2018.02 Feb 24 2018
# Start time: 13:46:01 on May 11,2024
# vlog -reportprogress 300 C:/Users/86151/Desktop/auido_fft_fir/audio_top/src/hdmi_top/src/sync_vg_revised.v -work work 
# -- Compiling module sync_vg_revised
# 
# Top level modules:
# 	sync_vg_revised
# End time: 13:46:01 on May 11,2024, Elapsed time: 0:00:00
# Errors: 0, Warnings: 0
# Model Technology ModelSim SE-64 vlog 10.6d Compiler 2018.02 Feb 24 2018
# Start time: 13:46:01 on May 11,2024
# vlog -reportprogress 300 C:/Users/86151/Desktop/auido_fft_fir/audio_top/src/hdmi_top/prj/ipcore/pll/pll.v -work work 
# -- Compiling module pll
# 
# Top level modules:
# 	pll
# End time: 13:46:01 on May 11,2024, Elapsed time: 0:00:00
# Errors: 0, Warnings: 0
# Model Technology ModelSim SE-64 vlog 10.6d Compiler 2018.02 Feb 24 2018
# Start time: 13:46:01 on May 11,2024
# vlog -reportprogress 300 C:/Users/86151/Desktop/auido_fft_fir/audio_top/src/hdmi_top/src/tb_hdmi_top.v -work work 
# -- Compiling module tb_hdmi_top
# 
# Top level modules:
# 	tb_hdmi_top
# End time: 13:46:01 on May 11,2024, Elapsed time: 0:00:00
# Errors: 0, Warnings: 0
# do {run_behav_simulate.tcl}
# vsim -novopt -L work -L usim -L adc -L ddrc -L ddrphy -L hsst_e2 -L iolhr_dft -L ipal_e1 -L pciegen2 tb_hdmi_top usim.GTP_GRS 
# Start time: 13:46:01 on May 11,2024
# ** Warning: (vsim-8891) All optimizations are turned off because the -novopt switch is in effect. This will cause your simulation to run very slowly. If you are using this switch to preserve visibility for Debug or PLI features please see the User's Manual section on Preserving Object Visibility with vopt.
# Refreshing C:/Users/86151/Desktop/auido_fft_fir/audio_top/src/hdmi_top/prj/sim/behav/work.tb_hdmi_top
# Loading work.tb_hdmi_top
# Refreshing C:/Users/86151/Desktop/auido_fft_fir/audio_top/src/hdmi_top/prj/sim/behav/work.hdmi_top
# Loading work.hdmi_top
# Refreshing C:/Users/86151/Desktop/auido_fft_fir/audio_top/src/hdmi_top/prj/sim/behav/work.pll
# Loading work.pll
# Loading usim.GTP_PLL_E3
# Refreshing C:/Users/86151/Desktop/auido_fft_fir/audio_top/src/hdmi_top/prj/sim/behav/work.rw_ram_ctrl
# Loading work.rw_ram_ctrl
# Refreshing C:/Users/86151/Desktop/auido_fft_fir/audio_top/src/hdmi_top/prj/sim/behav/work.single_ram
# Loading work.single_ram
# Refreshing C:/Users/86151/Desktop/auido_fft_fir/audio_top/src/hdmi_top/prj/sim/behav/work.hdmi_test_revised
# Loading work.hdmi_test_revised
# Refreshing C:/Users/86151/Desktop/auido_fft_fir/audio_top/src/hdmi_top/prj/sim/behav/work.ms72xx_ctl
# Loading work.ms72xx_ctl
# Refreshing C:/Users/86151/Desktop/auido_fft_fir/audio_top/src/hdmi_top/prj/sim/behav/work.ms7200_ctl
# Loading work.ms7200_ctl
# Refreshing C:/Users/86151/Desktop/auido_fft_fir/audio_top/src/hdmi_top/prj/sim/behav/work.ms7210_ctl
# Loading work.ms7210_ctl
# Refreshing C:/Users/86151/Desktop/auido_fft_fir/audio_top/src/hdmi_top/prj/sim/behav/work.iic_dri
# Loading work.iic_dri
# Refreshing C:/Users/86151/Desktop/auido_fft_fir/audio_top/src/hdmi_top/prj/sim/behav/work.sync_vg_revised
# Loading work.sync_vg_revised
# Refreshing C:/Users/86151/Desktop/auido_fft_fir/audio_top/src/hdmi_top/prj/sim/behav/work.pattern_vg_revised
# Loading work.pattern_vg_revised
# Loading usim.GTP_GRS
# .main_pane.wave.interior.cs.body.pw.wf
# .main_pane.structure.interior.cs.body.struct
# .main_pane.objects.interior.cs.body.tree
add wave -position insertpoint sim:/tb_hdmi_top/hdmi_top_inst/*
add wave -position insertpoint sim:/tb_hdmi_top/hdmi_top_inst/rw_ram_ctrl_inst/*
add wave -position insertpoint sim:/tb_hdmi_top/hdmi_top_inst/hdmi_test_revised_inst/*
restart
# ** Warning: (vsim-8891) All optimizations are turned off because the -novopt switch is in effect. This will cause your simulation to run very slowly. If you are using this switch to preserve visibility for Debug or PLI features please see the User's Manual section on Preserving Object Visibility with vopt.
run
# Causality operation skipped due to absence of debug database file
# Error: invalid command name "::.main_pane.dataflow.interior.cs.body.pw.df.c"
# Error: invalid command name "::.main_pane.dataflow.interior.cs.body.pw.df.c"
# Error: invalid command name "::.main_pane.dataflow.interior.cs.body.pw.df.c"
# Error: invalid command name "::.main_pane.dataflow.interior.cs.body.pw.df.c"
# Error: invalid command name "::.main_pane.dataflow.interior.cs.body.pw.df.c"
# Error: invalid command name "::.main_pane.dataflow.interior.cs.body.pw.df.c"
# Error: invalid command name "::.main_pane.dataflow.interior.cs.body.pw.df.c"
# Error: invalid command name "::.main_pane.dataflow.interior.cs.body.pw.df.c"
# Can't move a locked cursor.
# Can't move a locked cursor.
# Can't move a locked cursor.
# Can't move a locked cursor.
# Can't move a locked cursor.
# Error: invalid command name "::.main_pane.dataflow.interior.cs.body.pw.df.c"
# Error: invalid command name "::.main_pane.dataflow.interior.cs.body.pw.df.c"
# Error: invalid command name "::.main_pane.dataflow.interior.cs.body.pw.df.c"
# Error: invalid command name "::.main_pane.dataflow.interior.cs.body.pw.df.c"
# Error: invalid command name "::.main_pane.dataflow.interior.cs.body.pw.df.c"
# Error: invalid command name "::.main_pane.dataflow.interior.cs.body.pw.df.c"
# Error: invalid command name "::.main_pane.dataflow.interior.cs.body.pw.df.c"
# End time: 20:29:16 on May 11,2024, Elapsed time: 6:43:15
# Errors: 20, Warnings: 1
