#Build: Fabric Compiler 2022.1, Build 99559, Jul 12 00:20 2022
#Install: D:\fpga_competition\FPGA_competition\ziguangtongchuang_file\MES50HP_v3\set_up\set_up_file\PDS_2022.1\bin
#Application name: pds.exe
#OS: Windows 10 10.0.22000
#Hostname: Thecomputerofmartin
Generated by Fabric Compiler (version 2022.1 build 99559) at Wed May  8 09:37:37 2024
Parse module hierarchy of project 'C:/Users/86151/Desktop/auido_fft_fir/audio_fft_fir_hdmi/src/prj_file/prj_task1/temp_projects/Main_Flow/Main_Flow.pds' (TEXT Parser)
File "C:/Users/86151/Desktop/auido_fft_fir/audio_fft_fir_hdmi/src/task1.v" has been added to project successfully. 
File "C:/Users/86151/Desktop/auido_fft_fir/audio_fft_fir_hdmi/src/audio/ES7243E_reg_config.v" has been added to project successfully. 
File "C:/Users/86151/Desktop/auido_fft_fir/audio_fft_fir_hdmi/src/audio/ES8156_reg_config.v" has been added to project successfully. 
File "C:/Users/86151/Desktop/auido_fft_fir/audio_fft_fir_hdmi/src/audio/i2c_com.v" has been added to project successfully. 
File "C:/Users/86151/Desktop/auido_fft_fir/audio_fft_fir_hdmi/src/audio/i2s_loop.v" has been added to project successfully. 
File "C:/Users/86151/Desktop/auido_fft_fir/audio_fft_fir_hdmi/src/audio/pgr_i2s_rx.v" has been added to project successfully. 
File "C:/Users/86151/Desktop/auido_fft_fir/audio_fft_fir_hdmi/src/audio/pgr_i2s_tx.v" has been added to project successfully. 
File "C:/Users/86151/Desktop/auido_fft_fir/audio_fft_fir_hdmi/src/audio/voice_loop.v" has been added to project successfully. 
Parse module hierarchy of project 'C:/Users/86151/Desktop/auido_fft_fir/audio_fft_fir_hdmi/src/prj_file/prj_task1/temp_projects/Main_Flow/Main_Flow.pds' (ADS Parser)
Parse module hierarchy of project 'C:/Users/86151/Desktop/auido_fft_fir/audio_fft_fir_hdmi/src/prj_file/prj_task1/temp_projects/Main_Flow/Main_Flow.pds' (ADS Parser)
I: Flow-6004: Design file modified: "C:/Users/86151/Desktop/auido_fft_fir/audio_fft_fir_hdmi/src/task1.v". 
Open IP Compiler ...
C: Flow-2008: IP file modified: "C:/Users/86151/Desktop/auido_fft_fir/audio_fft_fir_hdmi/src/prj_file/prj_task1/ipcore/PLL/PLL.idf". 
Parse module hierarchy of project 'C:/Users/86151/Desktop/auido_fft_fir/audio_fft_fir_hdmi/src/prj_file/prj_task1/temp_projects/Main_Flow/Main_Flow.pds' (ADS Parser)
C: Flow-2008: IP file modified: "C:/Users/86151/Desktop/auido_fft_fir/audio_fft_fir_hdmi/src/prj_file/prj_task1/ipcore/PLL/PLL.idf". 
Parse module hierarchy of project 'C:/Users/86151/Desktop/auido_fft_fir/audio_fft_fir_hdmi/src/prj_file/prj_task1/temp_projects/Main_Flow/Main_Flow.pds' (ADS Parser)
IP Compiler exited.
File "C:/Users/86151/Desktop/auido_fft_fir/audio_fft_fir_hdmi/src/fir_paral/fir_guide.v" has been added to project successfully. 
File "C:/Users/86151/Desktop/auido_fft_fir/audio_fft_fir_hdmi/src/fir_paral/mult_cell.v" has been added to project successfully. 
File "C:/Users/86151/Desktop/auido_fft_fir/audio_fft_fir_hdmi/src/fir_paral/mult_man.v" has been added to project successfully. 
Parse module hierarchy of project 'C:/Users/86151/Desktop/auido_fft_fir/audio_fft_fir_hdmi/src/prj_file/prj_task1/temp_projects/Main_Flow/Main_Flow.pds' (ADS Parser)
File "C:/Users/86151/Desktop/auido_fft_fir/audio_fft_fir_hdmi/src/fft_top/asyn_fifo.v" has been added to project successfully. 
File "C:/Users/86151/Desktop/auido_fft_fir/audio_fft_fir_hdmi/src/fft_top/cordic_jpl.v" has been added to project successfully. 
File "C:/Users/86151/Desktop/auido_fft_fir/audio_fft_fir_hdmi/src/fft_top/cordic_newton.v" has been added to project successfully. 
File "C:/Users/86151/Desktop/auido_fft_fir/audio_fft_fir_hdmi/src/fft_top/data_module_fft.v" has been added to project successfully. 
File "C:/Users/86151/Desktop/auido_fft_fir/audio_fft_fir_hdmi/src/fft_top/fft_ctrl.v" has been added to project successfully. 
File "C:/Users/86151/Desktop/auido_fft_fir/audio_fft_fir_hdmi/src/fft_top/fft_top.v" has been added to project successfully. 
Parse module hierarchy of project 'C:/Users/86151/Desktop/auido_fft_fir/audio_fft_fir_hdmi/src/prj_file/prj_task1/temp_projects/Main_Flow/Main_Flow.pds' (ADS Parser)
E: Verilog-4003: [C:/Users/86151/Desktop/auido_fft_fir/audio_fft_fir_hdmi/src/fft_top/fft_top.v(line number: 86)] An instance name should be specified when instantiate module ipsxe_fft_core_only
File "C:/Users/86151/Desktop/auido_fft_fir/audio_fft_fir_hdmi/src/hdmi_top/src/hdmi_top.v" has been added to project successfully. 
File "C:/Users/86151/Desktop/auido_fft_fir/audio_fft_fir_hdmi/src/hdmi_top/src/iic_dri.v" has been added to project successfully. 
File "C:/Users/86151/Desktop/auido_fft_fir/audio_fft_fir_hdmi/src/hdmi_top/src/ms72xx_ctl.v" has been added to project successfully. 
File "C:/Users/86151/Desktop/auido_fft_fir/audio_fft_fir_hdmi/src/hdmi_top/src/ms7200_ctl.v" has been added to project successfully. 
File "C:/Users/86151/Desktop/auido_fft_fir/audio_fft_fir_hdmi/src/hdmi_top/src/ms7210_ctl.v" has been added to project successfully. 
File "C:/Users/86151/Desktop/auido_fft_fir/audio_fft_fir_hdmi/src/hdmi_top/src/pattern_vg_revised.v" has been added to project successfully. 
File "C:/Users/86151/Desktop/auido_fft_fir/audio_fft_fir_hdmi/src/hdmi_top/src/rw_ram_ctrl.v" has been added to project successfully. 
File "C:/Users/86151/Desktop/auido_fft_fir/audio_fft_fir_hdmi/src/hdmi_top/src/single_ram.v" has been added to project successfully. 
File "C:/Users/86151/Desktop/auido_fft_fir/audio_fft_fir_hdmi/src/hdmi_top/src/sync_vg_revised.v" has been added to project successfully. 
Parse module hierarchy of project 'C:/Users/86151/Desktop/auido_fft_fir/audio_fft_fir_hdmi/src/prj_file/prj_task1/temp_projects/Main_Flow/Main_Flow.pds' (ADS Parser)
E: Verilog-4003: [C:/Users/86151/Desktop/auido_fft_fir/audio_fft_fir_hdmi/src/fft_top/fft_top.v(line number: 86)] An instance name should be specified when instantiate module ipsxe_fft_core_only
File "C:/Users/86151/Desktop/auido_fft_fir/audio_fft_fir_hdmi/src/hdmi_top/src/hdmi_test_revised.v" has been added to project successfully. 
Parse module hierarchy of project 'C:/Users/86151/Desktop/auido_fft_fir/audio_fft_fir_hdmi/src/prj_file/prj_task1/temp_projects/Main_Flow/Main_Flow.pds' (ADS Parser)
E: Verilog-4003: [C:/Users/86151/Desktop/auido_fft_fir/audio_fft_fir_hdmi/src/fft_top/fft_top.v(line number: 86)] An instance name should be specified when instantiate module ipsxe_fft_core_only
