IP Generator (Version 2022.1 build 99559)
Check out license ...
Start generating at 2024-05-23 10:03
Instance: fifo_audo_data_pkt (C:\Users\86151\Desktop\auido_fft_fir\ziguangTongchuang_Competition_Documents\prj\prj_audio_fpga_top\ipcore\fifo_audo_data_pkt\fifo_audo_data_pkt.idf)
IP: Distributed FIFO (1.2)
Part: Logos-PGL50H-FBG484--6
Create directory 'rtl' ...
Copy 'rtl\ipm_distributed_fifo_ctr_v1_0.v' to 'rtl' ...
Copy 'rtl\ipm_distributed_fifo_v1_2.v.xml' to 'rtl' ...
Copy 'rtl\ipm_distributed_sdpram_v1_2.v.xml' to 'rtl' ...
Compile file 'rtl\ipm_distributed_fifo_v1_2.v.xml' to 'rtl\ipm_distributed_fifo_v1_2_fifo_audo_data_pkt.v' ...
Compile file 'rtl\ipm_distributed_sdpram_v1_2.v.xml' to 'rtl\ipm_distributed_sdpram_v1_2_fifo_audo_data_pkt.v' ...
Copy 'ipm_distributed_fifo_wrapper_v1_2.v.xml' ...
Copy 'ipm_distributed_fifo_wrapper_v1_2_tb.v.xml' ...
Compile file 'ipm_distributed_fifo_wrapper_v1_2.v.xml' to 'fifo_audo_data_pkt.v' ...
Found top module 'fifo_audo_data_pkt' in file 'fifo_audo_data_pkt.v'.
Compile file 'ipm_distributed_fifo_wrapper_v1_2_tb.v.xml' to 'fifo_audo_data_pkt_tb.v' ...
Create template file 'fifo_audo_data_pkt_tmpl.v' ...
Create template file 'fifo_audo_data_pkt_tmpl.vhdl' ...
There are 4 source files to synthesize.
Synthesis is disabled.
Done: 0 error(s), 0 warning(s)
