#Build: Fabric Compiler 2022.1, Build 99559, Jul 12 00:20 2022
#Install: D:\fpga_competition\FPGA_competition\ziguangtongchuang_file\MES50HP_v3\set_up\set_up_file\PDS_2022.1\bin
#Application name: pds_shell.exe
#OS: Windows 10 10.0.22000
#Hostname: Thecomputerofmartin
Generated by Fabric Compiler (version 2022.1 build 99559) at Sat Apr 20 21:45:12 2024
License checkout: fabric_ads
Compiling verification operator library.
Compiling common defs.
Loading technology operator library.
Compiling technology operator library.
Compiling technology operator (valence) library.
Reading design from compile DB
Reading design from compile DB successfully.
Constraint check start.
Compiling prim grid devices.
Building architecture model.
Loading device packaging model.
Building architecture floorplan logic view.
C: ConstraintEditor-2002: [C:/Users/86151/Desktop/auido_fft_fir/audio_fft_fir_hdmi/src/UDP/udp_aduio_test.fdc(line number: 39)] | Port es1_sdout has been placed at location AB5, whose type is share pin.
C: ConstraintEditor-2002: [C:/Users/86151/Desktop/auido_fft_fir/audio_fft_fir_hdmi/src/UDP/udp_aduio_test.fdc(line number: 89)] | Port es1_dlrc has been placed at location Y5, whose type is share pin.
C: ConstraintEditor-2002: [C:/Users/86151/Desktop/auido_fft_fir/audio_fft_fir_hdmi/src/UDP/udp_aduio_test.fdc(line number: 104)] | Port key has been placed at location K18, whose type is share pin.
C: ConstraintEditor-2002: [C:/Users/86151/Desktop/auido_fft_fir/audio_fft_fir_hdmi/src/UDP/udp_aduio_test.fdc(line number: 109)] | Port lin_test has been placed at location Y13, whose type is share pin.
C: ConstraintEditor-2002: [C:/Users/86151/Desktop/auido_fft_fir/audio_fft_fir_hdmi/src/UDP/udp_aduio_test.fdc(line number: 188)] | Port eth_rst_n has been placed at location B20, whose type is share pin.
C: ConstraintEditor-2002: [C:/Users/86151/Desktop/auido_fft_fir/audio_fft_fir_hdmi/src/UDP/udp_aduio_test.fdc(line number: 195)] | Port eth_tx_ctl has been placed at location B18, whose type is share pin.
C: ConstraintEditor-2002: [C:/Users/86151/Desktop/auido_fft_fir/audio_fft_fir_hdmi/src/UDP/udp_aduio_test.fdc(line number: 216)] | Port eth_txd[1] has been placed at location D17, whose type is share pin.
C: ConstraintEditor-2002: [C:/Users/86151/Desktop/auido_fft_fir/audio_fft_fir_hdmi/src/UDP/udp_aduio_test.fdc(line number: 223)] | Port eth_txd[2] has been placed at location C18, whose type is share pin.
C: ConstraintEditor-2002: [C:/Users/86151/Desktop/auido_fft_fir/audio_fft_fir_hdmi/src/UDP/udp_aduio_test.fdc(line number: 230)] | Port eth_txd[3] has been placed at location A18, whose type is share pin.
Constraint check end.
C: SDC-2025: Clock source 'n:sys_clk' need a clock constraint, please use 'create_clock' or 'create_generate_clock' to generate.
Executing : get_ports sys_clk
Executing : get_ports sys_clk successfully.
Executing : create_clock -name udp_audio_test|sys_clk [get_ports sys_clk] -period 1000.000 -waveform {0.000 500.000} -add
Executing : create_clock -name udp_audio_test|sys_clk [get_ports sys_clk] -period 1000.000 -waveform {0.000 500.000} -add successfully.
Executing : set_clock_groups -name Inferred_clock_group_0 -asynchronous -group udp_audio_test|sys_clk
Executing : set_clock_groups -name Inferred_clock_group_0 -asynchronous -group udp_audio_test|sys_clk successfully.
C: SDC-2025: Clock source 'n:voice_loop_test_inst/u_pll/clkout1' need a clock constraint, please use 'create_clock' or 'create_generate_clock' to generate.
Executing : get_pins voice_loop_test_inst/u_pll/u_pll_e3:CLKOUT1
Executing : get_pins voice_loop_test_inst/u_pll/u_pll_e3:CLKOUT1 successfully.
Executing : create_clock -name PLL|voice_loop_test_inst/u_pll/u_pll_e3/CLKOUT1 [get_pins voice_loop_test_inst/u_pll/u_pll_e3:CLKOUT1] -period 1000.000 -waveform {0.000 500.000} -add
Executing : create_clock -name PLL|voice_loop_test_inst/u_pll/u_pll_e3/CLKOUT1 [get_pins voice_loop_test_inst/u_pll/u_pll_e3:CLKOUT1] -period 1000.000 -waveform {0.000 500.000} -add successfully.
Executing : set_clock_groups -name Inferred_clock_group_1 -asynchronous -group PLL|voice_loop_test_inst/u_pll/u_pll_e3/CLKOUT1
Executing : set_clock_groups -name Inferred_clock_group_1 -asynchronous -group PLL|voice_loop_test_inst/u_pll/u_pll_e3/CLKOUT1 successfully.
C: SDC-2025: Clock source 'n:voice_loop_test_inst/ES8156_reg_config/clock_i2c' need a clock constraint, please use 'create_clock' or 'create_generate_clock' to generate.
C: SDC-2025: Clock source 'n:es1_dsclk' need a clock constraint, please use 'create_clock' or 'create_generate_clock' to generate.
Executing : get_ports es1_dsclk
Executing : get_ports es1_dsclk successfully.
Executing : create_clock -name udp_audio_test|es1_dsclk [get_ports es1_dsclk] -period 1000.000 -waveform {0.000 500.000} -add
Executing : create_clock -name udp_audio_test|es1_dsclk [get_ports es1_dsclk] -period 1000.000 -waveform {0.000 500.000} -add successfully.
Executing : set_clock_groups -name Inferred_clock_group_2 -asynchronous -group udp_audio_test|es1_dsclk
Executing : set_clock_groups -name Inferred_clock_group_2 -asynchronous -group udp_audio_test|es1_dsclk successfully.
C: SDC-2025: Clock source 'n:voice_loop_test_inst/ES7243E_reg_config/clock_i2c' need a clock constraint, please use 'create_clock' or 'create_generate_clock' to generate.
C: SDC-2025: Clock source 'n:eth_rxc' need a clock constraint, please use 'create_clock' or 'create_generate_clock' to generate.
Executing : get_ports eth_rxc
Executing : get_ports eth_rxc successfully.
Executing : create_clock -name udp_audio_test|eth_rxc [get_ports eth_rxc] -period 1000.000 -waveform {0.000 500.000} -add
Executing : create_clock -name udp_audio_test|eth_rxc [get_ports eth_rxc] -period 1000.000 -waveform {0.000 500.000} -add successfully.
Executing : set_clock_groups -name Inferred_clock_group_3 -asynchronous -group udp_audio_test|eth_rxc
Executing : set_clock_groups -name Inferred_clock_group_3 -asynchronous -group udp_audio_test|eth_rxc successfully.
C: SDC-2025: Clock source 'n:es0_dsclk' need a clock constraint, please use 'create_clock' or 'create_generate_clock' to generate.
Executing : get_ports es0_dsclk
Executing : get_ports es0_dsclk successfully.
Executing : create_clock -name udp_audio_test|es0_dsclk [get_ports es0_dsclk] -period 1000.000 -waveform {0.000 500.000} -add
Executing : create_clock -name udp_audio_test|es0_dsclk [get_ports es0_dsclk] -period 1000.000 -waveform {0.000 500.000} -add successfully.
Executing : set_clock_groups -name Inferred_clock_group_4 -asynchronous -group udp_audio_test|es0_dsclk
Executing : set_clock_groups -name Inferred_clock_group_4 -asynchronous -group udp_audio_test|es0_dsclk successfully.
Start pre-mapping.
I: Encoding type of FSM 'config_step_fsm[1:0]' is: onehot.
I: [C:/Users/86151/Desktop/auido_fft_fir/audio_fft_fir_hdmi/src/audio/ES7243E_reg_config.v(line number:49)] The user initial state for regs on FSM config_step_fsm[1:0] is 00 and be encoded 001.
I: Encoding table of FSM 'config_step_fsm[1:0]':
I: from  voice_loop_test_inst/ES7243E_reg_config/config_step[1] voice_loop_test_inst/ES7243E_reg_config/config_step[0]
I: to  voice_loop_test_inst/ES7243E_reg_config/config_step_2 voice_loop_test_inst/ES7243E_reg_config/config_step_1 voice_loop_test_inst/ES7243E_reg_config/config_step_0
I: 00 => 001
I: 01 => 010
I: 10 => 100
I: Encoding type of FSM 'config_step_fsm[1:0]' is: onehot.
I: [C:/Users/86151/Desktop/auido_fft_fir/audio_fft_fir_hdmi/src/audio/ES8156_reg_config.v(line number:48)] The user initial state for regs on FSM config_step_fsm[1:0] is 00 and be encoded 001.
I: Encoding table of FSM 'config_step_fsm[1:0]':
I: from  voice_loop_test_inst/ES8156_reg_config/config_step[1] voice_loop_test_inst/ES8156_reg_config/config_step[0]
I: to  voice_loop_test_inst/ES8156_reg_config/config_step_2 voice_loop_test_inst/ES8156_reg_config/config_step_1 voice_loop_test_inst/ES8156_reg_config/config_step_0
I: 00 => 001
I: 01 => 010
I: 10 => 100
I: Encoding type of FSM 'cur_state_fsm[4:0]' is: onehot.
I: [C:/Users/86151/Desktop/auido_fft_fir/audio_fft_fir_hdmi/src/UDP/arp/arp_tx.v(line number:100)] The user initial state for regs on FSM cur_state_fsm[4:0] is 00001 and be encoded 00001.
I: Encoding table of FSM 'cur_state_fsm[4:0]':
I: from  audio_udp_top_inst/u_eth_top/u_arp/u_arp_tx/cur_state[4] audio_udp_top_inst/u_eth_top/u_arp/u_arp_tx/cur_state[3] audio_udp_top_inst/u_eth_top/u_arp/u_arp_tx/cur_state[2] audio_udp_top_inst/u_eth_top/u_arp/u_arp_tx/cur_state[1] audio_udp_top_inst/u_eth_top/u_arp/u_arp_tx/cur_state[0]
I: to  audio_udp_top_inst/u_eth_top/u_arp/u_arp_tx/cur_state_4 audio_udp_top_inst/u_eth_top/u_arp/u_arp_tx/cur_state_3 audio_udp_top_inst/u_eth_top/u_arp/u_arp_tx/cur_state_2 audio_udp_top_inst/u_eth_top/u_arp/u_arp_tx/cur_state_1 audio_udp_top_inst/u_eth_top/u_arp/u_arp_tx/cur_state_0
I: 00001 => 00001
I: 00010 => 00010
I: 00100 => 00100
I: 01000 => 01000
I: 10000 => 10000
I: Encoding type of FSM 'cur_state_fsm[6:0]' is: onehot.
I: [C:/Users/86151/Desktop/auido_fft_fir/audio_fft_fir_hdmi/src/UDP/udp/udp_rx.v(line number:72)] The user initial state for regs on FSM cur_state_fsm[6:0] is 0000001 and be encoded 0000001.
I: Encoding table of FSM 'cur_state_fsm[6:0]':
I: from  audio_udp_top_inst/u_eth_top/u_udp/u_udp_rx/cur_state[6] audio_udp_top_inst/u_eth_top/u_udp/u_udp_rx/cur_state[5] audio_udp_top_inst/u_eth_top/u_udp/u_udp_rx/cur_state[4] audio_udp_top_inst/u_eth_top/u_udp/u_udp_rx/cur_state[3] audio_udp_top_inst/u_eth_top/u_udp/u_udp_rx/cur_state[2] audio_udp_top_inst/u_eth_top/u_udp/u_udp_rx/cur_state[1] audio_udp_top_inst/u_eth_top/u_udp/u_udp_rx/cur_state[0]
I: to  audio_udp_top_inst/u_eth_top/u_udp/u_udp_rx/cur_state_6 audio_udp_top_inst/u_eth_top/u_udp/u_udp_rx/cur_state_5 audio_udp_top_inst/u_eth_top/u_udp/u_udp_rx/cur_state_4 audio_udp_top_inst/u_eth_top/u_udp/u_udp_rx/cur_state_3 audio_udp_top_inst/u_eth_top/u_udp/u_udp_rx/cur_state_2 audio_udp_top_inst/u_eth_top/u_udp/u_udp_rx/cur_state_1 audio_udp_top_inst/u_eth_top/u_udp/u_udp_rx/cur_state_0
I: 0000001 => 0000001
I: 0000010 => 0000010
I: 0000100 => 0000100
I: 0001000 => 0001000
I: 0010000 => 0010000
I: 0100000 => 0100000
I: 1000000 => 1000000
I: Encoding type of FSM 'cur_state_fsm[6:0]' is: onehot.
I: [C:/Users/86151/Desktop/auido_fft_fir/audio_fft_fir_hdmi/src/UDP/udp/udp_tx.v(line number:140)] The user initial state for regs on FSM cur_state_fsm[6:0] is 0000001 and be encoded 0000001.
I: Encoding table of FSM 'cur_state_fsm[6:0]':
I: from  audio_udp_top_inst/u_eth_top/u_udp/u_udp_tx/cur_state[6] audio_udp_top_inst/u_eth_top/u_udp/u_udp_tx/cur_state[5] audio_udp_top_inst/u_eth_top/u_udp/u_udp_tx/cur_state[4] audio_udp_top_inst/u_eth_top/u_udp/u_udp_tx/cur_state[3] audio_udp_top_inst/u_eth_top/u_udp/u_udp_tx/cur_state[2] audio_udp_top_inst/u_eth_top/u_udp/u_udp_tx/cur_state[1] audio_udp_top_inst/u_eth_top/u_udp/u_udp_tx/cur_state[0]
I: to  audio_udp_top_inst/u_eth_top/u_udp/u_udp_tx/cur_state_6 audio_udp_top_inst/u_eth_top/u_udp/u_udp_tx/cur_state_5 audio_udp_top_inst/u_eth_top/u_udp/u_udp_tx/cur_state_4 audio_udp_top_inst/u_eth_top/u_udp/u_udp_tx/cur_state_3 audio_udp_top_inst/u_eth_top/u_udp/u_udp_tx/cur_state_2 audio_udp_top_inst/u_eth_top/u_udp/u_udp_tx/cur_state_1 audio_udp_top_inst/u_eth_top/u_udp/u_udp_tx/cur_state_0
I: 0000001 => 0000001
I: 0000010 => 0000010
I: 0000100 => 0000100
I: 0001000 => 0001000
I: 0010000 => 0010000
I: 0100000 => 0100000
I: 1000000 => 1000000
I: Encoding type of FSM 'cur_state_fsm[4:0]' is: onehot.
I: [C:/Users/86151/Desktop/auido_fft_fir/audio_fft_fir_hdmi/src/UDP/arp/arp_rx.v(line number:68)] The user initial state for regs on FSM cur_state_fsm[4:0] is 00001 and be encoded 00001.
I: Encoding table of FSM 'cur_state_fsm[4:0]':
I: from  audio_udp_top_inst/u_eth_top/u_arp/u_arp_rx/cur_state[4] audio_udp_top_inst/u_eth_top/u_arp/u_arp_rx/cur_state[3] audio_udp_top_inst/u_eth_top/u_arp/u_arp_rx/cur_state[2] audio_udp_top_inst/u_eth_top/u_arp/u_arp_rx/cur_state[1] audio_udp_top_inst/u_eth_top/u_arp/u_arp_rx/cur_state[0]
I: to  audio_udp_top_inst/u_eth_top/u_arp/u_arp_rx/cur_state_4 audio_udp_top_inst/u_eth_top/u_arp/u_arp_rx/cur_state_3 audio_udp_top_inst/u_eth_top/u_arp/u_arp_rx/cur_state_2 audio_udp_top_inst/u_eth_top/u_arp/u_arp_rx/cur_state_1 audio_udp_top_inst/u_eth_top/u_arp/u_arp_rx/cur_state_0
I: 00001 => 00001
I: 00010 => 00010
I: 00100 => 00100
I: 01000 => 01000
I: 10000 => 10000
I: Constant propagation done on voice_loop_test_inst/ES7243E_reg_config/N254 (bmsREDOR).
I: Constant propagation done on voice_loop_test_inst/ES8156_reg_config/N206 (bmsREDOR).
I: Constant propagation done on audio_udp_top_inst/u_eth_top/u_arp/u_arp_tx/N36 (bmsWIDEINV).
I: Constant propagation done on audio_udp_top_inst/u_eth_top/u_arp/u_arp_tx/N37 (bmsPMUX).
I: Constant propagation done on audio_udp_top_inst/u_eth_top/u_udp/u_udp_rx/N47 (bmsWIDEINV).
I: Constant propagation done on audio_udp_top_inst/u_eth_top/u_udp/u_udp_rx/N48 (bmsPMUX).
I: Constant propagation done on audio_udp_top_inst/u_eth_top/u_udp/u_udp_tx/N70 (bmsWIDEINV).
I: Constant propagation done on audio_udp_top_inst/u_eth_top/u_udp/u_udp_tx/N71 (bmsPMUX).
I: Constant propagation done on audio_udp_top_inst/u_eth_top/u_arp/u_arp_rx/N37 (bmsWIDEINV).
I: Constant propagation done on audio_udp_top_inst/u_eth_top/u_arp/u_arp_rx/N38 (bmsPMUX).
W: Removed bmsWIDEDFFRSE inst i2c_data[23:0] at 0 that is stuck at constant 0.
W: Removed bmsWIDEDFFRSE inst i2c_data[23:0] at 21 that is stuck at constant 1.
W: Removed bmsWIDEDFFRSE inst i2c_data[23:0] at 0 that is stuck at constant 0.
W: Removed bmsWIDEDFFRSE inst i2c_data[23:0] at 17 that is stuck at constant 1.
W: Removed bmsWIDEDFFCPE inst udp_tx_byte_num[15:0] at 0 that is stuck at constant 0.
I: Removed bmsWIDEDFFCPE inst arp_data[2][3] that is redundant to arp_data[1][0]
I: Removed bmsWIDEDFFCPE inst arp_data[4][1] that is redundant to arp_data[1][0]
I: Removed bmsWIDEDFFCPE inst arp_data[4][2] that is redundant to arp_data[1][0]
I: Removed bmsWIDEDFFCPE inst arp_data[5][2] that is redundant to arp_data[1][0]
I: Removed bmsWIDEDFFCPE inst arp_data[8][5] that is redundant to arp_data[1][0]
I: Removed bmsWIDEDFFCPE inst arp_data[8][7] that is redundant to arp_data[1][0]
I: Removed bmsWIDEDFFCPE inst arp_data[9][0] that is redundant to arp_data[1][0]
I: Removed bmsWIDEDFFCPE inst arp_data[9][4] that is redundant to arp_data[1][0]
I: Removed bmsWIDEDFFCPE inst arp_data[9][5] that is redundant to arp_data[1][0]
I: Removed bmsWIDEDFFCPE inst arp_data[9][7] that is redundant to arp_data[1][0]
I: Removed bmsWIDEDFFCPE inst arp_data[10][1] that is redundant to arp_data[1][0]
I: Removed bmsWIDEDFFCPE inst arp_data[10][6] that is redundant to arp_data[1][0]
I: Removed bmsWIDEDFFCPE inst arp_data[10][7] that is redundant to arp_data[1][0]
I: Removed bmsWIDEDFFCPE inst arp_data[11][0] that is redundant to arp_data[1][0]
I: Removed bmsWIDEDFFCPE inst arp_data[11][1] that is redundant to arp_data[1][0]
I: Removed bmsWIDEDFFCPE inst arp_data[11][4] that is redundant to arp_data[1][0]
I: Removed bmsWIDEDFFCPE inst arp_data[11][6] that is redundant to arp_data[1][0]
I: Removed bmsWIDEDFFCPE inst arp_data[11][7] that is redundant to arp_data[1][0]
I: Removed bmsWIDEDFFCPE inst arp_data[12][0] that is redundant to arp_data[1][0]
I: Removed bmsWIDEDFFCPE inst arp_data[12][5] that is redundant to arp_data[1][0]
I: Removed bmsWIDEDFFCPE inst arp_data[12][6] that is redundant to arp_data[1][0]
I: Removed bmsWIDEDFFCPE inst arp_data[12][7] that is redundant to arp_data[1][0]
I: Removed bmsWIDEDFFCPE inst arp_data[13][0] that is redundant to arp_data[1][0]
I: Removed bmsWIDEDFFCPE inst arp_data[13][5] that is redundant to arp_data[1][0]
I: Removed bmsWIDEDFFCPE inst arp_data[13][6] that is redundant to arp_data[1][0]
I: Removed bmsWIDEDFFCPE inst arp_data[13][7] that is redundant to arp_data[1][0]
I: Removed bmsWIDEDFFCPE inst arp_data[14][6] that is redundant to arp_data[1][0]
I: Removed bmsWIDEDFFCPE inst arp_data[14][7] that is redundant to arp_data[1][0]
I: Removed bmsWIDEDFFCPE inst arp_data[15][3] that is redundant to arp_data[1][0]
I: Removed bmsWIDEDFFCPE inst arp_data[15][5] that is redundant to arp_data[1][0]
I: Removed bmsWIDEDFFCPE inst arp_data[15][7] that is redundant to arp_data[1][0]
I: Removed bmsWIDEDFFCPE inst arp_data[16][0] that is redundant to arp_data[1][0]
I: Removed bmsWIDEDFFCPE inst arp_data[17][0] that is redundant to arp_data[1][0]
I: Removed bmsWIDEDFFCPE inst arp_data[17][1] that is redundant to arp_data[1][0]
I: Removed bmsWIDEDFFCPE inst arp_data[17][3] that is redundant to arp_data[1][0]
I: Removed bmsWIDEDFFCPE inst arp_data[0][1] that is redundant to arp_data[0][0]
I: Removed bmsWIDEDFFCPE inst arp_data[0][2] that is redundant to arp_data[0][0]
I: Removed bmsWIDEDFFCPE inst arp_data[0][3] that is redundant to arp_data[0][0]
I: Removed bmsWIDEDFFCPE inst arp_data[0][4] that is redundant to arp_data[0][0]
I: Removed bmsWIDEDFFCPE inst arp_data[0][5] that is redundant to arp_data[0][0]
I: Removed bmsWIDEDFFCPE inst arp_data[0][6] that is redundant to arp_data[0][0]
I: Removed bmsWIDEDFFCPE inst arp_data[0][7] that is redundant to arp_data[0][0]
I: Removed bmsWIDEDFFCPE inst arp_data[1][1] that is redundant to arp_data[0][0]
I: Removed bmsWIDEDFFCPE inst arp_data[1][2] that is redundant to arp_data[0][0]
I: Removed bmsWIDEDFFCPE inst arp_data[1][3] that is redundant to arp_data[0][0]
I: Removed bmsWIDEDFFCPE inst arp_data[1][4] that is redundant to arp_data[0][0]
I: Removed bmsWIDEDFFCPE inst arp_data[1][5] that is redundant to arp_data[0][0]
I: Removed bmsWIDEDFFCPE inst arp_data[1][6] that is redundant to arp_data[0][0]
I: Removed bmsWIDEDFFCPE inst arp_data[1][7] that is redundant to arp_data[0][0]
I: Removed bmsWIDEDFFCPE inst arp_data[2][0] that is redundant to arp_data[0][0]
I: Removed bmsWIDEDFFCPE inst arp_data[2][1] that is redundant to arp_data[0][0]
I: Removed bmsWIDEDFFCPE inst arp_data[2][2] that is redundant to arp_data[0][0]
I: Removed bmsWIDEDFFCPE inst arp_data[2][4] that is redundant to arp_data[0][0]
I: Removed bmsWIDEDFFCPE inst arp_data[2][5] that is redundant to arp_data[0][0]
I: Removed bmsWIDEDFFCPE inst arp_data[2][6] that is redundant to arp_data[0][0]
I: Removed bmsWIDEDFFCPE inst arp_data[2][7] that is redundant to arp_data[0][0]
I: Removed bmsWIDEDFFCPE inst arp_data[3][0] that is redundant to arp_data[0][0]
I: Removed bmsWIDEDFFCPE inst arp_data[3][1] that is redundant to arp_data[0][0]
I: Removed bmsWIDEDFFCPE inst arp_data[3][2] that is redundant to arp_data[0][0]
I: Removed bmsWIDEDFFCPE inst arp_data[3][3] that is redundant to arp_data[0][0]
I: Removed bmsWIDEDFFCPE inst arp_data[3][4] that is redundant to arp_data[0][0]
I: Removed bmsWIDEDFFCPE inst arp_data[3][5] that is redundant to arp_data[0][0]
I: Removed bmsWIDEDFFCPE inst arp_data[3][6] that is redundant to arp_data[0][0]
I: Removed bmsWIDEDFFCPE inst arp_data[3][7] that is redundant to arp_data[0][0]
I: Removed bmsWIDEDFFCPE inst arp_data[4][0] that is redundant to arp_data[0][0]
I: Removed bmsWIDEDFFCPE inst arp_data[4][3] that is redundant to arp_data[0][0]
I: Removed bmsWIDEDFFCPE inst arp_data[4][4] that is redundant to arp_data[0][0]
I: Removed bmsWIDEDFFCPE inst arp_data[4][5] that is redundant to arp_data[0][0]
I: Removed bmsWIDEDFFCPE inst arp_data[4][6] that is redundant to arp_data[0][0]
I: Removed bmsWIDEDFFCPE inst arp_data[4][7] that is redundant to arp_data[0][0]
I: Removed bmsWIDEDFFCPE inst arp_data[5][0] that is redundant to arp_data[0][0]
I: Removed bmsWIDEDFFCPE inst arp_data[5][1] that is redundant to arp_data[0][0]
I: Removed bmsWIDEDFFCPE inst arp_data[5][3] that is redundant to arp_data[0][0]
I: Removed bmsWIDEDFFCPE inst arp_data[5][4] that is redundant to arp_data[0][0]
I: Removed bmsWIDEDFFCPE inst arp_data[5][5] that is redundant to arp_data[0][0]
I: Removed bmsWIDEDFFCPE inst arp_data[5][6] that is redundant to arp_data[0][0]
I: Removed bmsWIDEDFFCPE inst arp_data[5][7] that is redundant to arp_data[0][0]
I: Removed bmsWIDEDFFCPE inst arp_data[6][0] that is redundant to arp_data[0][0]
I: Removed bmsWIDEDFFCPE inst arp_data[6][1] that is redundant to arp_data[0][0]
I: Removed bmsWIDEDFFCPE inst arp_data[6][2] that is redundant to arp_data[0][0]
I: Removed bmsWIDEDFFCPE inst arp_data[6][3] that is redundant to arp_data[0][0]
I: Removed bmsWIDEDFFCPE inst arp_data[6][4] that is redundant to arp_data[0][0]
I: Removed bmsWIDEDFFCPE inst arp_data[6][5] that is redundant to arp_data[0][0]
I: Removed bmsWIDEDFFCPE inst arp_data[6][6] that is redundant to arp_data[0][0]
I: Removed bmsWIDEDFFCPE inst arp_data[6][7] that is redundant to arp_data[0][0]
I: Removed bmsWIDEDFFCPE inst arp_data[8][0] that is redundant to arp_data[0][0]
I: Removed bmsWIDEDFFCPE inst arp_data[8][1] that is redundant to arp_data[0][0]
I: Removed bmsWIDEDFFCPE inst arp_data[8][2] that is redundant to arp_data[0][0]
I: Removed bmsWIDEDFFCPE inst arp_data[8][3] that is redundant to arp_data[0][0]
I: Removed bmsWIDEDFFCPE inst arp_data[8][4] that is redundant to arp_data[0][0]
I: Removed bmsWIDEDFFCPE inst arp_data[8][6] that is redundant to arp_data[0][0]
I: Removed bmsWIDEDFFCPE inst arp_data[9][1] that is redundant to arp_data[0][0]
I: Removed bmsWIDEDFFCPE inst arp_data[9][2] that is redundant to arp_data[0][0]
I: Removed bmsWIDEDFFCPE inst arp_data[9][3] that is redundant to arp_data[0][0]
I: Removed bmsWIDEDFFCPE inst arp_data[9][6] that is redundant to arp_data[0][0]
I: Removed bmsWIDEDFFCPE inst arp_data[10][0] that is redundant to arp_data[0][0]
I: Removed bmsWIDEDFFCPE inst arp_data[10][2] that is redundant to arp_data[0][0]
I: Removed bmsWIDEDFFCPE inst arp_data[10][3] that is redundant to arp_data[0][0]
I: Removed bmsWIDEDFFCPE inst arp_data[10][4] that is redundant to arp_data[0][0]
I: Removed bmsWIDEDFFCPE inst arp_data[10][5] that is redundant to arp_data[0][0]
I: Removed bmsWIDEDFFCPE inst arp_data[11][2] that is redundant to arp_data[0][0]
I: Removed bmsWIDEDFFCPE inst arp_data[11][3] that is redundant to arp_data[0][0]
I: Removed bmsWIDEDFFCPE inst arp_data[11][5] that is redundant to arp_data[0][0]
I: Removed bmsWIDEDFFCPE inst arp_data[12][1] that is redundant to arp_data[0][0]
I: Removed bmsWIDEDFFCPE inst arp_data[12][2] that is redundant to arp_data[0][0]
I: Removed bmsWIDEDFFCPE inst arp_data[12][3] that is redundant to arp_data[0][0]
I: Removed bmsWIDEDFFCPE inst arp_data[12][4] that is redundant to arp_data[0][0]
I: Removed bmsWIDEDFFCPE inst arp_data[13][1] that is redundant to arp_data[0][0]
I: Removed bmsWIDEDFFCPE inst arp_data[13][2] that is redundant to arp_data[0][0]
I: Removed bmsWIDEDFFCPE inst arp_data[13][3] that is redundant to arp_data[0][0]
I: Removed bmsWIDEDFFCPE inst arp_data[13][4] that is redundant to arp_data[0][0]
I: Removed bmsWIDEDFFCPE inst arp_data[14][0] that is redundant to arp_data[0][0]
I: Removed bmsWIDEDFFCPE inst arp_data[14][1] that is redundant to arp_data[0][0]
I: Removed bmsWIDEDFFCPE inst arp_data[14][2] that is redundant to arp_data[0][0]
I: Removed bmsWIDEDFFCPE inst arp_data[14][3] that is redundant to arp_data[0][0]
I: Removed bmsWIDEDFFCPE inst arp_data[14][4] that is redundant to arp_data[0][0]
I: Removed bmsWIDEDFFCPE inst arp_data[14][5] that is redundant to arp_data[0][0]
I: Removed bmsWIDEDFFCPE inst arp_data[15][0] that is redundant to arp_data[0][0]
I: Removed bmsWIDEDFFCPE inst arp_data[15][1] that is redundant to arp_data[0][0]
I: Removed bmsWIDEDFFCPE inst arp_data[15][2] that is redundant to arp_data[0][0]
I: Removed bmsWIDEDFFCPE inst arp_data[15][4] that is redundant to arp_data[0][0]
I: Removed bmsWIDEDFFCPE inst arp_data[15][6] that is redundant to arp_data[0][0]
I: Removed bmsWIDEDFFCPE inst arp_data[16][1] that is redundant to arp_data[0][0]
I: Removed bmsWIDEDFFCPE inst arp_data[16][2] that is redundant to arp_data[0][0]
I: Removed bmsWIDEDFFCPE inst arp_data[16][3] that is redundant to arp_data[0][0]
I: Removed bmsWIDEDFFCPE inst arp_data[16][4] that is redundant to arp_data[0][0]
I: Removed bmsWIDEDFFCPE inst arp_data[16][5] that is redundant to arp_data[0][0]
I: Removed bmsWIDEDFFCPE inst arp_data[16][6] that is redundant to arp_data[0][0]
I: Removed bmsWIDEDFFCPE inst arp_data[16][7] that is redundant to arp_data[0][0]
I: Removed bmsWIDEDFFCPE inst arp_data[17][2] that is redundant to arp_data[0][0]
I: Removed bmsWIDEDFFCPE inst arp_data[17][4] that is redundant to arp_data[0][0]
I: Removed bmsWIDEDFFCPE inst arp_data[17][5] that is redundant to arp_data[0][0]
I: Removed bmsWIDEDFFCPE inst arp_data[17][6] that is redundant to arp_data[0][0]
I: Removed bmsWIDEDFFCPE inst arp_data[17][7] that is redundant to arp_data[0][0]
W: Removed bmsWIDEDFFCPE inst arp_data[0][0] that is stuck at constant 0.
W: Removed bmsWIDEDFFCPE inst arp_data[1][0] that is stuck at constant 1.
W: Removed bmsWIDEDFFCPE inst check_buffer[31:0] at 20 that is stuck at constant 0.
Executing : pre-mapping successfully. Time elapsed: 0.161s wall, 0.156s user + 0.000s system = 0.156s CPU (97.1%)

Start mod-gen.
W: Public-4008: Instance 'asyn_fifo_inst2/data_count_w[13:0]' of 'bmsWIDEDFFRSE' unit is dangling and will be cleaned.
W: Public-4008: Instance 'gmii_to_rgmii_inst/mac_rx_error' of 'bmsWIDEDFFRSE' unit is dangling and will be cleaned.
W: Public-4008: Instance 'audio_udp_top_inst/u_eth_top/u_udp/u_udp_rx/rec_en' of 'bmsWIDEDFFCPE' unit is dangling and will be cleaned.
E: Net _$$_VCC_$$_ has multiple drivers in module udp_audio_test (see run.log for details).
    module 'bmsVCC' inst '_$$_VCC_$$_' out pin 'Z'
    module 'bmsWIDEDFFCPE' inst 'audio_udp_top_inst/u_start_transfer_ctrl/transfer_flag [C:/Users/86151/Desktop/auido_fft_fir/audio_fft_fir_hdmi/src/UDP/start_transfer_ctrl.v(line number:21)]' out pin 'Q[0]'

Program Error Out.
Action synthesize: Real time elapsed is 0h:0m:4s
Action synthesize: CPU time elapsed is 0h:0m:3s
Action synthesize: Process CPU time elapsed is 0h:0m:3s
Current time: Sat Apr 20 21:45:14 2024
Action synthesize: Peak memory pool usage is 257 MB
