#Build: Fabric Configuration 2022.1, Build 99559, Jul 12 00:20 2022
#Install: D:\fpga_competition\FPGA_competition\ziguangtongchuang_file\MES50HP_v3\set_up\set_up_file\PDS_2022.1\bin
#Application name: cdt_cfg.exe
#OS: Windows 10 10.0.22000
#Hostname: Thecomputerofmartin
Generated by Fabric Configuration (version 2022.1 build 99559) at Sat Jul 27 00:15:07 2024
M_PROCESS_FINISH_STARTED

The Start Address of bit file C:/Users/86151/Desktop/auido_fft_fir/ziguangTongchuang_Competition_Documents/prj/prj_audio_top_new1/generate_bitstream/audio_top.sbit: 0x0
Connecting to server[127.0.0.1 : 65420].
Connect to server[127.0.0.1 : 65420] successfully.
COMMAND[check version information] execute successfully, takes 0.0 secs.
The cable List : 
Cable index 0:USB Cable II/fffffffffffffffe 

COMMAND[get_cable_paras] execute successfully, takes 0.9 secs.
PANGO USB CABLE II cable driver: D2XX DLL
PGL50H
COMMAND[Open config cable] execute successfully, takes 4.5 secs.
COMMAND[Scan Outer SPI Flash] execute successfully, takes 2.6 secs.
The start address of operating flash is 0x0.
COMMAND[Erase Outer Flash] execute finish, takes 14.8 secs.
The start address of operating flash is 0x0.
COMMAND[Program Outer Flash] execute finish, takes 33.3 secs.
The start address of operating flash is 0x0.
COMMAND[Verify Outer Flash] execute successfully, takes 2.5 secs.
