D18|IOBD_300_376|BANK0|DIFFIO_B0_26P|rec_data[13]|output|NO
H13|IOBD_248_376|BANK0|DIFFIO_B0_17P|rec_data[10]|output|NO
C5|IOBD_64_376|BANK0|DIFFIO_B0_9P|||
C3|IOBD_8_376|BANK0|DIFFIO_B0_0P/IO_STAUS_C|||
D17|IOBD_320_376|BANK0|DIFFIO_B0_30P|rec_data[29]|output|NO
B20|IOBD_316_376|BANK0|DIFFIO_B0_29P|rec_data[12]|output|NO
C19|IOBD_312_376|BANK0|DIFFIO_B0_28P|rec_data[2]|output|NO
B18|IOBD_308_376|BANK0|DIFFIO_B0_27P|rec_data[5]|output|NO
G16|IOBD_296_376|BANK0|DIFFIO_B0_25P|des_mac[1]|input|NO
C17|IOBD_292_376|BANK0|DIFFIO_B0_24P|des_mac[8]|input|NO
H14|IOBD_288_376|BANK0|DIFFIO_B0_23P|rec_data[8]|output|NO
E16|IOBD_244_376|BANK0|DIFFIO_B0_16P/GCLK13/PLL1_CLK6|des_mac[40]|input|NO
F14|IOBD_240_376|BANK0|DIFFIO_B0_15P/GCLK15/PLL1_CLK4|des_mac[43]|input|NO
H12|IOBD_224_376|BANK0|DIFFIO_B0_14P/GCLK17/PLL1_CLK2|des_mac[34]|input|NO
G9|IOBD_220_376|BANK0|DIFFIO_B0_13P/GCLK19/PLL1_CLK0|des_mac[6]|input|NO
H10|IOBD_72_376|BANK0|DIFFIO_B0_11P|des_mac[15]|input|NO
G8|IOBD_68_376|BANK0|DIFFIO_B0_10P|||
F7|IOBD_44_376|BANK0|DIFFIO_B0_7P|||
C4|IOBD_40_376|BANK0|DIFFIO_B0_6P|||
B3|IOBD_32_376|BANK0|DIFFIO_B0_4P|||
E5|IOBD_20_376|BANK0|DIFFIO_B0_3P|||
B2|IOBD_16_376|BANK0|DIFFIO_B0_2P|||
D4|IOBD_12_376|BANK0|DIFFIO_B0_1P|||
C18|IOBS_TB_321_376|BANK0|DIFFIO_B0_30N|des_mac[39]|input|NO
A20|IOBS_TB_317_376|BANK0|DIFFIO_B0_29N|des_mac[42]|input|NO
A19|IOBS_TB_313_376|BANK0|DIFFIO_B0_28N|des_mac[35]|input|NO
A18|IOBS_TB_309_376|BANK0|DIFFIO_B0_27N|rec_data[11]|output|NO
F17|IOBS_TB_297_376|BANK0|DIFFIO_B0_25N|rec_data[15]|output|NO
A17|IOBS_TB_293_376|BANK0|DIFFIO_B0_24N|des_mac[41]|input|NO
G15|IOBS_TB_289_376|BANK0|DIFFIO_B0_23N|rec_data[9]|output|NO
F16|IOBS_TB_245_376|BANK0|DIFFIO_B0_16N/GCLK12/PLL1_CLK7|des_mac[4]|input|NO
F15|IOBS_TB_241_376|BANK0|DIFFIO_B0_15N/GCLK14/PLL1_CLK5|des_mac[5]|input|NO
G11|IOBS_TB_225_376|BANK0|DIFFIO_B0_14N/GCLK16/PLL1_CLK3|des_mac[7]|input|NO
F10|IOBS_TB_221_376|BANK0|DIFFIO_B0_13N/GCLK18/PLL1_CLK1|des_mac[33]|input|NO
H11|IOBS_TB_73_376|BANK0|DIFFIO_B0_11N|||
F9|IOBS_TB_69_376|BANK0|DIFFIO_B0_10N|||
F8|IOBS_TB_45_376|BANK0|DIFFIO_B0_7N|||
A4|IOBS_TB_41_376|BANK0|DIFFIO_B0_6N|||
A3|IOBS_TB_33_376|BANK0|DIFFIO_B0_4N|||
E6|IOBS_TB_21_376|BANK0|DIFFIO_B0_3N|||
A2|IOBS_TB_17_376|BANK0|DIFFIO_B0_2N|||
D5|IOBS_TB_13_376|BANK0|DIFFIO_B0_1N|||
D19|IOBR_TB_301_376|BANK0|DIFFIO_B0_26N/VREF_B0|rec_data[14]|output|NO
G13|IOBR_TB_249_376|BANK0|DIFFIO_B0_17N/VREF_B0|des_mac[32]|input|NO
A5|IOBR_TB_65_376|BANK0|DIFFIO_B0_9N/VREF_B0|||
D3|IOBR_TB_9_376|BANK0|DIFFIO_B0_0N/VREF_B0|||
V19|IOBS_LR_328_25|BANK1|DIFFI_B1_55P|||
T19|IOBS_LR_328_37|BANK1|DIFFI_B1_54P|||
R17|IOBS_LR_328_41|BANK1|DIFFI_B1_53P|||
P17|IOBS_LR_328_45|BANK1|DIFFI_B1_52P|||
R15|IOBS_LR_328_49|BANK1|DIFFI_B1_51P|rec_data[16]|output|NO
M17|IOBS_LR_328_109|BANK1|DIFFI_B1_43P|rec_data[18]|output|NO
N16|IOBS_LR_328_113|BANK1|DIFFI_B1_42P|rec_data[21]|output|NO
U19|IOBS_LR_328_117|BANK1|DIFFI_B1_41P|rec_data[23]|output|NO
M16|IOBS_LR_328_121|BANK1|DIFFI_B1_40P|rec_byte_num[12]|output|NO
L15|IOBS_LR_328_133|BANK1|DIFFI_B1_39P|rec_data[20]|output|NO
Y21|IOBS_LR_328_141|BANK1|DIFFI_B1_37P|rec_byte_num[5]|output|NO
W20|IOBS_LR_328_145|BANK1|DIFFI_B1_36P|rec_byte_num[10]|output|NO
V21|IOBS_LR_328_149|BANK1|DIFFI_B1_35P|rec_byte_num[15]|output|NO
U20|IOBS_LR_328_161|BANK1|DIFFI_B1_34P|rec_byte_num[14]|output|NO
T21|IOBS_LR_328_165|BANK1|DIFFI_B1_33P|rec_byte_num[0]|output|NO
R20|IOBS_LR_328_169|BANK1|DIFFI_B1_32P|gmii_txd[2]|output|NO
P21|IOBS_LR_328_173|BANK1|DIFFI_B1_31P|rst_n|input|NO
N20|IOBS_LR_328_177|BANK1|DIFFI_B1_30P|tx_data[19]|input|NO
M21|IOBS_LR_328_201|BANK1|DIFFI_B1_29P/XTAL_A|gmii_rxd[6]|input|NO
L20|IOBS_LR_328_205|BANK1|DIFFI_B1_28P/GCLK5/PLL2_CLK2/PLL3_CLK2|des_mac[17]|input|NO
P20|IOBS_LR_328_209|BANK1|DIFFI_B1_27P/GCLK7/PLL2_CLK0/PLL3_CLK0|gmii_rxd[4]|input|NO
K21|IOBS_LR_328_213|BANK1|DIFFI_B1_26P/GCLK9/PLL1_CLK10/PLL4_CLK2/PLL5_CLK2|des_mac[22]|input|NO
M20|IOBS_LR_328_217|BANK1|DIFFI_B1_25P/GCLK11/PLL1_CLK8/PLL4_CLK0/PLL5_CLK0|gmii_rxd[0]|input|NO
J20|IOBS_LR_328_229|BANK1|DIFFI_B1_24P|des_mac[26]|input|NO
K20|IOBS_LR_328_233|BANK1|DIFFI_B1_23P|gmii_rxd[2]|input|NO
H21|IOBS_LR_328_237|BANK1|DIFFI_B1_22P|des_mac[30]|input|NO
K17|IOBS_LR_328_241|BANK1|DIFFI_B1_21P|des_mac[45]|input|NO
G20|IOBS_LR_328_245|BANK1|DIFFI_B1_20P|des_mac[24]|input|NO
K19|IOBS_LR_328_257|BANK1|DIFFI_B1_19P|des_mac[0]|input|NO
J19|IOBS_LR_328_261|BANK1|DIFFI_B1_18P|des_mac[13]|input|NO
E20|IOBS_LR_328_265|BANK1|DIFFI_B1_17P|des_mac[3]|input|NO
F21|IOBS_LR_328_269|BANK1|DIFFI_B1_16P|des_mac[47]|input|NO
H18|IOBS_LR_328_273|BANK1|DIFFI_B1_15P|rec_data[1]|output|NO
G19|IOBS_LR_328_285|BANK1|DIFFI_B1_14P|des_mac[10]|input|NO
C20|IOBS_LR_328_293|BANK1|DIFFI_B1_12P|rec_data[25]|output|NO
J16|IOBS_LR_328_297|BANK1|DIFFI_B1_11P|rec_data[7]|output|NO
B21|IOBS_LR_328_361|BANK1|DIFFI_B1_2P|rec_data[30]|output|NO
H16|IOBS_LR_328_365|BANK1|DIFFI_B1_1P|rec_data[4]|output|NO
P19|IOBS_LR_328_137|BANK1|DIFFI_B1_38P|rec_byte_num[8]|output|NO
D21|IOBS_LR_328_289|BANK1|DIFFI_B1_13P|rec_data[26]|output|NO
F18|IOBS_LR_328_369|BANK1|DIFFI_B1_0P|rec_data[24]|output|NO
V20|IOBS_LR_328_24|BANK1|DIFFI_B1_55N/DOUT_BUSY|||
T18|IOBS_LR_328_36|BANK1|DIFFI_B1_54N|||
T17|IOBS_LR_328_40|BANK1|DIFFI_B1_53N|rec_data[17]|output|NO
P18|IOBS_LR_328_44|BANK1|DIFFI_B1_52N|||
R16|IOBS_LR_328_48|BANK1|DIFFI_B1_51N|rec_data[19]|output|NO
M18|IOBS_LR_328_108|BANK1|DIFFI_B1_43N|||
P16|IOBS_LR_328_112|BANK1|DIFFI_B1_42N|||
T20|IOBS_LR_328_116|BANK1|DIFFI_B1_41N|rec_byte_num[11]|output|NO
N15|IOBS_LR_328_120|BANK1|DIFFI_B1_40N|rec_byte_num[9]|output|NO
K16|IOBS_LR_328_132|BANK1|DIFFI_B1_39N|rec_byte_num[4]|output|NO
Y22|IOBS_LR_328_140|BANK1|DIFFI_B1_37N|rec_byte_num[13]|output|NO
W22|IOBS_LR_328_144|BANK1|DIFFI_B1_36N|rec_byte_num[6]|output|NO
V22|IOBS_LR_328_148|BANK1|DIFFI_B1_35N|rec_data[22]|output|NO
U22|IOBS_LR_328_160|BANK1|DIFFI_B1_34N|rec_byte_num[1]|output|NO
T22|IOBS_LR_328_164|BANK1|DIFFI_B1_33N|tx_data[28]|input|NO
R22|IOBS_LR_328_168|BANK1|DIFFI_B1_32N|tx_data[12]|input|NO
P22|IOBS_LR_328_172|BANK1|DIFFI_B1_31N|gmii_rx_dv|input|NO
N22|IOBS_LR_328_176|BANK1|DIFFI_B1_30N|rec_pkt_done|output|NO
M22|IOBS_LR_328_200|BANK1|DIFFI_B1_29N/XTAL_B|gmii_rxd[7]|input|NO
L22|IOBS_LR_328_204|BANK1|DIFFI_B1_28N/GCLK4/PLL2_CLK3/PLL3_CLK3|des_mac[18]|input|NO
N19|IOBS_LR_328_208|BANK1|DIFFI_B1_27N/GCLK6/PLL2_CLK1/PLL3_CLK1|gmii_rxd[5]|input|NO
K22|IOBS_LR_328_212|BANK1|DIFFI_B1_26N/GCLK8/PLL1_CLK11/PLL4_CLK3/PLL5_CLK3|des_mac[28]|input|NO
M19|IOBS_LR_328_216|BANK1|DIFFI_B1_25N/GCLK10/PLL1_CLK9/PLL4_CLK1/PLL5_CLK1|gmii_rxd[1]|input|NO
J22|IOBS_LR_328_228|BANK1|DIFFI_B1_24N|des_mac[37]|input|NO
L19|IOBS_LR_328_232|BANK1|DIFFI_B1_23N|gmii_rxd[3]|input|NO
H22|IOBS_LR_328_236|BANK1|DIFFI_B1_22N|des_mac[25]|input|NO
L17|IOBS_LR_328_240|BANK1|DIFFI_B1_21N|des_mac[12]|input|NO
G22|IOBS_LR_328_244|BANK1|DIFFI_B1_20N|des_mac[29]|input|NO
K18|IOBS_LR_328_256|BANK1|DIFFI_B1_19N|des_mac[11]|input|NO
H20|IOBS_LR_328_260|BANK1|DIFFI_B1_18N|rec_data[0]|output|NO
E22|IOBS_LR_328_264|BANK1|DIFFI_B1_17N|des_mac[9]|input|NO
F22|IOBS_LR_328_268|BANK1|DIFFI_B1_16N|des_mac[46]|input|NO
H19|IOBS_LR_328_272|BANK1|DIFFI_B1_15N|des_mac[44]|input|NO
F20|IOBS_LR_328_284|BANK1|DIFFI_B1_14N|des_mac[2]|input|NO
C22|IOBS_LR_328_292|BANK1|DIFFI_B1_12N|rec_data[3]|output|NO
J17|IOBS_LR_328_296|BANK1|DIFFI_B1_11N|rec_en|output|NO
B22|IOBS_LR_328_360|BANK1|DIFFI_B1_2N|rec_data[28]|output|NO
H17|IOBS_LR_328_364|BANK1|DIFFI_B1_1N|rec_data[6]|output|NO
R19|IOBR_LR_328_136|BANK1|DIFFI_B1_38N/VREF_B1|rec_byte_num[2]|output|NO
D22|IOBR_LR_328_288|BANK1|DIFFI_B1_13N/VREF_B1|rec_data[27]|output|NO
F19|IOBR_LR_328_368|BANK1|DIFFI_B1_0N/VREF_B1|rec_data[31]|output|NO
U16|IOBD_289_0|BANK2|DIFFIO_B2_47P|||
U14|IOBD_217_0|BANK2|DIFFIO_B2_35P|||
AA10|IOBD_149_0|BANK2|DIFFIO_B2_22P|tx_data[16]|input|NO
W9|IOBD_101_0|BANK2|DIFFIO_B2_15P/D7|tx_byte_num[13]|input|NO
Y20|IOBD_321_0|BANK2|DIFFIO_B2_54P/CFG_CLK|||
V17|IOBD_317_0|BANK2|DIFFIO_B2_53P|||
AA20|IOBD_313_0|BANK2|DIFFIO_B2_52P/D0|||
W17|IOBD_281_0|BANK2|DIFFIO_B2_46P|||
AA14|IOBD_273_0|BANK2|DIFFIO_B2_45P|||
R13|IOBD_245_0|BANK2|DIFFIO_B2_39P/D1|||
Y19|IOBD_241_0|BANK2|DIFFIO_B2_38P/MODE1|||
AA18|IOBD_225_0|BANK2|DIFFIO_B2_37P/D11|||
Y17|IOBD_221_0|BANK2|DIFFIO_B2_36P|||
Y16|IOBD_213_0|BANK2|DIFFIO_B2_34P|||
V13|IOBD_209_0|BANK2|DIFFIO_B2_33P|||
AA16|IOBD_201_0|BANK2|DIFFIO_B2_32P|gmii_txd[5]|output|NO
W14|IOBD_197_0|BANK2|DIFFIO_B2_31P|gmii_txd[3]|output|NO
Y15|IOBD_189_0|BANK2|DIFFIO_B2_30P|tx_data[17]|input|NO
R11|IOBD_185_0|BANK2|DIFFIO_B2_29P|tx_data[25]|input|NO
T15|IOBD_181_0|BANK2|DIFFIO_B2_28P|tx_data[2]|input|NO
T12|IOBD_169_0|BANK2|DIFFIO_B2_27P/GCLK3/PLL4_CLK11/PLL5_CLK11|tx_data[26]|input|NO
Y13|IOBD_165_0|BANK2|DIFFIO_B2_26P/GCLK1/PLL4_CLK9/PLL5_CLK9/D13|tx_data[4]|input|NO
AA12|IOBD_161_0|BANK2|DIFFIO_B2_25P/GCLK31/PLL4_CLK7/PLL5_CLK7/D14|tx_data[11]|input|NO
Y11|IOBD_157_0|BANK2|DIFFIO_B2_24P/GCLK29/PLL4_CLK5/PLL5_CLK5|tx_data[27]|input|NO
W12|IOBD_153_0|BANK2|DIFFIO_B2_23P|gmii_txd[1]|output|NO
V11|IOBD_133_0|BANK2|DIFFIO_B2_21P|tx_req|output|NO
Y9|IOBD_129_0|BANK2|DIFFIO_B2_20P|gmii_txd[0]|output|NO
W10|IOBD_121_0|BANK2|DIFFIO_B2_19P|tx_data[23]|input|NO
AA8|IOBD_117_0|BANK2|DIFFIO_B2_18P|tx_data[15]|input|NO
T10|IOBD_113_0|BANK2|DIFFIO_B2_17P|tx_byte_num[7]|input|NO
Y7|IOBD_109_0|BANK2|DIFFIO_B2_16P|tx_byte_num[11]|input|NO
AA6|IOBD_97_0|BANK2|DIFFIO_B2_14P/D3|tx_data[7]|input|NO
U9|IOBD_93_0|BANK2|DIFFIO_B2_13P|||
T8|IOBD_61_0|BANK2|DIFFIO_B2_8P|||
V7|IOBD_45_0|BANK2|DIFFIO_B2_7P|||
R9|IOBD_41_0|BANK2|DIFFIO_B2_6P|||
W6|IOBD_37_0|BANK2|DIFFIO_B2_5P|||
Y5|IOBD_33_0|BANK2|DIFFIO_B2_4P/D5|||
AA4|IOBD_21_0|BANK2|DIFFIO_B2_3P|||
T7|IOBD_17_0|BANK2|DIFFIO_B2_2P/D8|||
Y4|IOBD_13_0|BANK2|DIFFIO_B2_1P/INIT_FLAG_N|||
AA21|IOBS_TB_320_0|BANK2|DIFFIO_B2_54N/MODE0|||
W18|IOBS_TB_316_0|BANK2|DIFFIO_B2_53N/MFG_TEST_OUT|||
AB20|IOBS_TB_312_0|BANK2|DIFFIO_B2_52N/CS_N|||
Y18|IOBS_TB_280_0|BANK2|DIFFIO_B2_46N|||
AB14|IOBS_TB_272_0|BANK2|DIFFIO_B2_45N|||
T14|IOBS_TB_244_0|BANK2|DIFFIO_B2_39N/D2|||
AB19|IOBS_TB_240_0|BANK2|DIFFIO_B2_38N/D10|||
AB18|IOBS_TB_224_0|BANK2|DIFFIO_B2_37N/D12|||
AB17|IOBS_TB_220_0|BANK2|DIFFIO_B2_36N|||
W15|IOBS_TB_212_0|BANK2|DIFFIO_B2_34N|rec_byte_num[7]|output|NO
W13|IOBS_TB_208_0|BANK2|DIFFIO_B2_33N|tx_data[13]|input|NO
AB16|IOBS_TB_200_0|BANK2|DIFFIO_B2_32N|tx_data[1]|input|NO
Y14|IOBS_TB_196_0|BANK2|DIFFIO_B2_31N|tx_data[9]|input|NO
AB15|IOBS_TB_188_0|BANK2|DIFFIO_B2_30N|gmii_txd[4]|output|NO
T11|IOBS_TB_184_0|BANK2|DIFFIO_B2_29N|tx_data[10]|input|NO
U15|IOBS_TB_180_0|BANK2|DIFFIO_B2_28N|tx_data[18]|input|NO
U12|IOBS_TB_168_0|BANK2|DIFFIO_B2_27N/GCLK2/PLL4_CLK10/PLL5_CLK10|tx_data[3]|input|NO
AB13|IOBS_TB_164_0|BANK2|DIFFIO_B2_26N/GCLK0/PLL4_CLK8/PLL5_CLK8/ECCLK|tx_data[20]|input|NO
AB12|IOBS_TB_160_0|BANK2|DIFFIO_B2_25N/GCLK30/PLL4_CLK6/PLL5_CLK6/D15|tx_data[5]|input|NO
AB11|IOBS_TB_156_0|BANK2|DIFFIO_B2_24N/GCLK28/PLL4_CLK4/PLL5_CLK4|tx_data[29]|input|NO
Y12|IOBS_TB_152_0|BANK2|DIFFIO_B2_23N|tx_data[21]|input|NO
W11|IOBS_TB_132_0|BANK2|DIFFIO_B2_21N|tx_byte_num[3]|input|NO
AB9|IOBS_TB_128_0|BANK2|DIFFIO_B2_20N|gmii_tx_en|output|NO
Y10|IOBS_TB_120_0|BANK2|DIFFIO_B2_19N|tx_byte_num[0]|input|NO
AB8|IOBS_TB_116_0|BANK2|DIFFIO_B2_18N|tx_byte_num[1]|input|NO
U10|IOBS_TB_112_0|BANK2|DIFFIO_B2_17N|tx_byte_num[4]|input|NO
AB7|IOBS_TB_108_0|BANK2|DIFFIO_B2_16N|tx_byte_num[2]|input|NO
AB6|IOBS_TB_96_0|BANK2|DIFFIO_B2_14N/D4|tx_data[31]|input|NO
V9|IOBS_TB_92_0|BANK2|DIFFIO_B2_13N|||
U8|IOBS_TB_60_0|BANK2|DIFFIO_B2_8N|||
W8|IOBS_TB_44_0|BANK2|DIFFIO_B2_7N|||
R8|IOBS_TB_40_0|BANK2|DIFFIO_B2_6N|||
Y6|IOBS_TB_36_0|BANK2|DIFFIO_B2_5N|||
AB5|IOBS_TB_32_0|BANK2|DIFFIO_B2_4N/D6|||
AB4|IOBS_TB_20_0|BANK2|DIFFIO_B2_3N|||
U6|IOBS_TB_16_0|BANK2|DIFFIO_B2_2N/D9|||
AA3|IOBS_TB_12_0|BANK2|DIFFIO_B2_1N/CSO_N|||
V15|IOBR_TB_288_0|BANK2|DIFFIO_B2_47N/VREF_B2|||
U13|IOBR_TB_216_0|BANK2|DIFFIO_B2_35N/VREF_B2|rec_byte_num[3]|output|NO
AB10|IOBR_TB_148_0|BANK2|DIFFIO_B2_22N/VREF_B2|tx_data[8]|input|NO
Y8|IOBR_TB_100_0|BANK2|DIFFIO_B2_15N/RWSEL/VREF_B2|tx_byte_num[14]|input|NO
R7|IOBS_LR_0_16|BANK3|DIFFI_B3_57P|||
M7|IOBS_LR_0_136|BANK3|DIFFI_B3_38P|tx_byte_num[10]|input|NO
K7|IOBS_LR_0_288|BANK3|DIFFI_B3_13P|||
C1|IOBS_LR_0_368|BANK3|DIFFI_B3_0P|||
W4|IOBS_LR_0_20|BANK3|DIFFI_B3_56P|||
T6|IOBS_LR_0_24|BANK3|DIFFI_B3_55P|||
V5|IOBS_LR_0_36|BANK3|DIFFI_B3_54P|||
P5|IOBS_LR_0_40|BANK3|DIFFI_B3_53P|||
AA2|IOBS_LR_0_44|BANK3|DIFFI_B3_52P|||
N6|IOBS_LR_0_92|BANK3|DIFFI_B3_45P|||
U4|IOBS_LR_0_112|BANK3|DIFFI_B3_42P|tx_byte_num[5]|input|NO
P6|IOBS_LR_0_116|BANK3|DIFFI_B3_41P|tx_byte_num[8]|input|NO
T3|IOBS_LR_0_120|BANK3|DIFFI_B3_40P|tx_byte_num[12]|input|NO
H4|IOBS_LR_0_132|BANK3|DIFFI_B3_39P|tx_byte_num[9]|input|NO
Y2|IOBS_LR_0_140|BANK3|DIFFI_B3_37P|des_ip[17]|input|NO
W3|IOBS_LR_0_144|BANK3|DIFFI_B3_36P|des_ip[16]|input|NO
V2|IOBS_LR_0_148|BANK3|DIFFI_B3_35P|des_ip[19]|input|NO
U3|IOBS_LR_0_160|BANK3|DIFFI_B3_34P|des_ip[11]|input|NO
T2|IOBS_LR_0_164|BANK3|DIFFI_B3_33P|des_ip[3]|input|NO
R3|IOBS_LR_0_168|BANK3|DIFFI_B3_32P|des_ip[31]|input|NO
P2|IOBS_LR_0_172|BANK3|DIFFI_B3_31P|des_ip[13]|input|NO
N3|IOBS_LR_0_176|BANK3|DIFFI_B3_30P|des_ip[12]|input|NO
M2|IOBS_LR_0_200|BANK3|DIFFI_B3_29P/XTAL_B|des_ip[25]|input|NO
L3|IOBS_LR_0_204|BANK3|DIFFI_B3_28P/GCLK27/PLL2_CLK7/PLL3_CLK7|gmii_tx_clk|input|NO
P3|IOBS_LR_0_208|BANK3|DIFFI_B3_27P/GCLK25/PLL2_CLK5/PLL3_CLK5|des_ip[28]|input|NO
M5|IOBS_LR_0_212|BANK3|DIFFI_B3_26P/GCLK23/PLL1_CLK15/PLL4_CLK7/PLL5_CLK7|des_ip[27]|input|NO
M3|IOBS_LR_0_216|BANK3|DIFFI_B3_25P/GCLK21/PLL1_CLK13/PLL4_CLK5/PLL5_CLK5|des_ip[24]|input|NO
M6|IOBS_LR_0_228|BANK3|DIFFI_B3_24P|des_ip[5]|input|NO
K4|IOBS_LR_0_232|BANK3|DIFFI_B3_23P|des_ip[21]|input|NO
K2|IOBS_LR_0_236|BANK3|DIFFI_B3_22P|des_ip[2]|input|NO
J3|IOBS_LR_0_240|BANK3|DIFFI_B3_21P|tx_data[22]|input|NO
K6|IOBS_LR_0_244|BANK3|DIFFI_B3_20P|des_ip[20]|input|NO
H2|IOBS_LR_0_256|BANK3|DIFFI_B3_19P|tx_data[6]|input|NO
J4|IOBS_LR_0_260|BANK3|DIFFI_B3_18P|tx_data[30]|input|NO
G3|IOBS_LR_0_264|BANK3|DIFFI_B3_17P|des_mac[27]|input|NO
F2|IOBS_LR_0_268|BANK3|DIFFI_B3_16P|des_mac[19]|input|NO
E3|IOBS_LR_0_272|BANK3|DIFFI_B3_15P|tx_data[24]|input|NO
J6|IOBS_LR_0_284|BANK3|DIFFI_B3_14P|des_mac[16]|input|NO
D2|IOBS_LR_0_292|BANK3|DIFFI_B3_12P|des_mac[36]|input|NO
F3|IOBS_LR_0_296|BANK3|DIFFI_B3_11P|||
H6|IOBS_LR_0_356|BANK3|DIFFI_B3_3P|||
J7|IOBS_LR_0_360|BANK3|DIFFI_B3_2P|||
F5|IOBS_LR_0_364|BANK3|DIFFI_B3_1P|||
Y3|IOBS_LR_0_21|BANK3|DIFFI_B3_56N|||
T5|IOBS_LR_0_25|BANK3|DIFFI_B3_55N|||
V3|IOBS_LR_0_37|BANK3|DIFFI_B3_54N|||
P4|IOBS_LR_0_41|BANK3|DIFFI_B3_53N|||
AA1|IOBS_LR_0_45|BANK3|DIFFI_B3_52N|||
N7|IOBS_LR_0_93|BANK3|DIFFI_B3_45N|||
T4|IOBS_LR_0_113|BANK3|DIFFI_B3_42N|tx_byte_num[6]|input|NO
P7|IOBS_LR_0_117|BANK3|DIFFI_B3_41N|des_ip[22]|input|NO
R4|IOBS_LR_0_121|BANK3|DIFFI_B3_40N|tx_byte_num[15]|input|NO
G4|IOBS_LR_0_133|BANK3|DIFFI_B3_39N|des_ip[23]|input|NO
Y1|IOBS_LR_0_141|BANK3|DIFFI_B3_37N|des_ip[15]|input|NO
W1|IOBS_LR_0_145|BANK3|DIFFI_B3_36N|des_ip[14]|input|NO
V1|IOBS_LR_0_149|BANK3|DIFFI_B3_35N|des_ip[29]|input|NO
U1|IOBS_LR_0_161|BANK3|DIFFI_B3_34N|des_ip[10]|input|NO
T1|IOBS_LR_0_165|BANK3|DIFFI_B3_33N|des_ip[1]|input|NO
R1|IOBS_LR_0_169|BANK3|DIFFI_B3_32N|des_ip[30]|input|NO
P1|IOBS_LR_0_173|BANK3|DIFFI_B3_31N|des_ip[9]|input|NO
N1|IOBS_LR_0_177|BANK3|DIFFI_B3_30N|des_ip[0]|input|NO
M1|IOBS_LR_0_201|BANK3|DIFFI_B3_29N/XTAL_A|des_ip[26]|input|NO
L1|IOBS_LR_0_205|BANK3|DIFFI_B3_28N/GCLK26/PLL2_CLK6/PLL3_CLK6|gmii_rx_clk|input|NO
N4|IOBS_LR_0_209|BANK3|DIFFI_B3_27N/GCLK24/PLL2_CLK4/PLL3_CLK4|des_ip[7]|input|NO
M4|IOBS_LR_0_213|BANK3|DIFFI_B3_26N/GCLK22/PLL1_CLK14/PLL4_CLK6/PLL5_CLK6|des_ip[6]|input|NO
L4|IOBS_LR_0_217|BANK3|DIFFI_B3_25N/GCLK20/PLL1_CLK12/PLL4_CLK4/PLL5_CLK4|des_ip[4]|input|NO
L6|IOBS_LR_0_229|BANK3|DIFFI_B3_24N|des_ip[8]|input|NO
K3|IOBS_LR_0_233|BANK3|DIFFI_B3_23N|gmii_txd[6]|output|NO
K1|IOBS_LR_0_237|BANK3|DIFFI_B3_22N|tx_start_en|input|NO
J1|IOBS_LR_0_241|BANK3|DIFFI_B3_21N|tx_data[14]|input|NO
K5|IOBS_LR_0_245|BANK3|DIFFI_B3_20N|tx_done|output|NO
H1|IOBS_LR_0_257|BANK3|DIFFI_B3_19N|tx_data[0]|input|NO
H3|IOBS_LR_0_261|BANK3|DIFFI_B3_18N|des_mac[21]|input|NO
G1|IOBS_LR_0_265|BANK3|DIFFI_B3_17N|des_mac[20]|input|NO
F1|IOBS_LR_0_269|BANK3|DIFFI_B3_16N|des_mac[23]|input|NO
E1|IOBS_LR_0_273|BANK3|DIFFI_B3_15N|gmii_txd[7]|output|NO
H5|IOBS_LR_0_285|BANK3|DIFFI_B3_14N|des_mac[31]|input|NO
D1|IOBS_LR_0_293|BANK3|DIFFI_B3_12N|des_mac[38]|input|NO
E4|IOBS_LR_0_297|BANK3|DIFFI_B3_11N|||
G7|IOBS_LR_0_357|BANK3|DIFFI_B3_3N|||
H8|IOBS_LR_0_361|BANK3|DIFFI_B3_2N|||
G6|IOBS_LR_0_365|BANK3|DIFFI_B3_1N|||
P8|IOBR_LR_0_17|BANK3|DIFFI_B3_57N/VREF_B3|||
M8|IOBR_LR_0_137|BANK3|DIFFI_B3_38N/VREF_B3|des_ip[18]|input|NO
K8|IOBR_LR_0_289|BANK3|DIFFI_B3_13N/VREF_B3|des_mac[14]|input|NO
B1|IOBR_LR_0_369|BANK3|DIFFI_B3_0N/VREF_B3|||
