#Build: Fabric Compiler 2022.1, Build 99559, Jul 12 00:20 2022
#Install: D:\fpga_competition\FPGA_competition\ziguangtongchuang_file\MES50HP_v3\set_up\set_up_file\PDS_2022.1\bin
#Application name: pds_shell.exe
#OS: Windows 10 10.0.22000
#Hostname: Thecomputerofmartin
Generated by Fabric Compiler (version 2022.1 build 99559) at Sun May 26 14:19:37 2024
Compiling verification operator library.
Compiling common defs.
Loading technology operator library.
Compiling technology operator library.
Compiling technology operator (valence) library.
Compiling operator packing rules.
Compiling prim grid devices.
Compiling gate devices.
Compiling gate operators.
Compiling tech operator impls.
Building architecture model.
Loading device packaging model.
Reading design from translate DB.
Flattening design 'udp_loop_noarp'
W: Adm-4019: Unable to further flatten instance 'u_udp'. The design is empty.
W: Public-4008: Instance 'eth0_gmii_to_rgmii/mac_rx_data[0]' of 'GTP_DFF' unit is dangling and will be cleaned.
W: Public-4008: Instance 'eth0_gmii_to_rgmii/mac_rx_data[1]' of 'GTP_DFF' unit is dangling and will be cleaned.
W: Public-4008: Instance 'eth0_gmii_to_rgmii/mac_rx_data[2]' of 'GTP_DFF' unit is dangling and will be cleaned.
W: Public-4008: Instance 'eth0_gmii_to_rgmii/mac_rx_data[3]' of 'GTP_DFF' unit is dangling and will be cleaned.
W: Public-4008: Instance 'eth0_gmii_to_rgmii/mac_rx_data[4]' of 'GTP_DFF' unit is dangling and will be cleaned.
W: Public-4008: Instance 'eth0_gmii_to_rgmii/mac_rx_data[5]' of 'GTP_DFF' unit is dangling and will be cleaned.
W: Public-4008: Instance 'eth0_gmii_to_rgmii/mac_rx_data[6]' of 'GTP_DFF' unit is dangling and will be cleaned.
W: Public-4008: Instance 'eth0_gmii_to_rgmii/mac_rx_data[7]' of 'GTP_DFF' unit is dangling and will be cleaned.
Device mapping started.
Optimizing circuit logic.
Checking design netlist.
Processing tech operator.
Converting tech operator to gate operator.
Processing gate operator.
Device mapping done.
Total device mapping takes 0.00 sec.

Device Utilization Summary:
+------------------------------------------------------------------------+
| Logic Utilization     | Used     | Available     | Utilization(%)     
+------------------------------------------------------------------------+
| APM                   | 0        | 84            | 0                  
| IOCKDLY               | 1        | 40            | 3                  
| FF                    | 0        | 64200         | 0                  
| LUT                   | 0        | 42800         | 0                  
| Distributed RAM       | 0        | 17000         | 0                  
| DLL                   | 1        | 10            | 10                 
| DQSL                  | 0        | 18            | 0                  
| DRM                   | 0        | 134           | 0                  
| FUSECODE              | 0        | 1             | 0                  
| IO                    | 13       | 296           | 5                  
| IOCKDIV               | 0        | 20            | 0                  
| IOCKGATE              | 0        | 20            | 0                  
| IPAL                  | 0        | 1             | 0                  
| PLL                   | 0        | 5             | 0                  
| RCKB                  | 0        | 24            | 0                  
| SCANCHAIN             | 0        | 2             | 0                  
| START                 | 0        | 1             | 0                  
| USCM                  | 1        | 30            | 4                  
| HSST                  | 0        | 1             | 0                  
| OSC                   | 0        | 1             | 0                  
| CRYSTAL               | 0        | 2             | 0                  
| RESCAL                | 0        | 4             | 0                  
| UDID                  | 0        | 1             | 0                  
| PCIE                  | 0        | 1             | 0                  
+------------------------------------------------------------------------+

Design 'udp_loop_noarp' has been successfully mapped to architecture-specific objects.
Saving design to DB.
W: Public-4010: Pcf file C:/Users/86151/Desktop/auido_fft_fir/ziguangTongchuang_Competition_Documents/prj/prj_udp_loop_noarp/device_map/udp_loop_noarp.pcf has been covered.
Action dev_map: Real time elapsed is 0h:0m:5s
Action dev_map: CPU time elapsed is 0h:0m:3s
Action dev_map: Process CPU time elapsed is 0h:0m:3s
Current time: Sun May 26 14:19:40 2024
Action dev_map: Peak memory pool usage is 229 MB
