#Build: Fabric Compiler 2022.1, Build 99559, Jul 12 00:20 2022
#Install: D:\fpga_competition\FPGA_competition\ziguangtongchuang_file\MES50HP_v3\set_up\set_up_file\PDS_2022.1\bin
#Application name: pds_shell.exe
#OS: Windows 10 10.0.22000
#Hostname: Thecomputerofmartin
Generated by Fabric Compiler (version 2022.1 build 99559) at Sat Jul 20 22:03:04 2024
Compiling verification operator library.
Compiling common defs.
Loading technology operator library.
Compiling technology operator library.
Compiling technology operator (valence) library.
Compiling operator packing rules.
Compiling prim grid devices.
Compiling gate devices.
Compiling gate operators.
Compiling tech operator impls.
Building architecture model.
Loading device packaging model.
Reading design from translate DB.
Flattening design 'auido_recognization'
Device mapping started.
Optimizing circuit logic.
I: Const net (pin CEX of inst N369_m1) has been disconnected.
I: Const net (pin CEY of inst N369_m1) has been disconnected.
I: Const net (pin CEX of inst N376_m1) has been disconnected.
I: Const net (pin CEY of inst N376_m1) has been disconnected.
I: Const net (pin CEX of inst N383_m1) has been disconnected.
I: Const net (pin CEY of inst N383_m1) has been disconnected.
I: Const net (pin CEX of inst N390_m1) has been disconnected.
I: Const net (pin CEY of inst N390_m1) has been disconnected.
I: Const net (pin CEX of inst cordic_newton_inst0/N303_m1) has been disconnected.
I: Const net (pin CEY of inst cordic_newton_inst0/N303_m1) has been disconnected.
I: Const net (pin CEX of inst cordic_newton_inst0/N341_m1) has been disconnected.
I: Const net (pin CEY of inst cordic_newton_inst0/N341_m1) has been disconnected.
I: Const net (pin CEX of inst cordic_newton_inst0/N379_m1) has been disconnected.
I: Const net (pin CEY of inst cordic_newton_inst0/N379_m1) has been disconnected.
I: Const net (pin CEX of inst cordic_newton_inst0/N417_m1) has been disconnected.
I: Const net (pin CEY of inst cordic_newton_inst0/N417_m1) has been disconnected.
I: Const net (pin CEX of inst cordic_newton_inst0/N455_m1) has been disconnected.
I: Const net (pin CEY of inst cordic_newton_inst0/N455_m1) has been disconnected.
I: Const net (pin CEX of inst cordic_newton_inst0/N493_m1) has been disconnected.
I: Const net (pin CEY of inst cordic_newton_inst0/N493_m1) has been disconnected.
I: Const net (pin CEX of inst cordic_newton_inst0/N531_m1) has been disconnected.
I: Const net (pin CEY of inst cordic_newton_inst0/N531_m1) has been disconnected.
I: Const net (pin CEX of inst cordic_newton_inst0/N569_m1) has been disconnected.
I: Const net (pin CEY of inst cordic_newton_inst0/N569_m1) has been disconnected.
I: Const net (pin CEX of inst cordic_newton_inst0/N607_m1) has been disconnected.
I: Const net (pin CEY of inst cordic_newton_inst0/N607_m1) has been disconnected.
I: Const net (pin CEX of inst cordic_newton_inst0/N645_m1) has been disconnected.
I: Const net (pin CEY of inst cordic_newton_inst0/N645_m1) has been disconnected.
I: Const net (pin CEX of inst cordic_newton_inst0/N683_m1) has been disconnected.
I: Const net (pin CEY of inst cordic_newton_inst0/N683_m1) has been disconnected.
I: Const net (pin CEX of inst cordic_newton_inst0/N721_m1) has been disconnected.
I: Const net (pin CEY of inst cordic_newton_inst0/N721_m1) has been disconnected.
I: Const net (pin CEX of inst cordic_newton_inst0/N752_m1) has been disconnected.
I: Const net (pin CEY of inst cordic_newton_inst0/N752_m1) has been disconnected.
I: Const net (pin CEX of inst cordic_newton_inst1/N303_m1) has been disconnected.
I: Const net (pin CEY of inst cordic_newton_inst1/N303_m1) has been disconnected.
I: Const net (pin CEX of inst cordic_newton_inst1/N341_m1) has been disconnected.
I: Const net (pin CEY of inst cordic_newton_inst1/N341_m1) has been disconnected.
I: Const net (pin CEX of inst cordic_newton_inst1/N379_m1) has been disconnected.
I: Const net (pin CEY of inst cordic_newton_inst1/N379_m1) has been disconnected.
I: Const net (pin CEX of inst cordic_newton_inst1/N417_m1) has been disconnected.
I: Const net (pin CEY of inst cordic_newton_inst1/N417_m1) has been disconnected.
I: Const net (pin CEX of inst cordic_newton_inst1/N455_m1) has been disconnected.
I: Const net (pin CEY of inst cordic_newton_inst1/N455_m1) has been disconnected.
I: Const net (pin CEX of inst cordic_newton_inst1/N493_m1) has been disconnected.
I: Const net (pin CEY of inst cordic_newton_inst1/N493_m1) has been disconnected.
I: Const net (pin CEX of inst cordic_newton_inst1/N531_m1) has been disconnected.
I: Const net (pin CEY of inst cordic_newton_inst1/N531_m1) has been disconnected.
I: Const net (pin CEX of inst cordic_newton_inst1/N569_m1) has been disconnected.
I: Const net (pin CEY of inst cordic_newton_inst1/N569_m1) has been disconnected.
I: Const net (pin CEX of inst cordic_newton_inst1/N607_m1) has been disconnected.
I: Const net (pin CEY of inst cordic_newton_inst1/N607_m1) has been disconnected.
I: Const net (pin CEX of inst cordic_newton_inst1/N645_m1) has been disconnected.
I: Const net (pin CEY of inst cordic_newton_inst1/N645_m1) has been disconnected.
I: Const net (pin CEX of inst cordic_newton_inst1/N683_m1) has been disconnected.
I: Const net (pin CEY of inst cordic_newton_inst1/N683_m1) has been disconnected.
I: Const net (pin CEX of inst cordic_newton_inst1/N721_m1) has been disconnected.
I: Const net (pin CEY of inst cordic_newton_inst1/N721_m1) has been disconnected.
I: Const net (pin CEX of inst cordic_newton_inst1/N752_m1) has been disconnected.
I: Const net (pin CEY of inst cordic_newton_inst1/N752_m1) has been disconnected.
I: Const net (pin CEX of inst cordic_newton_inst2/N303_m1) has been disconnected.
I: Const net (pin CEY of inst cordic_newton_inst2/N303_m1) has been disconnected.
I: Const net (pin CEX of inst cordic_newton_inst2/N341_m1) has been disconnected.
I: Const net (pin CEY of inst cordic_newton_inst2/N341_m1) has been disconnected.
I: Const net (pin CEX of inst cordic_newton_inst2/N379_m1) has been disconnected.
I: Const net (pin CEY of inst cordic_newton_inst2/N379_m1) has been disconnected.
I: Const net (pin CEX of inst cordic_newton_inst2/N417_m1) has been disconnected.
I: Const net (pin CEY of inst cordic_newton_inst2/N417_m1) has been disconnected.
I: Const net (pin CEX of inst cordic_newton_inst2/N455_m1) has been disconnected.
I: Const net (pin CEY of inst cordic_newton_inst2/N455_m1) has been disconnected.
I: Const net (pin CEX of inst cordic_newton_inst2/N493_m1) has been disconnected.
I: Const net (pin CEY of inst cordic_newton_inst2/N493_m1) has been disconnected.
I: Const net (pin CEX of inst cordic_newton_inst2/N531_m1) has been disconnected.
I: Const net (pin CEY of inst cordic_newton_inst2/N531_m1) has been disconnected.
I: Const net (pin CEX of inst cordic_newton_inst2/N569_m1) has been disconnected.
I: Const net (pin CEY of inst cordic_newton_inst2/N569_m1) has been disconnected.
I: Const net (pin CEX of inst cordic_newton_inst2/N607_m1) has been disconnected.
I: Const net (pin CEY of inst cordic_newton_inst2/N607_m1) has been disconnected.
I: Const net (pin CEX of inst cordic_newton_inst2/N645_m1) has been disconnected.
I: Const net (pin CEY of inst cordic_newton_inst2/N645_m1) has been disconnected.
I: Const net (pin CEX of inst cordic_newton_inst2/N683_m1) has been disconnected.
I: Const net (pin CEY of inst cordic_newton_inst2/N683_m1) has been disconnected.
I: Const net (pin CEX of inst cordic_newton_inst2/N721_m1) has been disconnected.
I: Const net (pin CEY of inst cordic_newton_inst2/N721_m1) has been disconnected.
I: Const net (pin CEX of inst cordic_newton_inst2/N752_m1) has been disconnected.
I: Const net (pin CEY of inst cordic_newton_inst2/N752_m1) has been disconnected.
I: Const net (pin CEX of inst cordic_newton_inst3/N303_m1) has been disconnected.
I: Const net (pin CEY of inst cordic_newton_inst3/N303_m1) has been disconnected.
I: Const net (pin CEX of inst cordic_newton_inst3/N341_m1) has been disconnected.
I: Const net (pin CEY of inst cordic_newton_inst3/N341_m1) has been disconnected.
I: Const net (pin CEX of inst cordic_newton_inst3/N379_m1) has been disconnected.
I: Const net (pin CEY of inst cordic_newton_inst3/N379_m1) has been disconnected.
I: Const net (pin CEX of inst cordic_newton_inst3/N417_m1) has been disconnected.
I: Const net (pin CEY of inst cordic_newton_inst3/N417_m1) has been disconnected.
I: Const net (pin CEX of inst cordic_newton_inst3/N455_m1) has been disconnected.
I: Const net (pin CEY of inst cordic_newton_inst3/N455_m1) has been disconnected.
I: Const net (pin CEX of inst cordic_newton_inst3/N493_m1) has been disconnected.
I: Const net (pin CEY of inst cordic_newton_inst3/N493_m1) has been disconnected.
I: Const net (pin CEX of inst cordic_newton_inst3/N531_m1) has been disconnected.
I: Const net (pin CEY of inst cordic_newton_inst3/N531_m1) has been disconnected.
I: Const net (pin CEX of inst cordic_newton_inst3/N569_m1) has been disconnected.
I: Const net (pin CEY of inst cordic_newton_inst3/N569_m1) has been disconnected.
I: Const net (pin CEX of inst cordic_newton_inst3/N607_m1) has been disconnected.
I: Const net (pin CEY of inst cordic_newton_inst3/N607_m1) has been disconnected.
I: Const net (pin CEX of inst cordic_newton_inst3/N645_m1) has been disconnected.
I: Const net (pin CEY of inst cordic_newton_inst3/N645_m1) has been disconnected.
I: Const net (pin CEX of inst cordic_newton_inst3/N683_m1) has been disconnected.
I: Const net (pin CEY of inst cordic_newton_inst3/N683_m1) has been disconnected.
I: Const net (pin CEX of inst cordic_newton_inst3/N721_m1) has been disconnected.
I: Const net (pin CEY of inst cordic_newton_inst3/N721_m1) has been disconnected.
I: Const net (pin CEX of inst cordic_newton_inst3/N752_m1) has been disconnected.
I: Const net (pin CEY of inst cordic_newton_inst3/N752_m1) has been disconnected.
I: Const net (pin CEX of inst cordic_newton_inst4/N303_m1) has been disconnected.
I: Const net (pin CEY of inst cordic_newton_inst4/N303_m1) has been disconnected.
I: Const net (pin CEX of inst cordic_newton_inst4/N341_m1) has been disconnected.
I: Const net (pin CEY of inst cordic_newton_inst4/N341_m1) has been disconnected.
I: Const net (pin CEX of inst cordic_newton_inst4/N379_m1) has been disconnected.
I: Const net (pin CEY of inst cordic_newton_inst4/N379_m1) has been disconnected.
I: Const net (pin CEX of inst cordic_newton_inst4/N417_m1) has been disconnected.
I: Const net (pin CEY of inst cordic_newton_inst4/N417_m1) has been disconnected.
I: Const net (pin CEX of inst cordic_newton_inst4/N455_m1) has been disconnected.
I: Const net (pin CEY of inst cordic_newton_inst4/N455_m1) has been disconnected.
I: Const net (pin CEX of inst cordic_newton_inst4/N493_m1) has been disconnected.
I: Const net (pin CEY of inst cordic_newton_inst4/N493_m1) has been disconnected.
I: Const net (pin CEX of inst cordic_newton_inst4/N531_m1) has been disconnected.
I: Const net (pin CEY of inst cordic_newton_inst4/N531_m1) has been disconnected.
I: Const net (pin CEX of inst cordic_newton_inst4/N569_m1) has been disconnected.
I: Const net (pin CEY of inst cordic_newton_inst4/N569_m1) has been disconnected.
I: Const net (pin CEX of inst cordic_newton_inst4/N607_m1) has been disconnected.
I: Const net (pin CEY of inst cordic_newton_inst4/N607_m1) has been disconnected.
I: Const net (pin CEX of inst cordic_newton_inst4/N645_m1) has been disconnected.
I: Const net (pin CEY of inst cordic_newton_inst4/N645_m1) has been disconnected.
I: Const net (pin CEX of inst cordic_newton_inst4/N683_m1) has been disconnected.
I: Const net (pin CEY of inst cordic_newton_inst4/N683_m1) has been disconnected.
I: Const net (pin CEX of inst cordic_newton_inst4/N721_m1) has been disconnected.
I: Const net (pin CEY of inst cordic_newton_inst4/N721_m1) has been disconnected.
I: Const net (pin CEX of inst cordic_newton_inst4/N752_m1) has been disconnected.
I: Const net (pin CEY of inst cordic_newton_inst4/N752_m1) has been disconnected.
Checking design netlist.
Processing tech operator.
I: The instance clkbufg_0(GTP_CLKBUFG) has been inserted on the net nt_sys_clk in design, driver pin O(instance sys_clk_ibuf) -> load pin CLK(instance N295).
Converting tech operator to gate operator.
Processing gate operator.
I: Infer CARRY group, base inst: N2_0_1/gateop, insts:11.
I: Infer CARRY group, base inst: N8_0_1/gateop, insts:11.
I: Infer CARRY group, base inst: N14_0_1/gateop, insts:11.
I: Infer CARRY group, base inst: N20_0_1/gateop, insts:11.
I: Infer CARRY group, base inst: N44_a1_1_1/gateop, insts:16.
I: Infer CARRY group, base inst: N119_0_1/gateop, insts:17.
I: Infer CARRY group, base inst: N126_0_1/gateop, insts:18.
I: Infer CARRY group, base inst: N133_0_1/gateop, insts:18.
I: Infer CARRY group, base inst: N164_1/gateop, insts:33.
I: Infer CARRY group, base inst: N201_0_1/gateop, insts:40.
I: Infer CARRY group, base inst: N208_0_1/gateop, insts:40.
I: Infer CARRY group, base inst: N215_1/gateop, insts:41.
I: Infer CARRY group, base inst: N222_1/gateop, insts:41.
I: Infer CARRY group, base inst: N246_1/gateop, insts:40.
I: Infer CARRY group, base inst: N283_1/gateop, insts:41.
I: Infer CARRY group, base inst: N290_0_1/gateop, insts:39.
I: Infer CARRY group, base inst: N304_0_1/gateop, insts:40.
I: Infer CARRY group, base inst: N328_1/gateop, insts:40.
I: Infer CARRY group, base inst: N369_a1_0/gateop, insts:21.
I: Infer CARRY group, base inst: N369_m2_a1_0/gateop, insts:20.
I: Infer CARRY group, base inst: N376_a1_0/gateop, insts:21.
I: Infer CARRY group, base inst: N376_m2_a1_0/gateop, insts:20.
I: Infer CARRY group, base inst: N383_a1_0/gateop, insts:21.
I: Infer CARRY group, base inst: N383_m2_a1_0/gateop, insts:20.
I: Infer CARRY group, base inst: N390_a1_0/gateop, insts:21.
I: Infer CARRY group, base inst: N390_m2_a1_0/gateop, insts:20.
I: Infer CARRY group, base inst: N401.slt_0/gateop, insts:7.
I: Infer CARRY group, base inst: N409.slt_0/gateop, insts:7.
I: Infer CARRY group, base inst: N417.slt_0/gateop, insts:7.
I: Infer CARRY group, base inst: N435.lt_0/gateop, insts:6.
I: Infer CARRY group, base inst: N446.lt_0/gateop, insts:6.
I: Infer CARRY group, base inst: N455.lt_0/gateop, insts:6.
I: Infer CARRY group, base inst: cordic_newton_inst0/N38.lt_1/gateop, insts:11.
I: Infer CARRY group, base inst: cordic_newton_inst0/N76.lt_1/gateop, insts:12.
I: Infer CARRY group, base inst: cordic_newton_inst0/N114.lt_1/gateop, insts:12.
I: Infer CARRY group, base inst: cordic_newton_inst0/N151_a1_2_1/gateop, insts:4.
I: Infer CARRY group, base inst: cordic_newton_inst0/N151_a2_2_0/gateop, insts:6.
I: Infer CARRY group, base inst: cordic_newton_inst0/N151_a3_1/gateop, insts:4.
I: Infer CARRY group, base inst: cordic_newton_inst0/N152.lt_1/gateop, insts:13.
I: Infer CARRY group, base inst: cordic_newton_inst0/N189_a1_2_0/gateop, insts:6.
I: Infer CARRY group, base inst: cordic_newton_inst0/N189_a2_2_0/gateop, insts:7.
I: Infer CARRY group, base inst: cordic_newton_inst0/N189_a3_1/gateop, insts:4.
I: Infer CARRY group, base inst: cordic_newton_inst0/N189_m1_m2_m2_m2_a1_2_1/gateop, insts:4.
I: Infer CARRY group, base inst: cordic_newton_inst0/N190.lt_1/gateop, insts:13.
I: Infer CARRY group, base inst: cordic_newton_inst0/N227_a1_2_0/gateop, insts:7.
I: Infer CARRY group, base inst: cordic_newton_inst0/N227_a2_2_0/gateop, insts:8.
I: Infer CARRY group, base inst: cordic_newton_inst0/N227_a3_1/gateop, insts:4.
I: Infer CARRY group, base inst: cordic_newton_inst0/N227_m1_m2_m2_a1_2_0/gateop, insts:7.
I: Infer CARRY group, base inst: cordic_newton_inst0/N227_m1_m2_m2_m2_a1_1_1/gateop, insts:6.
I: Infer CARRY group, base inst: cordic_newton_inst0/N227_m1_m2_m2_m2_m2_a1_1_1/gateop, insts:5.
I: Infer CARRY group, base inst: cordic_newton_inst0/N227_m2_a1_1_0/gateop, insts:6.
I: Infer CARRY group, base inst: cordic_newton_inst0/N228.lt_1/gateop, insts:14.
I: Infer CARRY group, base inst: cordic_newton_inst0/N265_a1_2_0/gateop, insts:8.
I: Infer CARRY group, base inst: cordic_newton_inst0/N265_a2_2_0/gateop, insts:9.
I: Infer CARRY group, base inst: cordic_newton_inst0/N265_a3_1/gateop, insts:4.
I: Infer CARRY group, base inst: cordic_newton_inst0/N265_m1_m2_m2_a1_1_0/gateop, insts:9.
I: Infer CARRY group, base inst: cordic_newton_inst0/N265_m1_m2_m2_m1_a1_1_1/gateop, insts:5.
I: Infer CARRY group, base inst: cordic_newton_inst0/N265_m1_m2_m2_m2_a1_1_1/gateop, insts:7.
I: Infer CARRY group, base inst: cordic_newton_inst0/N265_m1_m2_m2_m2_m2_a1_1_0/gateop, insts:7.
I: Infer CARRY group, base inst: cordic_newton_inst0/N265_m2_a1_1_0/gateop, insts:7.
I: Infer CARRY group, base inst: cordic_newton_inst0/N266.lt_1/gateop, insts:14.
I: Infer CARRY group, base inst: cordic_newton_inst0/N303_a1_2_0/gateop, insts:9.
I: Infer CARRY group, base inst: cordic_newton_inst0/N303_a2_2_0/gateop, insts:10.
I: Infer CARRY group, base inst: cordic_newton_inst0/N303_a3_1/gateop, insts:4.
I: Infer CARRY group, base inst: cordic_newton_inst0/N303_m2_a1_1_0/gateop, insts:8.
I: Infer CARRY group, base inst: cordic_newton_inst0/N304.lt_0/gateop, insts:20.
I: Infer CARRY group, base inst: cordic_newton_inst0/N341_a1_2_0/gateop, insts:10.
I: Infer CARRY group, base inst: cordic_newton_inst0/N341_a2_2_0/gateop, insts:11.
I: Infer CARRY group, base inst: cordic_newton_inst0/N341_a3_1/gateop, insts:4.
I: Infer CARRY group, base inst: cordic_newton_inst0/N341_m2_a1_1_0/gateop, insts:9.
I: Infer CARRY group, base inst: cordic_newton_inst0/N342.lt_0/gateop, insts:20.
I: Infer CARRY group, base inst: cordic_newton_inst0/N379_a1_2_0/gateop, insts:11.
I: Infer CARRY group, base inst: cordic_newton_inst0/N379_a2_2_0/gateop, insts:12.
I: Infer CARRY group, base inst: cordic_newton_inst0/N379_a3_1/gateop, insts:4.
I: Infer CARRY group, base inst: cordic_newton_inst0/N379_m2_a1_1_0/gateop, insts:10.
I: Infer CARRY group, base inst: cordic_newton_inst0/N380.lt_0/gateop, insts:20.
I: Infer CARRY group, base inst: cordic_newton_inst0/N417_a1_2_0/gateop, insts:12.
I: Infer CARRY group, base inst: cordic_newton_inst0/N417_a2_2_0/gateop, insts:13.
I: Infer CARRY group, base inst: cordic_newton_inst0/N417_a3_1/gateop, insts:4.
I: Infer CARRY group, base inst: cordic_newton_inst0/N417_m2_a1_1_0/gateop, insts:11.
I: Infer CARRY group, base inst: cordic_newton_inst0/N418.lt_0/gateop, insts:20.
I: Infer CARRY group, base inst: cordic_newton_inst0/N455_a1_2_0/gateop, insts:13.
I: Infer CARRY group, base inst: cordic_newton_inst0/N455_a2_2_0/gateop, insts:14.
I: Infer CARRY group, base inst: cordic_newton_inst0/N455_a3_1/gateop, insts:4.
I: Infer CARRY group, base inst: cordic_newton_inst0/N455_m2_a1_1_0/gateop, insts:12.
I: Infer CARRY group, base inst: cordic_newton_inst0/N456.lt_0/gateop, insts:20.
I: Infer CARRY group, base inst: cordic_newton_inst0/N493_a1_2_0/gateop, insts:14.
I: Infer CARRY group, base inst: cordic_newton_inst0/N493_a2_2_0/gateop, insts:15.
I: Infer CARRY group, base inst: cordic_newton_inst0/N493_a3_1/gateop, insts:4.
I: Infer CARRY group, base inst: cordic_newton_inst0/N493_m2_a1_1_0/gateop, insts:13.
I: Infer CARRY group, base inst: cordic_newton_inst0/N494.lt_0/gateop, insts:20.
I: Infer CARRY group, base inst: cordic_newton_inst0/N531_a1_2_0/gateop, insts:15.
I: Infer CARRY group, base inst: cordic_newton_inst0/N531_a2_2_0/gateop, insts:16.
I: Infer CARRY group, base inst: cordic_newton_inst0/N531_a3_1/gateop, insts:4.
I: Infer CARRY group, base inst: cordic_newton_inst0/N531_m2_a1_1_0/gateop, insts:14.
I: Infer CARRY group, base inst: cordic_newton_inst0/N532.lt_0/gateop, insts:20.
I: Infer CARRY group, base inst: cordic_newton_inst0/N569_a1_2_0/gateop, insts:16.
I: Infer CARRY group, base inst: cordic_newton_inst0/N569_a2_2_0/gateop, insts:17.
I: Infer CARRY group, base inst: cordic_newton_inst0/N569_a3_1/gateop, insts:4.
I: Infer CARRY group, base inst: cordic_newton_inst0/N569_m2_a1_1_0/gateop, insts:15.
I: Infer CARRY group, base inst: cordic_newton_inst0/N570.lt_0/gateop, insts:20.
I: Infer CARRY group, base inst: cordic_newton_inst0/N607_a1_2_0/gateop, insts:17.
I: Infer CARRY group, base inst: cordic_newton_inst0/N607_a2_2_0/gateop, insts:18.
I: Infer CARRY group, base inst: cordic_newton_inst0/N607_a3_1/gateop, insts:4.
I: Infer CARRY group, base inst: cordic_newton_inst0/N607_m2_a1_1_0/gateop, insts:16.
I: Infer CARRY group, base inst: cordic_newton_inst0/N608.lt_0/gateop, insts:20.
I: Infer CARRY group, base inst: cordic_newton_inst0/N645_a1_2_0/gateop, insts:18.
I: Infer CARRY group, base inst: cordic_newton_inst0/N645_a2_2_0/gateop, insts:19.
I: Infer CARRY group, base inst: cordic_newton_inst0/N645_a3_1/gateop, insts:4.
I: Infer CARRY group, base inst: cordic_newton_inst0/N645_m2_a1_1_0/gateop, insts:17.
I: Infer CARRY group, base inst: cordic_newton_inst0/N646.lt_0/gateop, insts:20.
I: Infer CARRY group, base inst: cordic_newton_inst0/N683_a1_2_0/gateop, insts:19.
I: Infer CARRY group, base inst: cordic_newton_inst0/N683_a2_2_0/gateop, insts:20.
I: Infer CARRY group, base inst: cordic_newton_inst0/N683_a3_1/gateop, insts:4.
I: Infer CARRY group, base inst: cordic_newton_inst0/N683_m2_a1_1_0/gateop, insts:18.
I: Infer CARRY group, base inst: cordic_newton_inst0/N684.lt_0/gateop, insts:20.
I: Infer CARRY group, base inst: cordic_newton_inst0/N721_a1_1_0/gateop, insts:20.
I: Infer CARRY group, base inst: cordic_newton_inst0/N721_a2_1_0/gateop, insts:21.
I: Infer CARRY group, base inst: cordic_newton_inst0/N721_a3_1/gateop, insts:4.
I: Infer CARRY group, base inst: cordic_newton_inst0/N721_m2_a1_1_0/gateop, insts:19.
I: Infer CARRY group, base inst: cordic_newton_inst0/N722.lt_0/gateop, insts:20.
I: Infer CARRY group, base inst: cordic_newton_inst0/N752_a1_0/gateop, insts:21.
I: Infer CARRY group, base inst: cordic_newton_inst0/N752_a2_0/gateop, insts:22.
I: Infer CARRY group, base inst: cordic_newton_inst0/N752_a3_1/gateop, insts:4.
I: Infer CARRY group, base inst: cordic_newton_inst0/N752_m2_a1_0/gateop, insts:20.
I: Infer CARRY group, base inst: cordic_newton_inst0/N753.lt_0/gateop, insts:20.
I: Infer CARRY group, base inst: cordic_newton_inst1/N304.lt_0/gateop, insts:11.
I: Infer CARRY group, base inst: cordic_newton_inst1/N342.lt_0/gateop, insts:11.
I: Infer CARRY group, base inst: cordic_newton_inst1/N380.lt_0/gateop, insts:11.
I: Infer CARRY group, base inst: cordic_newton_inst1/N418.lt_0/gateop, insts:11.
I: Infer CARRY group, base inst: cordic_newton_inst1/N456.lt_0/gateop, insts:11.
I: Infer CARRY group, base inst: cordic_newton_inst1/N494.lt_0/gateop, insts:11.
I: Infer CARRY group, base inst: cordic_newton_inst1/N532.lt_0/gateop, insts:11.
I: Infer CARRY group, base inst: cordic_newton_inst1/N570.lt_0/gateop, insts:11.
I: Infer CARRY group, base inst: cordic_newton_inst1/N608.lt_0/gateop, insts:11.
I: Infer CARRY group, base inst: cordic_newton_inst1/N646.lt_0/gateop, insts:11.
I: Infer CARRY group, base inst: cordic_newton_inst1/N684.lt_0/gateop, insts:11.
I: Infer CARRY group, base inst: cordic_newton_inst1/N722.lt_0/gateop, insts:11.
I: Infer CARRY group, base inst: cordic_newton_inst1/N753.lt_0/gateop, insts:11.
I: Infer CARRY group, base inst: cordic_newton_inst2/N304.lt_0/gateop, insts:11.
I: Infer CARRY group, base inst: cordic_newton_inst2/N342.lt_0/gateop, insts:11.
I: Infer CARRY group, base inst: cordic_newton_inst2/N380.lt_0/gateop, insts:11.
I: Infer CARRY group, base inst: cordic_newton_inst2/N418.lt_0/gateop, insts:11.
I: Infer CARRY group, base inst: cordic_newton_inst2/N456.lt_0/gateop, insts:11.
I: Infer CARRY group, base inst: cordic_newton_inst2/N494.lt_0/gateop, insts:11.
I: Infer CARRY group, base inst: cordic_newton_inst2/N532.lt_0/gateop, insts:11.
I: Infer CARRY group, base inst: cordic_newton_inst2/N570.lt_0/gateop, insts:11.
I: Infer CARRY group, base inst: cordic_newton_inst2/N608.lt_0/gateop, insts:11.
I: Infer CARRY group, base inst: cordic_newton_inst2/N646.lt_0/gateop, insts:11.
I: Infer CARRY group, base inst: cordic_newton_inst2/N684.lt_0/gateop, insts:11.
I: Infer CARRY group, base inst: cordic_newton_inst2/N722.lt_0/gateop, insts:11.
I: Infer CARRY group, base inst: cordic_newton_inst2/N753.lt_0/gateop, insts:11.
I: Infer CARRY group, base inst: cordic_newton_inst3/N304.lt_0/gateop, insts:11.
I: Infer CARRY group, base inst: cordic_newton_inst3/N342.lt_0/gateop, insts:11.
I: Infer CARRY group, base inst: cordic_newton_inst3/N380.lt_0/gateop, insts:11.
I: Infer CARRY group, base inst: cordic_newton_inst3/N418.lt_0/gateop, insts:11.
I: Infer CARRY group, base inst: cordic_newton_inst3/N456.lt_0/gateop, insts:11.
I: Infer CARRY group, base inst: cordic_newton_inst3/N494.lt_0/gateop, insts:11.
I: Infer CARRY group, base inst: cordic_newton_inst3/N532.lt_0/gateop, insts:11.
I: Infer CARRY group, base inst: cordic_newton_inst3/N570.lt_0/gateop, insts:11.
I: Infer CARRY group, base inst: cordic_newton_inst3/N608.lt_0/gateop, insts:11.
I: Infer CARRY group, base inst: cordic_newton_inst3/N646.lt_0/gateop, insts:11.
I: Infer CARRY group, base inst: cordic_newton_inst3/N684.lt_0/gateop, insts:11.
I: Infer CARRY group, base inst: cordic_newton_inst3/N722.lt_0/gateop, insts:11.
I: Infer CARRY group, base inst: cordic_newton_inst3/N753.lt_0/gateop, insts:11.
I: Infer CARRY group, base inst: cordic_newton_inst4/N304.lt_0/gateop, insts:11.
I: Infer CARRY group, base inst: cordic_newton_inst4/N342.lt_0/gateop, insts:11.
I: Infer CARRY group, base inst: cordic_newton_inst4/N380.lt_0/gateop, insts:11.
I: Infer CARRY group, base inst: cordic_newton_inst4/N418.lt_0/gateop, insts:11.
I: Infer CARRY group, base inst: cordic_newton_inst4/N456.lt_0/gateop, insts:11.
I: Infer CARRY group, base inst: cordic_newton_inst4/N494.lt_0/gateop, insts:11.
I: Infer CARRY group, base inst: cordic_newton_inst4/N532.lt_0/gateop, insts:11.
I: Infer CARRY group, base inst: cordic_newton_inst4/N570.lt_0/gateop, insts:11.
I: Infer CARRY group, base inst: cordic_newton_inst4/N608.lt_0/gateop, insts:11.
I: Infer CARRY group, base inst: cordic_newton_inst4/N646.lt_0/gateop, insts:11.
I: Infer CARRY group, base inst: cordic_newton_inst4/N684.lt_0/gateop, insts:11.
I: Infer CARRY group, base inst: cordic_newton_inst4/N722.lt_0/gateop, insts:11.
I: Infer CARRY group, base inst: cordic_newton_inst4/N753.lt_0/gateop, insts:11.
I: Infer CARRY group, base inst: divide_inst0/N17.lt_0/gateop, insts:19.
I: Infer CARRY group, base inst: divide_inst0/N21.fsub_0/gateop, insts:39.
I: Infer CARRY group, base inst: divide_inst0/N57.lt_0/gateop, insts:20.
I: Infer CARRY group, base inst: divide_inst0/N61.fsub_0/gateop, insts:39.
I: Infer CARRY group, base inst: divide_inst0/N97.lt_0/gateop, insts:20.
I: Infer CARRY group, base inst: divide_inst0/N101.fsub_0/gateop, insts:39.
I: Infer CARRY group, base inst: divide_inst0/N137.lt_0/gateop, insts:20.
I: Infer CARRY group, base inst: divide_inst0/N141_1.fsub_0/gateop, insts:38.
I: Infer CARRY group, base inst: divide_inst0/N177.lt_0/gateop, insts:20.
I: Infer CARRY group, base inst: divide_inst0/N181_1.fsub_0/gateop, insts:38.
I: Infer CARRY group, base inst: divide_inst0/N217.lt_0/gateop, insts:20.
I: Infer CARRY group, base inst: divide_inst0/N221_1.fsub_0/gateop, insts:38.
I: Infer CARRY group, base inst: divide_inst0/N257.lt_0/gateop, insts:20.
I: Infer CARRY group, base inst: divide_inst0/N261_1.fsub_0/gateop, insts:38.
I: Infer CARRY group, base inst: divide_inst0/N297.lt_0/gateop, insts:20.
I: Infer CARRY group, base inst: divide_inst0/N301_1.fsub_0/gateop, insts:38.
I: Infer CARRY group, base inst: divide_inst0/N337.lt_0/gateop, insts:20.
I: Infer CARRY group, base inst: divide_inst0/N341_1.fsub_0/gateop, insts:38.
I: Infer CARRY group, base inst: divide_inst0/N377.lt_0/gateop, insts:20.
I: Infer CARRY group, base inst: divide_inst0/N381_1.fsub_0/gateop, insts:38.
I: Infer CARRY group, base inst: divide_inst0/N417.lt_0/gateop, insts:20.
I: Infer CARRY group, base inst: divide_inst0/N421_1.fsub_0/gateop, insts:38.
I: Infer CARRY group, base inst: divide_inst0/N457.lt_0/gateop, insts:20.
I: Infer CARRY group, base inst: divide_inst0/N461_1.fsub_0/gateop, insts:38.
I: Infer CARRY group, base inst: divide_inst0/N497.lt_0/gateop, insts:20.
I: Infer CARRY group, base inst: divide_inst1/N17.lt_0/gateop, insts:19.
I: Infer CARRY group, base inst: divide_inst1/N21.fsub_0/gateop, insts:39.
I: Infer CARRY group, base inst: divide_inst1/N57.lt_0/gateop, insts:20.
I: Infer CARRY group, base inst: divide_inst1/N61.fsub_0/gateop, insts:39.
I: Infer CARRY group, base inst: divide_inst1/N97.lt_0/gateop, insts:20.
I: Infer CARRY group, base inst: divide_inst1/N101.fsub_0/gateop, insts:39.
I: Infer CARRY group, base inst: divide_inst1/N137.lt_0/gateop, insts:20.
I: Infer CARRY group, base inst: divide_inst1/N141_1.fsub_0/gateop, insts:38.
I: Infer CARRY group, base inst: divide_inst1/N177.lt_0/gateop, insts:20.
I: Infer CARRY group, base inst: divide_inst1/N181_1.fsub_0/gateop, insts:38.
I: Infer CARRY group, base inst: divide_inst1/N217.lt_0/gateop, insts:20.
I: Infer CARRY group, base inst: divide_inst1/N221_1.fsub_0/gateop, insts:38.
I: Infer CARRY group, base inst: divide_inst1/N257.lt_0/gateop, insts:20.
I: Infer CARRY group, base inst: divide_inst1/N261_1.fsub_0/gateop, insts:38.
I: Infer CARRY group, base inst: divide_inst1/N297.lt_0/gateop, insts:20.
I: Infer CARRY group, base inst: divide_inst1/N301_1.fsub_0/gateop, insts:38.
I: Infer CARRY group, base inst: divide_inst1/N337.lt_0/gateop, insts:20.
I: Infer CARRY group, base inst: divide_inst1/N341_1.fsub_0/gateop, insts:38.
I: Infer CARRY group, base inst: divide_inst1/N377.lt_0/gateop, insts:20.
I: Infer CARRY group, base inst: divide_inst1/N381_1.fsub_0/gateop, insts:38.
I: Infer CARRY group, base inst: divide_inst1/N417.lt_0/gateop, insts:20.
I: Infer CARRY group, base inst: divide_inst1/N421_1.fsub_0/gateop, insts:38.
I: Infer CARRY group, base inst: divide_inst1/N457.lt_0/gateop, insts:20.
I: Infer CARRY group, base inst: divide_inst1/N461_1.fsub_0/gateop, insts:38.
I: Infer CARRY group, base inst: divide_inst1/N497.lt_0/gateop, insts:20.
I: Infer CARRY group, base inst: divide_inst2/N17.lt_0/gateop, insts:19.
I: Infer CARRY group, base inst: divide_inst2/N21.fsub_0/gateop, insts:39.
I: Infer CARRY group, base inst: divide_inst2/N57.lt_0/gateop, insts:20.
I: Infer CARRY group, base inst: divide_inst2/N61.fsub_0/gateop, insts:39.
I: Infer CARRY group, base inst: divide_inst2/N97.lt_0/gateop, insts:20.
I: Infer CARRY group, base inst: divide_inst2/N101.fsub_0/gateop, insts:39.
I: Infer CARRY group, base inst: divide_inst2/N137.lt_0/gateop, insts:20.
I: Infer CARRY group, base inst: divide_inst2/N141_1.fsub_0/gateop, insts:38.
I: Infer CARRY group, base inst: divide_inst2/N177.lt_0/gateop, insts:20.
I: Infer CARRY group, base inst: divide_inst2/N181_1.fsub_0/gateop, insts:38.
I: Infer CARRY group, base inst: divide_inst2/N217.lt_0/gateop, insts:20.
I: Infer CARRY group, base inst: divide_inst2/N221_1.fsub_0/gateop, insts:38.
I: Infer CARRY group, base inst: divide_inst2/N257.lt_0/gateop, insts:20.
I: Infer CARRY group, base inst: divide_inst2/N261_1.fsub_0/gateop, insts:38.
I: Infer CARRY group, base inst: divide_inst2/N297.lt_0/gateop, insts:20.
I: Infer CARRY group, base inst: divide_inst2/N301_1.fsub_0/gateop, insts:38.
I: Infer CARRY group, base inst: divide_inst2/N337.lt_0/gateop, insts:20.
I: Infer CARRY group, base inst: divide_inst2/N341_1.fsub_0/gateop, insts:38.
I: Infer CARRY group, base inst: divide_inst2/N377.lt_0/gateop, insts:20.
I: Infer CARRY group, base inst: divide_inst2/N381_1.fsub_0/gateop, insts:38.
I: Infer CARRY group, base inst: divide_inst2/N417.lt_0/gateop, insts:20.
I: Infer CARRY group, base inst: divide_inst2/N421_1.fsub_0/gateop, insts:38.
I: Infer CARRY group, base inst: divide_inst2/N457.lt_0/gateop, insts:20.
I: Infer CARRY group, base inst: divide_inst2/N461_1.fsub_0/gateop, insts:38.
I: Infer CARRY group, base inst: divide_inst2/N497.lt_0/gateop, insts:20.
I: Infer CARRY group, base inst: divide_inst3/N17.lt_0/gateop, insts:19.
I: Infer CARRY group, base inst: divide_inst3/N21.fsub_0/gateop, insts:39.
I: Infer CARRY group, base inst: divide_inst3/N57.lt_0/gateop, insts:20.
I: Infer CARRY group, base inst: divide_inst3/N61.fsub_0/gateop, insts:39.
I: Infer CARRY group, base inst: divide_inst3/N97.lt_0/gateop, insts:20.
I: Infer CARRY group, base inst: divide_inst3/N101.fsub_0/gateop, insts:39.
I: Infer CARRY group, base inst: divide_inst3/N137.lt_0/gateop, insts:20.
I: Infer CARRY group, base inst: divide_inst3/N141_1.fsub_0/gateop, insts:38.
I: Infer CARRY group, base inst: divide_inst3/N177.lt_0/gateop, insts:20.
I: Infer CARRY group, base inst: divide_inst3/N181_1.fsub_0/gateop, insts:38.
I: Infer CARRY group, base inst: divide_inst3/N217.lt_0/gateop, insts:20.
I: Infer CARRY group, base inst: divide_inst3/N221_1.fsub_0/gateop, insts:38.
I: Infer CARRY group, base inst: divide_inst3/N257.lt_0/gateop, insts:20.
I: Infer CARRY group, base inst: divide_inst3/N261_1.fsub_0/gateop, insts:38.
I: Infer CARRY group, base inst: divide_inst3/N297.lt_0/gateop, insts:20.
I: Infer CARRY group, base inst: divide_inst3/N301_1.fsub_0/gateop, insts:38.
I: Infer CARRY group, base inst: divide_inst3/N337.lt_0/gateop, insts:20.
I: Infer CARRY group, base inst: divide_inst3/N341_1.fsub_0/gateop, insts:38.
I: Infer CARRY group, base inst: divide_inst3/N377.lt_0/gateop, insts:20.
I: Infer CARRY group, base inst: divide_inst3/N381_1.fsub_0/gateop, insts:38.
I: Infer CARRY group, base inst: divide_inst3/N417.lt_0/gateop, insts:20.
I: Infer CARRY group, base inst: divide_inst3/N421_1.fsub_0/gateop, insts:38.
I: Infer CARRY group, base inst: divide_inst3/N457.lt_0/gateop, insts:20.
I: Infer CARRY group, base inst: divide_inst3/N461_1.fsub_0/gateop, insts:38.
I: Infer CARRY group, base inst: divide_inst3/N497.lt_0/gateop, insts:20.
Device mapping done.
Total device mapping takes 1.36 sec.

Device Utilization Summary:
+-------------------------------------------------------------------------+
| Logic Utilization     | Used      | Available     | Utilization(%)     
+-------------------------------------------------------------------------+
| APM                   | 72        | 84            | 86                 
| IOCKDLY               | 0         | 40            | 0                  
| FF                    | 6327      | 64200         | 10                 
| LUT                   | 10006     | 42800         | 24                 
| Distributed RAM       | 0         | 17000         | 0                  
| DLL                   | 0         | 10            | 0                  
| DQSL                  | 0         | 18            | 0                  
| DRM                   | 0         | 134           | 0                  
| FUSECODE              | 0         | 1             | 0                  
| IO                    | 24        | 296           | 9                  
| IOCKDIV               | 0         | 20            | 0                  
| IOCKGATE              | 0         | 20            | 0                  
| IPAL                  | 0         | 1             | 0                  
| PLL                   | 0         | 5             | 0                  
| RCKB                  | 0         | 24            | 0                  
| SCANCHAIN             | 0         | 2             | 0                  
| START                 | 0         | 1             | 0                  
| USCM                  | 1         | 30            | 4                  
| HSST                  | 0         | 1             | 0                  
| OSC                   | 0         | 1             | 0                  
| CRYSTAL               | 0         | 2             | 0                  
| RESCAL                | 0         | 4             | 0                  
| UDID                  | 0         | 1             | 0                  
| PCIE                  | 0         | 1             | 0                  
+-------------------------------------------------------------------------+

Design 'auido_recognization' has been successfully mapped to architecture-specific objects.
Saving design to DB.
Action dev_map: Real time elapsed is 0h:0m:8s
Action dev_map: CPU time elapsed is 0h:0m:6s
Action dev_map: Process CPU time elapsed is 0h:0m:6s
Current time: Sat Jul 20 22:03:10 2024
Action dev_map: Peak memory pool usage is 346 MB
