IP Generator (Version 2022.1 build 99559)
Check out license ...
Start generating at 2024-05-26 12:00
Instance: fifo_udp_loop (C:\Users\86151\Desktop\auido_fft_fir\ziguangTongchuang_Competition_Documents\prj\prj_udp_loop_noarp\ipcore\fifo_udp_loop\fifo_udp_loop.idf)
IP: Distributed FIFO (1.2)
Part: Logos-PGL50H-FBG484--6
Create directory 'rtl' ...
Copy 'rtl\ipm_distributed_fifo_ctr_v1_0.v' to 'rtl' ...
Copy 'rtl\ipm_distributed_fifo_v1_2.v.xml' to 'rtl' ...
Copy 'rtl\ipm_distributed_sdpram_v1_2.v.xml' to 'rtl' ...
Compile file 'rtl\ipm_distributed_fifo_v1_2.v.xml' to 'rtl\ipm_distributed_fifo_v1_2_fifo_udp_loop.v' ...
Compile file 'rtl\ipm_distributed_sdpram_v1_2.v.xml' to 'rtl\ipm_distributed_sdpram_v1_2_fifo_udp_loop.v' ...
Copy 'ipm_distributed_fifo_wrapper_v1_2.v.xml' ...
Copy 'ipm_distributed_fifo_wrapper_v1_2_tb.v.xml' ...
Compile file 'ipm_distributed_fifo_wrapper_v1_2.v.xml' to 'fifo_udp_loop.v' ...
Found top module 'fifo_udp_loop' in file 'fifo_udp_loop.v'.
Compile file 'ipm_distributed_fifo_wrapper_v1_2_tb.v.xml' to 'fifo_udp_loop_tb.v' ...
Create template file 'fifo_udp_loop_tmpl.v' ...
Create template file 'fifo_udp_loop_tmpl.vhdl' ...
There are 4 source files to synthesize.
Synthesis is disabled.
Done: 0 error(s), 0 warning(s)
