#Build: Fabric Compiler 2022.1, Build 99559, Jul 12 00:20 2022
#Install: D:\fpga_competition\FPGA_competition\ziguangtongchuang_file\MES50HP_v3\set_up\set_up_file\PDS_2022.1\bin
#Application name: pds_shell.exe
#OS: Windows 10 10.0.22000
#Hostname: Thecomputerofmartin
Generated by Fabric Compiler (version 2022.1 build 99559) at Fri May 24 14:34:24 2024
License checkout: fabric_ads
Compiling verification operator library.
Loading technology operator library.
Compiling technology operator library.
Compiling technology operator (valence) library.
I: Enable Verilog2k features and keywords
Start rtl-analyze.
Executing : .rtl_analyze -work work -include_path {C:/Users/86151/Desktop/auido_fft_fir/ziguangTongchuang_Competition_Documents/prj/prj_uart} C:/Users/86151/Desktop/auido_fft_fir/ziguangTongchuang_Competition_Documents/src/uart/key_filter.v
I: Verilog-0001: Analyzing file C:/Users/86151/Desktop/auido_fft_fir/ziguangTongchuang_Competition_Documents/src/uart/key_filter.v
I: Verilog-0002: [C:/Users/86151/Desktop/auido_fft_fir/ziguangTongchuang_Competition_Documents/src/uart/key_filter.v(line number: 1)] Analyzing module key_filter (library work)
Parsing done.
Executing : .rtl_analyze -work work -include_path {C:/Users/86151/Desktop/auido_fft_fir/ziguangTongchuang_Competition_Documents/prj/prj_uart} C:/Users/86151/Desktop/auido_fft_fir/ziguangTongchuang_Competition_Documents/src/uart/key_filter.v successfully.
Executing : .rtl_analyze -work work -include_path {C:/Users/86151/Desktop/auido_fft_fir/ziguangTongchuang_Competition_Documents/prj/prj_uart} C:/Users/86151/Desktop/auido_fft_fir/ziguangTongchuang_Competition_Documents/src/uart/key_uart.v
I: Verilog-0001: Analyzing file C:/Users/86151/Desktop/auido_fft_fir/ziguangTongchuang_Competition_Documents/src/uart/key_uart.v
I: Verilog-0002: [C:/Users/86151/Desktop/auido_fft_fir/ziguangTongchuang_Competition_Documents/src/uart/key_uart.v(line number: 4)] Analyzing module key_uart (library work)
Parsing done.
Executing : .rtl_analyze -work work -include_path {C:/Users/86151/Desktop/auido_fft_fir/ziguangTongchuang_Competition_Documents/prj/prj_uart} C:/Users/86151/Desktop/auido_fft_fir/ziguangTongchuang_Competition_Documents/src/uart/key_uart.v successfully.
Executing : .rtl_analyze -work work -include_path {C:/Users/86151/Desktop/auido_fft_fir/ziguangTongchuang_Competition_Documents/prj/prj_uart} C:/Users/86151/Desktop/auido_fft_fir/ziguangTongchuang_Competition_Documents/src/uart/uart_data_gen.v
I: Verilog-0001: Analyzing file C:/Users/86151/Desktop/auido_fft_fir/ziguangTongchuang_Competition_Documents/src/uart/uart_data_gen.v
I: Verilog-0002: [C:/Users/86151/Desktop/auido_fft_fir/ziguangTongchuang_Competition_Documents/src/uart/uart_data_gen.v(line number: 23)] Analyzing module uart_data_gen (library work)
Parsing done.
Executing : .rtl_analyze -work work -include_path {C:/Users/86151/Desktop/auido_fft_fir/ziguangTongchuang_Competition_Documents/prj/prj_uart} C:/Users/86151/Desktop/auido_fft_fir/ziguangTongchuang_Competition_Documents/src/uart/uart_data_gen.v successfully.
Executing : .rtl_analyze -work work -include_path {C:/Users/86151/Desktop/auido_fft_fir/ziguangTongchuang_Competition_Documents/prj/prj_uart} C:/Users/86151/Desktop/auido_fft_fir/ziguangTongchuang_Competition_Documents/src/uart/uart_rx.v
I: Verilog-0001: Analyzing file C:/Users/86151/Desktop/auido_fft_fir/ziguangTongchuang_Competition_Documents/src/uart/uart_rx.v
I: Verilog-0002: [C:/Users/86151/Desktop/auido_fft_fir/ziguangTongchuang_Competition_Documents/src/uart/uart_rx.v(line number: 24)] Analyzing module uart_rx (library work)
Parsing done.
Executing : .rtl_analyze -work work -include_path {C:/Users/86151/Desktop/auido_fft_fir/ziguangTongchuang_Competition_Documents/prj/prj_uart} C:/Users/86151/Desktop/auido_fft_fir/ziguangTongchuang_Competition_Documents/src/uart/uart_rx.v successfully.
Executing : .rtl_analyze -work work -include_path {C:/Users/86151/Desktop/auido_fft_fir/ziguangTongchuang_Competition_Documents/prj/prj_uart} C:/Users/86151/Desktop/auido_fft_fir/ziguangTongchuang_Competition_Documents/src/uart/uart_top.v
I: Verilog-0001: Analyzing file C:/Users/86151/Desktop/auido_fft_fir/ziguangTongchuang_Competition_Documents/src/uart/uart_top.v
I: Verilog-0002: [C:/Users/86151/Desktop/auido_fft_fir/ziguangTongchuang_Competition_Documents/src/uart/uart_top.v(line number: 24)] Analyzing module uart_top (library work)
E: Verilog-4005: [C:/Users/86151/Desktop/auido_fft_fir/ziguangTongchuang_Competition_Documents/src/uart/uart_top.v(line number: 44)] Syntax error near wire
E: Parsing ERROR.
Executing : .rtl_analyze -work work -include_path {C:/Users/86151/Desktop/auido_fft_fir/ziguangTongchuang_Competition_Documents/prj/prj_uart} C:/Users/86151/Desktop/auido_fft_fir/ziguangTongchuang_Competition_Documents/src/uart/uart_top.v successfully.
Executing : .rtl_analyze -work work -include_path {C:/Users/86151/Desktop/auido_fft_fir/ziguangTongchuang_Competition_Documents/prj/prj_uart} C:/Users/86151/Desktop/auido_fft_fir/ziguangTongchuang_Competition_Documents/src/uart/uart_tx.v
I: Verilog-0001: Analyzing file C:/Users/86151/Desktop/auido_fft_fir/ziguangTongchuang_Competition_Documents/src/uart/uart_tx.v
I: Verilog-0002: [C:/Users/86151/Desktop/auido_fft_fir/ziguangTongchuang_Competition_Documents/src/uart/uart_tx.v(line number: 24)] Analyzing module uart_tx (library work)
Parsing done.
Executing : .rtl_analyze -work work -include_path {C:/Users/86151/Desktop/auido_fft_fir/ziguangTongchuang_Competition_Documents/prj/prj_uart} C:/Users/86151/Desktop/auido_fft_fir/ziguangTongchuang_Competition_Documents/src/uart/uart_tx.v successfully.
I: Module "key_uart" is set as top module.
Program Error Out.
Action compile: Real time elapsed is 0h:0m:4s
Action compile: CPU time elapsed is 0h:0m:0s
Action compile: Process CPU time elapsed is 0h:0m:0s
Current time: Fri May 24 14:34:26 2024
Action compile: Peak memory pool usage is 125 MB
