-----------------------------------------------------------------------------------------------------------------------------------------------------------------------------------------------------------------------------------------------------------------------------------------------------------------------------------------------------------------------------------------------
Detailed RTL Component Info :
-----Module Name :
                    audio_top

-----Multipliers :
                    16 x 16     Multipliers := 7

-----Adders :

APM: Final Mapping Report
|------------------------------------------------------------------------------|----------------------------------------------------------------------------------------|--------------|--------------|---------|---------|---------|---------|---------|---------|--------------|--------------|--------------|--------------|--------------|
| APM Inst Name                                                                | APM Cascade                                                                            | X Size       | Y Size       | Z Size  | P Size  | X_REG   | Y_REG   | Z_REG   | P_REG   | MULT_REG     | PREADD_REG   | USE_PREADD   | USE_POSTADD  | Primitives   |
|------------------------------------------------------------------------------|----------------------------------------------------------------------------------------|--------------|--------------|---------|---------|---------|---------|---------|---------|--------------|--------------|--------------|--------------|--------------|
| lms_top_inst/LMS_inst/LMSX_selfdefine_inst/class1[0].genblk1.LMS_tap_1/N3    | /                                                                                      | 16(unsigned) | 9(unsigned)  | /       | 27      | 1       | 0       | /       | 0       | 0            | 0            | 0            | 0            | GTP_APM_E1   |
|------------------------------------------------------------------------------|----------------------------------------------------------------------------------------|--------------|--------------|---------|---------|---------|---------|---------|---------|--------------|--------------|--------------|--------------|--------------|
| lms_top_inst/LMS_inst/LMSX_selfdefine_inst/class1[0].genblk1.LMS_tap_1/N11   | /                                                                                      | 16(unsigned) | 16(unsigned) | /       | 27      | 1       | 1       | /       | 0       | 0            | 0            | 0            | 1            | GTP_APM_E1   |
|------------------------------------------------------------------------------|----------------------------------------------------------------------------------------|--------------|--------------|---------|---------|---------|---------|---------|---------|--------------|--------------|--------------|--------------|--------------|
| lms_top_inst/LMS_inst/LMSX_selfdefine_inst/class1[1].genblk1.LMS_tap_2/N3    | /                                                                                      | 16(unsigned) | 9(unsigned)  | /       | 27      | 1       | 0       | /       | 0       | 0            | 0            | 0            | 0            | GTP_APM_E1   |
|------------------------------------------------------------------------------|----------------------------------------------------------------------------------------|--------------|--------------|---------|---------|---------|---------|---------|---------|--------------|--------------|--------------|--------------|--------------|
| lms_top_inst/LMS_inst/LMSX_selfdefine_inst/class1[2].genblk1.LMS_tap_2/N3    | /                                                                                      | 16(unsigned) | 9(unsigned)  | /       | 27      | 1       | 0       | /       | 0       | 0            | 0            | 0            | 0            | GTP_APM_E1   |
|------------------------------------------------------------------------------|----------------------------------------------------------------------------------------|--------------|--------------|---------|---------|---------|---------|---------|---------|--------------|--------------|--------------|--------------|--------------|
| lms_top_inst/LMS_inst/LMSX_selfdefine_inst/class1[2].genblk1.LMS_tap_2/N11   | /                                                                                      | 16(unsigned) | 16(unsigned) | /       | 27      | 1       | 1       | /       | 0       | 0            | 0            | 0            | 1            | GTP_APM_E1   |
|------------------------------------------------------------------------------|----------------------------------------------------------------------------------------|--------------|--------------|---------|---------|---------|---------|---------|---------|--------------|--------------|--------------|--------------|--------------|
| lms_top_inst/LMS_inst/LMSX_selfdefine_inst/class1[1].genblk1.LMS_tap_2/N11   | CPO>>16 + lms_top_inst/LMS_inst/LMSX_selfdefine_inst/class1[2].genblk1.LMS_tap_2/N11   | 16(unsigned) | 16(unsigned) | /       | 0       | 1       | 1       | /       | 0       | 0            | 0            | 0            | 0            | GTP_APM_E1   |
|------------------------------------------------------------------------------|----------------------------------------------------------------------------------------|--------------|--------------|---------|---------|---------|---------|---------|---------|--------------|--------------|--------------|--------------|--------------|
| lms_top_inst/LMS_inst/N4                                                     | /                                                                                      | 16(unsigned) | 4(unsigned)  | /       | 20      | 0       | 0       | /       | 0       | 0            | 0            | 0            | 0            | GTP_APM_E1   |
|------------------------------------------------------------------------------|----------------------------------------------------------------------------------------|--------------|--------------|---------|---------|---------|---------|---------|---------|--------------|--------------|--------------|--------------|--------------|

-----------------------------------------------------------------------------------------------------------------------------------------------------------------------------------------------------------------------------------------------------------------------------------------------------------------------------------------------------------------------------------------------

---------------------------------------------------------------------------------------------------------------------------------------------------------------------------------------------------------------------------------------------------------------------------------------------------------------------------------------------------------------------------------------
Detailed RTL Component Info :
-----Module Name :
                    audio_top

-----ROMs :
            512 Bit    (32 x 16 bit)          ROMs := 1
            896 Bit    (64 x 14 bit)          ROMs := 2
            1K Bit    (64 x 16 bit)          ROMs := 1
            1K Bit    (64 x 20 bit)          ROMs := 1
            10K Bit    (512 x 20 bit)          ROMs := 1

-----RAMs :
            16 Bit    (16 x 1 bit)          RAMs := 3
            32 Bit    (16 x 2 bit)          RAMs := 1
            48 Bit    (16 x 3 bit)          RAMs := 1
            112 Bit    (16 x 7 bit)          RAMs := 1
            128 Bit    (16 x 8 bit)          RAMs := 1
            144 Bit    (16 x 9 bit)          RAMs := 1
            160 Bit    (16 x 10 bit)          RAMs := 1
            400 Bit    (16 x 25 bit)          RAMs := 2
            688 Bit    (16 x 43 bit)          RAMs := 2
            160 Bit    (32 x 5 bit)          RAMs := 1
            16K Bit    (1024 x 16 bit)          RAMs := 2
            24K Bit    (1024 x 24 bit)          RAMs := 1
            32K Bit    (1024 x 32 bit)          RAMs := 3

Distributed RAM and Block RAM: Final Mapping Report
|--------------------------------------------------------------------------------------------------------------------------------------------------------------------------------------------------------------------------------------------------------------|------------------------|-------------------|---------|
| DPRAM Inst Name                                                                                                                                                                                                                                              | Size (Depth x Width)   | Primitives        | Count   |
|--------------------------------------------------------------------------------------------------------------------------------------------------------------------------------------------------------------------------------------------------------------|------------------------|-------------------|---------|
| udp_top_inst0/audio_data_pkt1_revised_inst/the_instance_name/u_ipm_distributed_fifo_fifo_audo_data_pkt/ipm_distributed_sdpram_fifo_audo_data_pkt/mem                                                                                                         | 1024 x 16              |                   |         |
|                                                                                                                                                                                                                                                              | 32 x 1                 | GTP_RAM32X1DP     | 512     |
|--------------------------------------------------------------------------------------------------------------------------------------------------------------------------------------------------------------------------------------------------------------|------------------------|-------------------|---------|
| hdmi_test1_inst/ram2_fft/u_ipm_distributed_sdpram_ram2/mem                                                                                                                                                                                                   | 1024 x 32              |                   |         |
|                                                                                                                                                                                                                                                              | 32 x 1                 | GTP_RAM32X1DP     | 1024    |
|--------------------------------------------------------------------------------------------------------------------------------------------------------------------------------------------------------------------------------------------------------------|------------------------|-------------------|---------|
| hdmi_test1_inst/ram2_audio_data/u_ipm_distributed_sdpram_ram2/mem                                                                                                                                                                                            | 1024 x 32              |                   |         |
|                                                                                                                                                                                                                                                              | 32 x 1                 | GTP_RAM32X1DP     | 512     |
|--------------------------------------------------------------------------------------------------------------------------------------------------------------------------------------------------------------------------------------------------------------|------------------------|-------------------|---------|
| fft_top_inst/u_fft_wrapper/use_radix2_burst.u_radix2_burst_core/r2_dit_ctrl/u_stage_sreg/latency_larger_than_2.u_distram_sreg/u_distributed_shiftregister/u_distributed_sdpram/mem                                                                           | 16 x 3                 |                   |         |
|                                                                                                                                                                                                                                                              | 16 x 1                 | GTP_RAM16X1DP     | 3       |
|--------------------------------------------------------------------------------------------------------------------------------------------------------------------------------------------------------------------------------------------------------------|------------------------|-------------------|---------|
| fft_top_inst/u_fft_wrapper/use_radix2_burst.u_radix2_burst_core/r2_dit_ctrl/u_output_sreg/latency_larger_than_2.u_distram_sreg/u_distributed_shiftregister/u_distributed_sdpram/mem                                                                          | 16 x 9                 |                   |         |
|                                                                                                                                                                                                                                                              | 16 x 1                 | GTP_RAM16X1DP     | 9       |
|--------------------------------------------------------------------------------------------------------------------------------------------------------------------------------------------------------------------------------------------------------------|------------------------|-------------------|---------|
| fft_top_inst/u_fft_wrapper/use_radix2_burst.u_radix2_burst_core/r2_dit_ctrl/bfcnt_last_sreg/latency_larger_than_2.u_distram_sreg/u_distributed_shiftregister/u_distributed_sdpram/mem                                                                        | 16 x 1                 |                   |         |
|                                                                                                                                                                                                                                                              | 16 x 1                 | GTP_RAM16X1DP     | 1       |
|--------------------------------------------------------------------------------------------------------------------------------------------------------------------------------------------------------------------------------------------------------------|------------------------|-------------------|---------|
| fft_top_inst/u_fft_wrapper/use_radix2_burst.u_radix2_burst_core/r2_dit_ctrl/u_output_p4_sreg/latency_larger_than_2.u_distram_sreg/u_distributed_shiftregister/u_distributed_sdpram/mem                                                                       | 16 x 10                |                   |         |
|                                                                                                                                                                                                                                                              | 16 x 1                 | GTP_RAM16X1DP     | 10      |
|--------------------------------------------------------------------------------------------------------------------------------------------------------------------------------------------------------------------------------------------------------------|------------------------|-------------------|---------|
| fft_top_inst/u_fft_wrapper/use_radix2_burst.u_radix2_burst_core/r2_dit_bf/u_r2_dit_mult_by_twiddle/u_fft_comp_round/u_re_round/convegent_rouning.u_din_sign_sreg/latency_larger_than_2.u_distram_sreg/u_distributed_shiftregister/u_distributed_sdpram/mem   | 16 x 1                 |                   |         |
|                                                                                                                                                                                                                                                              | 16 x 1                 | GTP_RAM16X1DP     | 1       |
|--------------------------------------------------------------------------------------------------------------------------------------------------------------------------------------------------------------------------------------------------------------|------------------------|-------------------|---------|
| fft_top_inst/u_fft_wrapper/use_radix2_burst.u_radix2_burst_core/r2_dit_bf/u_r2_dit_mult_by_twiddle/u_fft_comp_round/u_im_round/convegent_rouning.u_din_sign_sreg/latency_larger_than_2.u_distram_sreg/u_distributed_shiftregister/u_distributed_sdpram/mem   | 16 x 1                 |                   |         |
|                                                                                                                                                                                                                                                              | 16 x 1                 | GTP_RAM16X1DP     | 1       |
|--------------------------------------------------------------------------------------------------------------------------------------------------------------------------------------------------------------------------------------------------------------|------------------------|-------------------|---------|
| fft_top_inst/u_fft_wrapper/use_radix2_burst.u_radix2_burst_core/r2_dit_bf/u_re_input_sreg/latency_larger_than_2.u_distram_sreg/u_distributed_shiftregister/u_distributed_sdpram/mem                                                                          | 16 x 25                |                   |         |
|                                                                                                                                                                                                                                                              | 16 x 1                 | GTP_RAM16X1DP     | 25      |
|--------------------------------------------------------------------------------------------------------------------------------------------------------------------------------------------------------------------------------------------------------------|------------------------|-------------------|---------|
| fft_top_inst/u_fft_wrapper/use_radix2_burst.u_radix2_burst_core/r2_dit_bf/u_im_input_sreg/latency_larger_than_2.u_distram_sreg/u_distributed_shiftregister/u_distributed_sdpram/mem                                                                          | 16 x 25                |                   |         |
|                                                                                                                                                                                                                                                              | 16 x 1                 | GTP_RAM16X1DP     | 25      |
|--------------------------------------------------------------------------------------------------------------------------------------------------------------------------------------------------------------------------------------------------------------|------------------------|-------------------|---------|
| fft_top_inst/u_fft_wrapper/use_radix2_burst.u_radix2_burst_core/r2_dit_ctrl/u_bfcnt_sreg/latency_larger_than_2.u_distram_sreg/u_distributed_shiftregister/u_distributed_sdpram/mem                                                                           | 16 x 8                 |                   |         |
|                                                                                                                                                                                                                                                              | 16 x 1                 | GTP_RAM16X1DP     | 8       |
|--------------------------------------------------------------------------------------------------------------------------------------------------------------------------------------------------------------------------------------------------------------|------------------------|-------------------|---------|
| voice_loop_test_inst/ES8156_reg_config/N189                                                                                                                                                                                                                  | 32 x 16                |                   |         |
|                                                                                                                                                                                                                                                              | 32 x 1                 | GTP_ROM32X1       | 16      |
|--------------------------------------------------------------------------------------------------------------------------------------------------------------------------------------------------------------------------------------------------------------|------------------------|-------------------|---------|
| ddr_test_inst2/u_ipsxb_ddrc_top/mcdq_wdatapath/ipsxb_distributed_fifo/u_ipsxb_distributed_fifo_distributed_fifo_v1_0/ipsxb_distributed_sdpram_distributed_fifo_v1_0/mem                                                                                      | 16 x 2                 |                   |         |
|                                                                                                                                                                                                                                                              | 16 x 1                 | GTP_RAM16X1DP     | 2       |
|--------------------------------------------------------------------------------------------------------------------------------------------------------------------------------------------------------------------------------------------------------------|------------------------|-------------------|---------|
| udp_top_inst1/audio_data_pkt1_revised_inst/the_instance_name/u_ipm_distributed_fifo_fifo_audo_data_pkt/ipm_distributed_sdpram_fifo_audo_data_pkt/mem                                                                                                         | 1024 x 16              |                   |         |
|                                                                                                                                                                                                                                                              | 32 x 1                 | GTP_RAM32X1SP     | 512     |
|--------------------------------------------------------------------------------------------------------------------------------------------------------------------------------------------------------------------------------------------------------------|------------------------|-------------------|---------|
| fft_top_inst/u_fft_wrapper/use_radix2_burst.u_radix2_burst_core/r2_dit_ctrl/u_raddr_sreg/latency_larger_than_2.u_distram_sreg/u_distributed_shiftregister/u_distributed_sdpram/mem                                                                           | 16 x 7                 |                   |         |
|                                                                                                                                                                                                                                                              | 16 x 1                 | GTP_RAM16X1DP     | 7       |
|--------------------------------------------------------------------------------------------------------------------------------------------------------------------------------------------------------------------------------------------------------------|------------------------|-------------------|---------|
| ddr_test_inst2/u_ipsxb_ddrc_top/mcdq_dcp_top/mcdq_dcp_buf/B_ipsxb_distributed_fifo/u_ipsxb_distributed_fifo_distributed_fifo_v1_0/ipsxb_distributed_sdpram_distributed_fifo_v1_0/mem                                                                         | 16 x 43                |                   |         |
|                                                                                                                                                                                                                                                              | 16 x 1                 | GTP_RAM16X1DP     | 40      |
|--------------------------------------------------------------------------------------------------------------------------------------------------------------------------------------------------------------------------------------------------------------|------------------------|-------------------|---------|
| ddr_test_inst2/u_ipsxb_ddrc_top/mcdq_rdatapath/mcdq_prefetch_fifo/ipsxb_distributed_fifo/u_ipsxb_distributed_fifo_distributed_fifo_v1_0/ipsxb_distributed_sdpram_distributed_fifo_v1_0/mem                                                                   | 32 x 5                 |                   |         |
|                                                                                                                                                                                                                                                              | 32 x 1                 | GTP_RAM32X1DP     | 5       |
|--------------------------------------------------------------------------------------------------------------------------------------------------------------------------------------------------------------------------------------------------------------|------------------------|-------------------|---------|
| ddr_test_inst2/u_ipsxb_ddrc_top/mcdq_dcp_top/mcdq_dcp_buf/A_ipsxb_distributed_fifo/u_ipsxb_distributed_fifo_distributed_fifo_v1_0/ipsxb_distributed_sdpram_distributed_fifo_v1_0/mem                                                                         | 16 x 43                |                   |         |
|                                                                                                                                                                                                                                                              | 16 x 1                 | GTP_RAM16X1DP     | 40      |
|--------------------------------------------------------------------------------------------------------------------------------------------------------------------------------------------------------------------------------------------------------------|------------------------|-------------------|---------|

|-------------------------------------------------------------------------------------------------------------------------------------------------------------------|------------------------|-------------------|-------------------|-------------------|-------------------|
| Inst Name                                                                                                                                                         | Size (Depth x Width)   | Write_Mode_A      | Write_Mode_B      | Ram_Mode          | Primitives        |
|-------------------------------------------------------------------------------------------------------------------------------------------------------------------|------------------------|-------------------|-------------------|-------------------|-------------------|
| hdmi_test1_inst/ms72xx_ctl/ms7200_ctl/N1219_1_concat_3                                                                                                            | 512 x 20               |                   |                   |                   |                   |
|                                       N1219_1_concat_3                                                                                                            | 512 x 20               | NORMAL_WRITE      | /                 | SINGLE_PORT       | GTP_DRM18K        |
|-------------------------------------------------------------------------------------------------------------------------------------------------------------------|------------------------|-------------------|-------------------|-------------------|-------------------|
| hdmi_test1_inst/pattern_vg_revised_inst/dpram/ram                                                                                                                 | 1 K x 32               |                   |                   |                   |                   |
|                                               ram_0                                                                                                               | 1 K x 16               | NORMAL_WRITE      | NORMAL_WRITE      | SIMPLE_DUAL_PORT  | GTP_DRM18K        |
|                                               ram_1                                                                                                               | 1 K x 16               | NORMAL_WRITE      | NORMAL_WRITE      | SIMPLE_DUAL_PORT  | GTP_DRM18K        |
|-------------------------------------------------------------------------------------------------------------------------------------------------------------------|------------------------|-------------------|-------------------|-------------------|-------------------|
| hdmi_test1_inst/ms72xx_ctl/ms7210_ctl/N325_1_concat_2                                                                                                             | 64 x 20                |                   |                   |                   |                   |
|                                       N325_1_concat_2                                                                                                             | 64 x 20                | NORMAL_WRITE      | /                 | SINGLE_PORT       | GTP_DRM9K         |
|-------------------------------------------------------------------------------------------------------------------------------------------------------------------|------------------------|-------------------|-------------------|-------------------|-------------------|
| fft_top_inst/u_fft_wrapper/use_radix2_burst.u_radix2_burst_core/r2_dit_bf/u_r2_dit_mult_by_twiddle/u_twiddle_gen/u_sin_rom/use_drm.u_sin_drm_rom/sin_rom_used_3   | 64 x 14                |                   |                   |                   |                   |
|                                                                                                                                                  sin_rom_used_3   | 64 x 14                | NORMAL_WRITE      | /                 | SINGLE_PORT       | GTP_DRM9K         |
|-------------------------------------------------------------------------------------------------------------------------------------------------------------------|------------------------|-------------------|-------------------|-------------------|-------------------|
| fft_top_inst/u_fft_wrapper/use_radix2_burst.u_radix2_burst_core/r2_dit_bf/u_r2_dit_mult_by_twiddle/u_twiddle_gen/u_sin_rom/use_drm.u_sin_drm_rom/sin_rom_used_2   | 64 x 14                |                   |                   |                   |                   |
|                                                                                                                                                  sin_rom_used_2   | 64 x 14                | NORMAL_WRITE      | /                 | SINGLE_PORT       | GTP_DRM9K         |
|-------------------------------------------------------------------------------------------------------------------------------------------------------------------|------------------------|-------------------|-------------------|-------------------|-------------------|
| voice_loop_test_inst/ES7243E_reg_config/N237                                                                                                                      | 64 x 16                |                   |                   |                   |                   |
|                                         N237                                                                                                                      | 64 x 16                | NORMAL_WRITE      | /                 | SINGLE_PORT       | GTP_DRM9K         |
|-------------------------------------------------------------------------------------------------------------------------------------------------------------------|------------------------|-------------------|-------------------|-------------------|-------------------|
| fft_top_inst/asyn_fifo_inst/m0/ram                                                                                                                                | 1 K x 24               |                   |                   |                   |                   |
|                                ram                                                                                                                                | 1 K x 16               | NORMAL_WRITE      | NORMAL_WRITE      | SIMPLE_DUAL_PORT  | GTP_DRM18K        |
|-------------------------------------------------------------------------------------------------------------------------------------------------------------------|------------------------|-------------------|-------------------|-------------------|-------------------|

---------------------------------------------------------------------------------------------------------------------------------------------------------------------------------------------------------------------------------------------------------------------------------------------------------------------------------------------------------------------------------------

