----------------------------------------------------------------------------------------------------------------------------------------------------
Detailed RTL Component Info :
-----Module Name :
                    voice_loop_test

-----ROMs :
            512 Bit    (32 x 16 bit)          ROMs := 1
            1K Bit    (64 x 16 bit)          ROMs := 1

Distributed RAM and Block RAM: Final Mapping Report
|---------------------------|------------------------|-------------------|---------|
| DPRAM Inst Name           | Size (Depth x Width)   | Primitives        | Count   |
|---------------------------|------------------------|-------------------|---------|
| ES8156_reg_config/N189    | 32 x 16                |                   |         |
|                           | 32 x 1                 | GTP_ROM32X1       | 16      |
|---------------------------|------------------------|-------------------|---------|

|---------------------------|------------------------|-------------------|-------------------|-------------------|-------------------|
| Inst Name                 | Size (Depth x Width)   | Write_Mode_A      | Write_Mode_B      | Ram_Mode          | Primitives        |
|---------------------------|------------------------|-------------------|-------------------|-------------------|-------------------|
| ES7243E_reg_config/N237   | 64 x 16                |                   |                   |                   |                   |
|                    N237   | 64 x 16                | NORMAL_WRITE      | /                 | SINGLE_PORT       | GTP_DRM9K         |
|---------------------------|------------------------|-------------------|-------------------|-------------------|-------------------|

----------------------------------------------------------------------------------------------------------------------------------------------------

