#Build: Fabric Compiler 2022.1, Build 99559, Jul 12 00:20 2022
#Install: D:\fpga_competition\FPGA_competition\ziguangtongchuang_file\MES50HP_v3\set_up\set_up_file\PDS_2022.1\bin
#Application name: pds_shell.exe
#OS: Windows 10 10.0.22000
#Hostname: Thecomputerofmartin
Generated by Fabric Compiler (version 2022.1 build 99559) at Tue Apr  2 15:50:24 2024
License checkout: fabric_ads
Compiling verification operator library.
Compiling common defs.
Loading technology operator library.
Compiling technology operator library.
Compiling technology operator (valence) library.
Reading design from compile DB
Reading design from compile DB successfully.
Constraint check start.
W: ConstraintEditor-4030: No constraint files found, so all ports are unspecified I/O constraint.
Constraint check end.
C: SDC-2025: Clock source 'n:sys_clk' need a clock constraint, please use 'create_clock' or 'create_generate_clock' to generate.
Executing : get_ports sys_clk
Executing : get_ports sys_clk successfully.
Executing : create_clock -name voice_loop_test|sys_clk [get_ports sys_clk] -period 1000.000 -waveform {0.000 500.000} -add
Executing : create_clock -name voice_loop_test|sys_clk [get_ports sys_clk] -period 1000.000 -waveform {0.000 500.000} -add successfully.
Executing : set_clock_groups -name Inferred_clock_group_0 -asynchronous -group voice_loop_test|sys_clk
Executing : set_clock_groups -name Inferred_clock_group_0 -asynchronous -group voice_loop_test|sys_clk successfully.
C: SDC-2025: Clock source 'n:u_pll/clkout0' need a clock constraint, please use 'create_clock' or 'create_generate_clock' to generate.
Executing : get_pins u_pll/u_pll_e3:CLKOUT0
Executing : get_pins u_pll/u_pll_e3:CLKOUT0 successfully.
Executing : create_clock -name PLL|u_pll/u_pll_e3/CLKOUT0 [get_pins u_pll/u_pll_e3:CLKOUT0] -period 1000.000 -waveform {0.000 500.000} -add
Executing : create_clock -name PLL|u_pll/u_pll_e3/CLKOUT0 [get_pins u_pll/u_pll_e3:CLKOUT0] -period 1000.000 -waveform {0.000 500.000} -add successfully.
Executing : set_clock_groups -name Inferred_clock_group_1 -asynchronous -group PLL|u_pll/u_pll_e3/CLKOUT0
Executing : set_clock_groups -name Inferred_clock_group_1 -asynchronous -group PLL|u_pll/u_pll_e3/CLKOUT0 successfully.
C: SDC-2025: Clock source 'n:ES8156_reg_config/clock_i2c' need a clock constraint, please use 'create_clock' or 'create_generate_clock' to generate.
C: SDC-2025: Clock source 'n:es1_dsclk' need a clock constraint, please use 'create_clock' or 'create_generate_clock' to generate.
Executing : get_ports es1_dsclk
Executing : get_ports es1_dsclk successfully.
Executing : create_clock -name voice_loop_test|es1_dsclk [get_ports es1_dsclk] -period 1000.000 -waveform {0.000 500.000} -add
Executing : create_clock -name voice_loop_test|es1_dsclk [get_ports es1_dsclk] -period 1000.000 -waveform {0.000 500.000} -add successfully.
Executing : set_clock_groups -name Inferred_clock_group_2 -asynchronous -group voice_loop_test|es1_dsclk
Executing : set_clock_groups -name Inferred_clock_group_2 -asynchronous -group voice_loop_test|es1_dsclk successfully.
C: SDC-2025: Clock source 'n:es0_dsclk' need a clock constraint, please use 'create_clock' or 'create_generate_clock' to generate.
Executing : get_ports es0_dsclk
Executing : get_ports es0_dsclk successfully.
Executing : create_clock -name voice_loop_test|es0_dsclk [get_ports es0_dsclk] -period 1000.000 -waveform {0.000 500.000} -add
Executing : create_clock -name voice_loop_test|es0_dsclk [get_ports es0_dsclk] -period 1000.000 -waveform {0.000 500.000} -add successfully.
Executing : set_clock_groups -name Inferred_clock_group_3 -asynchronous -group voice_loop_test|es0_dsclk
Executing : set_clock_groups -name Inferred_clock_group_3 -asynchronous -group voice_loop_test|es0_dsclk successfully.
C: SDC-2025: Clock source 'n:ES7243E_reg_config/clock_i2c' need a clock constraint, please use 'create_clock' or 'create_generate_clock' to generate.
Start pre-mapping.
I: Encoding type of FSM 'config_step_fsm[1:0]' is: onehot.
I: [C:/Users/86151/Desktop/auido_fft_fir/source/ES7243E_reg_config.v(line number:49)] The user initial state for regs on FSM config_step_fsm[1:0] is 00 and be encoded 001.
I: Encoding table of FSM 'config_step_fsm[1:0]':
I: from  ES7243E_reg_config/config_step[1] ES7243E_reg_config/config_step[0]
I: to  ES7243E_reg_config/config_step_2 ES7243E_reg_config/config_step_1 ES7243E_reg_config/config_step_0
I: 00 => 001
I: 01 => 010
I: 10 => 100
I: Encoding type of FSM 'config_step_fsm[1:0]' is: onehot.
I: [C:/Users/86151/Desktop/auido_fft_fir/source/ES8156_reg_config.v(line number:48)] The user initial state for regs on FSM config_step_fsm[1:0] is 00 and be encoded 001.
I: Encoding table of FSM 'config_step_fsm[1:0]':
I: from  ES8156_reg_config/config_step[1] ES8156_reg_config/config_step[0]
I: to  ES8156_reg_config/config_step_2 ES8156_reg_config/config_step_1 ES8156_reg_config/config_step_0
I: 00 => 001
I: 01 => 010
I: 10 => 100
I: Constant propagation done on ES7243E_reg_config/N254 (bmsREDOR).
I: Constant propagation done on ES8156_reg_config/N206 (bmsREDOR).
W: Removed bmsWIDEDFFRSE inst i2c_data[23:0] at 0 that is stuck at constant 0.
W: Removed bmsWIDEDFFRSE inst i2c_data[23:0] at 21 that is stuck at constant 1.
I: Constant propagation done on ES7243E_reg_config/i2c_data[23:0] (bmsWIDEDFFRSE).
W: Removed bmsWIDEDFFRSE inst i2c_data[23:0] at 0 that is stuck at constant 0.
W: Removed bmsWIDEDFFRSE inst i2c_data[23:0] at 17 that is stuck at constant 1.
I: Constant propagation done on ES8156_reg_config/i2c_data[23:0] (bmsWIDEDFFRSE).
Executing : pre-mapping successfully. Time elapsed: 0.027s wall, 0.031s user + 0.000s system = 0.031s CPU (116.8%)

Start mod-gen.
W: Public-4008: Instance 'ES7243_i2s_rx/data_valid' of 'bmsWIDEDFFCPE' unit is dangling and will be cleaned.
I: Constant propagation done on out_xor (bmsREDXOR).
I: Constant propagation done on out_xor_1 (bmsREDXOR).
I: Constant propagation done on out_xor_2 (bmsREDXOR).
I: Constant propagation done on out_xor_3 (bmsREDXOR).
I: Constant propagation done on out_xor_4 (bmsREDXOR).
I: Constant propagation done on out_xor_5 (bmsREDXOR).
W: Removed bmsWIDEDFFRSE inst cnt_12M[19:0] at 17 that is stuck at constant 0.
W: Removed bmsWIDEDFFRSE inst rstn_1ms[19:0] at 19 that is stuck at constant 0.
I: Removed inst ES8156_reg_config/clock_i2c which is redundant to ES7243E_reg_config/clock_i2c (type bmsWIDEDFFRSE)
I: Removed inst ES8156_reg_config/clock_cnt[3:0] which is redundant to ES7243E_reg_config/clock_cnt[3:0] (type bmsWIDEDFFRSE)
Executing : mod-gen successfully. Time elapsed: 0.063s wall, 0.062s user + 0.000s system = 0.062s CPU (99.7%)

Start logic-optimization.
Executing : logic-optimization successfully. Time elapsed: 0.113s wall, 0.109s user + 0.000s system = 0.109s CPU (96.8%)

Start tech-mapping phase 1.
W: Public-4008: Instance 'ES8156_reg_config/N189_doreg[14]' of 'bmsWIDEDFFRSE' unit is dangling and will be cleaned.
W: Public-4008: Instance 'ES8156_reg_config/N189_doreg[15]' of 'bmsWIDEDFFRSE' unit is dangling and will be cleaned.
W: Public-4008: Instance 'cnt_12M[17]' of 'bmsWIDEDFFRSE' unit is dangling and will be cleaned.
W: Public-4008: Instance 'cnt_12M[18]' of 'bmsWIDEDFFRSE' unit is dangling and will be cleaned.
W: Public-4008: Instance 'cnt_12M[19]' of 'bmsWIDEDFFRSE' unit is dangling and will be cleaned.
W: Public-4008: Instance 'rstn_1ms[19]' of 'bmsWIDEDFFRSE' unit is dangling and will be cleaned.
Executing : tech-mapping phase 1 successfully. Time elapsed: 0.017s wall, 0.016s user + 0.000s system = 0.016s CPU (94.4%)

Start tech-mapping phase 2.
Executing : tech-mapping phase 2 successfully. Time elapsed: 0.111s wall, 0.094s user + 0.016s system = 0.109s CPU (98.3%)

Start tech-optimization.
Executing : tech-optimization successfully. Time elapsed: 0.021s wall, 0.016s user + 0.000s system = 0.016s CPU (74.1%)

Start phys-optimization.
Executing : phys-optimization successfully. Time elapsed: 0.000s wall, 0.000s user + 0.000s system = 0.000s CPU (n/a%)

Start restore-hierarchy.
Executing : restore-hierarchy successfully. Time elapsed: 0.008s wall, 0.016s user + 0.000s system = 0.016s CPU (188.3%)

W: Unable to honor max fanout constraint for gtp_inv driven net N14_1
W: Unable to honor max fanout constraint for gtp_inv driven net N14_1

Cell Usage:
GTP_DFF                       2 uses
GTP_DFF_C                    27 uses
GTP_DFF_CE                   64 uses
GTP_DFF_E                    15 uses
GTP_DFF_R                    47 uses
GTP_DFF_RE                   15 uses
GTP_DFF_S                    10 uses
GTP_DFF_SE                   16 uses
GTP_DRM9K                     1 use
GTP_GRS                       1 use
GTP_INV                       4 uses
GTP_LUT1                      7 uses
GTP_LUT2                     19 uses
GTP_LUT3                     42 uses
GTP_LUT4                     22 uses
GTP_LUT5                     64 uses
GTP_LUT5CARRY                51 uses
GTP_LUT5M                     9 uses
GTP_MUX2LUT6                  4 uses
GTP_PLL_E3                    1 use
GTP_ROM32X1                  14 uses

I/O ports: 20
GTP_INBUF                  10 uses
GTP_IOBUF                   2 uses
GTP_OUTBUF                  8 uses

Mapping Summary:
Total LUTs: 228 of 22560 (1.01%)
	LUTs as dram: 0 of 7568 (0.00%)
	LUTs as logic: 228
Total Registers: 196 of 33840 (0.58%)
Total Latches: 0

DRM18K:
Total DRM18K = 0.5 of 60 (0.83%)

APMs:
Total APMs = 0.00 of 40 (0.00%)

Total I/O ports = 20 of 308 (6.49%)


Overview of Control Sets:

Number of unique control sets : 19

Histogram:
**************************************************************
  Fanout      | Count    | Sync Set/Reset    Async Set/Reset
--------------------------------------------------------------
  [0, 2)      | 1        | 1                 0
  [2, 4)      | 4        | 3                 1
  [4, 6)      | 2        | 2                 0
  [6, 8)      | 3        | 3                 0
  [8, 10)     | 1        | 0                 1
  [10, 12)    | 0        | 0                 0
  [12, 14)    | 0        | 0                 0
  [14, 16)    | 1        | 1                 0
  [16, Inf)   | 7        | 2                 5
--------------------------------------------------------------
  The maximum fanout: 37
==============================================================

Flip-Flop Distribution:
************************************************************************
  Clock Enable    Sync Set/Reset    Async Set/Reset    Total Registers
------------------------------------------------------------------------
  NO              NO                NO                 2
  NO              NO                YES                27
  NO              YES               NO                 57
  YES             NO                NO                 15
  YES             NO                YES                64
  YES             YES               NO                 31
========================================================================

Latch Distribution:
************************************************
  Gate Enable    Preset/Clear    Total Latches
************************************************
  NO             NO              0
  NO             YES             0
  YES            NO              0
  YES            YES             0
************************************************

Design 'voice_loop_test' has been successfully synthesized to architecture-specific objects.
Saving design to DB.
I: Adm-6003: Trying to disconnect un-connected pin 'Z[0]' of instance 'ND3[11]'.
I: Adm-6003: Trying to disconnect un-connected pin 'Z[0]' of instance 'ND3[10]'.
I: Adm-6003: Trying to disconnect un-connected pin 'Z[0]' of instance 'ND3[9]'.
I: Adm-6003: Trying to disconnect un-connected pin 'Z[0]' of instance 'ND3[8]'.
I: Adm-6003: Trying to disconnect un-connected pin 'Z[0]' of instance 'ND3'.
I: Adm-6003: Trying to disconnect un-connected pin 'Z[0]' of instance 'ND4'.
I: Adm-6003: Trying to disconnect un-connected pin 'Z[0]' of instance 'ND5'.
I: Adm-6003: Trying to disconnect un-connected pin 'Z[0]' of instance 'ND6'.
I: Adm-6003: Trying to disconnect un-connected pin 'Z[0]' of instance 'ND7'.
I: Adm-6003: Trying to disconnect un-connected pin 'Z[0]' of instance 'ND8'.
I: Adm-6003: Trying to disconnect un-connected pin 'Z[0]' of instance 'ND9'.
I: Adm-6003: Trying to disconnect un-connected pin 'Z[0]' of instance 'ND10'.
I: Adm-6003: Trying to disconnect un-connected pin 'Z[0]' of instance 'ND11'.
I: Adm-6003: Trying to disconnect un-connected pin 'Z[0]' of instance 'ND12'.
I: Adm-6003: Trying to disconnect un-connected pin 'Z[0]' of instance 'ND13'.
I: Adm-6003: Trying to disconnect un-connected pin 'Z[0]' of instance 'ND14'.
I: Adm-6003: Trying to disconnect un-connected pin 'Z[0]' of instance 'ND15'.
I: Adm-6003: Trying to disconnect un-connected pin 'Z[0]' of instance 'ND16'.
I: Adm-6003: Trying to disconnect un-connected pin 'Z[0]' of instance 'ND17'.
I: Adm-6003: Trying to disconnect un-connected pin 'Z[0]' of instance 'ND18'.
I: Adm-6003: Trying to disconnect un-connected pin 'Z[0]' of instance 'ND19'.
I: Adm-6003: Trying to disconnect un-connected pin 'Z[0]' of instance 'ND20'.
I: Adm-6003: Trying to disconnect un-connected pin 'Z[0]' of instance 'ND21'.
I: Adm-6003: Trying to disconnect un-connected pin 'Z[0]' of instance 'ND24'.
I: Adm-6003: Trying to disconnect un-connected pin 'Z[0]' of instance 'ND25'.
I: Adm-6003: Trying to disconnect un-connected pin 'Z[0]' of instance 'ND3[7]'.
I: Adm-6003: Trying to disconnect un-connected pin 'Z[0]' of instance 'ND3[6]'.
I: Adm-6003: Trying to disconnect un-connected pin 'Z[0]' of instance 'ND3[5]'.
I: Adm-6003: Trying to disconnect un-connected pin 'Z[0]' of instance 'ND3[4]'.
I: Adm-6003: Trying to disconnect un-connected pin 'Z[0]' of instance 'ND3[3]'.
I: Adm-6003: Trying to disconnect un-connected pin 'Z[0]' of instance 'ND3[2]'.
I: Adm-6003: Trying to disconnect un-connected pin 'Z[0]' of instance 'ND3[1]'.
I: Adm-6003: Trying to disconnect un-connected pin 'Z[0]' of instance 'ND3[0]'.
I: Adm-6003: Trying to disconnect un-connected pin 'Z[0]' of instance 'ND8'.
I: Adm-6003: Trying to disconnect un-connected pin 'Z[0]' of instance 'ND7'.
I: Adm-6003: Trying to disconnect un-connected pin 'Z[0]' of instance 'ND6'.
I: Adm-6003: Trying to disconnect un-connected pin 'Z[0]' of instance 'ND5'.
I: Adm-6003: Trying to disconnect un-connected pin 'Z[0]' of instance 'ND4[6]'.
I: Adm-6003: Trying to disconnect un-connected pin 'Z[0]' of instance 'ND4[5]'.
I: Adm-6003: Trying to disconnect un-connected pin 'Z[0]' of instance 'ND4[3]'.
I: Adm-6003: Trying to disconnect un-connected pin 'Z[0]' of instance 'ND5[6]'.
I: Adm-6003: Trying to disconnect un-connected pin 'Z[0]' of instance 'ND5[5]'.
I: Adm-6003: Trying to disconnect un-connected pin 'Z[0]' of instance 'ND5[4]'.
I: Adm-6003: Trying to disconnect un-connected pin 'Z[0]' of instance 'ND5[3]'.
I: Adm-6003: Trying to disconnect un-connected pin 'Z[0]' of instance 'ND5[2]'.
I: Adm-6003: Trying to disconnect un-connected pin 'Z[0]' of instance 'ND5[1]'.
I: Adm-6003: Trying to disconnect un-connected pin 'Z[0]' of instance 'ND5[0]'.
I: Adm-6003: Trying to disconnect un-connected pin 'Z[0]' of instance 'ND2[1]'.
I: Adm-6003: Trying to disconnect un-connected pin 'Z[0]' of instance 'ND2[0]'.
I: Adm-6003: Trying to disconnect un-connected pin 'Z[0]' of instance 'ND4[4]'.
I: Adm-6003: Trying to disconnect un-connected pin 'Z[0]' of instance 'ND5[8]'.
I: Adm-6003: Trying to disconnect un-connected pin 'Z[0]' of instance 'ND4'.
I: Adm-6003: Trying to disconnect un-connected pin 'Z[0]' of instance 'ND3'.
I: Adm-6003: Trying to disconnect un-connected pin 'Z[0]' of instance 'ND5[7]'.
I: Adm-6003: Trying to disconnect un-connected pin 'Z[0]' of instance 'ND3[13]'.
I: Adm-6003: Trying to disconnect un-connected pin 'Z[0]' of instance 'ND3[12]'.
I: Adm-6003: Trying to disconnect un-connected pin 'Z[0]' of instance 'ND22[0]'.
I: Adm-6003: Trying to disconnect un-connected pin 'Z[0]' of instance 'ND22[1]'.
I: Adm-6003: Trying to disconnect un-connected pin 'Z[0]' of instance 'ND22[2]'.
I: Adm-6003: Trying to disconnect un-connected pin 'Z[0]' of instance 'ND22[3]'.
I: Adm-6003: Trying to disconnect un-connected pin 'Z[0]' of instance 'ND22[4]'.
I: Adm-6003: Trying to disconnect un-connected pin 'Z[0]' of instance 'ND22[5]'.
I: Adm-6003: Trying to disconnect un-connected pin 'Z[0]' of instance 'ND22[6]'.
I: Adm-6003: Trying to disconnect un-connected pin 'Z[0]' of instance 'ND22[7]'.
I: Adm-6003: Trying to disconnect un-connected pin 'Z[0]' of instance 'ND22[8]'.
I: Adm-6003: Trying to disconnect un-connected pin 'Z[0]' of instance 'ND22[9]'.
I: Adm-6003: Trying to disconnect un-connected pin 'Z[0]' of instance 'ND22[10]'.
I: Adm-6003: Trying to disconnect un-connected pin 'Z[0]' of instance 'ND22[11]'.
I: Adm-6003: Trying to disconnect un-connected pin 'Z[0]' of instance 'ND22[12]'.
I: Adm-6003: Trying to disconnect un-connected pin 'Z[0]' of instance 'ND22[13]'.
I: Adm-6003: Trying to disconnect un-connected pin 'Z[0]' of instance 'ND22[14]'.
I: Adm-6003: Trying to disconnect un-connected pin 'Z[0]' of instance 'ND22[15]'.
I: Adm-6003: Trying to disconnect un-connected pin 'Z[0]' of instance 'ND22[16]'.
I: Adm-6003: Trying to disconnect un-connected pin 'Z[0]' of instance 'ND22[17]'.
I: Adm-6003: Trying to disconnect un-connected pin 'Z[0]' of instance 'ND22[18]'.
I: Adm-6003: Trying to disconnect un-connected pin 'Z[0]' of instance 'ND22[19]'.
I: Adm-6003: Trying to disconnect un-connected pin 'Z[0]' of instance 'ND23[0]'.
I: Adm-6003: Trying to disconnect un-connected pin 'Z[0]' of instance 'ND23[1]'.
I: Adm-6003: Trying to disconnect un-connected pin 'Z[0]' of instance 'ND23[2]'.
I: Adm-6003: Trying to disconnect un-connected pin 'Z[0]' of instance 'ND23[3]'.
I: Adm-6003: Trying to disconnect un-connected pin 'Z[0]' of instance 'ND23[4]'.
I: Adm-6003: Trying to disconnect un-connected pin 'Z[0]' of instance 'ND23[5]'.
I: Adm-6003: Trying to disconnect un-connected pin 'Z[0]' of instance 'ND23[6]'.
I: Adm-6003: Trying to disconnect un-connected pin 'Z[0]' of instance 'ND23[7]'.
I: Adm-6003: Trying to disconnect un-connected pin 'Z[0]' of instance 'ND23[8]'.
I: Adm-6003: Trying to disconnect un-connected pin 'Z[0]' of instance 'ND23[9]'.
I: Adm-6003: Trying to disconnect un-connected pin 'Z[0]' of instance 'ND23[10]'.
I: Adm-6003: Trying to disconnect un-connected pin 'Z[0]' of instance 'ND23[11]'.
I: Adm-6003: Trying to disconnect un-connected pin 'Z[0]' of instance 'ND23[12]'.
I: Adm-6003: Trying to disconnect un-connected pin 'Z[0]' of instance 'ND23[13]'.
I: Adm-6003: Trying to disconnect un-connected pin 'Z[0]' of instance 'ND23[14]'.
I: Adm-6003: Trying to disconnect un-connected pin 'Z[0]' of instance 'ND23[15]'.
I: Adm-6003: Trying to disconnect un-connected pin 'Z[0]' of instance 'ND4[2]'.
I: Adm-6003: Trying to disconnect un-connected pin 'Z[0]' of instance 'ND4[1]'.
I: Adm-6003: Trying to disconnect un-connected pin 'Z[0]' of instance 'ND4[0]'.
I: Adm-6003: Trying to disconnect un-connected pin 'Z[0]' of instance 'ND3[23]'.
I: Adm-6003: Trying to disconnect un-connected pin 'Z[0]' of instance 'ND3[22]'.
I: Adm-6003: Trying to disconnect un-connected pin 'Z[0]' of instance 'ND3[21]'.
I: Adm-6003: Trying to disconnect un-connected pin 'Z[0]' of instance 'ND3[20]'.
I: Adm-6003: Trying to disconnect un-connected pin 'Z[0]' of instance 'ND3[19]'.
I: Adm-6003: Trying to disconnect un-connected pin 'Z[0]' of instance 'ND3[18]'.
I: Adm-6003: Trying to disconnect un-connected pin 'Z[0]' of instance 'ND3[17]'.
I: Adm-6003: Trying to disconnect un-connected pin 'Z[0]' of instance 'ND3[16]'.
I: Adm-6003: Trying to disconnect un-connected pin 'Z[0]' of instance 'ND3[15]'.
I: Adm-6003: Trying to disconnect un-connected pin 'Z[0]' of instance 'ND3[14]'.
I: Adm-6003: Trying to disconnect un-connected pin 'Z[0]' of instance 'ND3[13]'.
I: Adm-6003: Trying to disconnect un-connected pin 'Z[0]' of instance 'ND3[12]'.
I: Adm-6003: Trying to disconnect un-connected pin 'Z[0]' of instance 'ND3[11]'.
I: Adm-6003: Trying to disconnect un-connected pin 'Z[0]' of instance 'ND3[10]'.
I: Adm-6003: Trying to disconnect un-connected pin 'Z[0]' of instance 'ND3[9]'.
I: Adm-6003: Trying to disconnect un-connected pin 'Z[0]' of instance 'ND3[8]'.
I: Adm-6003: Trying to disconnect un-connected pin 'Z[0]' of instance 'ND3[7]'.
I: Adm-6003: Trying to disconnect un-connected pin 'Z[0]' of instance 'ND3[6]'.
I: Adm-6003: Trying to disconnect un-connected pin 'Z[0]' of instance 'ND3[5]'.
I: Adm-6003: Trying to disconnect un-connected pin 'Z[0]' of instance 'ND3[4]'.
I: Adm-6003: Trying to disconnect un-connected pin 'Z[0]' of instance 'ND3[3]'.
I: Adm-6003: Trying to disconnect un-connected pin 'Z[0]' of instance 'ND3[2]'.
I: Adm-6003: Trying to disconnect un-connected pin 'Z[0]' of instance 'ND3[1]'.
I: Adm-6003: Trying to disconnect un-connected pin 'Z[0]' of instance 'ND3[0]'.
I: Adm-6003: Trying to disconnect un-connected pin 'Z[0]' of instance 'ND8'.
I: Adm-6003: Trying to disconnect un-connected pin 'Z[0]' of instance 'ND7'.
I: Adm-6003: Trying to disconnect un-connected pin 'Z[0]' of instance 'ND6'.
I: Adm-6003: Trying to disconnect un-connected pin 'Z[0]' of instance 'ND5'.
I: Adm-6003: Trying to disconnect un-connected pin 'Z[0]' of instance 'ND4[6]'.
I: Adm-6003: Trying to disconnect un-connected pin 'Z[0]' of instance 'ND4[5]'.
I: Adm-6003: Trying to disconnect un-connected pin 'Z[0]' of instance 'ND4[3]'.
I: Adm-6003: Trying to disconnect un-connected pin 'Z[0]' of instance 'ND4[4]'.
I: Adm-6003: Trying to disconnect un-connected pin 'Z[0]' of instance 'ND3[14]'.
I: Adm-6003: Trying to disconnect un-connected pin 'Z[0]' of instance 'ND3[15]'.
I: Adm-6003: Trying to disconnect un-connected pin 'Z[0]' of instance 'ND3[16]'.
I: Adm-6003: Trying to disconnect un-connected pin 'Z[0]' of instance 'ND3[17]'.
I: Adm-6003: Trying to disconnect un-connected pin 'Z[0]' of instance 'ND3[18]'.
I: Adm-6003: Trying to disconnect un-connected pin 'Z[0]' of instance 'ND3[19]'.
I: Adm-6003: Trying to disconnect un-connected pin 'Z[0]' of instance 'ND3[20]'.
I: Adm-6003: Trying to disconnect un-connected pin 'Z[0]' of instance 'ND3[21]'.
I: Adm-6003: Trying to disconnect un-connected pin 'Z[0]' of instance 'ND3[22]'.
I: Adm-6003: Trying to disconnect un-connected pin 'Z[0]' of instance 'ND3[23]'.
I: Adm-6003: Trying to disconnect un-connected pin 'Z[0]' of instance 'ND4[0]'.
I: Adm-6003: Trying to disconnect un-connected pin 'Z[0]' of instance 'ND4[1]'.
I: Adm-6003: Trying to disconnect un-connected pin 'Z[0]' of instance 'ND4[2]'.
Saving design to voice_loop_test_syn.vm
W: Public-4008: Instance 'ce' of 'GTP_DFF_R' unit is dangling and will be cleaned.
W: Public-4008: Instance 'cnt_12M[0]' of 'GTP_DFF_R' unit is dangling and will be cleaned.
W: Public-4008: Instance 'cnt_12M[1]' of 'GTP_DFF_R' unit is dangling and will be cleaned.
W: Public-4008: Instance 'cnt_12M[2]' of 'GTP_DFF_R' unit is dangling and will be cleaned.
W: Public-4008: Instance 'cnt_12M[3]' of 'GTP_DFF_R' unit is dangling and will be cleaned.
W: Public-4008: Instance 'cnt_12M[4]' of 'GTP_DFF_R' unit is dangling and will be cleaned.
W: Public-4008: Instance 'cnt_12M[5]' of 'GTP_DFF_R' unit is dangling and will be cleaned.
W: Public-4008: Instance 'cnt_12M[6]' of 'GTP_DFF_R' unit is dangling and will be cleaned.
W: Public-4008: Instance 'cnt_12M[7]' of 'GTP_DFF_R' unit is dangling and will be cleaned.
W: Public-4008: Instance 'cnt_12M[8]' of 'GTP_DFF_R' unit is dangling and will be cleaned.
W: Public-4008: Instance 'cnt_12M[9]' of 'GTP_DFF_R' unit is dangling and will be cleaned.
W: Public-4008: Instance 'cnt_12M[10]' of 'GTP_DFF_R' unit is dangling and will be cleaned.
W: Public-4008: Instance 'cnt_12M[11]' of 'GTP_DFF_R' unit is dangling and will be cleaned.
W: Public-4008: Instance 'cnt_12M[12]' of 'GTP_DFF_R' unit is dangling and will be cleaned.
W: Public-4008: Instance 'cnt_12M[13]' of 'GTP_DFF_R' unit is dangling and will be cleaned.
W: Public-4008: Instance 'cnt_12M[14]' of 'GTP_DFF_R' unit is dangling and will be cleaned.
W: Public-4008: Instance 'cnt_12M[15]' of 'GTP_DFF_R' unit is dangling and will be cleaned.
W: Public-4008: Instance 'cnt_12M[16]' of 'GTP_DFF_R' unit is dangling and will be cleaned.
W: Public-4008: Instance 'ES7243E_reg_config/u_i2c_com/ack1' of 'GTP_DFF_S' unit is dangling and will be cleaned.
W: Public-4008: Instance 'ES7243E_reg_config/u_i2c_com/ack2' of 'GTP_DFF_S' unit is dangling and will be cleaned.
W: Public-4008: Instance 'ES7243E_reg_config/u_i2c_com/ack3' of 'GTP_DFF_S' unit is dangling and will be cleaned.
W: Public-4008: Instance 'ES8156_reg_config/u_i2c_com/ack3' of 'GTP_DFF_S' unit is dangling and will be cleaned.
W: Public-4008: Instance 'ES8156_reg_config/u_i2c_com/ack2' of 'GTP_DFF_S' unit is dangling and will be cleaned.
W: Public-4008: Instance 'ES8156_reg_config/u_i2c_com/ack1' of 'GTP_DFF_S' unit is dangling and will be cleaned.
Constructing timing graph ...
Timing graph has been constructed successfully
C: STA-3009: The clock voice_loop_test|sys_clk is not connected to any clock endpoints,it will be treated as a normal port or pin.
W: STA-3011: Clock pin 'ES7243E_reg_config/N237/CLKA' (GTP_DRM9K.CLKA) has no clock, timing propagation is disabled at the pin.
W: STA-3011: Clock pin 'ES7243E_reg_config/config_step_0/CLK' (GTP_DFF_SE.CLK) has no clock, timing propagation is disabled at the pin.
W: STA-3011: Clock pin 'ES7243E_reg_config/config_step_1/CLK' (GTP_DFF_RE.CLK) has no clock, timing propagation is disabled at the pin.
W: STA-3011: Clock pin 'ES7243E_reg_config/config_step_2/CLK' (GTP_DFF_RE.CLK) has no clock, timing propagation is disabled at the pin.
W: STA-3011: Clock pin 'ES7243E_reg_config/reg_conf_done_reg/CLK' (GTP_DFF_R.CLK) has no clock, timing propagation is disabled at the pin.
W: STA-3011: Clock pin 'ES7243E_reg_config/reg_index[0]/CLK' (GTP_DFF_RE.CLK) has no clock, timing propagation is disabled at the pin.
W: STA-3011: Clock pin 'ES7243E_reg_config/reg_index[1]/CLK' (GTP_DFF_RE.CLK) has no clock, timing propagation is disabled at the pin.
W: STA-3011: Clock pin 'ES7243E_reg_config/reg_index[2]/CLK' (GTP_DFF_RE.CLK) has no clock, timing propagation is disabled at the pin.
W: STA-3011: Clock pin 'ES7243E_reg_config/reg_index[3]/CLK' (GTP_DFF_RE.CLK) has no clock, timing propagation is disabled at the pin.
W: STA-3011: Clock pin 'ES7243E_reg_config/reg_index[4]/CLK' (GTP_DFF_RE.CLK) has no clock, timing propagation is disabled at the pin.
W: STA-3011: Clock pin 'ES7243E_reg_config/reg_index[5]/CLK' (GTP_DFF_RE.CLK) has no clock, timing propagation is disabled at the pin.
W: STA-3011: Clock pin 'ES7243E_reg_config/start/CLK' (GTP_DFF_R.CLK) has no clock, timing propagation is disabled at the pin.
W: STA-3011: Clock pin 'ES7243E_reg_config/u_i2c_com/clock_i2c_test/CLK' (GTP_DFF.CLK) has no clock, timing propagation is disabled at the pin.
W: STA-3011: Clock pin 'ES7243E_reg_config/u_i2c_com/cyc_count[0]/CLK' (GTP_DFF_SE.CLK) has no clock, timing propagation is disabled at the pin.
W: STA-3011: Clock pin 'ES7243E_reg_config/u_i2c_com/cyc_count[1]/CLK' (GTP_DFF_SE.CLK) has no clock, timing propagation is disabled at the pin.
W: STA-3011: Clock pin 'ES7243E_reg_config/u_i2c_com/cyc_count[2]/CLK' (GTP_DFF_SE.CLK) has no clock, timing propagation is disabled at the pin.
W: STA-3011: Clock pin 'ES7243E_reg_config/u_i2c_com/cyc_count[3]/CLK' (GTP_DFF_SE.CLK) has no clock, timing propagation is disabled at the pin.
W: STA-3011: Clock pin 'ES7243E_reg_config/u_i2c_com/cyc_count[4]/CLK' (GTP_DFF_SE.CLK) has no clock, timing propagation is disabled at the pin.
W: STA-3011: Clock pin 'ES7243E_reg_config/u_i2c_com/cyc_count[5]/CLK' (GTP_DFF_SE.CLK) has no clock, timing propagation is disabled at the pin.
W: STA-3011: Clock pin 'ES7243E_reg_config/u_i2c_com/cyc_count[6]/CLK' (GTP_DFF_SE.CLK) has no clock, timing propagation is disabled at the pin.
W: STA-3011: Clock pin 'ES7243E_reg_config/u_i2c_com/reg_sdat/CLK' (GTP_DFF_S.CLK) has no clock, timing propagation is disabled at the pin.
W: STA-3011: Clock pin 'ES7243E_reg_config/u_i2c_com/sclk/CLK' (GTP_DFF_S.CLK) has no clock, timing propagation is disabled at the pin.
W: STA-3011: Clock pin 'ES7243E_reg_config/u_i2c_com/tr_end/CLK' (GTP_DFF_R.CLK) has no clock, timing propagation is disabled at the pin.
W: STA-3011: Clock pin 'ES8156_reg_config/N189_doreg[0]/CLK' (GTP_DFF_E.CLK) has no clock, timing propagation is disabled at the pin.
W: STA-3011: Clock pin 'ES8156_reg_config/N189_doreg[1]/CLK' (GTP_DFF_E.CLK) has no clock, timing propagation is disabled at the pin.
W: STA-3011: Clock pin 'ES8156_reg_config/N189_doreg[2]/CLK' (GTP_DFF_E.CLK) has no clock, timing propagation is disabled at the pin.
W: STA-3011: Clock pin 'ES8156_reg_config/N189_doreg[3]/CLK' (GTP_DFF_E.CLK) has no clock, timing propagation is disabled at the pin.
W: STA-3011: Clock pin 'ES8156_reg_config/N189_doreg[4]/CLK' (GTP_DFF_E.CLK) has no clock, timing propagation is disabled at the pin.
W: STA-3011: Clock pin 'ES8156_reg_config/N189_doreg[5]/CLK' (GTP_DFF_E.CLK) has no clock, timing propagation is disabled at the pin.
W: STA-3011: Clock pin 'ES8156_reg_config/N189_doreg[6]/CLK' (GTP_DFF_E.CLK) has no clock, timing propagation is disabled at the pin.
W: STA-3011: Clock pin 'ES8156_reg_config/N189_doreg[7]/CLK' (GTP_DFF_E.CLK) has no clock, timing propagation is disabled at the pin.
W: STA-3011: Clock pin 'ES8156_reg_config/N189_doreg[8]/CLK' (GTP_DFF_E.CLK) has no clock, timing propagation is disabled at the pin.
W: STA-3011: Clock pin 'ES8156_reg_config/N189_doreg[9]/CLK' (GTP_DFF_E.CLK) has no clock, timing propagation is disabled at the pin.
W: STA-3011: Clock pin 'ES8156_reg_config/N189_doreg[10]/CLK' (GTP_DFF_E.CLK) has no clock, timing propagation is disabled at the pin.
W: STA-3011: Clock pin 'ES8156_reg_config/N189_doreg[11]/CLK' (GTP_DFF_E.CLK) has no clock, timing propagation is disabled at the pin.
W: STA-3011: Clock pin 'ES8156_reg_config/N189_doreg[12]/CLK' (GTP_DFF_E.CLK) has no clock, timing propagation is disabled at the pin.
W: STA-3011: Clock pin 'ES8156_reg_config/N189_doreg[13]/CLK' (GTP_DFF_E.CLK) has no clock, timing propagation is disabled at the pin.
W: STA-3011: Clock pin 'ES8156_reg_config/config_step_0/CLK' (GTP_DFF_SE.CLK) has no clock, timing propagation is disabled at the pin.
W: STA-3011: Clock pin 'ES8156_reg_config/config_step_1/CLK' (GTP_DFF_RE.CLK) has no clock, timing propagation is disabled at the pin.
W: STA-3011: Clock pin 'ES8156_reg_config/config_step_2/CLK' (GTP_DFF_RE.CLK) has no clock, timing propagation is disabled at the pin.
W: STA-3011: Clock pin 'ES8156_reg_config/reg_conf_done_reg/CLK' (GTP_DFF_R.CLK) has no clock, timing propagation is disabled at the pin.
W: STA-3011: Clock pin 'ES8156_reg_config/reg_index[0]/CLK' (GTP_DFF_RE.CLK) has no clock, timing propagation is disabled at the pin.
W: STA-3011: Clock pin 'ES8156_reg_config/reg_index[1]/CLK' (GTP_DFF_RE.CLK) has no clock, timing propagation is disabled at the pin.
W: STA-3011: Clock pin 'ES8156_reg_config/reg_index[2]/CLK' (GTP_DFF_RE.CLK) has no clock, timing propagation is disabled at the pin.
W: STA-3011: Clock pin 'ES8156_reg_config/reg_index[3]/CLK' (GTP_DFF_RE.CLK) has no clock, timing propagation is disabled at the pin.
W: STA-3011: Clock pin 'ES8156_reg_config/reg_index[4]/CLK' (GTP_DFF_RE.CLK) has no clock, timing propagation is disabled at the pin.
W: STA-3011: Clock pin 'ES8156_reg_config/start/CLK' (GTP_DFF_R.CLK) has no clock, timing propagation is disabled at the pin.
W: STA-3011: Clock pin 'ES8156_reg_config/u_i2c_com/clock_i2c_test/CLK' (GTP_DFF.CLK) has no clock, timing propagation is disabled at the pin.
W: STA-3011: Clock pin 'ES8156_reg_config/u_i2c_com/cyc_count[0]/CLK' (GTP_DFF_SE.CLK) has no clock, timing propagation is disabled at the pin.
W: STA-3011: Clock pin 'ES8156_reg_config/u_i2c_com/cyc_count[1]/CLK' (GTP_DFF_SE.CLK) has no clock, timing propagation is disabled at the pin.
W: STA-3011: Clock pin 'ES8156_reg_config/u_i2c_com/cyc_count[2]/CLK' (GTP_DFF_SE.CLK) has no clock, timing propagation is disabled at the pin.
W: STA-3011: Clock pin 'ES8156_reg_config/u_i2c_com/cyc_count[3]/CLK' (GTP_DFF_SE.CLK) has no clock, timing propagation is disabled at the pin.
W: STA-3011: Clock pin 'ES8156_reg_config/u_i2c_com/cyc_count[4]/CLK' (GTP_DFF_SE.CLK) has no clock, timing propagation is disabled at the pin.
W: STA-3011: Clock pin 'ES8156_reg_config/u_i2c_com/cyc_count[5]/CLK' (GTP_DFF_SE.CLK) has no clock, timing propagation is disabled at the pin.
W: STA-3011: Clock pin 'ES8156_reg_config/u_i2c_com/cyc_count[6]/CLK' (GTP_DFF_SE.CLK) has no clock, timing propagation is disabled at the pin.
W: STA-3011: Clock pin 'ES8156_reg_config/u_i2c_com/reg_sdat/CLK' (GTP_DFF_S.CLK) has no clock, timing propagation is disabled at the pin.
W: STA-3011: Clock pin 'ES8156_reg_config/u_i2c_com/sclk/CLK' (GTP_DFF_S.CLK) has no clock, timing propagation is disabled at the pin.
W: STA-3011: Clock pin 'ES8156_reg_config/u_i2c_com/tr_end/CLK' (GTP_DFF_R.CLK) has no clock, timing propagation is disabled at the pin.
W: Timing-4086: Port 'es7243_sda' is not constrained, it is treated as combinational input.
W: Timing-4087: Port 'es7243_sda' is not constrained, it is treated as combinational output.
W: Timing-4086: Port 'es8156_sda' is not constrained, it is treated as combinational input.
W: Timing-4087: Port 'es8156_sda' is not constrained, it is treated as combinational output.
W: Timing-4087: Port 'adc_dac_int' is not constrained, it is treated as combinational output.
W: Timing-4087: Port 'es0_mclk' is not constrained, it is treated as combinational output.
W: Timing-4087: Port 'es1_mclk' is not constrained, it is treated as combinational output.
W: Timing-4087: Port 'es1_sdout' is not constrained, it is treated as combinational output.
W: Timing-4087: Port 'es7243_scl' is not constrained, it is treated as combinational output.
W: Timing-4087: Port 'es8156_scl' is not constrained, it is treated as combinational output.
W: Timing-4087: Port 'lin_led' is not constrained, it is treated as combinational output.
W: Timing-4087: Port 'lout_led' is not constrained, it is treated as combinational output.
W: Timing-4086: Port 'es0_alrck' is not constrained, it is treated as combinational input.
W: Timing-4086: Port 'es0_sdin' is not constrained, it is treated as combinational input.
W: Timing-4086: Port 'es1_dlrc' is not constrained, it is treated as combinational input.
W: Timing-4086: Port 'es1_sdin' is not constrained, it is treated as combinational input.
W: Timing-4086: Port 'key' is not constrained, it is treated as combinational input.
W: Timing-4086: Port 'lin_test' is not constrained, it is treated as combinational input.
W: Timing-4086: Port 'lout_test' is not constrained, it is treated as combinational input.
Action synthesize: Real time elapsed is 0h:0m:3s
Action synthesize: CPU time elapsed is 0h:0m:1s
Action synthesize: Process CPU time elapsed is 0h:0m:1s
Current time: Tue Apr  2 15:50:25 2024
Action synthesize: Peak memory pool usage is 165 MB
