#Build: Fabric Compiler 2022.1, Build 99559, Jul 12 00:20 2022
#Install: D:\fpga_competition\FPGA_competition\ziguangtongchuang_file\MES50HP_v3\set_up\set_up_file\PDS_2022.1\bin
#Application name: pds_shell.exe
#OS: Windows 10 10.0.22000
#Hostname: Thecomputerofmartin
Generated by Fabric Compiler (version 2022.1 build 99559) at Sun May 19 15:13:42 2024
Compiling verification operator library.
Compiling common defs.
Compiling prim grid devices.
Compiling gate devices.
Compiling gate operators.
Building architecture model.
Loading device packaging model.
W: ConstraintEditor-4030: No constraint files found, so all ports are unspecified I/O constraint.
I: Column Clock Check open.
Read Column Clock Map.

Placement started.
Phase 1 Pre global placement started.
Phase 1.1 1st GP placement started.
Design Utilization : 2%.
Wirelength after clock region global placement is 14319.
1st GP placement takes 3.73 sec.

Phase 1.2 Clock placement started.
Mapping instance gmii_tx_clk_ibuf/opit_1 to IOL_7_205.
Mapping instance clkbufg_0/gopclkbufg to USCM_84_108.
Mapping instance gmii_rx_clk_ibuf/opit_1 to IOL_7_206.
Mapping instance clkbufg_1/gopclkbufg to USCM_84_109.
Clock placement takes 0.52 sec.

Pre global placement takes 6.06 sec.

Phase 2 Global placement started.
Phase 2.1 Fixed placement started.
Placed fixed group with base inst gmii_rx_clk_ibuf/opit_1 on IOL_7_206.
Placed fixed group with base inst gmii_tx_clk_ibuf/opit_1 on IOL_7_205.
Placed fixed instance clkbufg_0/gopclkbufg on USCM_84_108.
Placed fixed instance clkbufg_1/gopclkbufg on USCM_84_109.
Fixed placement takes 0.00 sec.

Phase 2.2 Process placement started.
Process placement takes 0.00 sec.

Phase 2.3 IO placement started.
IO placement takes 0.14 sec.

Phase 2.4 2nd GP placement started.
Run super clustering :
	Initial slack 983410.
	9 iterations finished.
	Final slack 991558.
Super clustering done.
Design Utilization : 2%.
2nd GP placement takes 2.69 sec.

Wirelength after global placement is 15649.
Global placement takes 2.83 sec.

Phase 3 Post global placement started.
Phase 3.1 Macro cell placement started.
Wirelength after macro cell placement is 15649.
Macro cell placement takes 0.00 sec.

Phase 3.2 3rd GP placement started.
Run super clustering :
	Initial slack 983410.
	9 iterations finished.
	Final slack 991558.
Super clustering done.
Design Utilization : 2%.
3rd GP placement takes 2.67 sec.

Wirelength after post global placement is 15649.
Post global placement takes 2.67 sec.

Phase 4 Legalization started.
The average distance in LP is 1.230386.
Wirelength after legalization is 17030.
Legalization takes 0.05 sec.

Phase 5 Timing-driven detailed placement started.
Phase 5.1 Replication placement started.
Worst slack before Replication Place is 991672.
Replication placement takes 0.06 sec.

Wirelength after replication placement is 17030.
Phase 5.2 DP placement started.
Legalized cost 991672.000000.
The detailed placement ends at 0th iteration.
DP placement takes 0.03 sec.

Wirelength after detailed placement is 17030.
Timing-driven detailed placement takes 0.09 sec.

Worst slack is 991672, TNS after placement is 0.
Placement done.
Total placement takes 12.05 sec.
Finished placement. (CPU time elapsed 0h:00m:12s)

Routing started.
Building routing graph takes 1.58 sec.
Worst slack is 991672, TNS before global route is 0.
Processing design graph takes 0.34 sec.
Total memory for routing:
	115.948072 M.
Total nets for routing : 1715.
Rcf routing step 1 processed 0 nets, it takes 0.00 sec.
Rcf routing step 2 processed 0 nets, it takes 0.00 sec.
Rcf routing step 3 processed 0 nets, it takes 0.00 sec.
Global Routing step 1 processed 0 nets, it takes 0.00 sec.
Global Routing step 2 processed 0 nets, it takes 0.00 sec.
Unrouted nets 42 at the end of iteration 0.
Unrouted nets 16 at the end of iteration 1.
Unrouted nets 5 at the end of iteration 2.
Unrouted nets 4 at the end of iteration 3.
Unrouted nets 0 at the end of iteration 4.
Global Routing step 3 processed 153 nets, it takes 0.16 sec.
Global routing takes 0.20 sec.
Total 1938 subnets.
    forward max bucket size 633 , backward 484.
        Unrouted nets 923 at the end of iteration 0.
    route iteration 0, CPU time elapsed 0.140625 sec.
    forward max bucket size 305 , backward 236.
        Unrouted nets 653 at the end of iteration 1.
    route iteration 1, CPU time elapsed 0.109375 sec.
    forward max bucket size 301 , backward 167.
        Unrouted nets 594 at the end of iteration 2.
    route iteration 2, CPU time elapsed 0.062500 sec.
    forward max bucket size 146 , backward 194.
        Unrouted nets 492 at the end of iteration 3.
    route iteration 3, CPU time elapsed 0.062500 sec.
    forward max bucket size 303 , backward 178.
        Unrouted nets 344 at the end of iteration 4.
    route iteration 4, CPU time elapsed 0.062500 sec.
    forward max bucket size 34 , backward 129.
        Unrouted nets 274 at the end of iteration 5.
    route iteration 5, CPU time elapsed 0.031250 sec.
    forward max bucket size 31 , backward 41.
        Unrouted nets 180 at the end of iteration 6.
    route iteration 6, CPU time elapsed 0.031250 sec.
    forward max bucket size 31 , backward 29.
        Unrouted nets 113 at the end of iteration 7.
    route iteration 7, CPU time elapsed 0.031250 sec.
    forward max bucket size 29 , backward 45.
        Unrouted nets 72 at the end of iteration 8.
    route iteration 8, CPU time elapsed 0.015625 sec.
    forward max bucket size 20 , backward 27.
        Unrouted nets 60 at the end of iteration 9.
    route iteration 9, CPU time elapsed 0.000000 sec.
    forward max bucket size 31 , backward 18.
        Unrouted nets 49 at the end of iteration 10.
    route iteration 10, CPU time elapsed 0.015625 sec.
    forward max bucket size 20 , backward 26.
        Unrouted nets 33 at the end of iteration 11.
    route iteration 11, CPU time elapsed 0.000000 sec.
    forward max bucket size 19 , backward 20.
        Unrouted nets 28 at the end of iteration 12.
    route iteration 12, CPU time elapsed 0.015625 sec.
    forward max bucket size 25 , backward 23.
        Unrouted nets 25 at the end of iteration 13.
    route iteration 13, CPU time elapsed 0.000000 sec.
    forward max bucket size 33 , backward 28.
        Unrouted nets 21 at the end of iteration 14.
    route iteration 14, CPU time elapsed 0.000000 sec.
    forward max bucket size 41 , backward 31.
        Unrouted nets 13 at the end of iteration 15.
    route iteration 15, CPU time elapsed 0.000000 sec.
    forward max bucket size 41 , backward 31.
        Unrouted nets 11 at the end of iteration 16.
    route iteration 16, CPU time elapsed 0.000000 sec.
    forward max bucket size 20 , backward 31.
        Unrouted nets 7 at the end of iteration 17.
    route iteration 17, CPU time elapsed 0.000000 sec.
    forward max bucket size 22 , backward 29.
        Unrouted nets 3 at the end of iteration 18.
    route iteration 18, CPU time elapsed 0.015625 sec.
    forward max bucket size 11 , backward 8.
        Unrouted nets 2 at the end of iteration 19.
    route iteration 19, CPU time elapsed 0.000000 sec.
    forward max bucket size 12 , backward 6.
        Unrouted nets 2 at the end of iteration 20.
    route iteration 20, CPU time elapsed 0.000000 sec.
    forward max bucket size 9 , backward 9.
        Unrouted nets 0 at the end of iteration 21.
    route iteration 21, CPU time elapsed 0.000000 sec.
Detailed routing takes 21 iterations
Detailed routing takes 0.64 sec.
Start fix hold violation.
Build tmp routing results takes 0.02 sec.
Timing analysis takes 0.11 sec.
No hold violation.
Hold Violation Fix in router takes 0 iterations.
Fix hold violation Finished.
Hold Violation Fix in router takes 0.27 sec.

Dispose routing result:
    Collect routing result.
    Delete unused device instances.
    Annotate routing result.
    Change LUT configuration.
    Dispose misc instances.
    Annotate routing result again.
Finish routing takes 0.09 sec.
Used SRB routing arc is 11007.
Cleanup routing takes 0.02 sec.
Routing done.
Total routing takes 3.64 sec.


Device Utilization Summary :
+---------------------------------------------------------------------------+
| Logic Utilization        | Used     | Available     | Utilization(%)     
+---------------------------------------------------------------------------+
| Use of APM               | 0        | 84            | 0                  
| Use of BKCL              | 0        | 4             | 0                  
| Use of CLMA              | 150      | 6450          | 3                  
|   FF                     | 295      | 38700         | 1                  
|   LUT                    | 457      | 25800         | 2                  
|   LUT-FF pairs           | 77       | 25800         | 1                  
| Use of CLMS              | 80       | 4250          | 2                  
|   FF                     | 192      | 25500         | 1                  
|   LUT                    | 238      | 17000         | 2                  
|   LUT-FF pairs           | 32       | 17000         | 1                  
|   Distributed RAM        | 0        | 17000         | 0                  
| Use of CRYSTAL           | 0        | 2             | 0                  
| Use of DLL               | 0        | 10            | 0                  
| Use of DQSL              | 0        | 18            | 0                  
| Use of DRM               | 0        | 134           | 0                  
| Use of FUSECODE          | 0        | 1             | 0                  
| Use of HARD0N1           | 39       | 6672          | 1                  
| Use of HSST              | 0        | 1             | 0                  
| Use of IO                | 202      | 296           | 69                 
|   IOBD                   | 33       | 64            | 52                 
|   IOBR_LR                | 5        | 7             | 72                 
|   IOBR_TB                | 5        | 8             | 63                 
|   IOBS_LR                | 129      | 161           | 81                 
|   IOBS_TB                | 30       | 56            | 54                 
| Use of IOCKDIV           | 0        | 20            | 0                  
| Use of IOCKDLY           | 0        | 40            | 0                  
| Use of IOCKGATE          | 0        | 20            | 0                  
| Use of IOCKGMUX_TEST     | 0        | 20            | 0                  
| Use of IOL               | 202      | 400           | 51                 
| Use of IPAL              | 0        | 1             | 0                  
| Use of LDO               | 0        | 4             | 0                  
| Use of MFG_TEST          | 0        | 1             | 0                  
| Use of OSC               | 0        | 1             | 0                  
| Use of PCIE              | 0        | 1             | 0                  
| Use of PIOMUX_TEST       | 0        | 10            | 0                  
| Use of PLL               | 0        | 5             | 0                  
| Use of PREGMUX_TEST      | 0        | 6             | 0                  
| Use of RCKB              | 0        | 24            | 0                  
| Use of RCKBMUX_TEST      | 0        | 12            | 0                  
| Use of RESCAL            | 0        | 4             | 0                  
| Use of SCANCHAIN         | 0        | 2             | 0                  
| Use of START             | 1        | 1             | 100                
| Use of UDID              | 0        | 1             | 0                  
| Use of USCM              | 2        | 30            | 7                  
| Use of USCMMUX_TEST      | 0        | 30            | 0                  
| Use of VCKBMUX_TEST      | 0        | 12            | 0                  
+---------------------------------------------------------------------------+

Finished routing. (CPU time elapsed 0h:00m:03s)
Design 'udp_top' has been placed and routed successfully.
Saving design to DB.
Finished placement and routing. (CPU time elapsed 0h:00m:21s)
Action pnr: Real time elapsed is 0h:0m:24s
Action pnr: CPU time elapsed is 0h:0m:22s
Action pnr: Process CPU time elapsed is 0h:0m:22s
Current time: Sun May 19 15:14:04 2024
Action pnr: Peak memory pool usage is 751 MB
