------------------------------------------------------------------------------------------------------------------------------------------------------------
Notes: 
  Total_num: the numbers of add/sub in rtl
  Module Name: the module name of the instantiated module calling directly the add/sub sub module
  Location/Inst Name: if linefile info exists(no optimization), print the codes location of add/sub in rtl, else print the inst name
  Count: the amount of lutcarry for add/sub
  Number: the numbers of add/sub with the same lutcarry counts and linefile

Detailed RTL Component Info :
-----Add :
               Total_Num :4
-----Sub :
               Total_Num :1
-----AddSub :
               Total_Num :0

Add_Sub_AddSub: Initial Mapping Report :
|-----------------------------------------|---------|---------|---------|-----------------------------------------------------|
|Module Name                              |Type     |Count    |Number   |Location/Inst Name                                   |
|-----------------------------------------|---------|---------|---------|-----------------------------------------------------|
|LMS                                      |Sub      |17       |1        |../../../src/lms/LMS.v:72                            |
|-----------------------------------------|---------|---------|---------|-----------------------------------------------------|
|LMSX_selfdefine_inst                     |Add      |28       |1        |LMSX_selfdefine_inst/N26_2                           |
|-----------------------------------------|---------|---------|---------|-----------------------------------------------------|
|class1[0].genblk1.LMS_tap_1              |Add      |17       |1        |../../../src/lms/LMS_tap.v:39                        |
|-----------------------------------------|---------|---------|---------|-----------------------------------------------------|
|class1[1].genblk1.LMS_tap_2              |Add      |17       |1        |../../../src/lms/LMS_tap.v:39                        |
|-----------------------------------------|---------|---------|---------|-----------------------------------------------------|
|class1[2].genblk1.LMS_tap_2              |Add      |17       |1        |../../../src/lms/LMS_tap.v:39                        |
|-----------------------------------------|---------|---------|---------|-----------------------------------------------------|

------------------------------------------------------------------------------------------------------------------------------------------------------------

