---------------------------------------------------------------------------------------------------------------------------------------------------------------------------------------------------------------------------------------------------------------------------------------------------------------------------------------------------
Detailed RTL Component Info :
-----Module Name :
                    LMS

-----Multipliers :
                    16 x 16     Multipliers := 7

-----Adders :

APM: Final Mapping Report
|--------------------------------------------------------|------------------------------------------------------------------|--------------|--------------|---------|---------|---------|---------|---------|---------|--------------|--------------|--------------|--------------|--------------|
| APM Inst Name                                          | APM Cascade                                                      | X Size       | Y Size       | Z Size  | P Size  | X_REG   | Y_REG   | Z_REG   | P_REG   | MULT_REG     | PREADD_REG   | USE_PREADD   | USE_POSTADD  | Primitives   |
|--------------------------------------------------------|------------------------------------------------------------------|--------------|--------------|---------|---------|---------|---------|---------|---------|--------------|--------------|--------------|--------------|--------------|
| N4                                                     | /                                                                | 16(unsigned) | 16(unsigned) | /       | 27      | 0       | 0       | /       | 0       | 0            | 0            | 0            | 0            | GTP_APM_E1   |
|--------------------------------------------------------|------------------------------------------------------------------|--------------|--------------|---------|---------|---------|---------|---------|---------|--------------|--------------|--------------|--------------|--------------|
| LMSX_selfdefine_inst/class1[2].genblk1.LMS_tap_2/N11   | /                                                                | 16(unsigned) | 16(unsigned) | /       | 27      | 1       | 1       | /       | 0       | 0            | 0            | 0            | 1            | GTP_APM_E1   |
|--------------------------------------------------------|------------------------------------------------------------------|--------------|--------------|---------|---------|---------|---------|---------|---------|--------------|--------------|--------------|--------------|--------------|
| LMSX_selfdefine_inst/class1[2].genblk1.LMS_tap_2/N3    | /                                                                | 16(unsigned) | 16(unsigned) | /       | 27      | 1       | 0       | /       | 0       | 0            | 0            | 0            | 0            | GTP_APM_E1   |
|--------------------------------------------------------|------------------------------------------------------------------|--------------|--------------|---------|---------|---------|---------|---------|---------|--------------|--------------|--------------|--------------|--------------|
| LMSX_selfdefine_inst/class1[1].genblk1.LMS_tap_2/N11   | CPO>>16 + LMSX_selfdefine_inst/class1[2].genblk1.LMS_tap_2/N11   | 16(unsigned) | 16(unsigned) | /       | 0       | 1       | 1       | /       | 0       | 0            | 0            | 0            | 0            | GTP_APM_E1   |
|--------------------------------------------------------|------------------------------------------------------------------|--------------|--------------|---------|---------|---------|---------|---------|---------|--------------|--------------|--------------|--------------|--------------|
| LMSX_selfdefine_inst/class1[1].genblk1.LMS_tap_2/N3    | /                                                                | 16(unsigned) | 16(unsigned) | /       | 27      | 1       | 0       | /       | 0       | 0            | 0            | 0            | 0            | GTP_APM_E1   |
|--------------------------------------------------------|------------------------------------------------------------------|--------------|--------------|---------|---------|---------|---------|---------|---------|--------------|--------------|--------------|--------------|--------------|
| LMSX_selfdefine_inst/class1[0].genblk1.LMS_tap_1/N11   | /                                                                | 16(unsigned) | 16(unsigned) | /       | 27      | 1       | 1       | /       | 0       | 0            | 0            | 0            | 1            | GTP_APM_E1   |
|--------------------------------------------------------|------------------------------------------------------------------|--------------|--------------|---------|---------|---------|---------|---------|---------|--------------|--------------|--------------|--------------|--------------|
| LMSX_selfdefine_inst/class1[0].genblk1.LMS_tap_1/N3    | /                                                                | 16(unsigned) | 16(unsigned) | /       | 27      | 1       | 0       | /       | 0       | 0            | 0            | 0            | 0            | GTP_APM_E1   |
|--------------------------------------------------------|------------------------------------------------------------------|--------------|--------------|---------|---------|---------|---------|---------|---------|--------------|--------------|--------------|--------------|--------------|

---------------------------------------------------------------------------------------------------------------------------------------------------------------------------------------------------------------------------------------------------------------------------------------------------------------------------------------------------

