#Build: Fabric Compiler 2022.1, Build 99559, Jul 12 00:20 2022
#Install: D:\fpga_competition\FPGA_competition\ziguangtongchuang_file\MES50HP_v3\set_up\set_up_file\PDS_2022.1\bin
#Application name: pds_shell.exe
#OS: Windows 10 10.0.22000
#Hostname: Thecomputerofmartin
Generated by Fabric Compiler (version 2022.1 build 99559) at Sat Mar 30 14:54:45 2024
License checkout: fabric_ads
Compiling verification operator library.
Compiling common defs.
Loading technology operator library.
Compiling technology operator library.
Compiling technology operator (valence) library.
Reading design from compile DB
Reading design from compile DB successfully.
Constraint check start.
W: ConstraintEditor-4030: No constraint files found, so all ports are unspecified I/O constraint.
Constraint check end.
C: SDC-2025: Clock source 'n:i_aclk' need a clock constraint, please use 'create_clock' or 'create_generate_clock' to generate.
Executing : get_ports i_aclk
Executing : get_ports i_aclk successfully.
Executing : create_clock -name ipsxe_fft_core_only|i_aclk [get_ports i_aclk] -period 1000.000 -waveform {0.000 500.000} -add
Executing : create_clock -name ipsxe_fft_core_only|i_aclk [get_ports i_aclk] -period 1000.000 -waveform {0.000 500.000} -add successfully.
Executing : set_clock_groups -name Inferred_clock_group_0 -asynchronous -group ipsxe_fft_core_only|i_aclk
Executing : set_clock_groups -name Inferred_clock_group_0 -asynchronous -group ipsxe_fft_core_only|i_aclk successfully.
Start pre-mapping.
I: Constant propagation done on u_fft_wrapper/u_cfg_ctrl/N0 (bmsWIDEINV).
I: Constant propagation done on u_fft_wrapper/u_cfg_ctrl/N10 (bmsREDAND).
I: Constant propagation done on u_fft_wrapper/u_cfg_ctrl/N14 (bmsREDAND).
I: Constant propagation done on u_fft_wrapper/u_output_ctrl/N8 (bmsWIDEINV).
I: Removed bmsPMUX inst N115 that is redundant to N78
I: Constant propagation done on u_fft_wrapper/use_radix2_burst.u_radix2_burst_core/r2_dit_bf/u_r2_dit_mult_by_twiddle/u_fft_comp_round/u_im_round/convegent_rouning.u_rouning_adder/no_use_apm.u_lut_addsub/N12_2 (bmsWIDEMUX).
I: Constant propagation done on u_fft_wrapper/use_radix2_burst.u_radix2_burst_core/r2_dit_bf/u_r2_dit_mult_by_twiddle/u_fft_comp_round/u_im_round/convegent_rouning.u_rouning_adder/no_use_apm.u_lut_addsub/N18_2 (bmsWIDEMUX).
I: Constant propagation done on u_fft_wrapper/use_radix2_burst.u_radix2_burst_core/r2_dit_bf/u_r2_dit_mult_by_twiddle/u_fft_comp_round/u_im_round/convegent_rouning.u_rouning_adder/no_use_apm.u_lut_addsub/N31_2 (bmsWIDEMUX).
I: Constant propagation done on u_fft_wrapper/use_radix2_burst.u_radix2_burst_core/r2_dit_bf/u_r2_dit_mult_by_twiddle/u_fft_comp_round/u_re_round/convegent_rouning.u_rouning_adder/no_use_apm.u_lut_addsub/N12_2 (bmsWIDEMUX).
I: Constant propagation done on u_fft_wrapper/use_radix2_burst.u_radix2_burst_core/r2_dit_bf/u_r2_dit_mult_by_twiddle/u_fft_comp_round/u_re_round/convegent_rouning.u_rouning_adder/no_use_apm.u_lut_addsub/N18_2 (bmsWIDEMUX).
I: Constant propagation done on u_fft_wrapper/use_radix2_burst.u_radix2_burst_core/r2_dit_bf/u_r2_dit_mult_by_twiddle/u_fft_comp_round/u_re_round/convegent_rouning.u_rouning_adder/no_use_apm.u_lut_addsub/N31_2 (bmsWIDEMUX).
W: Removed bmsWIDEDFFCPE inst convegent_rouning.din_up[14:0] at 14 that is stuck at constant 0.
W: Removed bmsWIDEDFFCPE inst convegent_rouning.din_up[14:0] at 14 that is stuck at constant 0.
I: Removed bmsWIDEDFFCPE inst u_sin_rom/use_drm.u_sin_drm_rom/o_rdata_b[14:0] that is redundant to u_sin_rom/use_drm.u_sin_drm_rom/o_rdata_a[14:0]
W: Removed bmsWIDEDFFCPE inst u_sin_rom/use_drm.u_sin_drm_rom/o_rdata_a[14:0] at 0 that is stuck at constant 0.
Executing : pre-mapping successfully. Time elapsed: 0.193s wall, 0.172s user + 0.016s system = 0.188s CPU (97.4%)

Start mod-gen.
W: Public-4008: Instance 'r2_dit_ctrl/o_eof_d4' of 'bmsWIDEDFFCPE' unit is dangling and will be cleaned.
W: Public-4008: Instance 'r2_dit_ctrl/o_output_start' of 'bmsWIDEDFFCPE' unit is dangling and will be cleaned.
W: Public-4008: Instance 'r2_dit_ctrl/o_sof_d3' of 'bmsWIDEDFFCPE' unit is dangling and will be cleaned.
W: Public-4008: Instance 'r2_dit_ctrl/ram_wen_without_last_stage_dly[2:0]' of 'bmsWIDEDFFCPE' unit is dangling and will be cleaned.
W: Public-4008: Instance 'r2_dit_ctrl/u_sof_sreg/latency_larger_than_2.u_distram_sreg/u_distributed_shiftregister/genblk1.wr_addr[3:0]' of 'bmsWIDEDFFCPE' unit is dangling and will be cleaned.
W: Removed bmsWIDEDFFCPE inst u_fft_wrapper/use_radix2_burst.u_radix2_burst_core/r2_dit_bf/u_r2_dit_mult_by_twiddle/u_fft_comp_round/u_im_round/convegent_rouning.u_rouning_adder/no_use_apm.u_lut_addsub/add_dly that is stuck at constant 1.
W: Removed bmsWIDEDFFCPE inst u_fft_wrapper/use_radix2_burst.u_radix2_burst_core/r2_dit_bf/u_r2_dit_mult_by_twiddle/u_fft_comp_round/u_re_round/convegent_rouning.u_rouning_adder/no_use_apm.u_lut_addsub/add_dly that is stuck at constant 1.
W: Removed bmsWIDEDFFCPE inst u_fft_wrapper/use_radix2_burst.u_radix2_burst_core/r2_dit_bf/u_r2_dit_mult_by_twiddle/u_twiddle_gen/u_re_input_sreg/latency_equal_to_2.sreg[0][8:0] at 7 that is stuck at constant 0.
W: Removed bmsWIDEDFFCPE inst u_fft_wrapper/use_radix2_burst.u_radix2_burst_core/r2_dit_bf/u_r2bf_as_core/u_r2bf_subtractor/use_two_addsub.u_im_add/no_use_apm.u_lut_addsub/add_dly that is stuck at constant 0.
W: Removed bmsWIDEDFFCPE inst u_fft_wrapper/use_radix2_burst.u_radix2_burst_core/r2_dit_bf/u_r2bf_as_core/u_r2bf_subtractor/use_two_addsub.u_re_add/no_use_apm.u_lut_addsub/add_dly that is stuck at constant 0.
W: Removed bmsWIDEDFFCPE inst u_fft_wrapper/use_radix2_burst.u_radix2_burst_core/r2_dit_bf/u_r2bf_as_core/u_r2bf_adder/use_two_addsub.u_im_add/no_use_apm.u_lut_addsub/add_dly that is stuck at constant 1.
W: Removed bmsWIDEDFFCPE inst u_fft_wrapper/use_radix2_burst.u_radix2_burst_core/r2_dit_bf/u_r2bf_as_core/u_r2bf_adder/use_two_addsub.u_re_add/no_use_apm.u_lut_addsub/add_dly that is stuck at constant 1.
W: Removed bmsWIDEDFFCPE inst u_fft_wrapper/use_radix2_burst.u_radix2_burst_core/r2_dit_bf/u_r2_dit_mult_by_twiddle/u_twiddle_gen/u_re_input_sreg/latency_equal_to_2.sreg[1][8:0] at 7 that is stuck at constant 0.
I: Removed inst u_fft_wrapper/use_radix2_burst.u_radix2_burst_core/r2_dit_ctrl/u_raddr_sreg/latency_larger_than_2.u_distram_sreg/u_distributed_shiftregister/genblk1.wr_addr[3:0] which is redundant to u_fft_wrapper/use_radix2_burst.u_radix2_burst_core/r2_dit_ctrl/u_bfcnt_sreg/latency_larger_than_2.u_distram_sreg/u_distributed_shiftregister/genblk1.wr_addr[3:0] (type bmsWIDEDFFCPE)
I: Removed inst u_fft_wrapper/use_radix2_burst.u_radix2_burst_core/r2_dit_bf/u_im_input_sreg/latency_larger_than_2.u_distram_sreg/u_distributed_shiftregister/genblk1.wr_addr[3:0] which is redundant to u_fft_wrapper/use_radix2_burst.u_radix2_burst_core/r2_dit_ctrl/u_bfcnt_sreg/latency_larger_than_2.u_distram_sreg/u_distributed_shiftregister/genblk1.wr_addr[3:0] (type bmsWIDEDFFCPE)
I: Removed inst u_fft_wrapper/use_radix2_burst.u_radix2_burst_core/r2_dit_bf/u_r2_dit_mult_by_twiddle/u_fft_comp_round/u_im_round/convegent_rouning.u_din_sign_sreg/latency_larger_than_2.u_distram_sreg/u_distributed_shiftregister/genblk1.wr_addr[3:0] which is redundant to u_fft_wrapper/use_radix2_burst.u_radix2_burst_core/r2_dit_ctrl/u_bfcnt_sreg/latency_larger_than_2.u_distram_sreg/u_distributed_shiftregister/genblk1.wr_addr[3:0] (type bmsWIDEDFFCPE)
I: Removed inst u_fft_wrapper/use_radix2_burst.u_radix2_burst_core/r2_dit_ctrl/u_stage_sreg/latency_larger_than_2.u_distram_sreg/u_distributed_shiftregister/genblk1.wr_addr[3:0] which is redundant to u_fft_wrapper/use_radix2_burst.u_radix2_burst_core/r2_dit_ctrl/u_bfcnt_sreg/latency_larger_than_2.u_distram_sreg/u_distributed_shiftregister/genblk1.wr_addr[3:0] (type bmsWIDEDFFCPE)
I: Removed inst u_fft_wrapper/use_radix2_burst.u_radix2_burst_core/r2_dit_ctrl/u_output_sreg/latency_larger_than_2.u_distram_sreg/u_distributed_shiftregister/genblk1.wr_addr[3:0] which is redundant to u_fft_wrapper/use_radix2_burst.u_radix2_burst_core/r2_dit_ctrl/u_bfcnt_sreg/latency_larger_than_2.u_distram_sreg/u_distributed_shiftregister/genblk1.wr_addr[3:0] (type bmsWIDEDFFCPE)
I: Removed inst u_fft_wrapper/use_radix2_burst.u_radix2_burst_core/r2_dit_ctrl/u_output_p4_sreg/latency_larger_than_2.u_distram_sreg/u_distributed_shiftregister/genblk1.wr_addr[3:0] which is redundant to u_fft_wrapper/use_radix2_burst.u_radix2_burst_core/r2_dit_ctrl/u_bfcnt_sreg/latency_larger_than_2.u_distram_sreg/u_distributed_shiftregister/genblk1.wr_addr[3:0] (type bmsWIDEDFFCPE)
I: Removed inst u_fft_wrapper/use_radix2_burst.u_radix2_burst_core/r2_dit_ctrl/bfcnt_last_sreg/latency_larger_than_2.u_distram_sreg/u_distributed_shiftregister/genblk1.wr_addr[3:0] which is redundant to u_fft_wrapper/use_radix2_burst.u_radix2_burst_core/r2_dit_ctrl/u_bfcnt_sreg/latency_larger_than_2.u_distram_sreg/u_distributed_shiftregister/genblk1.wr_addr[3:0] (type bmsWIDEDFFCPE)
I: Removed inst u_fft_wrapper/use_radix2_burst.u_radix2_burst_core/r2_dit_bf/u_r2_dit_mult_by_twiddle/u_fft_comp_round/u_re_round/convegent_rouning.u_din_sign_sreg/latency_larger_than_2.u_distram_sreg/u_distributed_shiftregister/genblk1.wr_addr[3:0] which is redundant to u_fft_wrapper/use_radix2_burst.u_radix2_burst_core/r2_dit_bf/u_re_input_sreg/latency_larger_than_2.u_distram_sreg/u_distributed_shiftregister/genblk1.wr_addr[3:0] (type bmsWIDEDFFCPE)
W: Public-4008: Instance 'u_fft_wrapper/use_radix2_burst.u_radix2_burst_core/r2_dit_bf/u_r2_dit_mult_by_twiddle/u_twiddle_gen/im_addr[5:0]' of 'bmsWIDEDFFCPE' unit is dangling and will be cleaned.
W: Public-4008: Instance 'u_fft_wrapper/use_radix2_burst.u_radix2_burst_core/r2_dit_bf/u_r2_dit_mult_by_twiddle/u_twiddle_gen/re_addr[5:0]' of 'bmsWIDEDFFCPE' unit is dangling and will be cleaned.
Executing : mod-gen successfully. Time elapsed: 0.348s wall, 0.344s user + 0.016s system = 0.359s CPU (103.2%)

Start logic-optimization.
Executing : logic-optimization successfully. Time elapsed: 0.463s wall, 0.391s user + 0.062s system = 0.453s CPU (97.8%)

Start tech-mapping phase 1.
W: Public-4008: Instance 'u_fft_wrapper/use_radix2_burst.u_radix2_burst_core/r2_dit_bf/u_r2bf_as_core/u_r2bf_adder/use_two_addsub.u_im_add/no_use_apm.u_lut_addsub/sum2[12]' of 'bmsWIDEDFFCPE' unit is dangling and will be cleaned.
W: Public-4008: Instance 'u_fft_wrapper/use_radix2_burst.u_radix2_burst_core/r2_dit_bf/u_r2bf_as_core/u_r2bf_adder/use_two_addsub.u_im_add/no_use_apm.u_lut_addsub/sum_high[12]' of 'bmsWIDEDFFCPE' unit is dangling and will be cleaned.
W: Public-4008: Instance 'u_fft_wrapper/use_radix2_burst.u_radix2_burst_core/r2_dit_ctrl/o_ram0_wr_sel[1]' of 'bmsWIDEDFFCPE' unit is dangling and will be cleaned.
W: Public-4008: Instance 'u_fft_wrapper/use_radix2_burst.u_radix2_burst_core/r2_dit_bf/u_r2_dit_mult_by_twiddle/u_fft_comp_round/u_im_round/convegent_rouning.din_up[1]' of 'bmsWIDEDFFCPE' unit is dangling and will be cleaned.
W: Public-4008: Instance 'u_fft_wrapper/use_radix2_burst.u_radix2_burst_core/r2_dit_bf/u_r2_dit_mult_by_twiddle/u_fft_comp_round/u_im_round/convegent_rouning.din_up[2]' of 'bmsWIDEDFFCPE' unit is dangling and will be cleaned.
W: Public-4008: Instance 'u_fft_wrapper/use_radix2_burst.u_radix2_burst_core/r2_dit_bf/u_r2_dit_mult_by_twiddle/u_fft_comp_round/u_im_round/convegent_rouning.din_up[3]' of 'bmsWIDEDFFCPE' unit is dangling and will be cleaned.
W: Public-4008: Instance 'u_fft_wrapper/use_radix2_burst.u_radix2_burst_core/r2_dit_bf/u_r2_dit_mult_by_twiddle/u_fft_comp_round/u_im_round/convegent_rouning.din_up[4]' of 'bmsWIDEDFFCPE' unit is dangling and will be cleaned.
W: Public-4008: Instance 'u_fft_wrapper/use_radix2_burst.u_radix2_burst_core/r2_dit_bf/u_r2_dit_mult_by_twiddle/u_fft_comp_round/u_im_round/convegent_rouning.din_up[5]' of 'bmsWIDEDFFCPE' unit is dangling and will be cleaned.
W: Public-4008: Instance 'u_fft_wrapper/use_radix2_burst.u_radix2_burst_core/r2_dit_bf/u_r2_dit_mult_by_twiddle/u_fft_comp_round/u_im_round/convegent_rouning.din_up[6]' of 'bmsWIDEDFFCPE' unit is dangling and will be cleaned.
W: Public-4008: Instance 'u_fft_wrapper/use_radix2_burst.u_radix2_burst_core/r2_dit_bf/u_r2_dit_mult_by_twiddle/u_fft_comp_round/u_im_round/convegent_rouning.din_up[7]' of 'bmsWIDEDFFCPE' unit is dangling and will be cleaned.
W: Public-4008: Instance 'u_fft_wrapper/use_radix2_burst.u_radix2_burst_core/r2_dit_bf/u_r2_dit_mult_by_twiddle/u_fft_comp_round/u_im_round/convegent_rouning.din_up[8]' of 'bmsWIDEDFFCPE' unit is dangling and will be cleaned.
W: Public-4008: Instance 'u_fft_wrapper/use_radix2_burst.u_radix2_burst_core/r2_dit_bf/u_r2_dit_mult_by_twiddle/u_fft_comp_round/u_im_round/convegent_rouning.din_up[9]' of 'bmsWIDEDFFCPE' unit is dangling and will be cleaned.
W: Public-4008: Instance 'u_fft_wrapper/use_radix2_burst.u_radix2_burst_core/r2_dit_bf/u_r2_dit_mult_by_twiddle/u_fft_comp_round/u_im_round/convegent_rouning.din_up[10]' of 'bmsWIDEDFFCPE' unit is dangling and will be cleaned.
W: Public-4008: Instance 'u_fft_wrapper/use_radix2_burst.u_radix2_burst_core/r2_dit_bf/u_r2_dit_mult_by_twiddle/u_fft_comp_round/u_im_round/convegent_rouning.din_up[11]' of 'bmsWIDEDFFCPE' unit is dangling and will be cleaned.
W: Public-4008: Instance 'u_fft_wrapper/use_radix2_burst.u_radix2_burst_core/r2_dit_bf/u_r2_dit_mult_by_twiddle/u_fft_comp_round/u_im_round/convegent_rouning.din_up[12]' of 'bmsWIDEDFFCPE' unit is dangling and will be cleaned.
W: Public-4008: Instance 'u_fft_wrapper/use_radix2_burst.u_radix2_burst_core/r2_dit_bf/u_r2_dit_mult_by_twiddle/u_fft_comp_round/u_im_round/convegent_rouning.din_up[14]' of 'bmsWIDEDFFCPE' unit is dangling and will be cleaned.
W: Public-4008: Instance 'u_fft_wrapper/use_radix2_burst.u_radix2_burst_core/r2_dit_bf/u_r2_dit_mult_by_twiddle/u_fft_comp_round/u_im_round/convegent_rouning.u_rouning_adder/no_use_apm.u_lut_addsub/sum1[0]' of 'bmsWIDEDFFCPE' unit is dangling and will be cleaned.
W: Public-4008: Instance 'u_fft_wrapper/use_radix2_burst.u_radix2_burst_core/r2_dit_bf/u_r2_dit_mult_by_twiddle/u_fft_comp_round/u_im_round/convegent_rouning.u_rouning_adder/no_use_apm.u_lut_addsub/sum1[1]' of 'bmsWIDEDFFCPE' unit is dangling and will be cleaned.
W: Public-4008: Instance 'u_fft_wrapper/use_radix2_burst.u_radix2_burst_core/r2_dit_bf/u_r2_dit_mult_by_twiddle/u_fft_comp_round/u_im_round/convegent_rouning.u_rouning_adder/no_use_apm.u_lut_addsub/sum1[2]' of 'bmsWIDEDFFCPE' unit is dangling and will be cleaned.
W: Public-4008: Instance 'u_fft_wrapper/use_radix2_burst.u_radix2_burst_core/r2_dit_bf/u_r2_dit_mult_by_twiddle/u_fft_comp_round/u_im_round/convegent_rouning.u_rouning_adder/no_use_apm.u_lut_addsub/sum1[3]' of 'bmsWIDEDFFCPE' unit is dangling and will be cleaned.
W: Public-4008: Instance 'u_fft_wrapper/use_radix2_burst.u_radix2_burst_core/r2_dit_bf/u_r2_dit_mult_by_twiddle/u_fft_comp_round/u_im_round/convegent_rouning.u_rouning_adder/no_use_apm.u_lut_addsub/sum1[4]' of 'bmsWIDEDFFCPE' unit is dangling and will be cleaned.
W: Public-4008: Instance 'u_fft_wrapper/use_radix2_burst.u_radix2_burst_core/r2_dit_bf/u_r2_dit_mult_by_twiddle/u_fft_comp_round/u_im_round/convegent_rouning.u_rouning_adder/no_use_apm.u_lut_addsub/sum1[5]' of 'bmsWIDEDFFCPE' unit is dangling and will be cleaned.
W: Public-4008: Instance 'u_fft_wrapper/use_radix2_burst.u_radix2_burst_core/r2_dit_bf/u_r2_dit_mult_by_twiddle/u_fft_comp_round/u_im_round/convegent_rouning.u_rouning_adder/no_use_apm.u_lut_addsub/sum1[6]' of 'bmsWIDEDFFCPE' unit is dangling and will be cleaned.
W: Public-4008: Instance 'u_fft_wrapper/use_radix2_burst.u_radix2_burst_core/r2_dit_bf/u_r2_dit_mult_by_twiddle/u_fft_comp_round/u_im_round/convegent_rouning.u_rouning_adder/no_use_apm.u_lut_addsub/sum1[7]' of 'bmsWIDEDFFCPE' unit is dangling and will be cleaned.
W: Public-4008: Instance 'u_fft_wrapper/use_radix2_burst.u_radix2_burst_core/r2_dit_bf/u_r2_dit_mult_by_twiddle/u_fft_comp_round/u_im_round/convegent_rouning.u_rouning_adder/no_use_apm.u_lut_addsub/sum1[8]' of 'bmsWIDEDFFCPE' unit is dangling and will be cleaned.
W: Public-4008: Instance 'u_fft_wrapper/use_radix2_burst.u_radix2_burst_core/r2_dit_bf/u_r2_dit_mult_by_twiddle/u_fft_comp_round/u_im_round/convegent_rouning.u_rouning_adder/no_use_apm.u_lut_addsub/sum1[9]' of 'bmsWIDEDFFCPE' unit is dangling and will be cleaned.
W: Public-4008: Instance 'u_fft_wrapper/use_radix2_burst.u_radix2_burst_core/r2_dit_bf/u_r2_dit_mult_by_twiddle/u_fft_comp_round/u_im_round/convegent_rouning.u_rouning_adder/no_use_apm.u_lut_addsub/sum1[10]' of 'bmsWIDEDFFCPE' unit is dangling and will be cleaned.
W: Public-4008: Instance 'u_fft_wrapper/use_radix2_burst.u_radix2_burst_core/r2_dit_bf/u_r2_dit_mult_by_twiddle/u_fft_comp_round/u_im_round/convegent_rouning.u_rouning_adder/no_use_apm.u_lut_addsub/sum1[11]' of 'bmsWIDEDFFCPE' unit is dangling and will be cleaned.
W: Public-4008: Instance 'u_fft_wrapper/use_radix2_burst.u_radix2_burst_core/r2_dit_bf/u_r2_dit_mult_by_twiddle/u_fft_comp_round/u_im_round/convegent_rouning.u_rouning_adder/no_use_apm.u_lut_addsub/sum1[12]' of 'bmsWIDEDFFCPE' unit is dangling and will be cleaned.
W: Public-4008: Instance 'u_fft_wrapper/use_radix2_burst.u_radix2_burst_core/r2_dit_bf/u_r2_dit_mult_by_twiddle/u_fft_comp_round/u_im_round/convegent_rouning.u_rouning_adder/no_use_apm.u_lut_addsub/sum1[13]' of 'bmsWIDEDFFCPE' unit is dangling and will be cleaned.
W: Public-4008: Instance 'u_fft_wrapper/use_radix2_burst.u_radix2_burst_core/r2_dit_bf/u_r2_dit_mult_by_twiddle/u_fft_comp_round/u_im_round/convegent_rouning.u_rouning_adder/no_use_apm.u_lut_addsub/sum2[19]' of 'bmsWIDEDFFCPE' unit is dangling and will be cleaned.
W: Public-4008: Instance 'u_fft_wrapper/use_radix2_burst.u_radix2_burst_core/r2_dit_bf/u_r2_dit_mult_by_twiddle/u_fft_comp_round/u_im_round/convegent_rouning.u_rouning_adder/no_use_apm.u_lut_addsub/sum_high[19]' of 'bmsWIDEDFFCPE' unit is dangling and will be cleaned.
W: Public-4008: Instance 'u_fft_wrapper/use_radix2_burst.u_radix2_burst_core/r2_dit_bf/u_r2_dit_mult_by_twiddle/u_fft_comp_round/u_im_round/convegent_rouning.u_rouning_adder/no_use_apm.u_lut_addsub/sum_low[0]' of 'bmsWIDEDFFCPE' unit is dangling and will be cleaned.
W: Public-4008: Instance 'u_fft_wrapper/use_radix2_burst.u_radix2_burst_core/r2_dit_bf/u_r2_dit_mult_by_twiddle/u_fft_comp_round/u_im_round/convegent_rouning.u_rouning_adder/no_use_apm.u_lut_addsub/sum_low[1]' of 'bmsWIDEDFFCPE' unit is dangling and will be cleaned.
W: Public-4008: Instance 'u_fft_wrapper/use_radix2_burst.u_radix2_burst_core/r2_dit_bf/u_r2_dit_mult_by_twiddle/u_fft_comp_round/u_im_round/convegent_rouning.u_rouning_adder/no_use_apm.u_lut_addsub/sum_low[2]' of 'bmsWIDEDFFCPE' unit is dangling and will be cleaned.
W: Public-4008: Instance 'u_fft_wrapper/use_radix2_burst.u_radix2_burst_core/r2_dit_bf/u_r2_dit_mult_by_twiddle/u_fft_comp_round/u_im_round/convegent_rouning.u_rouning_adder/no_use_apm.u_lut_addsub/sum_low[3]' of 'bmsWIDEDFFCPE' unit is dangling and will be cleaned.
W: Public-4008: Instance 'u_fft_wrapper/use_radix2_burst.u_radix2_burst_core/r2_dit_bf/u_r2_dit_mult_by_twiddle/u_fft_comp_round/u_im_round/convegent_rouning.u_rouning_adder/no_use_apm.u_lut_addsub/sum_low[4]' of 'bmsWIDEDFFCPE' unit is dangling and will be cleaned.
W: Public-4008: Instance 'u_fft_wrapper/use_radix2_burst.u_radix2_burst_core/r2_dit_bf/u_r2_dit_mult_by_twiddle/u_fft_comp_round/u_im_round/convegent_rouning.u_rouning_adder/no_use_apm.u_lut_addsub/sum_low[5]' of 'bmsWIDEDFFCPE' unit is dangling and will be cleaned.
W: Public-4008: Instance 'u_fft_wrapper/use_radix2_burst.u_radix2_burst_core/r2_dit_bf/u_r2_dit_mult_by_twiddle/u_fft_comp_round/u_im_round/convegent_rouning.u_rouning_adder/no_use_apm.u_lut_addsub/sum_low[6]' of 'bmsWIDEDFFCPE' unit is dangling and will be cleaned.
W: Public-4008: Instance 'u_fft_wrapper/use_radix2_burst.u_radix2_burst_core/r2_dit_bf/u_r2_dit_mult_by_twiddle/u_fft_comp_round/u_im_round/convegent_rouning.u_rouning_adder/no_use_apm.u_lut_addsub/sum_low[7]' of 'bmsWIDEDFFCPE' unit is dangling and will be cleaned.
W: Public-4008: Instance 'u_fft_wrapper/use_radix2_burst.u_radix2_burst_core/r2_dit_bf/u_r2_dit_mult_by_twiddle/u_fft_comp_round/u_im_round/convegent_rouning.u_rouning_adder/no_use_apm.u_lut_addsub/sum_low[8]' of 'bmsWIDEDFFCPE' unit is dangling and will be cleaned.
W: Public-4008: Instance 'u_fft_wrapper/use_radix2_burst.u_radix2_burst_core/r2_dit_bf/u_r2_dit_mult_by_twiddle/u_fft_comp_round/u_im_round/convegent_rouning.u_rouning_adder/no_use_apm.u_lut_addsub/sum_low[9]' of 'bmsWIDEDFFCPE' unit is dangling and will be cleaned.
W: Public-4008: Instance 'u_fft_wrapper/use_radix2_burst.u_radix2_burst_core/r2_dit_bf/u_r2_dit_mult_by_twiddle/u_fft_comp_round/u_im_round/convegent_rouning.u_rouning_adder/no_use_apm.u_lut_addsub/sum_low[10]' of 'bmsWIDEDFFCPE' unit is dangling and will be cleaned.
W: Public-4008: Instance 'u_fft_wrapper/use_radix2_burst.u_radix2_burst_core/r2_dit_bf/u_r2_dit_mult_by_twiddle/u_fft_comp_round/u_im_round/convegent_rouning.u_rouning_adder/no_use_apm.u_lut_addsub/sum_low[11]' of 'bmsWIDEDFFCPE' unit is dangling and will be cleaned.
W: Public-4008: Instance 'u_fft_wrapper/use_radix2_burst.u_radix2_burst_core/r2_dit_bf/u_r2_dit_mult_by_twiddle/u_fft_comp_round/u_im_round/convegent_rouning.u_rouning_adder/no_use_apm.u_lut_addsub/sum_low[12]' of 'bmsWIDEDFFCPE' unit is dangling and will be cleaned.
W: Public-4008: Instance 'u_fft_wrapper/use_radix2_burst.u_radix2_burst_core/r2_dit_bf/u_r2_dit_mult_by_twiddle/u_fft_comp_round/u_im_round/convegent_rouning.u_rouning_adder/no_use_apm.u_lut_addsub/sum_low[13]' of 'bmsWIDEDFFCPE' unit is dangling and will be cleaned.
W: Public-4008: Instance 'u_fft_wrapper/use_radix2_burst.u_radix2_burst_core/r2_dit_bf/u_r2bf_as_core/u_r2bf_adder/use_two_addsub.u_re_add/no_use_apm.u_lut_addsub/sum2[12]' of 'bmsWIDEDFFCPE' unit is dangling and will be cleaned.
W: Public-4008: Instance 'u_fft_wrapper/use_radix2_burst.u_radix2_burst_core/r2_dit_bf/u_r2bf_as_core/u_r2bf_adder/use_two_addsub.u_re_add/no_use_apm.u_lut_addsub/sum_high[12]' of 'bmsWIDEDFFCPE' unit is dangling and will be cleaned.
W: Public-4008: Instance 'u_fft_wrapper/use_radix2_burst.u_radix2_burst_core/r2_dit_bf/u_r2_dit_mult_by_twiddle/u_fft_comp_round/u_re_round/convegent_rouning.din_up[1]' of 'bmsWIDEDFFCPE' unit is dangling and will be cleaned.
W: Public-4008: Instance 'u_fft_wrapper/use_radix2_burst.u_radix2_burst_core/r2_dit_bf/u_r2_dit_mult_by_twiddle/u_fft_comp_round/u_re_round/convegent_rouning.din_up[2]' of 'bmsWIDEDFFCPE' unit is dangling and will be cleaned.
W: Public-4008: Instance 'u_fft_wrapper/use_radix2_burst.u_radix2_burst_core/r2_dit_bf/u_r2_dit_mult_by_twiddle/u_fft_comp_round/u_re_round/convegent_rouning.din_up[3]' of 'bmsWIDEDFFCPE' unit is dangling and will be cleaned.
W: Public-4008: Instance 'u_fft_wrapper/use_radix2_burst.u_radix2_burst_core/r2_dit_bf/u_r2_dit_mult_by_twiddle/u_fft_comp_round/u_re_round/convegent_rouning.din_up[4]' of 'bmsWIDEDFFCPE' unit is dangling and will be cleaned.
W: Public-4008: Instance 'u_fft_wrapper/use_radix2_burst.u_radix2_burst_core/r2_dit_bf/u_r2_dit_mult_by_twiddle/u_fft_comp_round/u_re_round/convegent_rouning.din_up[5]' of 'bmsWIDEDFFCPE' unit is dangling and will be cleaned.
W: Public-4008: Instance 'u_fft_wrapper/use_radix2_burst.u_radix2_burst_core/r2_dit_bf/u_r2_dit_mult_by_twiddle/u_fft_comp_round/u_re_round/convegent_rouning.din_up[6]' of 'bmsWIDEDFFCPE' unit is dangling and will be cleaned.
W: Public-4008: Instance 'u_fft_wrapper/use_radix2_burst.u_radix2_burst_core/r2_dit_bf/u_r2_dit_mult_by_twiddle/u_fft_comp_round/u_re_round/convegent_rouning.din_up[7]' of 'bmsWIDEDFFCPE' unit is dangling and will be cleaned.
W: Public-4008: Instance 'u_fft_wrapper/use_radix2_burst.u_radix2_burst_core/r2_dit_bf/u_r2_dit_mult_by_twiddle/u_fft_comp_round/u_re_round/convegent_rouning.din_up[8]' of 'bmsWIDEDFFCPE' unit is dangling and will be cleaned.
W: Public-4008: Instance 'u_fft_wrapper/use_radix2_burst.u_radix2_burst_core/r2_dit_bf/u_r2_dit_mult_by_twiddle/u_fft_comp_round/u_re_round/convegent_rouning.din_up[9]' of 'bmsWIDEDFFCPE' unit is dangling and will be cleaned.
W: Public-4008: Instance 'u_fft_wrapper/use_radix2_burst.u_radix2_burst_core/r2_dit_bf/u_r2_dit_mult_by_twiddle/u_fft_comp_round/u_re_round/convegent_rouning.din_up[10]' of 'bmsWIDEDFFCPE' unit is dangling and will be cleaned.
W: Public-4008: Instance 'u_fft_wrapper/use_radix2_burst.u_radix2_burst_core/r2_dit_bf/u_r2_dit_mult_by_twiddle/u_fft_comp_round/u_re_round/convegent_rouning.din_up[11]' of 'bmsWIDEDFFCPE' unit is dangling and will be cleaned.
W: Public-4008: Instance 'u_fft_wrapper/use_radix2_burst.u_radix2_burst_core/r2_dit_bf/u_r2_dit_mult_by_twiddle/u_fft_comp_round/u_re_round/convegent_rouning.din_up[12]' of 'bmsWIDEDFFCPE' unit is dangling and will be cleaned.
W: Public-4008: Instance 'u_fft_wrapper/use_radix2_burst.u_radix2_burst_core/r2_dit_bf/u_r2_dit_mult_by_twiddle/u_fft_comp_round/u_re_round/convegent_rouning.din_up[14]' of 'bmsWIDEDFFCPE' unit is dangling and will be cleaned.
W: Public-4008: Instance 'u_fft_wrapper/use_radix2_burst.u_radix2_burst_core/r2_dit_bf/u_r2_dit_mult_by_twiddle/u_fft_comp_round/u_re_round/convegent_rouning.u_rouning_adder/no_use_apm.u_lut_addsub/sum1[0]' of 'bmsWIDEDFFCPE' unit is dangling and will be cleaned.
W: Public-4008: Instance 'u_fft_wrapper/use_radix2_burst.u_radix2_burst_core/r2_dit_bf/u_r2_dit_mult_by_twiddle/u_fft_comp_round/u_re_round/convegent_rouning.u_rouning_adder/no_use_apm.u_lut_addsub/sum1[1]' of 'bmsWIDEDFFCPE' unit is dangling and will be cleaned.
W: Public-4008: Instance 'u_fft_wrapper/use_radix2_burst.u_radix2_burst_core/r2_dit_bf/u_r2_dit_mult_by_twiddle/u_fft_comp_round/u_re_round/convegent_rouning.u_rouning_adder/no_use_apm.u_lut_addsub/sum1[2]' of 'bmsWIDEDFFCPE' unit is dangling and will be cleaned.
W: Public-4008: Instance 'u_fft_wrapper/use_radix2_burst.u_radix2_burst_core/r2_dit_bf/u_r2_dit_mult_by_twiddle/u_fft_comp_round/u_re_round/convegent_rouning.u_rouning_adder/no_use_apm.u_lut_addsub/sum1[3]' of 'bmsWIDEDFFCPE' unit is dangling and will be cleaned.
W: Public-4008: Instance 'u_fft_wrapper/use_radix2_burst.u_radix2_burst_core/r2_dit_bf/u_r2_dit_mult_by_twiddle/u_fft_comp_round/u_re_round/convegent_rouning.u_rouning_adder/no_use_apm.u_lut_addsub/sum1[4]' of 'bmsWIDEDFFCPE' unit is dangling and will be cleaned.
W: Public-4008: Instance 'u_fft_wrapper/use_radix2_burst.u_radix2_burst_core/r2_dit_bf/u_r2_dit_mult_by_twiddle/u_fft_comp_round/u_re_round/convegent_rouning.u_rouning_adder/no_use_apm.u_lut_addsub/sum1[5]' of 'bmsWIDEDFFCPE' unit is dangling and will be cleaned.
W: Public-4008: Instance 'u_fft_wrapper/use_radix2_burst.u_radix2_burst_core/r2_dit_bf/u_r2_dit_mult_by_twiddle/u_fft_comp_round/u_re_round/convegent_rouning.u_rouning_adder/no_use_apm.u_lut_addsub/sum1[6]' of 'bmsWIDEDFFCPE' unit is dangling and will be cleaned.
W: Public-4008: Instance 'u_fft_wrapper/use_radix2_burst.u_radix2_burst_core/r2_dit_bf/u_r2_dit_mult_by_twiddle/u_fft_comp_round/u_re_round/convegent_rouning.u_rouning_adder/no_use_apm.u_lut_addsub/sum1[7]' of 'bmsWIDEDFFCPE' unit is dangling and will be cleaned.
W: Public-4008: Instance 'u_fft_wrapper/use_radix2_burst.u_radix2_burst_core/r2_dit_bf/u_r2_dit_mult_by_twiddle/u_fft_comp_round/u_re_round/convegent_rouning.u_rouning_adder/no_use_apm.u_lut_addsub/sum1[8]' of 'bmsWIDEDFFCPE' unit is dangling and will be cleaned.
W: Public-4008: Instance 'u_fft_wrapper/use_radix2_burst.u_radix2_burst_core/r2_dit_bf/u_r2_dit_mult_by_twiddle/u_fft_comp_round/u_re_round/convegent_rouning.u_rouning_adder/no_use_apm.u_lut_addsub/sum1[9]' of 'bmsWIDEDFFCPE' unit is dangling and will be cleaned.
W: Public-4008: Instance 'u_fft_wrapper/use_radix2_burst.u_radix2_burst_core/r2_dit_bf/u_r2_dit_mult_by_twiddle/u_fft_comp_round/u_re_round/convegent_rouning.u_rouning_adder/no_use_apm.u_lut_addsub/sum1[10]' of 'bmsWIDEDFFCPE' unit is dangling and will be cleaned.
W: Public-4008: Instance 'u_fft_wrapper/use_radix2_burst.u_radix2_burst_core/r2_dit_bf/u_r2_dit_mult_by_twiddle/u_fft_comp_round/u_re_round/convegent_rouning.u_rouning_adder/no_use_apm.u_lut_addsub/sum1[11]' of 'bmsWIDEDFFCPE' unit is dangling and will be cleaned.
W: Public-4008: Instance 'u_fft_wrapper/use_radix2_burst.u_radix2_burst_core/r2_dit_bf/u_r2_dit_mult_by_twiddle/u_fft_comp_round/u_re_round/convegent_rouning.u_rouning_adder/no_use_apm.u_lut_addsub/sum1[12]' of 'bmsWIDEDFFCPE' unit is dangling and will be cleaned.
W: Public-4008: Instance 'u_fft_wrapper/use_radix2_burst.u_radix2_burst_core/r2_dit_bf/u_r2_dit_mult_by_twiddle/u_fft_comp_round/u_re_round/convegent_rouning.u_rouning_adder/no_use_apm.u_lut_addsub/sum1[13]' of 'bmsWIDEDFFCPE' unit is dangling and will be cleaned.
W: Public-4008: Instance 'u_fft_wrapper/use_radix2_burst.u_radix2_burst_core/r2_dit_bf/u_r2_dit_mult_by_twiddle/u_fft_comp_round/u_re_round/convegent_rouning.u_rouning_adder/no_use_apm.u_lut_addsub/sum2[19]' of 'bmsWIDEDFFCPE' unit is dangling and will be cleaned.
W: Public-4008: Instance 'u_fft_wrapper/use_radix2_burst.u_radix2_burst_core/r2_dit_bf/u_r2_dit_mult_by_twiddle/u_fft_comp_round/u_re_round/convegent_rouning.u_rouning_adder/no_use_apm.u_lut_addsub/sum_high[19]' of 'bmsWIDEDFFCPE' unit is dangling and will be cleaned.
W: Public-4008: Instance 'u_fft_wrapper/use_radix2_burst.u_radix2_burst_core/r2_dit_bf/u_r2_dit_mult_by_twiddle/u_fft_comp_round/u_re_round/convegent_rouning.u_rouning_adder/no_use_apm.u_lut_addsub/sum_low[0]' of 'bmsWIDEDFFCPE' unit is dangling and will be cleaned.
W: Public-4008: Instance 'u_fft_wrapper/use_radix2_burst.u_radix2_burst_core/r2_dit_bf/u_r2_dit_mult_by_twiddle/u_fft_comp_round/u_re_round/convegent_rouning.u_rouning_adder/no_use_apm.u_lut_addsub/sum_low[1]' of 'bmsWIDEDFFCPE' unit is dangling and will be cleaned.
W: Public-4008: Instance 'u_fft_wrapper/use_radix2_burst.u_radix2_burst_core/r2_dit_bf/u_r2_dit_mult_by_twiddle/u_fft_comp_round/u_re_round/convegent_rouning.u_rouning_adder/no_use_apm.u_lut_addsub/sum_low[2]' of 'bmsWIDEDFFCPE' unit is dangling and will be cleaned.
W: Public-4008: Instance 'u_fft_wrapper/use_radix2_burst.u_radix2_burst_core/r2_dit_bf/u_r2_dit_mult_by_twiddle/u_fft_comp_round/u_re_round/convegent_rouning.u_rouning_adder/no_use_apm.u_lut_addsub/sum_low[3]' of 'bmsWIDEDFFCPE' unit is dangling and will be cleaned.
W: Public-4008: Instance 'u_fft_wrapper/use_radix2_burst.u_radix2_burst_core/r2_dit_bf/u_r2_dit_mult_by_twiddle/u_fft_comp_round/u_re_round/convegent_rouning.u_rouning_adder/no_use_apm.u_lut_addsub/sum_low[4]' of 'bmsWIDEDFFCPE' unit is dangling and will be cleaned.
W: Public-4008: Instance 'u_fft_wrapper/use_radix2_burst.u_radix2_burst_core/r2_dit_bf/u_r2_dit_mult_by_twiddle/u_fft_comp_round/u_re_round/convegent_rouning.u_rouning_adder/no_use_apm.u_lut_addsub/sum_low[5]' of 'bmsWIDEDFFCPE' unit is dangling and will be cleaned.
W: Public-4008: Instance 'u_fft_wrapper/use_radix2_burst.u_radix2_burst_core/r2_dit_bf/u_r2_dit_mult_by_twiddle/u_fft_comp_round/u_re_round/convegent_rouning.u_rouning_adder/no_use_apm.u_lut_addsub/sum_low[6]' of 'bmsWIDEDFFCPE' unit is dangling and will be cleaned.
W: Public-4008: Instance 'u_fft_wrapper/use_radix2_burst.u_radix2_burst_core/r2_dit_bf/u_r2_dit_mult_by_twiddle/u_fft_comp_round/u_re_round/convegent_rouning.u_rouning_adder/no_use_apm.u_lut_addsub/sum_low[7]' of 'bmsWIDEDFFCPE' unit is dangling and will be cleaned.
W: Public-4008: Instance 'u_fft_wrapper/use_radix2_burst.u_radix2_burst_core/r2_dit_bf/u_r2_dit_mult_by_twiddle/u_fft_comp_round/u_re_round/convegent_rouning.u_rouning_adder/no_use_apm.u_lut_addsub/sum_low[8]' of 'bmsWIDEDFFCPE' unit is dangling and will be cleaned.
W: Public-4008: Instance 'u_fft_wrapper/use_radix2_burst.u_radix2_burst_core/r2_dit_bf/u_r2_dit_mult_by_twiddle/u_fft_comp_round/u_re_round/convegent_rouning.u_rouning_adder/no_use_apm.u_lut_addsub/sum_low[9]' of 'bmsWIDEDFFCPE' unit is dangling and will be cleaned.
W: Public-4008: Instance 'u_fft_wrapper/use_radix2_burst.u_radix2_burst_core/r2_dit_bf/u_r2_dit_mult_by_twiddle/u_fft_comp_round/u_re_round/convegent_rouning.u_rouning_adder/no_use_apm.u_lut_addsub/sum_low[10]' of 'bmsWIDEDFFCPE' unit is dangling and will be cleaned.
W: Public-4008: Instance 'u_fft_wrapper/use_radix2_burst.u_radix2_burst_core/r2_dit_bf/u_r2_dit_mult_by_twiddle/u_fft_comp_round/u_re_round/convegent_rouning.u_rouning_adder/no_use_apm.u_lut_addsub/sum_low[11]' of 'bmsWIDEDFFCPE' unit is dangling and will be cleaned.
W: Public-4008: Instance 'u_fft_wrapper/use_radix2_burst.u_radix2_burst_core/r2_dit_bf/u_r2_dit_mult_by_twiddle/u_fft_comp_round/u_re_round/convegent_rouning.u_rouning_adder/no_use_apm.u_lut_addsub/sum_low[12]' of 'bmsWIDEDFFCPE' unit is dangling and will be cleaned.
W: Public-4008: Instance 'u_fft_wrapper/use_radix2_burst.u_radix2_burst_core/r2_dit_bf/u_r2_dit_mult_by_twiddle/u_fft_comp_round/u_re_round/convegent_rouning.u_rouning_adder/no_use_apm.u_lut_addsub/sum_low[13]' of 'bmsWIDEDFFCPE' unit is dangling and will be cleaned.
W: Public-4008: Instance 'u_fft_wrapper/use_radix2_burst.u_radix2_burst_core/r2_dit_bf/u_r2_dit_mult_by_twiddle/u_twiddle_gen/u_re_input_sreg/latency_equal_to_2.sreg[0][7]' of 'bmsWIDEDFFCPE' unit is dangling and will be cleaned.
W: Public-4008: Instance 'u_fft_wrapper/use_radix2_burst.u_radix2_burst_core/r2_dit_bf/u_r2_dit_mult_by_twiddle/u_twiddle_gen/u_re_input_sreg/latency_equal_to_2.sreg[1][7]' of 'bmsWIDEDFFCPE' unit is dangling and will be cleaned.
W: Public-4008: Instance 'u_fft_wrapper/use_radix2_burst.u_radix2_burst_core/r2_dit_bf/u_r2bf_as_core/u_r2bf_subtractor/use_two_addsub.u_im_add/no_use_apm.u_lut_addsub/sum2[12]' of 'bmsWIDEDFFCPE' unit is dangling and will be cleaned.
W: Public-4008: Instance 'u_fft_wrapper/use_radix2_burst.u_radix2_burst_core/r2_dit_bf/u_r2bf_as_core/u_r2bf_subtractor/use_two_addsub.u_im_add/no_use_apm.u_lut_addsub/sum_high[12]' of 'bmsWIDEDFFCPE' unit is dangling and will be cleaned.
W: Public-4008: Instance 'u_fft_wrapper/use_radix2_burst.u_radix2_burst_core/r2_dit_bf/u_r2bf_as_core/u_r2bf_subtractor/use_two_addsub.u_re_add/no_use_apm.u_lut_addsub/sum2[12]' of 'bmsWIDEDFFCPE' unit is dangling and will be cleaned.
W: Public-4008: Instance 'u_fft_wrapper/use_radix2_burst.u_radix2_burst_core/r2_dit_bf/u_r2bf_as_core/u_r2bf_subtractor/use_two_addsub.u_re_add/no_use_apm.u_lut_addsub/sum_high[12]' of 'bmsWIDEDFFCPE' unit is dangling and will be cleaned.
I: Removed GTP_DFF inst u_fft_wrapper/use_radix2_burst.u_radix2_burst_core/r2_dit_bf/u_r2_dit_mult_by_twiddle/u_fft_comp_round/u_re_round/convegent_rouning.din_up[13] that is redundant to u_fft_wrapper/use_radix2_burst.u_radix2_burst_core/r2_dit_bf/u_r2_dit_mult_by_twiddle/u_fft_comp_round/u_re_round/convegent_rouning.din_d1[14]
I: Removed GTP_DFF inst u_fft_wrapper/use_radix2_burst.u_radix2_burst_core/r2_dit_bf/u_r2_dit_mult_by_twiddle/u_fft_comp_round/u_im_round/convegent_rouning.din_up[13] that is redundant to u_fft_wrapper/use_radix2_burst.u_radix2_burst_core/r2_dit_bf/u_r2_dit_mult_by_twiddle/u_fft_comp_round/u_im_round/convegent_rouning.din_d1[14]
I: Removed GTP_DFF inst u_fft_wrapper/use_radix2_burst.u_radix2_burst_core/r2_dit_ctrl/pair_addr_diff_c3[0] that is redundant to u_fft_wrapper/use_radix2_burst.u_radix2_burst_core/r2_dit_ctrl/group_inc_val_c2[1]
I: Removed GTP_DFF inst u_fft_wrapper/use_radix2_burst.u_radix2_burst_core/r2_dit_ctrl/pair_addr_diff_c3[1] that is redundant to u_fft_wrapper/use_radix2_burst.u_radix2_burst_core/r2_dit_ctrl/group_inc_val_c2[2]
I: Removed GTP_DFF inst u_fft_wrapper/use_radix2_burst.u_radix2_burst_core/r2_dit_ctrl/pair_addr_diff_c3[2] that is redundant to u_fft_wrapper/use_radix2_burst.u_radix2_burst_core/r2_dit_ctrl/group_inc_val_c2[3]
I: Removed GTP_DFF inst u_fft_wrapper/use_radix2_burst.u_radix2_burst_core/r2_dit_ctrl/pair_addr_diff_c3[3] that is redundant to u_fft_wrapper/use_radix2_burst.u_radix2_burst_core/r2_dit_ctrl/group_inc_val_c2[4]
I: Removed GTP_DFF inst u_fft_wrapper/use_radix2_burst.u_radix2_burst_core/r2_dit_ctrl/pair_addr_diff_c3[4] that is redundant to u_fft_wrapper/use_radix2_burst.u_radix2_burst_core/r2_dit_ctrl/group_inc_val_c2[5]
I: Removed GTP_DFF inst u_fft_wrapper/use_radix2_burst.u_radix2_burst_core/r2_dit_ctrl/pair_addr_diff_c3[5] that is redundant to u_fft_wrapper/use_radix2_burst.u_radix2_burst_core/r2_dit_ctrl/group_inc_val_c2[6]
Executing : tech-mapping phase 1 successfully. Time elapsed: 0.084s wall, 0.094s user + 0.000s system = 0.094s CPU (111.7%)

Start tech-mapping phase 2.
Executing : tech-mapping phase 2 successfully. Time elapsed: 0.435s wall, 0.422s user + 0.000s system = 0.422s CPU (97.1%)

Start tech-optimization.
Executing : tech-optimization successfully. Time elapsed: 0.162s wall, 0.172s user + 0.000s system = 0.172s CPU (106.2%)

Start phys-optimization.
Executing : phys-optimization successfully. Time elapsed: 0.000s wall, 0.000s user + 0.000s system = 0.000s CPU (n/a%)

Start restore-hierarchy.
Executing : restore-hierarchy successfully. Time elapsed: 0.533s wall, 0.531s user + 0.000s system = 0.531s CPU (99.7%)


Cell Usage:
GTP_APM_E1                    8 uses
GTP_DFF                    1072 uses
GTP_DFF_E                    39 uses
GTP_DFF_S                     1 use
GTP_DFF_SE                    2 uses
GTP_DRM18K                    4 uses
GTP_DRM9K                     2 uses
GTP_GRS                       1 use
GTP_LUT1                      8 uses
GTP_LUT2                     24 uses
GTP_LUT3                    307 uses
GTP_LUT4                    119 uses
GTP_LUT5                    139 uses
GTP_LUT5CARRY               410 uses
GTP_LUT5M                    54 uses
GTP_MUX2LUT6                  1 use
GTP_RAM16X1DP                90 uses

I/O ports: 15
GTP_INBUF                   6 uses
GTP_OUTBUF                  9 uses

Mapping Summary:
Total LUTs: 1151 of 10400 (11.07%)
	LUTs as dram: 90 of 2640 (3.41%)
	LUTs as logic: 1061
Total Registers: 1114 of 15600 (7.14%)
Total Latches: 0

DRM18K:
Total DRM18K = 5.0 of 30 (16.67%)

APMs:
Total APMs = 8.00 of 20 (40.00%)

Total I/O ports = 15 of 160 (9.38%)


Overview of Control Sets:

Number of unique control sets : 10

Histogram:
**************************************************************
  Fanout      | Count    | Sync Set/Reset    Async Set/Reset
--------------------------------------------------------------
  [0, 2)      | 3        | 3                 0
  [2, 4)      | 1        | 1                 0
  [4, 6)      | 0        | 0                 0
  [6, 8)      | 3        | 3                 0
  [8, 10)     | 2        | 2                 0
  [10, 12)    | 0        | 0                 0
  [12, 14)    | 0        | 0                 0
  [14, 16)    | 0        | 0                 0
  [16, Inf)   | 1        | 1                 0
--------------------------------------------------------------
  The maximum fanout: 1072
==============================================================

Flip-Flop Distribution:
************************************************************************
  Clock Enable    Sync Set/Reset    Async Set/Reset    Total Registers
------------------------------------------------------------------------
  NO              NO                NO                 1072
  NO              NO                YES                0
  NO              YES               NO                 1
  YES             NO                NO                 39
  YES             NO                YES                0
  YES             YES               NO                 2
========================================================================

Latch Distribution:
************************************************
  Gate Enable    Preset/Clear    Total Latches
************************************************
  NO             NO              0
  NO             YES             0
  YES            NO              0
  YES            YES             0
************************************************

Design 'ipsxe_fft_core_only' has been successfully synthesized to architecture-specific objects.
Saving design to DB.
Saving design to ipsxe_fft_core_only_syn.vm
Constructing timing graph ...
Timing graph has been constructed successfully
W: Timing-4087: Port 'o_alm[0]' is not constrained, it is treated as combinational output.
W: Timing-4087: Port 'o_alm[1]' is not constrained, it is treated as combinational output.
W: Timing-4087: Port 'o_alm[2]' is not constrained, it is treated as combinational output.
W: Timing-4087: Port 'o_axi4s_data_tdata_s' is not constrained, it is treated as combinational output.
W: Timing-4087: Port 'o_axi4s_data_tlast' is not constrained, it is treated as combinational output.
W: Timing-4087: Port 'o_axi4s_data_tready' is not constrained, it is treated as combinational output.
W: Timing-4087: Port 'o_axi4s_data_tuser_s' is not constrained, it is treated as combinational output.
W: Timing-4087: Port 'o_axi4s_data_tvalid' is not constrained, it is treated as combinational output.
W: Timing-4087: Port 'o_stat' is not constrained, it is treated as combinational output.
W: Timing-4086: Port 'i_axi4s_cfg_tdata' is not constrained, it is treated as combinational input.
W: Timing-4086: Port 'i_axi4s_cfg_tvalid' is not constrained, it is treated as combinational input.
W: Timing-4086: Port 'i_axi4s_data_tdata_s' is not constrained, it is treated as combinational input.
W: Timing-4086: Port 'i_axi4s_data_tlast' is not constrained, it is treated as combinational input.
W: Timing-4086: Port 'i_axi4s_data_tvalid' is not constrained, it is treated as combinational input.
Action synthesize: Real time elapsed is 0h:0m:5s
Action synthesize: CPU time elapsed is 0h:0m:3s
Action synthesize: Process CPU time elapsed is 0h:0m:3s
Current time: Sat Mar 30 14:54:49 2024
Action synthesize: Peak memory pool usage is 195 MB
