-------------------------------------------------------------------------------------------------------------------------------------------------------
Notes: 
  Total_num: the numbers of add/sub in rtl
  Module Name: the module name of the instantiated module calling directly the add/sub sub module
  Location/Inst Name: if linefile info exists(no optimization), print the codes location of add/sub in rtl, else print the inst name
  Count: the amount of lutcarry for add/sub
  Number: the numbers of add/sub with the same lutcarry counts and linefile

Detailed RTL Component Info :
-----Add :
               Total_Num :5
-----Sub :
               Total_Num :0
-----AddSub :
               Total_Num :0

Add_Sub_AddSub: Initial Mapping Report :
|-----------------------------|---------|---------|---------|------------------------------------------------------------|
|Module Name                  |Type     |Count    |Number   |Location/Inst Name                                          |
|-----------------------------|---------|---------|---------|------------------------------------------------------------|
|key_filter_inst              |Add      |20       |1        |../../../src/uart/key_filter.v:33                           |
|-----------------------------|---------|---------|---------|------------------------------------------------------------|
|u_uart_rx                    |Add      |9        |1        |../../../src/uart/uart_rx.v:80                              |
|-----------------------------|---------|---------|---------|------------------------------------------------------------|
|u_uart_tx                    |Add      |9        |1        |../../../src/uart/uart_tx.v:88                              |
|-----------------------------|---------|---------|---------|------------------------------------------------------------|
|uart_data_gen                |Add      |26       |1        |../../../src/uart/uart_data_gen.v:41                        |
|-----------------------------|---------|---------|---------|------------------------------------------------------------|
|uart_data_gen                |Add      |8        |1        |../../../src/uart/uart_data_gen.v:84                        |
|-----------------------------|---------|---------|---------|------------------------------------------------------------|

-------------------------------------------------------------------------------------------------------------------------------------------------------

