#Build: Fabric Compiler 2022.1, Build 99559, Jul 12 00:20 2022
#Install: D:\fpga_competition\FPGA_competition\ziguangtongchuang_file\MES50HP_v3\set_up\set_up_file\PDS_2022.1\bin
#Application name: pds_shell.exe
#OS: Windows 10 10.0.22000
#Hostname: Thecomputerofmartin
Generated by Fabric Compiler (version 2022.1 build 99559) at Sat Jul 20 11:22:37 2024
Compiling verification operator library.
Compiling common defs.
Compiling prim grid devices.
Compiling gate devices.
Compiling gate operators.
Building architecture model.
Loading device packaging model.
W: ConstraintEditor-4030: No constraint files found, so all ports are unspecified I/O constraint.
I: Column Clock Check open.
Read Column Clock Map.

Placement started.
Phase 1 Pre global placement started.
Phase 1.1 1st GP placement started.
Design Utilization : 30%.
Wirelength after clock region global placement is 111727.
1st GP placement takes 10.95 sec.

Phase 1.2 Clock placement started.
Mapping instance sys_clk_ibuf/opit_1 to IOL_7_205.
Mapping instance clkbufg_0/gopclkbufg to USCM_84_108.
Clock placement takes 0.34 sec.

Pre global placement takes 13.19 sec.

Phase 2 Global placement started.
Phase 2.1 Fixed placement started.
Placed fixed group with base inst sys_clk_ibuf/opit_1 on IOL_7_205.
Placed fixed instance clkbufg_0/gopclkbufg on USCM_84_108.
Fixed placement takes 0.00 sec.

Phase 2.2 Process placement started.
Process placement takes 0.00 sec.

Phase 2.3 IO placement started.
IO placement takes 0.05 sec.

Phase 2.4 2nd GP placement started.
Run super clustering :
	Initial slack 980703.
	10 iterations finished.
	Final slack 987277.
Super clustering done.
Design Utilization : 30%.
2nd GP placement takes 14.97 sec.

Wirelength after global placement is 160997.
Global placement takes 15.02 sec.

Phase 3 Post global placement started.
Phase 3.1 Macro cell placement started.
Wirelength after macro cell placement is 220643.
Macro cell placement takes 0.03 sec.

Phase 3.2 3rd GP placement started.
Run super clustering :
	Initial slack 980703.
	10 iterations finished.
	Final slack 987277.
Super clustering done.
Design Utilization : 30%.
3rd GP placement takes 11.53 sec.

Wirelength after post global placement is 160561.
Post global placement takes 11.56 sec.

Phase 4 Legalization started.
The average distance in LP is 1.293312.
Wirelength after legalization is 172322.
Legalization takes 0.83 sec.

Phase 5 Timing-driven detailed placement started.
Phase 5.1 Replication placement started.
Worst slack before Replication Place is 986344.
Replication placement takes 0.53 sec.

Wirelength after replication placement is 172322.
Phase 5.2 DP placement started.
Legalized cost 986344.000000.
The detailed placement ends at 0th iteration.
DP placement takes 0.52 sec.

Wirelength after detailed placement is 172322.
Timing-driven detailed placement takes 1.08 sec.

Worst slack is 986344, TNS after placement is 0.
Placement done.
Total placement takes 44.59 sec.
Finished placement. (CPU time elapsed 0h:00m:44s)

Routing started.
Building routing graph takes 2.12 sec.
Worst slack is 986344, TNS before global route is 0.
Processing design graph takes 0.56 sec.
Total memory for routing:
	124.674959 M.
Total nets for routing : 17746.
Rcf routing step 1 processed 0 nets, it takes 0.00 sec.
Rcf routing step 2 processed 0 nets, it takes 0.00 sec.
Rcf routing step 3 processed 0 nets, it takes 0.00 sec.
Global Routing step 1 processed 0 nets, it takes 0.00 sec.
Global Routing step 2 processed 0 nets, it takes 0.02 sec.
Unrouted nets 293 at the end of iteration 0.
Unrouted nets 143 at the end of iteration 1.
Unrouted nets 78 at the end of iteration 2.
Unrouted nets 51 at the end of iteration 3.
Unrouted nets 23 at the end of iteration 4.
Unrouted nets 22 at the end of iteration 5.
Unrouted nets 12 at the end of iteration 6.
Unrouted nets 13 at the end of iteration 7.
Unrouted nets 4 at the end of iteration 8.
Unrouted nets 5 at the end of iteration 9.
Unrouted nets 4 at the end of iteration 10.
Unrouted nets 1 at the end of iteration 11.
Unrouted nets 0 at the end of iteration 12.
Global Routing step 3 processed 624 nets, it takes 2.83 sec.
Global routing takes 2.89 sec.
Total 19657 subnets.
    forward max bucket size 3111 , backward 713.
        Unrouted nets 13632 at the end of iteration 0.
    route iteration 0, CPU time elapsed 2.890625 sec.
    forward max bucket size 579 , backward 716.
        Unrouted nets 9714 at the end of iteration 1.
    route iteration 1, CPU time elapsed 1.593750 sec.
    forward max bucket size 1106 , backward 709.
        Unrouted nets 6571 at the end of iteration 2.
    route iteration 2, CPU time elapsed 1.390625 sec.
    forward max bucket size 2262 , backward 1534.
        Unrouted nets 4841 at the end of iteration 3.
    route iteration 3, CPU time elapsed 1.250000 sec.
    forward max bucket size 834 , backward 1531.
        Unrouted nets 4194 at the end of iteration 4.
    route iteration 4, CPU time elapsed 0.750000 sec.
    forward max bucket size 819 , backward 313.
        Unrouted nets 3115 at the end of iteration 5.
    route iteration 5, CPU time elapsed 0.625000 sec.
    forward max bucket size 2185 , backward 276.
        Unrouted nets 2322 at the end of iteration 6.
    route iteration 6, CPU time elapsed 0.468750 sec.
    forward max bucket size 175 , backward 205.
        Unrouted nets 1637 at the end of iteration 7.
    route iteration 7, CPU time elapsed 0.312500 sec.
    forward max bucket size 393 , backward 269.
        Unrouted nets 1112 at the end of iteration 8.
    route iteration 8, CPU time elapsed 0.250000 sec.
    forward max bucket size 246 , backward 292.
        Unrouted nets 767 at the end of iteration 9.
    route iteration 9, CPU time elapsed 0.203125 sec.
    forward max bucket size 251 , backward 264.
        Unrouted nets 512 at the end of iteration 10.
    route iteration 10, CPU time elapsed 0.156250 sec.
    forward max bucket size 380 , backward 204.
        Unrouted nets 364 at the end of iteration 11.
    route iteration 11, CPU time elapsed 0.125000 sec.
    forward max bucket size 114 , backward 160.
        Unrouted nets 236 at the end of iteration 12.
    route iteration 12, CPU time elapsed 0.109375 sec.
    forward max bucket size 230 , backward 180.
        Unrouted nets 188 at the end of iteration 13.
    route iteration 13, CPU time elapsed 0.078125 sec.
    forward max bucket size 187 , backward 146.
        Unrouted nets 149 at the end of iteration 14.
    route iteration 14, CPU time elapsed 0.078125 sec.
    forward max bucket size 66 , backward 83.
        Unrouted nets 86 at the end of iteration 15.
    route iteration 15, CPU time elapsed 0.062500 sec.
    forward max bucket size 29 , backward 100.
        Unrouted nets 63 at the end of iteration 16.
    route iteration 16, CPU time elapsed 0.062500 sec.
    forward max bucket size 181 , backward 162.
        Unrouted nets 44 at the end of iteration 17.
    route iteration 17, CPU time elapsed 0.062500 sec.
    forward max bucket size 23 , backward 26.
        Unrouted nets 32 at the end of iteration 18.
    route iteration 18, CPU time elapsed 0.046875 sec.
    forward max bucket size 20 , backward 22.
        Unrouted nets 31 at the end of iteration 19.
    route iteration 19, CPU time elapsed 0.046875 sec.
    forward max bucket size 61 , backward 57.
        Unrouted nets 34 at the end of iteration 20.
    route iteration 20, CPU time elapsed 0.062500 sec.
    forward max bucket size 26 , backward 24.
        Unrouted nets 18 at the end of iteration 21.
    route iteration 21, CPU time elapsed 0.046875 sec.
    forward max bucket size 20 , backward 18.
        Unrouted nets 6 at the end of iteration 22.
    route iteration 22, CPU time elapsed 0.046875 sec.
    forward max bucket size 22 , backward 25.
        Unrouted nets 9 at the end of iteration 23.
    route iteration 23, CPU time elapsed 0.046875 sec.
    forward max bucket size 19 , backward 23.
        Unrouted nets 9 at the end of iteration 24.
    route iteration 24, CPU time elapsed 0.046875 sec.
    forward max bucket size 12 , backward 13.
        Unrouted nets 7 at the end of iteration 25.
    route iteration 25, CPU time elapsed 0.062500 sec.
    forward max bucket size 14 , backward 20.
        Unrouted nets 2 at the end of iteration 26.
    route iteration 26, CPU time elapsed 0.046875 sec.
    forward max bucket size 16 , backward 16.
        Unrouted nets 2 at the end of iteration 27.
    route iteration 27, CPU time elapsed 0.062500 sec.
    forward max bucket size 9 , backward 7.
        Unrouted nets 0 at the end of iteration 28.
    route iteration 28, CPU time elapsed 0.046875 sec.
Detailed routing takes 28 iterations
Detailed routing takes 11.78 sec.
Start fix hold violation.
Build tmp routing results takes 0.17 sec.
Timing analysis takes 1.20 sec.
No hold violation.
Hold Violation Fix in router takes 0 iterations.
Fix hold violation Finished.
Hold Violation Fix in router takes 1.98 sec.

Dispose routing result:
    Collect routing result.
    Delete unused device instances.
    Annotate routing result.
    Change LUT configuration.
    Dispose misc instances.
    Annotate routing result again.
Finish routing takes 0.48 sec.
Used SRB routing arc is 139364.
Cleanup routing takes 0.03 sec.
Routing done.
Total routing takes 20.55 sec.


Device Utilization Summary :
+---------------------------------------------------------------------------+
| Logic Utilization        | Used     | Available     | Utilization(%)     
+---------------------------------------------------------------------------+
| Use of APM               | 73       | 84            | 87                 
| Use of BKCL              | 0        | 4             | 0                  
| Use of CLMA              | 2127     | 6450          | 33                 
|   FF                     | 3764     | 38700         | 10                 
|   LUT                    | 7981     | 25800         | 31                 
|   LUT-FF pairs           | 3335     | 25800         | 13                 
| Use of CLMS              | 1263     | 4250          | 30                 
|   FF                     | 2211     | 25500         | 9                  
|   LUT                    | 4733     | 17000         | 28                 
|   LUT-FF pairs           | 1944     | 17000         | 12                 
|   Distributed RAM        | 0        | 17000         | 0                  
| Use of CRYSTAL           | 0        | 2             | 0                  
| Use of DLL               | 0        | 10            | 0                  
| Use of DQSL              | 0        | 18            | 0                  
| Use of DRM               | 0        | 134           | 0                  
| Use of FUSECODE          | 0        | 1             | 0                  
| Use of HARD0N1           | 635      | 6672          | 10                 
| Use of HSST              | 0        | 1             | 0                  
| Use of IO                | 24       | 296           | 9                  
|   IOBD                   | 0        | 64            | 0                  
|   IOBR_LR                | 1        | 7             | 15                 
|   IOBR_TB                | 0        | 8             | 0                  
|   IOBS_LR                | 22       | 161           | 14                 
|   IOBS_TB                | 1        | 56            | 2                  
| Use of IOCKDIV           | 0        | 20            | 0                  
| Use of IOCKDLY           | 0        | 40            | 0                  
| Use of IOCKGATE          | 0        | 20            | 0                  
| Use of IOCKGMUX_TEST     | 0        | 20            | 0                  
| Use of IOL               | 24       | 400           | 6                  
| Use of IPAL              | 0        | 1             | 0                  
| Use of LDO               | 0        | 4             | 0                  
| Use of MFG_TEST          | 0        | 1             | 0                  
| Use of OSC               | 0        | 1             | 0                  
| Use of PCIE              | 0        | 1             | 0                  
| Use of PIOMUX_TEST       | 0        | 10            | 0                  
| Use of PLL               | 0        | 5             | 0                  
| Use of PREGMUX_TEST      | 0        | 6             | 0                  
| Use of RCKB              | 0        | 24            | 0                  
| Use of RCKBMUX_TEST      | 0        | 12            | 0                  
| Use of RESCAL            | 0        | 4             | 0                  
| Use of SCANCHAIN         | 0        | 2             | 0                  
| Use of START             | 1        | 1             | 100                
| Use of UDID              | 0        | 1             | 0                  
| Use of USCM              | 1        | 30            | 4                  
| Use of USCMMUX_TEST      | 0        | 30            | 0                  
| Use of VCKBMUX_TEST      | 0        | 12            | 0                  
+---------------------------------------------------------------------------+

Finished routing. (CPU time elapsed 0h:00m:20s)
Design 'auido_recognization' has been placed and routed successfully.
Saving design to DB.
Finished placement and routing. (CPU time elapsed 0h:01m:20s)
Action pnr: Real time elapsed is 0h:1m:23s
Action pnr: CPU time elapsed is 0h:1m:21s
Action pnr: Process CPU time elapsed is 0h:1m:21s
Current time: Sat Jul 20 11:23:59 2024
Action pnr: Peak memory pool usage is 1,024 MB
