#Build: Fabric Compiler 2022.1, Build 99559, Jul 12 00:20 2022
#Install: D:\fpga_competition\FPGA_competition\ziguangtongchuang_file\MES50HP_v3\set_up\set_up_file\PDS_2022.1\bin
#Application name: pds_shell.exe
#OS: Windows 10 10.0.22000
#Hostname: Thecomputerofmartin
Generated by Fabric Compiler (version 2022.1 build 99559) at Sat May 18 09:48:47 2024
Compiling verification operator library.
Compiling common defs.
Compiling prim grid devices.
Compiling gate devices.
Compiling gate operators.
Building architecture model.
Loading device packaging model.
W: ConstraintEditor-4030: No constraint files found, so all ports are unspecified I/O constraint.
I: Column Clock Check open.
Read Column Clock Map.

Placement started.
Phase 1 Pre global placement started.
Phase 1.1 1st GP placement started.
Design Utilization : 2%.
Wirelength after clock region global placement is 5540.
1st GP placement takes 1.19 sec.

Phase 1.2 Clock placement started.
Mapping instance clk_ibuf/opit_1 to IOL_7_137.
Mapping instance clkbufg_0/gopclkbufg to USCM_56_112.
Clock placement takes 0.17 sec.

Pre global placement takes 2.88 sec.

Phase 2 Global placement started.
Phase 2.1 Fixed placement started.
Placed fixed group with base inst clk_ibuf/opit_1 on IOL_7_137.
Placed fixed instance clkbufg_0/gopclkbufg on USCM_56_112.
Fixed placement takes 0.00 sec.

Phase 2.2 Process placement started.
Process placement takes 0.00 sec.

Phase 2.3 IO placement started.
IO placement takes 0.05 sec.

Phase 2.4 2nd GP placement started.
Run super clustering :
	Initial slack 990426.
	1 iterations finished.
	Final slack 990426.
Super clustering done.
Design Utilization : 2%.
2nd GP placement takes 0.70 sec.

Wirelength after global placement is 6874.
Global placement takes 0.75 sec.

Phase 3 Post global placement started.
Phase 3.1 Macro cell placement started.
Wirelength after macro cell placement is 6874.
Macro cell placement takes 0.00 sec.

Phase 3.2 3rd GP placement started.
Run super clustering :
	Initial slack 990426.
	1 iterations finished.
	Final slack 990426.
Super clustering done.
Design Utilization : 2%.
3rd GP placement takes 0.70 sec.

Wirelength after post global placement is 6874.
Post global placement takes 0.70 sec.

Phase 4 Legalization started.
The average distance in LP is 1.249012.
Wirelength after legalization is 7139.
Legalization takes 0.02 sec.

Phase 5 Timing-driven detailed placement started.
Phase 5.1 Replication placement started.
Worst slack before Replication Place is 993043.
Replication placement takes 0.02 sec.

Wirelength after replication placement is 7139.
Phase 5.2 DP placement started.
Legalized cost 993043.000000.
The detailed placement ends at 0th iteration.
DP placement takes 0.02 sec.

Wirelength after detailed placement is 7139.
Timing-driven detailed placement takes 0.03 sec.

Worst slack is 993043, TNS after placement is 0.
Placement done.
Total placement takes 4.50 sec.
Finished placement. (CPU time elapsed 0h:00m:04s)

Routing started.
Building routing graph takes 0.75 sec.
Worst slack is 993043, TNS before global route is 0.
Processing design graph takes 0.09 sec.
Total memory for routing:
	63.453549 M.
Total nets for routing : 684.
Rcf routing step 1 processed 0 nets, it takes 0.00 sec.
Rcf routing step 2 processed 0 nets, it takes 0.00 sec.
Rcf routing step 3 processed 0 nets, it takes 0.00 sec.
Global Routing step 1 processed 0 nets, it takes 0.00 sec.
Global Routing step 2 processed 0 nets, it takes 0.00 sec.
Unrouted nets 16 at the end of iteration 0.
Unrouted nets 6 at the end of iteration 1.
Unrouted nets 0 at the end of iteration 2.
Global Routing step 3 processed 71 nets, it takes 0.03 sec.
Global routing takes 0.05 sec.
Total 761 subnets.
    forward max bucket size 698 , backward 95.
        Unrouted nets 300 at the end of iteration 0.
    route iteration 0, CPU time elapsed 0.031250 sec.
    forward max bucket size 110 , backward 72.
        Unrouted nets 237 at the end of iteration 1.
    route iteration 1, CPU time elapsed 0.031250 sec.
    forward max bucket size 94 , backward 78.
        Unrouted nets 149 at the end of iteration 2.
    route iteration 2, CPU time elapsed 0.015625 sec.
    forward max bucket size 55 , backward 38.
        Unrouted nets 115 at the end of iteration 3.
    route iteration 3, CPU time elapsed 0.000000 sec.
    forward max bucket size 16 , backward 15.
        Unrouted nets 90 at the end of iteration 4.
    route iteration 4, CPU time elapsed 0.015625 sec.
    forward max bucket size 32 , backward 16.
        Unrouted nets 50 at the end of iteration 5.
    route iteration 5, CPU time elapsed 0.000000 sec.
    forward max bucket size 22 , backward 29.
        Unrouted nets 37 at the end of iteration 6.
    route iteration 6, CPU time elapsed 0.000000 sec.
    forward max bucket size 77 , backward 45.
        Unrouted nets 29 at the end of iteration 7.
    route iteration 7, CPU time elapsed 0.015625 sec.
    forward max bucket size 13 , backward 14.
        Unrouted nets 15 at the end of iteration 8.
    route iteration 8, CPU time elapsed 0.000000 sec.
    forward max bucket size 13 , backward 12.
        Unrouted nets 11 at the end of iteration 9.
    route iteration 9, CPU time elapsed 0.000000 sec.
    forward max bucket size 14 , backward 18.
        Unrouted nets 6 at the end of iteration 10.
    route iteration 10, CPU time elapsed 0.000000 sec.
    forward max bucket size 13 , backward 10.
        Unrouted nets 2 at the end of iteration 11.
    route iteration 11, CPU time elapsed 0.000000 sec.
    forward max bucket size 13 , backward 15.
        Unrouted nets 3 at the end of iteration 12.
    route iteration 12, CPU time elapsed 0.000000 sec.
    forward max bucket size 8 , backward 9.
        Unrouted nets 0 at the end of iteration 13.
    route iteration 13, CPU time elapsed 0.000000 sec.
Detailed routing takes 13 iterations
Detailed routing takes 0.12 sec.
Start fix hold violation.
Build tmp routing results takes 0.00 sec.
Timing analysis takes 0.03 sec.
No hold violation.
Hold Violation Fix in router takes 0 iterations.
Fix hold violation Finished.
Hold Violation Fix in router takes 0.11 sec.

Dispose routing result:
    Collect routing result.
    Delete unused device instances.
    Annotate routing result.
    Change LUT configuration.
    Dispose misc instances.
    Annotate routing result again.
Finish routing takes 0.02 sec.
Used SRB routing arc is 3725.
Cleanup routing takes 0.00 sec.
Routing done.
Total routing takes 1.39 sec.


Device Utilization Summary :
+---------------------------------------------------------------------------+
| Logic Utilization        | Used     | Available     | Utilization(%)     
+---------------------------------------------------------------------------+
| Use of APM               | 0        | 40            | 0                  
| Use of BKCL              | 0        | 4             | 0                  
| Use of CLMA              | 62       | 3748          | 2                  
|   FF                     | 138      | 22488         | 1                  
|   LUT                    | 218      | 14992         | 2                  
|   LUT-FF pairs           | 36       | 14992         | 1                  
| Use of CLMS              | 19       | 1892          | 2                  
|   FF                     | 54       | 11352         | 1                  
|   LUT                    | 61       | 7568          | 1                  
|   LUT-FF pairs           | 28       | 7568          | 1                  
|   Distributed RAM        | 0        | 7568          | 0                  
| Use of CRYSTAL           | 0        | 4             | 0                  
| Use of DLL               | 0        | 8             | 0                  
| Use of DQSL              | 0        | 12            | 0                  
| Use of DRM               | 0        | 60            | 0                  
| Use of FUSECODE          | 0        | 1             | 0                  
| Use of HARD0N1           | 19       | 3480          | 1                  
| Use of IO                | 100      | 308           | 33                 
|   IOBD                   | 24       | 74            | 33                 
|   IOBR                   | 3        | 12            | 25                 
|   IOBS                   | 73       | 222           | 33                 
| Use of IOCKDIV           | 0        | 16            | 0                  
| Use of IOCKDLY           | 0        | 32            | 0                  
| Use of IOCKGATE          | 0        | 16            | 0                  
| Use of IOCKGMUX_TEST     | 0        | 16            | 0                  
| Use of IOL               | 100      | 308           | 33                 
| Use of IPAL              | 0        | 1             | 0                  
| Use of MFG_TEST          | 0        | 1             | 0                  
| Use of OSC               | 0        | 1             | 0                  
| Use of PLL               | 0        | 4             | 0                  
| Use of PREGMUX_TEST      | 0        | 4             | 0                  
| Use of RCKB              | 0        | 16            | 0                  
| Use of RCKBMUX_TEST      | 0        | 8             | 0                  
| Use of RESCAL            | 0        | 4             | 0                  
| Use of SCANCHAIN         | 0        | 2             | 0                  
| Use of START             | 1        | 1             | 100                
| Use of UDID              | 0        | 1             | 0                  
| Use of USCM              | 1        | 30            | 4                  
| Use of USCMMUX_TEST      | 0        | 30            | 0                  
| Use of VCKBMUX_TEST      | 0        | 8             | 0                  
+---------------------------------------------------------------------------+

Finished routing. (CPU time elapsed 0h:00m:01s)
Design 'cordic_jpl' has been placed and routed successfully.
Saving design to DB.
Finished placement and routing. (CPU time elapsed 0h:00m:09s)
Action pnr: Real time elapsed is 0h:0m:12s
Action pnr: CPU time elapsed is 0h:0m:10s
Action pnr: Process CPU time elapsed is 0h:0m:10s
Current time: Sat May 18 09:48:58 2024
Action pnr: Peak memory pool usage is 624 MB
