#Build: Fabric Compiler 2022.1, Build 99559, Jul 12 00:20 2022
#Install: D:\fpga_competition\FPGA_competition\ziguangtongchuang_file\MES50HP_v3\set_up\set_up_file\PDS_2022.1\bin
#Application name: pds_shell.exe
#OS: Windows 10 10.0.22000
#Hostname: Thecomputerofmartin
Generated by Fabric Compiler (version 2022.1 build 99559) at Fri May 10 14:28:52 2024
Compiling verification operator library.
Compiling common defs.
Compiling prim grid devices.
Compiling gate devices.
Compiling gate operators.
Building architecture model.
Loading device packaging model.
W: ConstraintEditor-4030: No constraint files found, so all ports are unspecified I/O constraint.
I: Column Clock Check open.
Read Column Clock Map.

Placement started.
Phase 1 Pre global placement started.
Phase 1.1 1st GP placement started.
Design Utilization : 5%.
Wirelength after clock region global placement is 9101.
1st GP placement takes 1.48 sec.

Phase 1.2 Clock placement started.
Mapping instance clk_ibuf/opit_1 to IOL_7_137.
Mapping instance clkbufg_0/gopclkbufg to USCM_56_112.
Clock placement takes 0.17 sec.

Pre global placement takes 3.17 sec.

Phase 2 Global placement started.
Phase 2.1 Fixed placement started.
Placed fixed group with base inst clk_ibuf/opit_1 on IOL_7_137.
Placed fixed instance clkbufg_0/gopclkbufg on USCM_56_112.
Fixed placement takes 0.00 sec.

Phase 2.2 Process placement started.
Process placement takes 0.00 sec.

Phase 2.3 IO placement started.
IO placement takes 0.03 sec.

Phase 2.4 2nd GP placement started.
Run super clustering :
	Initial slack 986472.
	3 iterations finished.
	Final slack 988682.
Super clustering done.
Design Utilization : 5%.
2nd GP placement takes 1.14 sec.

Wirelength after global placement is 8473.
Global placement takes 1.19 sec.

Phase 3 Post global placement started.
Phase 3.1 Macro cell placement started.
Wirelength after macro cell placement is 18341.
Macro cell placement takes 0.00 sec.

Phase 3.2 3rd GP placement started.
Run super clustering :
	Initial slack 986472.
	3 iterations finished.
	Final slack 988682.
Super clustering done.
Design Utilization : 5%.
3rd GP placement takes 1.08 sec.

Wirelength after post global placement is 13829.
Post global placement takes 1.08 sec.

Phase 4 Legalization started.
The average distance in LP is 1.064982.
Wirelength after legalization is 14380.
Legalization takes 0.05 sec.

Phase 5 Timing-driven detailed placement started.
Phase 5.1 Replication placement started.
Worst slack before Replication Place is 990978.
Replication placement takes 0.05 sec.

Wirelength after replication placement is 14380.
Phase 5.2 DP placement started.
Legalized cost 990978.000000.
The detailed placement ends at 0th iteration.
DP placement takes 0.03 sec.

Wirelength after detailed placement is 14380.
Timing-driven detailed placement takes 0.08 sec.

Worst slack is 990978, TNS after placement is 0.
Placement done.
Total placement takes 5.88 sec.
Finished placement. (CPU time elapsed 0h:00m:05s)

Routing started.
Building routing graph takes 0.70 sec.
Worst slack is 990978, TNS before global route is 0.
Processing design graph takes 0.12 sec.
Total memory for routing:
	64.062615 M.
Total nets for routing : 1633.
Rcf routing step 1 processed 0 nets, it takes 0.00 sec.
Rcf routing step 2 processed 0 nets, it takes 0.00 sec.
Rcf routing step 3 processed 0 nets, it takes 0.00 sec.
Global Routing step 1 processed 0 nets, it takes 0.00 sec.
Global Routing step 2 processed 0 nets, it takes 0.00 sec.
Unrouted nets 44 at the end of iteration 0.
Unrouted nets 13 at the end of iteration 1.
Unrouted nets 4 at the end of iteration 2.
Unrouted nets 2 at the end of iteration 3.
Unrouted nets 0 at the end of iteration 4.
Global Routing step 3 processed 141 nets, it takes 0.08 sec.
Global routing takes 0.09 sec.
Total 1814 subnets.
    forward max bucket size 919 , backward 54.
        Unrouted nets 997 at the end of iteration 0.
    route iteration 0, CPU time elapsed 0.156250 sec.
    forward max bucket size 2139 , backward 62.
        Unrouted nets 634 at the end of iteration 1.
    route iteration 1, CPU time elapsed 0.093750 sec.
    forward max bucket size 185 , backward 181.
        Unrouted nets 393 at the end of iteration 2.
    route iteration 2, CPU time elapsed 0.046875 sec.
    forward max bucket size 31 , backward 103.
        Unrouted nets 209 at the end of iteration 3.
    route iteration 3, CPU time elapsed 0.031250 sec.
    forward max bucket size 26 , backward 26.
        Unrouted nets 111 at the end of iteration 4.
    route iteration 4, CPU time elapsed 0.015625 sec.
    forward max bucket size 20 , backward 21.
        Unrouted nets 69 at the end of iteration 5.
    route iteration 5, CPU time elapsed 0.015625 sec.
    forward max bucket size 21 , backward 24.
        Unrouted nets 25 at the end of iteration 6.
    route iteration 6, CPU time elapsed 0.015625 sec.
    forward max bucket size 17 , backward 16.
        Unrouted nets 15 at the end of iteration 7.
    route iteration 7, CPU time elapsed 0.000000 sec.
    forward max bucket size 20 , backward 19.
        Unrouted nets 13 at the end of iteration 8.
    route iteration 8, CPU time elapsed 0.000000 sec.
    forward max bucket size 17 , backward 24.
        Unrouted nets 5 at the end of iteration 9.
    route iteration 9, CPU time elapsed 0.015625 sec.
    forward max bucket size 17 , backward 21.
        Unrouted nets 0 at the end of iteration 10.
    route iteration 10, CPU time elapsed 0.000000 sec.
Detailed routing takes 10 iterations
Detailed routing takes 0.41 sec.
Start fix hold violation.
Build tmp routing results takes 0.02 sec.
Timing analysis takes 0.11 sec.
No hold violation.
Hold Violation Fix in router takes 0 iterations.
Fix hold violation Finished.
Hold Violation Fix in router takes 0.25 sec.

Dispose routing result:
    Collect routing result.
    Delete unused device instances.
    Annotate routing result.
    Change LUT configuration.
    Dispose misc instances.
    Annotate routing result again.
Finish routing takes 0.05 sec.
Used SRB routing arc is 10374.
Cleanup routing takes 0.00 sec.
Routing done.
Total routing takes 1.88 sec.


Device Utilization Summary :
+---------------------------------------------------------------------------+
| Logic Utilization        | Used     | Available     | Utilization(%)     
+---------------------------------------------------------------------------+
| Use of APM               | 12       | 40            | 30                 
| Use of BKCL              | 0        | 4             | 0                  
| Use of CLMA              | 175      | 3748          | 5                  
|   FF                     | 479      | 22488         | 3                  
|   LUT                    | 620      | 14992         | 5                  
|   LUT-FF pairs           | 465      | 14992         | 4                  
| Use of CLMS              | 90       | 1892          | 5                  
|   FF                     | 203      | 11352         | 2                  
|   LUT                    | 328      | 7568          | 5                  
|   LUT-FF pairs           | 200      | 7568          | 3                  
|   Distributed RAM        | 0        | 7568          | 0                  
| Use of CRYSTAL           | 0        | 4             | 0                  
| Use of DLL               | 0        | 8             | 0                  
| Use of DQSL              | 0        | 12            | 0                  
| Use of DRM               | 0        | 60            | 0                  
| Use of FUSECODE          | 0        | 1             | 0                  
| Use of HARD0N1           | 51       | 3480          | 2                  
| Use of IO                | 69       | 308           | 23                 
|   IOBD                   | 26       | 74            | 36                 
|   IOBR                   | 1        | 12            | 9                  
|   IOBS                   | 42       | 222           | 19                 
| Use of IOCKDIV           | 0        | 16            | 0                  
| Use of IOCKDLY           | 0        | 32            | 0                  
| Use of IOCKGATE          | 0        | 16            | 0                  
| Use of IOCKGMUX_TEST     | 0        | 16            | 0                  
| Use of IOL               | 69       | 308           | 23                 
| Use of IPAL              | 0        | 1             | 0                  
| Use of MFG_TEST          | 0        | 1             | 0                  
| Use of OSC               | 0        | 1             | 0                  
| Use of PLL               | 0        | 4             | 0                  
| Use of PREGMUX_TEST      | 0        | 4             | 0                  
| Use of RCKB              | 0        | 16            | 0                  
| Use of RCKBMUX_TEST      | 0        | 8             | 0                  
| Use of RESCAL            | 0        | 4             | 0                  
| Use of SCANCHAIN         | 0        | 2             | 0                  
| Use of START             | 1        | 1             | 100                
| Use of UDID              | 0        | 1             | 0                  
| Use of USCM              | 1        | 30            | 4                  
| Use of USCMMUX_TEST      | 0        | 30            | 0                  
| Use of VCKBMUX_TEST      | 0        | 8             | 0                  
+---------------------------------------------------------------------------+

Finished routing. (CPU time elapsed 0h:00m:01s)
Design 'cordic_newton' has been placed and routed successfully.
Saving design to DB.
Finished placement and routing. (CPU time elapsed 0h:00m:12s)
Action pnr: Real time elapsed is 0h:0m:14s
Action pnr: CPU time elapsed is 0h:0m:13s
Action pnr: Process CPU time elapsed is 0h:0m:13s
Current time: Fri May 10 14:29:04 2024
Action pnr: Peak memory pool usage is 624 MB
