#Build: Fabric Compiler 2022.1, Build 99559, Jul 12 00:20 2022
#Install: D:\fpga_competition\FPGA_competition\ziguangtongchuang_file\MES50HP_v3\set_up\set_up_file\PDS_2022.1\bin
#Application name: pds_shell.exe
#OS: Windows 10 10.0.22000
#Hostname: Thecomputerofmartin
Generated by Fabric Compiler (version 2022.1 build 99559) at Wed Jun 12 10:49:49 2024
Compiling verification operator library.
Compiling common defs.
Compiling prim grid devices.
Compiling gate devices.
Compiling gate operators.
Building architecture model.
Loading device packaging model.
Reading design from pnr DB.
Start Report Post-PnR timing.
Constructing timing graph ...
Timing graph has been constructed successfully
W: Timing-4087: Port 'rd_data[0]' is not constrained, it is treated as combinational output.
W: Timing-4087: Port 'rd_data[1]' is not constrained, it is treated as combinational output.
W: Timing-4087: Port 'rd_data[2]' is not constrained, it is treated as combinational output.
W: Timing-4087: Port 'rd_data[3]' is not constrained, it is treated as combinational output.
W: Timing-4087: Port 'rd_data[4]' is not constrained, it is treated as combinational output.
W: Timing-4087: Port 'rd_data[5]' is not constrained, it is treated as combinational output.
W: Timing-4087: Port 'rd_data[6]' is not constrained, it is treated as combinational output.
W: Timing-4087: Port 'rd_data[7]' is not constrained, it is treated as combinational output.
W: Timing-4087: Port 'rd_data[8]' is not constrained, it is treated as combinational output.
W: Timing-4087: Port 'rd_data[9]' is not constrained, it is treated as combinational output.
W: Timing-4087: Port 'rd_data[10]' is not constrained, it is treated as combinational output.
W: Timing-4087: Port 'rd_data[11]' is not constrained, it is treated as combinational output.
W: Timing-4087: Port 'rd_data[12]' is not constrained, it is treated as combinational output.
W: Timing-4087: Port 'rd_data[13]' is not constrained, it is treated as combinational output.
W: Timing-4087: Port 'rd_data[14]' is not constrained, it is treated as combinational output.
W: Timing-4087: Port 'rd_data[15]' is not constrained, it is treated as combinational output.
W: Timing-4086: Port 'rd_en' is not constrained, it is treated as combinational input.
W: Timing-4086: Port 'sys_clk' is not constrained, it is treated as combinational input.
W: Timing-4086: Port 'sys_rst_n' is not constrained, it is treated as combinational input.
W: Timing-4086: Port 'wr_data[0]' is not constrained, it is treated as combinational input.
W: Timing-4086: Port 'wr_data[1]' is not constrained, it is treated as combinational input.
W: Timing-4086: Port 'wr_data[2]' is not constrained, it is treated as combinational input.
W: Timing-4086: Port 'wr_data[3]' is not constrained, it is treated as combinational input.
W: Timing-4086: Port 'wr_data[4]' is not constrained, it is treated as combinational input.
W: Timing-4086: Port 'wr_data[5]' is not constrained, it is treated as combinational input.
W: Timing-4086: Port 'wr_data[6]' is not constrained, it is treated as combinational input.
W: Timing-4086: Port 'wr_data[7]' is not constrained, it is treated as combinational input.
W: Timing-4086: Port 'wr_data[8]' is not constrained, it is treated as combinational input.
W: Timing-4086: Port 'wr_data[9]' is not constrained, it is treated as combinational input.
W: Timing-4086: Port 'wr_data[10]' is not constrained, it is treated as combinational input.
W: Timing-4086: Port 'wr_data[11]' is not constrained, it is treated as combinational input.
W: Timing-4086: Port 'wr_data[12]' is not constrained, it is treated as combinational input.
W: Timing-4086: Port 'wr_data[13]' is not constrained, it is treated as combinational input.
W: Timing-4086: Port 'wr_data[14]' is not constrained, it is treated as combinational input.
W: Timing-4086: Port 'wr_data[15]' is not constrained, it is treated as combinational input.
W: Timing-4086: Port 'wr_en' is not constrained, it is treated as combinational input.
Report timing is finished successfully.
Action report_timing: Real time elapsed is 0h:0m:8s
Action report_timing: CPU time elapsed is 0h:0m:7s
Action report_timing: Process CPU time elapsed is 0h:0m:7s
Current time: Wed Jun 12 10:49:56 2024
Action report_timing: Peak memory pool usage is 702 MB
