#Build: Fabric Compiler 2022.1, Build 99559, Jul 12 00:20 2022
#Install: D:\fpga_competition\FPGA_competition\ziguangtongchuang_file\MES50HP_v3\set_up\set_up_file\PDS_2022.1\bin
#Application name: pds_shell.exe
#OS: Windows 10 10.0.22000
#Hostname: Thecomputerofmartin
Generated by Fabric Compiler (version 2022.1 build 99559) at Sat May 18 09:23:51 2024
License checkout: fabric_ads
Compiling verification operator library.
Compiling common defs.
Loading technology operator library.
Compiling technology operator library.
Compiling technology operator (valence) library.
Reading design from compile DB
Reading design from compile DB successfully.
Constraint check start.
W: ConstraintEditor-4030: No constraint files found, so all ports are unspecified I/O constraint.
Constraint check end.
C: SDC-2025: Clock source 'n:clk' need a clock constraint, please use 'create_clock' or 'create_generate_clock' to generate.
Executing : get_ports clk
Executing : get_ports clk successfully.
Executing : create_clock -name cordic_newton|clk [get_ports clk] -period 1000.000 -waveform {0.000 500.000} -add
Executing : create_clock -name cordic_newton|clk [get_ports clk] -period 1000.000 -waveform {0.000 500.000} -add successfully.
Executing : set_clock_groups -name Inferred_clock_group_0 -asynchronous -group cordic_newton|clk
Executing : set_clock_groups -name Inferred_clock_group_0 -asynchronous -group cordic_newton|clk successfully.
Start pre-mapping.
W: Removed bmsWIDEDFFCPE inst Q_z[16][15:0] at 0 that is stuck at constant 0.
W: Removed bmsWIDEDFFCPE inst Q_z[16][15:0] at 1 that is stuck at constant 0.
W: Removed bmsWIDEDFFCPE inst Q_z[16][15:0] at 2 that is stuck at constant 0.
W: Removed bmsWIDEDFFCPE inst Q_z[16][15:0] at 3 that is stuck at constant 0.
W: Removed bmsWIDEDFFCPE inst Q_z[16][15:0] at 4 that is stuck at constant 0.
W: Removed bmsWIDEDFFCPE inst Q_z[16][15:0] at 5 that is stuck at constant 0.
W: Removed bmsWIDEDFFCPE inst Q_z[16][15:0] at 6 that is stuck at constant 0.
W: Removed bmsWIDEDFFCPE inst Q_z[16][15:0] at 7 that is stuck at constant 0.
W: Removed bmsWIDEDFFCPE inst Q_z[16][15:0] at 8 that is stuck at constant 0.
W: Removed bmsWIDEDFFCPE inst Q_z[16][15:0] at 9 that is stuck at constant 0.
W: Removed bmsWIDEDFFCPE inst Q_z[16][15:0] at 10 that is stuck at constant 0.
W: Removed bmsWIDEDFFCPE inst Q_z[16][15:0] at 11 that is stuck at constant 0.
W: Removed bmsWIDEDFFCPE inst Q_z[16][15:0] at 12 that is stuck at constant 0.
W: Removed bmsWIDEDFFCPE inst Q_z[16][15:0] at 13 that is stuck at constant 0.
W: Removed bmsWIDEDFFCPE inst Q_z[16][15:0] at 14 that is stuck at constant 0.
I: Constant propagation done on Q_z[16][15:0] (bmsWIDEDFFCPE).
I: Constant propagation done on N637_2 (bmsWIDEMUX).
W: Removed bmsWIDEDFFCPE inst Q_q[15][15:0] at 0 that is stuck at constant 0.
W: Removed bmsWIDEDFFCPE inst Q_q[15][15:0] at 1 that is stuck at constant 0.
W: Removed bmsWIDEDFFCPE inst Q_q[15][15:0] at 2 that is stuck at constant 0.
W: Removed bmsWIDEDFFCPE inst Q_q[15][15:0] at 3 that is stuck at constant 0.
W: Removed bmsWIDEDFFCPE inst Q_q[15][15:0] at 4 that is stuck at constant 0.
W: Removed bmsWIDEDFFCPE inst Q_q[15][15:0] at 5 that is stuck at constant 0.
W: Removed bmsWIDEDFFCPE inst Q_q[15][15:0] at 6 that is stuck at constant 0.
W: Removed bmsWIDEDFFCPE inst Q_q[15][15:0] at 7 that is stuck at constant 0.
W: Removed bmsWIDEDFFCPE inst Q_q[15][15:0] at 8 that is stuck at constant 0.
W: Removed bmsWIDEDFFCPE inst Q_q[15][15:0] at 9 that is stuck at constant 0.
W: Removed bmsWIDEDFFCPE inst Q_q[15][15:0] at 10 that is stuck at constant 0.
W: Removed bmsWIDEDFFCPE inst Q_q[15][15:0] at 11 that is stuck at constant 0.
W: Removed bmsWIDEDFFCPE inst Q_q[15][15:0] at 12 that is stuck at constant 0.
W: Removed bmsWIDEDFFCPE inst Q_q[15][15:0] at 13 that is stuck at constant 0.
W: Removed bmsWIDEDFFCPE inst Q_q[15][15:0] at 14 that is stuck at constant 0.
I: Constant propagation done on Q_q[15][15:0] (bmsWIDEDFFCPE).
I: Constant propagation done on N637_2 (bmsWIDEMUX).
I: Removed bmsPMUX inst N849_6 that is redundant to N849_4
W: Removed bmsWIDEDFFCPE inst Q_z[2][15:0] at 0 that is stuck at constant 0.
I: Constant propagation done on Q_z[2][15:0] (bmsWIDEDFFCPE).
W: Removed bmsWIDEDFFCPE inst Q_z[3][15:0] at 0 that is stuck at constant 0.
I: Constant propagation done on Q_z[3][15:0] (bmsWIDEDFFCPE).
W: Removed bmsWIDEDFFCPE inst Q_z[4][15:0] at 0 that is stuck at constant 0.
I: Constant propagation done on Q_z[4][15:0] (bmsWIDEDFFCPE).
W: Removed bmsWIDEDFFCPE inst Q_z[5][15:0] at 0 that is stuck at constant 0.
I: Constant propagation done on Q_z[5][15:0] (bmsWIDEDFFCPE).
W: Removed bmsWIDEDFFCPE inst Q_z[6][15:0] at 0 that is stuck at constant 0.
I: Constant propagation done on Q_z[6][15:0] (bmsWIDEDFFCPE).
W: Removed bmsWIDEDFFCPE inst Q_z[7][15:0] at 0 that is stuck at constant 0.
I: Constant propagation done on Q_z[7][15:0] (bmsWIDEDFFCPE).
W: Removed bmsWIDEDFFCPE inst Q_z[8][15:0] at 0 that is stuck at constant 0.
W: Removed bmsWIDEDFFCPE inst Q_z[9][15:0] at 0 that is stuck at constant 0.
W: Removed bmsWIDEDFFCPE inst Q_z[10][15:0] at 0 that is stuck at constant 0.
W: Removed bmsWIDEDFFCPE inst Q_z[11][15:0] at 0 that is stuck at constant 0.
W: Removed bmsWIDEDFFCPE inst Q_z[12][15:0] at 0 that is stuck at constant 0.
W: Removed bmsWIDEDFFCPE inst Q_z[13][15:0] at 0 that is stuck at constant 0.
W: Removed bmsWIDEDFFCPE inst Q_z[14][15:0] at 0 that is stuck at constant 0.
W: Removed bmsWIDEDFFCPE inst Q_z[15][15:0] at 0 that is stuck at constant 0.
W: Removed bmsWIDEDFFCPE inst Q_q[14][15:0] at 0 that is stuck at constant 0.
W: Removed bmsWIDEDFFCPE inst Q_q[13][15:0] at 0 that is stuck at constant 0.
W: Removed bmsWIDEDFFCPE inst Q_q[12][15:0] at 0 that is stuck at constant 0.
W: Removed bmsWIDEDFFCPE inst Q_q[11][15:0] at 0 that is stuck at constant 0.
W: Removed bmsWIDEDFFCPE inst Q_q[10][15:0] at 0 that is stuck at constant 0.
W: Removed bmsWIDEDFFCPE inst Q_q[9][15:0] at 0 that is stuck at constant 0.
W: Removed bmsWIDEDFFCPE inst Q_q[8][15:0] at 0 that is stuck at constant 0.
W: Removed bmsWIDEDFFCPE inst Q_q[7][15:0] at 0 that is stuck at constant 0.
W: Removed bmsWIDEDFFCPE inst Q_q[6][15:0] at 0 that is stuck at constant 0.
W: Removed bmsWIDEDFFCPE inst Q_q[5][15:0] at 0 that is stuck at constant 0.
W: Removed bmsWIDEDFFCPE inst Q_q[4][15:0] at 0 that is stuck at constant 0.
W: Removed bmsWIDEDFFCPE inst Q_q[3][15:0] at 0 that is stuck at constant 0.
W: Removed bmsWIDEDFFCPE inst Q_q[2][15:0] at 0 that is stuck at constant 0.
W: Removed bmsWIDEDFFCPE inst Q_q[1][15:0] at 0 that is stuck at constant 0.
Executing : pre-mapping successfully. Time elapsed: 0.086s wall, 0.078s user + 0.000s system = 0.078s CPU (90.4%)

Start mod-gen.
I: Removed bmsADD inst N37_m1_m1_m2_a1 that is redundant to N37_m1_m1_m1_a1
I: Removed bmsADD inst N37_m1_m2_m1_a1 that is redundant to N37_m1_m1_m1_a1
I: Removed bmsADD inst N37_m1_m2_m2_a1 that is redundant to N37_m1_m1_m1_a1
I: Removed bmsADD inst N37_m2_m1_m1_a1 that is redundant to N37_m1_m1_m1_a1
I: Removed bmsADD inst N37_m2_m1_m2_a1 that is redundant to N37_m1_m1_m1_a1
I: Removed bmsADD inst N37_m2_m2_m1_a1 that is redundant to N37_m1_m1_m1_a1
I: Removed bmsADD inst N75_m1_m1_m1_a1 that is redundant to N37_m1_m1_m1_a1
I: Removed bmsADD inst N75_m1_m1_m2_a1 that is redundant to N37_m1_m1_m1_a1
I: Removed bmsADD inst N75_m1_m2_m1_a1 that is redundant to N37_m1_m1_m1_a1
I: Removed bmsADD inst N75_m1_m2_m2_a1 that is redundant to N37_m1_m1_m1_a1
I: Removed bmsADD inst N75_m2_m1_m1_a1 that is redundant to N37_m1_m1_m1_a1
I: Removed bmsADD inst N75_m2_m1_m2_a1 that is redundant to N37_m1_m1_m1_a1
I: Removed bmsADD inst N75_m2_m2_m1_a1 that is redundant to N37_m1_m1_m1_a1
I: Removed bmsADD inst N113_m1_m1_m1_a1 that is redundant to N37_m1_m1_m1_a1
I: Removed bmsADD inst N113_m1_m1_m2_a1 that is redundant to N37_m1_m1_m1_a1
I: Removed bmsADD inst N113_m1_m2_m1_a1 that is redundant to N37_m1_m1_m1_a1
I: Removed bmsADD inst N113_m1_m2_m2_a1 that is redundant to N37_m1_m1_m1_a1
I: Removed bmsADD inst N113_m2_m1_m1_a1 that is redundant to N37_m1_m1_m1_a1
I: Removed bmsADD inst N113_m2_m1_m2_a1 that is redundant to N37_m1_m1_m1_a1
I: Removed bmsADD inst N151_m1_m1_m1_a1 that is redundant to N37_m1_m1_m1_a1
I: Removed bmsADD inst N151_m1_m1_m2_a1 that is redundant to N37_m1_m1_m1_a1
I: Removed bmsADD inst N151_m1_m2_m1_a1 that is redundant to N37_m1_m1_m1_a1
I: Removed bmsADD inst N151_m1_m2_m2_a1 that is redundant to N37_m1_m1_m1_a1
I: Removed bmsADD inst N151_m2_m1_m1_a1 that is redundant to N37_m1_m1_m1_a1
I: Removed bmsADD inst N151_m2_m1_m2_a1 that is redundant to N37_m1_m1_m1_a1
I: Removed bmsADD inst N189_m1_m1_m1_a1 that is redundant to N37_m1_m1_m1_a1
I: Removed bmsADD inst N189_m1_m1_m2_a1 that is redundant to N37_m1_m1_m1_a1
I: Removed bmsADD inst N189_m1_m2_m1_a1 that is redundant to N37_m1_m1_m1_a1
I: Removed bmsADD inst N189_m1_m2_m2_a1 that is redundant to N37_m1_m1_m1_a1
I: Removed bmsADD inst N189_m2_m1_m1_a1 that is redundant to N37_m1_m1_m1_a1
I: Removed bmsADD inst N37_m1_m2_a1 that is redundant to N37_m1_m1_a1
I: Removed bmsADD inst N37_m2_m1_a1 that is redundant to N37_m1_m1_a1
I: Removed bmsADD inst N75_m1_m1_a1 that is redundant to N37_m1_m1_a1
I: Removed bmsADD inst N75_m1_m2_a1 that is redundant to N37_m1_m1_a1
I: Removed bmsADD inst N75_m2_m1_a1 that is redundant to N37_m1_m1_a1
I: Removed bmsADD inst N113_m1_m1_a1 that is redundant to N37_m1_m1_a1
I: Removed bmsADD inst N113_m1_m2_a1 that is redundant to N37_m1_m1_a1
I: Removed bmsADD inst N113_m2_m1_a1 that is redundant to N37_m1_m1_a1
I: Removed bmsADD inst N151_m1_m1_a1 that is redundant to N37_m1_m1_a1
I: Removed bmsADD inst N151_m1_m2_a1 that is redundant to N37_m1_m1_a1
I: Removed bmsADD inst N151_m2_m1_a1 that is redundant to N37_m1_m1_a1
I: Removed bmsADD inst N189_m1_m1_a1 that is redundant to N37_m1_m1_a1
I: Removed bmsADD inst N189_m1_m2_a1 that is redundant to N37_m1_m1_a1
I: Removed bmsADD inst N75_m1_a1 that is redundant to N37_m1_a1
I: Removed bmsADD inst N113_m1_a1 that is redundant to N37_m1_a1
I: Removed bmsADD inst N151_m1_a1 that is redundant to N37_m1_a1
I: Removed bmsADD inst N189_m1_a1 that is redundant to N37_m1_a1
Executing : mod-gen successfully. Time elapsed: 0.127s wall, 0.125s user + 0.000s system = 0.125s CPU (98.8%)

Start logic-optimization.
Executing : logic-optimization successfully. Time elapsed: 0.150s wall, 0.141s user + 0.016s system = 0.156s CPU (104.0%)

Start tech-mapping phase 1.
W: Public-4008: Instance 'Q_z[16][0]' of 'bmsWIDEDFFCPE' unit is dangling and will be cleaned.
W: Public-4008: Instance 'Q_z[16][1]' of 'bmsWIDEDFFCPE' unit is dangling and will be cleaned.
W: Public-4008: Instance 'Q_z[16][2]' of 'bmsWIDEDFFCPE' unit is dangling and will be cleaned.
W: Public-4008: Instance 'Q_z[16][3]' of 'bmsWIDEDFFCPE' unit is dangling and will be cleaned.
W: Public-4008: Instance 'Q_z[16][4]' of 'bmsWIDEDFFCPE' unit is dangling and will be cleaned.
W: Public-4008: Instance 'Q_z[16][5]' of 'bmsWIDEDFFCPE' unit is dangling and will be cleaned.
W: Public-4008: Instance 'Q_z[16][6]' of 'bmsWIDEDFFCPE' unit is dangling and will be cleaned.
W: Public-4008: Instance 'Q_z[16][7]' of 'bmsWIDEDFFCPE' unit is dangling and will be cleaned.
W: Public-4008: Instance 'Q_z[16][8]' of 'bmsWIDEDFFCPE' unit is dangling and will be cleaned.
W: Public-4008: Instance 'Q_z[16][9]' of 'bmsWIDEDFFCPE' unit is dangling and will be cleaned.
W: Public-4008: Instance 'Q_z[16][10]' of 'bmsWIDEDFFCPE' unit is dangling and will be cleaned.
W: Public-4008: Instance 'Q_z[16][11]' of 'bmsWIDEDFFCPE' unit is dangling and will be cleaned.
W: Public-4008: Instance 'Q_z[16][12]' of 'bmsWIDEDFFCPE' unit is dangling and will be cleaned.
W: Public-4008: Instance 'Q_z[16][13]' of 'bmsWIDEDFFCPE' unit is dangling and will be cleaned.
W: Public-4008: Instance 'Q_z[16][14]' of 'bmsWIDEDFFCPE' unit is dangling and will be cleaned.
W: Public-4008: Instance 'Q_q[1][0]' of 'bmsWIDEDFFCPE' unit is dangling and will be cleaned.
W: Public-4008: Instance 'Q_q[2][0]' of 'bmsWIDEDFFCPE' unit is dangling and will be cleaned.
W: Public-4008: Instance 'Q_q[2][1]' of 'bmsWIDEDFFCPE' unit is dangling and will be cleaned.
W: Public-4008: Instance 'Q_q[3][0]' of 'bmsWIDEDFFCPE' unit is dangling and will be cleaned.
W: Public-4008: Instance 'Q_q[3][1]' of 'bmsWIDEDFFCPE' unit is dangling and will be cleaned.
W: Public-4008: Instance 'Q_q[3][2]' of 'bmsWIDEDFFCPE' unit is dangling and will be cleaned.
W: Public-4008: Instance 'Q_q[4][0]' of 'bmsWIDEDFFCPE' unit is dangling and will be cleaned.
W: Public-4008: Instance 'Q_q[4][1]' of 'bmsWIDEDFFCPE' unit is dangling and will be cleaned.
W: Public-4008: Instance 'Q_q[4][2]' of 'bmsWIDEDFFCPE' unit is dangling and will be cleaned.
W: Public-4008: Instance 'Q_q[4][3]' of 'bmsWIDEDFFCPE' unit is dangling and will be cleaned.
W: Public-4008: Instance 'Q_q[5][0]' of 'bmsWIDEDFFCPE' unit is dangling and will be cleaned.
W: Public-4008: Instance 'Q_q[5][1]' of 'bmsWIDEDFFCPE' unit is dangling and will be cleaned.
W: Public-4008: Instance 'Q_q[5][2]' of 'bmsWIDEDFFCPE' unit is dangling and will be cleaned.
W: Public-4008: Instance 'Q_q[5][3]' of 'bmsWIDEDFFCPE' unit is dangling and will be cleaned.
W: Public-4008: Instance 'Q_q[5][4]' of 'bmsWIDEDFFCPE' unit is dangling and will be cleaned.
W: Public-4008: Instance 'Q_q[6][0]' of 'bmsWIDEDFFCPE' unit is dangling and will be cleaned.
W: Public-4008: Instance 'Q_q[6][1]' of 'bmsWIDEDFFCPE' unit is dangling and will be cleaned.
W: Public-4008: Instance 'Q_q[6][2]' of 'bmsWIDEDFFCPE' unit is dangling and will be cleaned.
W: Public-4008: Instance 'Q_q[6][3]' of 'bmsWIDEDFFCPE' unit is dangling and will be cleaned.
W: Public-4008: Instance 'Q_q[6][4]' of 'bmsWIDEDFFCPE' unit is dangling and will be cleaned.
W: Public-4008: Instance 'Q_q[6][5]' of 'bmsWIDEDFFCPE' unit is dangling and will be cleaned.
W: Public-4008: Instance 'Q_q[7][0]' of 'bmsWIDEDFFCPE' unit is dangling and will be cleaned.
W: Public-4008: Instance 'Q_q[7][1]' of 'bmsWIDEDFFCPE' unit is dangling and will be cleaned.
W: Public-4008: Instance 'Q_q[7][2]' of 'bmsWIDEDFFCPE' unit is dangling and will be cleaned.
W: Public-4008: Instance 'Q_q[7][3]' of 'bmsWIDEDFFCPE' unit is dangling and will be cleaned.
W: Public-4008: Instance 'Q_q[7][4]' of 'bmsWIDEDFFCPE' unit is dangling and will be cleaned.
W: Public-4008: Instance 'Q_q[7][5]' of 'bmsWIDEDFFCPE' unit is dangling and will be cleaned.
W: Public-4008: Instance 'Q_q[7][6]' of 'bmsWIDEDFFCPE' unit is dangling and will be cleaned.
W: Public-4008: Instance 'Q_q[8][0]' of 'bmsWIDEDFFCPE' unit is dangling and will be cleaned.
W: Public-4008: Instance 'Q_q[8][1]' of 'bmsWIDEDFFCPE' unit is dangling and will be cleaned.
W: Public-4008: Instance 'Q_q[8][2]' of 'bmsWIDEDFFCPE' unit is dangling and will be cleaned.
W: Public-4008: Instance 'Q_q[8][3]' of 'bmsWIDEDFFCPE' unit is dangling and will be cleaned.
W: Public-4008: Instance 'Q_q[8][4]' of 'bmsWIDEDFFCPE' unit is dangling and will be cleaned.
W: Public-4008: Instance 'Q_q[8][5]' of 'bmsWIDEDFFCPE' unit is dangling and will be cleaned.
W: Public-4008: Instance 'Q_q[8][6]' of 'bmsWIDEDFFCPE' unit is dangling and will be cleaned.
W: Public-4008: Instance 'Q_q[8][7]' of 'bmsWIDEDFFCPE' unit is dangling and will be cleaned.
W: Public-4008: Instance 'Q_q[9][0]' of 'bmsWIDEDFFCPE' unit is dangling and will be cleaned.
W: Public-4008: Instance 'Q_q[9][1]' of 'bmsWIDEDFFCPE' unit is dangling and will be cleaned.
W: Public-4008: Instance 'Q_q[9][2]' of 'bmsWIDEDFFCPE' unit is dangling and will be cleaned.
W: Public-4008: Instance 'Q_q[9][3]' of 'bmsWIDEDFFCPE' unit is dangling and will be cleaned.
W: Public-4008: Instance 'Q_q[9][4]' of 'bmsWIDEDFFCPE' unit is dangling and will be cleaned.
W: Public-4008: Instance 'Q_q[9][5]' of 'bmsWIDEDFFCPE' unit is dangling and will be cleaned.
W: Public-4008: Instance 'Q_q[9][6]' of 'bmsWIDEDFFCPE' unit is dangling and will be cleaned.
W: Public-4008: Instance 'Q_q[9][7]' of 'bmsWIDEDFFCPE' unit is dangling and will be cleaned.
W: Public-4008: Instance 'Q_q[9][8]' of 'bmsWIDEDFFCPE' unit is dangling and will be cleaned.
W: Public-4008: Instance 'Q_q[10][0]' of 'bmsWIDEDFFCPE' unit is dangling and will be cleaned.
W: Public-4008: Instance 'Q_q[10][1]' of 'bmsWIDEDFFCPE' unit is dangling and will be cleaned.
W: Public-4008: Instance 'Q_q[10][2]' of 'bmsWIDEDFFCPE' unit is dangling and will be cleaned.
W: Public-4008: Instance 'Q_q[10][3]' of 'bmsWIDEDFFCPE' unit is dangling and will be cleaned.
W: Public-4008: Instance 'Q_q[10][4]' of 'bmsWIDEDFFCPE' unit is dangling and will be cleaned.
W: Public-4008: Instance 'Q_q[10][5]' of 'bmsWIDEDFFCPE' unit is dangling and will be cleaned.
W: Public-4008: Instance 'Q_q[10][6]' of 'bmsWIDEDFFCPE' unit is dangling and will be cleaned.
W: Public-4008: Instance 'Q_q[10][7]' of 'bmsWIDEDFFCPE' unit is dangling and will be cleaned.
W: Public-4008: Instance 'Q_q[10][8]' of 'bmsWIDEDFFCPE' unit is dangling and will be cleaned.
W: Public-4008: Instance 'Q_q[10][9]' of 'bmsWIDEDFFCPE' unit is dangling and will be cleaned.
W: Public-4008: Instance 'Q_q[11][0]' of 'bmsWIDEDFFCPE' unit is dangling and will be cleaned.
W: Public-4008: Instance 'Q_q[11][1]' of 'bmsWIDEDFFCPE' unit is dangling and will be cleaned.
W: Public-4008: Instance 'Q_q[11][2]' of 'bmsWIDEDFFCPE' unit is dangling and will be cleaned.
W: Public-4008: Instance 'Q_q[11][3]' of 'bmsWIDEDFFCPE' unit is dangling and will be cleaned.
W: Public-4008: Instance 'Q_q[11][4]' of 'bmsWIDEDFFCPE' unit is dangling and will be cleaned.
W: Public-4008: Instance 'Q_q[11][5]' of 'bmsWIDEDFFCPE' unit is dangling and will be cleaned.
W: Public-4008: Instance 'Q_q[11][6]' of 'bmsWIDEDFFCPE' unit is dangling and will be cleaned.
W: Public-4008: Instance 'Q_q[11][7]' of 'bmsWIDEDFFCPE' unit is dangling and will be cleaned.
W: Public-4008: Instance 'Q_q[11][8]' of 'bmsWIDEDFFCPE' unit is dangling and will be cleaned.
W: Public-4008: Instance 'Q_q[11][9]' of 'bmsWIDEDFFCPE' unit is dangling and will be cleaned.
W: Public-4008: Instance 'Q_q[11][10]' of 'bmsWIDEDFFCPE' unit is dangling and will be cleaned.
W: Public-4008: Instance 'Q_q[12][0]' of 'bmsWIDEDFFCPE' unit is dangling and will be cleaned.
W: Public-4008: Instance 'Q_q[12][1]' of 'bmsWIDEDFFCPE' unit is dangling and will be cleaned.
W: Public-4008: Instance 'Q_q[12][2]' of 'bmsWIDEDFFCPE' unit is dangling and will be cleaned.
W: Public-4008: Instance 'Q_q[12][3]' of 'bmsWIDEDFFCPE' unit is dangling and will be cleaned.
W: Public-4008: Instance 'Q_q[12][4]' of 'bmsWIDEDFFCPE' unit is dangling and will be cleaned.
W: Public-4008: Instance 'Q_q[12][5]' of 'bmsWIDEDFFCPE' unit is dangling and will be cleaned.
W: Public-4008: Instance 'Q_q[12][6]' of 'bmsWIDEDFFCPE' unit is dangling and will be cleaned.
W: Public-4008: Instance 'Q_q[12][7]' of 'bmsWIDEDFFCPE' unit is dangling and will be cleaned.
W: Public-4008: Instance 'Q_q[12][8]' of 'bmsWIDEDFFCPE' unit is dangling and will be cleaned.
W: Public-4008: Instance 'Q_q[12][9]' of 'bmsWIDEDFFCPE' unit is dangling and will be cleaned.
W: Public-4008: Instance 'Q_q[12][10]' of 'bmsWIDEDFFCPE' unit is dangling and will be cleaned.
W: Public-4008: Instance 'Q_q[12][11]' of 'bmsWIDEDFFCPE' unit is dangling and will be cleaned.
W: Public-4008: Instance 'Q_q[13][0]' of 'bmsWIDEDFFCPE' unit is dangling and will be cleaned.
W: Public-4008: Instance 'Q_q[13][1]' of 'bmsWIDEDFFCPE' unit is dangling and will be cleaned.
W: Public-4008: Instance 'Q_q[13][2]' of 'bmsWIDEDFFCPE' unit is dangling and will be cleaned.
W: Public-4008: Instance 'Q_q[13][3]' of 'bmsWIDEDFFCPE' unit is dangling and will be cleaned.
W: Public-4008: Instance 'Q_q[13][4]' of 'bmsWIDEDFFCPE' unit is dangling and will be cleaned.
W: Public-4008: Instance 'Q_q[13][5]' of 'bmsWIDEDFFCPE' unit is dangling and will be cleaned.
W: Public-4008: Instance 'Q_q[13][6]' of 'bmsWIDEDFFCPE' unit is dangling and will be cleaned.
W: Public-4008: Instance 'Q_q[13][7]' of 'bmsWIDEDFFCPE' unit is dangling and will be cleaned.
W: Public-4008: Instance 'Q_q[13][8]' of 'bmsWIDEDFFCPE' unit is dangling and will be cleaned.
W: Public-4008: Instance 'Q_q[13][9]' of 'bmsWIDEDFFCPE' unit is dangling and will be cleaned.
W: Public-4008: Instance 'Q_q[13][10]' of 'bmsWIDEDFFCPE' unit is dangling and will be cleaned.
W: Public-4008: Instance 'Q_q[13][11]' of 'bmsWIDEDFFCPE' unit is dangling and will be cleaned.
W: Public-4008: Instance 'Q_q[13][12]' of 'bmsWIDEDFFCPE' unit is dangling and will be cleaned.
W: Public-4008: Instance 'Q_q[14][0]' of 'bmsWIDEDFFCPE' unit is dangling and will be cleaned.
W: Public-4008: Instance 'Q_q[14][1]' of 'bmsWIDEDFFCPE' unit is dangling and will be cleaned.
W: Public-4008: Instance 'Q_q[14][2]' of 'bmsWIDEDFFCPE' unit is dangling and will be cleaned.
W: Public-4008: Instance 'Q_q[14][3]' of 'bmsWIDEDFFCPE' unit is dangling and will be cleaned.
W: Public-4008: Instance 'Q_q[14][4]' of 'bmsWIDEDFFCPE' unit is dangling and will be cleaned.
W: Public-4008: Instance 'Q_q[14][5]' of 'bmsWIDEDFFCPE' unit is dangling and will be cleaned.
W: Public-4008: Instance 'Q_q[14][6]' of 'bmsWIDEDFFCPE' unit is dangling and will be cleaned.
W: Public-4008: Instance 'Q_q[14][7]' of 'bmsWIDEDFFCPE' unit is dangling and will be cleaned.
W: Public-4008: Instance 'Q_q[14][8]' of 'bmsWIDEDFFCPE' unit is dangling and will be cleaned.
W: Public-4008: Instance 'Q_q[14][9]' of 'bmsWIDEDFFCPE' unit is dangling and will be cleaned.
W: Public-4008: Instance 'Q_q[14][10]' of 'bmsWIDEDFFCPE' unit is dangling and will be cleaned.
W: Public-4008: Instance 'Q_q[14][11]' of 'bmsWIDEDFFCPE' unit is dangling and will be cleaned.
W: Public-4008: Instance 'Q_q[14][12]' of 'bmsWIDEDFFCPE' unit is dangling and will be cleaned.
W: Public-4008: Instance 'Q_q[14][13]' of 'bmsWIDEDFFCPE' unit is dangling and will be cleaned.
W: Public-4008: Instance 'Q_q[15][0]' of 'bmsWIDEDFFCPE' unit is dangling and will be cleaned.
W: Public-4008: Instance 'Q_q[15][1]' of 'bmsWIDEDFFCPE' unit is dangling and will be cleaned.
W: Public-4008: Instance 'Q_q[15][2]' of 'bmsWIDEDFFCPE' unit is dangling and will be cleaned.
W: Public-4008: Instance 'Q_q[15][3]' of 'bmsWIDEDFFCPE' unit is dangling and will be cleaned.
W: Public-4008: Instance 'Q_q[15][4]' of 'bmsWIDEDFFCPE' unit is dangling and will be cleaned.
W: Public-4008: Instance 'Q_q[15][5]' of 'bmsWIDEDFFCPE' unit is dangling and will be cleaned.
W: Public-4008: Instance 'Q_q[15][6]' of 'bmsWIDEDFFCPE' unit is dangling and will be cleaned.
W: Public-4008: Instance 'Q_q[15][7]' of 'bmsWIDEDFFCPE' unit is dangling and will be cleaned.
W: Public-4008: Instance 'Q_q[15][8]' of 'bmsWIDEDFFCPE' unit is dangling and will be cleaned.
W: Public-4008: Instance 'Q_q[15][9]' of 'bmsWIDEDFFCPE' unit is dangling and will be cleaned.
W: Public-4008: Instance 'Q_q[15][10]' of 'bmsWIDEDFFCPE' unit is dangling and will be cleaned.
W: Public-4008: Instance 'Q_q[15][11]' of 'bmsWIDEDFFCPE' unit is dangling and will be cleaned.
W: Public-4008: Instance 'Q_q[15][12]' of 'bmsWIDEDFFCPE' unit is dangling and will be cleaned.
W: Public-4008: Instance 'Q_q[15][13]' of 'bmsWIDEDFFCPE' unit is dangling and will be cleaned.
W: Public-4008: Instance 'Q_q[15][14]' of 'bmsWIDEDFFCPE' unit is dangling and will be cleaned.
W: Public-4008: Instance 'Q_z[1][1]' of 'bmsWIDEDFFCPE' unit is dangling and will be cleaned.
W: Public-4008: Instance 'Q_z[1][2]' of 'bmsWIDEDFFCPE' unit is dangling and will be cleaned.
W: Public-4008: Instance 'Q_z[1][3]' of 'bmsWIDEDFFCPE' unit is dangling and will be cleaned.
W: Public-4008: Instance 'Q_z[1][4]' of 'bmsWIDEDFFCPE' unit is dangling and will be cleaned.
W: Public-4008: Instance 'Q_z[1][5]' of 'bmsWIDEDFFCPE' unit is dangling and will be cleaned.
W: Public-4008: Instance 'Q_z[1][6]' of 'bmsWIDEDFFCPE' unit is dangling and will be cleaned.
W: Public-4008: Instance 'Q_z[1][7]' of 'bmsWIDEDFFCPE' unit is dangling and will be cleaned.
W: Public-4008: Instance 'Q_z[1][8]' of 'bmsWIDEDFFCPE' unit is dangling and will be cleaned.
W: Public-4008: Instance 'Q_z[1][9]' of 'bmsWIDEDFFCPE' unit is dangling and will be cleaned.
W: Public-4008: Instance 'Q_z[1][10]' of 'bmsWIDEDFFCPE' unit is dangling and will be cleaned.
W: Public-4008: Instance 'Q_z[1][11]' of 'bmsWIDEDFFCPE' unit is dangling and will be cleaned.
W: Public-4008: Instance 'Q_z[1][12]' of 'bmsWIDEDFFCPE' unit is dangling and will be cleaned.
W: Public-4008: Instance 'Q_z[1][13]' of 'bmsWIDEDFFCPE' unit is dangling and will be cleaned.
W: Public-4008: Instance 'Q_z[1][14]' of 'bmsWIDEDFFCPE' unit is dangling and will be cleaned.
W: Public-4008: Instance 'Q_z[1][15]' of 'bmsWIDEDFFCPE' unit is dangling and will be cleaned.
W: Public-4008: Instance 'Q_z[2][0]' of 'bmsWIDEDFFCPE' unit is dangling and will be cleaned.
W: Public-4008: Instance 'Q_z[3][0]' of 'bmsWIDEDFFCPE' unit is dangling and will be cleaned.
W: Public-4008: Instance 'Q_z[3][1]' of 'bmsWIDEDFFCPE' unit is dangling and will be cleaned.
W: Public-4008: Instance 'Q_z[4][0]' of 'bmsWIDEDFFCPE' unit is dangling and will be cleaned.
W: Public-4008: Instance 'Q_z[4][1]' of 'bmsWIDEDFFCPE' unit is dangling and will be cleaned.
W: Public-4008: Instance 'Q_z[4][2]' of 'bmsWIDEDFFCPE' unit is dangling and will be cleaned.
W: Public-4008: Instance 'Q_z[5][0]' of 'bmsWIDEDFFCPE' unit is dangling and will be cleaned.
W: Public-4008: Instance 'Q_z[5][1]' of 'bmsWIDEDFFCPE' unit is dangling and will be cleaned.
W: Public-4008: Instance 'Q_z[5][2]' of 'bmsWIDEDFFCPE' unit is dangling and will be cleaned.
W: Public-4008: Instance 'Q_z[5][3]' of 'bmsWIDEDFFCPE' unit is dangling and will be cleaned.
W: Public-4008: Instance 'Q_z[6][0]' of 'bmsWIDEDFFCPE' unit is dangling and will be cleaned.
W: Public-4008: Instance 'Q_z[6][1]' of 'bmsWIDEDFFCPE' unit is dangling and will be cleaned.
W: Public-4008: Instance 'Q_z[6][2]' of 'bmsWIDEDFFCPE' unit is dangling and will be cleaned.
W: Public-4008: Instance 'Q_z[6][3]' of 'bmsWIDEDFFCPE' unit is dangling and will be cleaned.
W: Public-4008: Instance 'Q_z[6][4]' of 'bmsWIDEDFFCPE' unit is dangling and will be cleaned.
W: Public-4008: Instance 'Q_z[7][0]' of 'bmsWIDEDFFCPE' unit is dangling and will be cleaned.
W: Public-4008: Instance 'Q_z[7][1]' of 'bmsWIDEDFFCPE' unit is dangling and will be cleaned.
W: Public-4008: Instance 'Q_z[7][2]' of 'bmsWIDEDFFCPE' unit is dangling and will be cleaned.
W: Public-4008: Instance 'Q_z[7][3]' of 'bmsWIDEDFFCPE' unit is dangling and will be cleaned.
W: Public-4008: Instance 'Q_z[7][4]' of 'bmsWIDEDFFCPE' unit is dangling and will be cleaned.
W: Public-4008: Instance 'Q_z[7][5]' of 'bmsWIDEDFFCPE' unit is dangling and will be cleaned.
W: Public-4008: Instance 'Q_z[8][0]' of 'bmsWIDEDFFCPE' unit is dangling and will be cleaned.
W: Public-4008: Instance 'Q_z[8][1]' of 'bmsWIDEDFFCPE' unit is dangling and will be cleaned.
W: Public-4008: Instance 'Q_z[8][2]' of 'bmsWIDEDFFCPE' unit is dangling and will be cleaned.
W: Public-4008: Instance 'Q_z[8][3]' of 'bmsWIDEDFFCPE' unit is dangling and will be cleaned.
W: Public-4008: Instance 'Q_z[8][4]' of 'bmsWIDEDFFCPE' unit is dangling and will be cleaned.
W: Public-4008: Instance 'Q_z[8][5]' of 'bmsWIDEDFFCPE' unit is dangling and will be cleaned.
W: Public-4008: Instance 'Q_z[8][6]' of 'bmsWIDEDFFCPE' unit is dangling and will be cleaned.
W: Public-4008: Instance 'Q_z[9][0]' of 'bmsWIDEDFFCPE' unit is dangling and will be cleaned.
W: Public-4008: Instance 'Q_z[9][1]' of 'bmsWIDEDFFCPE' unit is dangling and will be cleaned.
W: Public-4008: Instance 'Q_z[9][2]' of 'bmsWIDEDFFCPE' unit is dangling and will be cleaned.
W: Public-4008: Instance 'Q_z[9][3]' of 'bmsWIDEDFFCPE' unit is dangling and will be cleaned.
W: Public-4008: Instance 'Q_z[9][4]' of 'bmsWIDEDFFCPE' unit is dangling and will be cleaned.
W: Public-4008: Instance 'Q_z[9][5]' of 'bmsWIDEDFFCPE' unit is dangling and will be cleaned.
W: Public-4008: Instance 'Q_z[9][6]' of 'bmsWIDEDFFCPE' unit is dangling and will be cleaned.
W: Public-4008: Instance 'Q_z[9][7]' of 'bmsWIDEDFFCPE' unit is dangling and will be cleaned.
W: Public-4008: Instance 'Q_z[10][0]' of 'bmsWIDEDFFCPE' unit is dangling and will be cleaned.
W: Public-4008: Instance 'Q_z[10][1]' of 'bmsWIDEDFFCPE' unit is dangling and will be cleaned.
W: Public-4008: Instance 'Q_z[10][2]' of 'bmsWIDEDFFCPE' unit is dangling and will be cleaned.
W: Public-4008: Instance 'Q_z[10][3]' of 'bmsWIDEDFFCPE' unit is dangling and will be cleaned.
W: Public-4008: Instance 'Q_z[10][4]' of 'bmsWIDEDFFCPE' unit is dangling and will be cleaned.
W: Public-4008: Instance 'Q_z[10][5]' of 'bmsWIDEDFFCPE' unit is dangling and will be cleaned.
W: Public-4008: Instance 'Q_z[10][6]' of 'bmsWIDEDFFCPE' unit is dangling and will be cleaned.
W: Public-4008: Instance 'Q_z[10][7]' of 'bmsWIDEDFFCPE' unit is dangling and will be cleaned.
W: Public-4008: Instance 'Q_z[10][8]' of 'bmsWIDEDFFCPE' unit is dangling and will be cleaned.
W: Public-4008: Instance 'Q_z[11][0]' of 'bmsWIDEDFFCPE' unit is dangling and will be cleaned.
W: Public-4008: Instance 'Q_z[11][1]' of 'bmsWIDEDFFCPE' unit is dangling and will be cleaned.
W: Public-4008: Instance 'Q_z[11][2]' of 'bmsWIDEDFFCPE' unit is dangling and will be cleaned.
W: Public-4008: Instance 'Q_z[11][3]' of 'bmsWIDEDFFCPE' unit is dangling and will be cleaned.
W: Public-4008: Instance 'Q_z[11][4]' of 'bmsWIDEDFFCPE' unit is dangling and will be cleaned.
W: Public-4008: Instance 'Q_z[11][5]' of 'bmsWIDEDFFCPE' unit is dangling and will be cleaned.
W: Public-4008: Instance 'Q_z[11][6]' of 'bmsWIDEDFFCPE' unit is dangling and will be cleaned.
W: Public-4008: Instance 'Q_z[11][7]' of 'bmsWIDEDFFCPE' unit is dangling and will be cleaned.
W: Public-4008: Instance 'Q_z[11][8]' of 'bmsWIDEDFFCPE' unit is dangling and will be cleaned.
W: Public-4008: Instance 'Q_z[11][9]' of 'bmsWIDEDFFCPE' unit is dangling and will be cleaned.
W: Public-4008: Instance 'Q_z[12][0]' of 'bmsWIDEDFFCPE' unit is dangling and will be cleaned.
W: Public-4008: Instance 'Q_z[12][1]' of 'bmsWIDEDFFCPE' unit is dangling and will be cleaned.
W: Public-4008: Instance 'Q_z[12][2]' of 'bmsWIDEDFFCPE' unit is dangling and will be cleaned.
W: Public-4008: Instance 'Q_z[12][3]' of 'bmsWIDEDFFCPE' unit is dangling and will be cleaned.
W: Public-4008: Instance 'Q_z[12][4]' of 'bmsWIDEDFFCPE' unit is dangling and will be cleaned.
W: Public-4008: Instance 'Q_z[12][5]' of 'bmsWIDEDFFCPE' unit is dangling and will be cleaned.
W: Public-4008: Instance 'Q_z[12][6]' of 'bmsWIDEDFFCPE' unit is dangling and will be cleaned.
W: Public-4008: Instance 'Q_z[12][7]' of 'bmsWIDEDFFCPE' unit is dangling and will be cleaned.
W: Public-4008: Instance 'Q_z[12][8]' of 'bmsWIDEDFFCPE' unit is dangling and will be cleaned.
W: Public-4008: Instance 'Q_z[12][9]' of 'bmsWIDEDFFCPE' unit is dangling and will be cleaned.
W: Public-4008: Instance 'Q_z[12][10]' of 'bmsWIDEDFFCPE' unit is dangling and will be cleaned.
W: Public-4008: Instance 'Q_z[13][0]' of 'bmsWIDEDFFCPE' unit is dangling and will be cleaned.
W: Public-4008: Instance 'Q_z[13][1]' of 'bmsWIDEDFFCPE' unit is dangling and will be cleaned.
W: Public-4008: Instance 'Q_z[13][2]' of 'bmsWIDEDFFCPE' unit is dangling and will be cleaned.
W: Public-4008: Instance 'Q_z[13][3]' of 'bmsWIDEDFFCPE' unit is dangling and will be cleaned.
W: Public-4008: Instance 'Q_z[13][4]' of 'bmsWIDEDFFCPE' unit is dangling and will be cleaned.
W: Public-4008: Instance 'Q_z[13][5]' of 'bmsWIDEDFFCPE' unit is dangling and will be cleaned.
W: Public-4008: Instance 'Q_z[13][6]' of 'bmsWIDEDFFCPE' unit is dangling and will be cleaned.
W: Public-4008: Instance 'Q_z[13][7]' of 'bmsWIDEDFFCPE' unit is dangling and will be cleaned.
W: Public-4008: Instance 'Q_z[13][8]' of 'bmsWIDEDFFCPE' unit is dangling and will be cleaned.
W: Public-4008: Instance 'Q_z[13][9]' of 'bmsWIDEDFFCPE' unit is dangling and will be cleaned.
W: Public-4008: Instance 'Q_z[13][10]' of 'bmsWIDEDFFCPE' unit is dangling and will be cleaned.
W: Public-4008: Instance 'Q_z[13][11]' of 'bmsWIDEDFFCPE' unit is dangling and will be cleaned.
W: Public-4008: Instance 'Q_z[14][0]' of 'bmsWIDEDFFCPE' unit is dangling and will be cleaned.
W: Public-4008: Instance 'Q_z[14][1]' of 'bmsWIDEDFFCPE' unit is dangling and will be cleaned.
W: Public-4008: Instance 'Q_z[14][2]' of 'bmsWIDEDFFCPE' unit is dangling and will be cleaned.
W: Public-4008: Instance 'Q_z[14][3]' of 'bmsWIDEDFFCPE' unit is dangling and will be cleaned.
W: Public-4008: Instance 'Q_z[14][4]' of 'bmsWIDEDFFCPE' unit is dangling and will be cleaned.
W: Public-4008: Instance 'Q_z[14][5]' of 'bmsWIDEDFFCPE' unit is dangling and will be cleaned.
W: Public-4008: Instance 'Q_z[14][6]' of 'bmsWIDEDFFCPE' unit is dangling and will be cleaned.
W: Public-4008: Instance 'Q_z[14][7]' of 'bmsWIDEDFFCPE' unit is dangling and will be cleaned.
W: Public-4008: Instance 'Q_z[14][8]' of 'bmsWIDEDFFCPE' unit is dangling and will be cleaned.
W: Public-4008: Instance 'Q_z[14][9]' of 'bmsWIDEDFFCPE' unit is dangling and will be cleaned.
W: Public-4008: Instance 'Q_z[14][10]' of 'bmsWIDEDFFCPE' unit is dangling and will be cleaned.
W: Public-4008: Instance 'Q_z[14][11]' of 'bmsWIDEDFFCPE' unit is dangling and will be cleaned.
W: Public-4008: Instance 'Q_z[14][12]' of 'bmsWIDEDFFCPE' unit is dangling and will be cleaned.
W: Public-4008: Instance 'Q_z[15][0]' of 'bmsWIDEDFFCPE' unit is dangling and will be cleaned.
W: Public-4008: Instance 'Q_z[15][1]' of 'bmsWIDEDFFCPE' unit is dangling and will be cleaned.
W: Public-4008: Instance 'Q_z[15][2]' of 'bmsWIDEDFFCPE' unit is dangling and will be cleaned.
W: Public-4008: Instance 'Q_z[15][3]' of 'bmsWIDEDFFCPE' unit is dangling and will be cleaned.
W: Public-4008: Instance 'Q_z[15][4]' of 'bmsWIDEDFFCPE' unit is dangling and will be cleaned.
W: Public-4008: Instance 'Q_z[15][5]' of 'bmsWIDEDFFCPE' unit is dangling and will be cleaned.
W: Public-4008: Instance 'Q_z[15][6]' of 'bmsWIDEDFFCPE' unit is dangling and will be cleaned.
W: Public-4008: Instance 'Q_z[15][7]' of 'bmsWIDEDFFCPE' unit is dangling and will be cleaned.
W: Public-4008: Instance 'Q_z[15][8]' of 'bmsWIDEDFFCPE' unit is dangling and will be cleaned.
W: Public-4008: Instance 'Q_z[15][9]' of 'bmsWIDEDFFCPE' unit is dangling and will be cleaned.
W: Public-4008: Instance 'Q_z[15][10]' of 'bmsWIDEDFFCPE' unit is dangling and will be cleaned.
W: Public-4008: Instance 'Q_z[15][11]' of 'bmsWIDEDFFCPE' unit is dangling and will be cleaned.
W: Public-4008: Instance 'Q_z[15][12]' of 'bmsWIDEDFFCPE' unit is dangling and will be cleaned.
W: Public-4008: Instance 'Q_z[15][13]' of 'bmsWIDEDFFCPE' unit is dangling and will be cleaned.
I: Removed GTP_DFF_C inst ivalid_t[9] that is redundant to Q_z[9][8]
I: Removed GTP_DFF_C inst ivalid_t[10] that is redundant to Q_z[10][9]
I: Removed GTP_DFF_C inst ivalid_t[11] that is redundant to Q_z[11][10]
I: Removed GTP_DFF_C inst ivalid_t[12] that is redundant to Q_z[12][11]
I: Removed GTP_DFF_C inst ivalid_t[13] that is redundant to Q_z[13][12]
I: Removed GTP_DFF_C inst ivalid_t[14] that is redundant to Q_z[14][13]
I: Removed GTP_DFF_C inst ivalid_t[15] that is redundant to Q_z[15][14]
I: Removed GTP_DFF_C inst ivalid_t[16] that is redundant to Q_z[16][15]
I: Removed GTP_DFF_C inst ivalid_t[1] that is redundant to Q_z[1][0]
I: Removed GTP_DFF_C inst ivalid_t[2] that is redundant to Q_z[2][1]
I: Removed GTP_DFF_C inst ivalid_t[3] that is redundant to Q_z[3][2]
I: Removed GTP_DFF_C inst ivalid_t[4] that is redundant to Q_z[4][3]
I: Removed GTP_DFF_C inst ivalid_t[5] that is redundant to Q_z[5][4]
I: Removed GTP_DFF_C inst ivalid_t[6] that is redundant to Q_z[6][5]
I: Removed GTP_DFF_C inst ivalid_t[7] that is redundant to Q_z[7][6]
I: Removed GTP_DFF_C inst ivalid_t[8] that is redundant to Q_z[8][7]
I: Removed GTP_DFF_C inst Q_z[9][9] that is redundant to Q_q[9][9]
I: Removed GTP_DFF_C inst Q_z[8][8] that is redundant to Q_q[8][8]
I: Removed GTP_DFF_C inst Q_z[8][9] that is redundant to Q_q[8][9]
I: Removed GTP_DFF_C inst Q_z[7][7] that is redundant to Q_q[7][7]
I: Removed GTP_DFF_C inst Q_z[7][8] that is redundant to Q_q[7][8]
I: Removed GTP_DFF_C inst Q_z[7][9] that is redundant to Q_q[7][9]
I: Removed GTP_DFF_C inst Q_z[6][6] that is redundant to Q_q[6][6]
I: Removed GTP_DFF_C inst Q_z[6][7] that is redundant to Q_q[6][7]
I: Removed GTP_DFF_C inst Q_z[6][8] that is redundant to Q_q[6][8]
I: Removed GTP_DFF_C inst Q_z[6][9] that is redundant to Q_q[6][9]
I: Removed GTP_DFF_C inst Q_z[5][5] that is redundant to Q_q[5][5]
I: Removed GTP_DFF_C inst Q_z[5][6] that is redundant to Q_q[5][6]
I: Removed GTP_DFF_C inst Q_z[5][7] that is redundant to Q_q[5][7]
I: Removed GTP_DFF_C inst Q_z[5][8] that is redundant to Q_q[5][8]
I: Removed GTP_DFF_C inst Q_z[5][9] that is redundant to Q_q[5][9]
I: Removed GTP_DFF_C inst Q_z[4][4] that is redundant to Q_q[4][4]
I: Removed GTP_DFF_C inst Q_z[4][5] that is redundant to Q_q[4][5]
I: Removed GTP_DFF_C inst Q_z[4][6] that is redundant to Q_q[4][6]
I: Removed GTP_DFF_C inst Q_z[4][7] that is redundant to Q_q[4][7]
I: Removed GTP_DFF_C inst Q_z[4][8] that is redundant to Q_q[4][8]
I: Removed GTP_DFF_C inst Q_z[4][9] that is redundant to Q_q[4][9]
I: Removed GTP_DFF_C inst Q_z[3][3] that is redundant to Q_q[3][3]
I: Removed GTP_DFF_C inst Q_z[3][4] that is redundant to Q_q[3][4]
I: Removed GTP_DFF_C inst Q_z[3][5] that is redundant to Q_q[3][5]
I: Removed GTP_DFF_C inst Q_z[3][6] that is redundant to Q_q[3][6]
I: Removed GTP_DFF_C inst Q_z[3][7] that is redundant to Q_q[3][7]
I: Removed GTP_DFF_C inst Q_z[3][8] that is redundant to Q_q[3][8]
I: Removed GTP_DFF_C inst Q_z[3][9] that is redundant to Q_q[3][9]
I: Removed GTP_DFF_C inst Q_z[2][2] that is redundant to Q_q[2][2]
I: Removed GTP_DFF_C inst Q_z[2][3] that is redundant to Q_q[2][3]
I: Removed GTP_DFF_C inst Q_z[2][4] that is redundant to Q_q[2][4]
I: Removed GTP_DFF_C inst Q_z[2][5] that is redundant to Q_q[2][5]
I: Removed GTP_DFF_C inst Q_z[2][6] that is redundant to Q_q[2][6]
I: Removed GTP_DFF_C inst Q_z[2][7] that is redundant to Q_q[2][7]
I: Removed GTP_DFF_C inst Q_z[2][8] that is redundant to Q_q[2][8]
I: Removed GTP_DFF_C inst Q_z[2][9] that is redundant to Q_q[2][9]
I: Removed GTP_DFF_C inst Q_z[14][14] that is redundant to Q_q[14][14]
I: Removed GTP_DFF_C inst Q_z[14][15] that is redundant to Q_q[14][15]
I: Removed GTP_DFF_C inst Q_z[13][13] that is redundant to Q_q[13][13]
I: Removed GTP_DFF_C inst Q_z[13][14] that is redundant to Q_q[13][14]
I: Removed GTP_DFF_C inst Q_z[13][15] that is redundant to Q_q[13][15]
I: Removed GTP_DFF_C inst Q_z[12][12] that is redundant to Q_q[12][12]
I: Removed GTP_DFF_C inst Q_z[12][13] that is redundant to Q_q[12][13]
I: Removed GTP_DFF_C inst Q_z[12][14] that is redundant to Q_q[12][14]
I: Removed GTP_DFF_C inst Q_z[12][15] that is redundant to Q_q[12][15]
I: Removed GTP_DFF_C inst Q_z[11][11] that is redundant to Q_q[11][11]
I: Removed GTP_DFF_C inst Q_z[11][12] that is redundant to Q_q[11][12]
I: Removed GTP_DFF_C inst Q_z[11][13] that is redundant to Q_q[11][13]
I: Removed GTP_DFF_C inst Q_z[11][14] that is redundant to Q_q[11][14]
I: Removed GTP_DFF_C inst Q_z[11][15] that is redundant to Q_q[11][15]
I: Removed GTP_DFF_C inst Q_z[10][10] that is redundant to Q_q[10][10]
I: Removed GTP_DFF_C inst Q_z[10][11] that is redundant to Q_q[10][11]
I: Removed GTP_DFF_C inst Q_z[10][12] that is redundant to Q_q[10][12]
I: Removed GTP_DFF_C inst Q_z[10][13] that is redundant to Q_q[10][13]
I: Removed GTP_DFF_C inst Q_z[10][14] that is redundant to Q_q[10][14]
I: Removed GTP_DFF_C inst Q_z[10][15] that is redundant to Q_q[10][15]
I: Removed GTP_DFF_C inst Q_z[9][10] that is redundant to Q_q[9][10]
I: Removed GTP_DFF_C inst Q_z[9][11] that is redundant to Q_q[9][11]
I: Removed GTP_DFF_C inst Q_z[9][12] that is redundant to Q_q[9][12]
I: Removed GTP_DFF_C inst Q_z[9][13] that is redundant to Q_q[9][13]
I: Removed GTP_DFF_C inst Q_z[9][14] that is redundant to Q_q[9][14]
I: Removed GTP_DFF_C inst Q_z[9][15] that is redundant to Q_q[9][15]
I: Removed GTP_DFF_C inst Q_z[8][10] that is redundant to Q_q[8][10]
I: Removed GTP_DFF_C inst Q_z[8][11] that is redundant to Q_q[8][11]
I: Removed GTP_DFF_C inst Q_z[8][12] that is redundant to Q_q[8][12]
I: Removed GTP_DFF_C inst Q_z[8][13] that is redundant to Q_q[8][13]
I: Removed GTP_DFF_C inst Q_z[8][14] that is redundant to Q_q[8][14]
I: Removed GTP_DFF_C inst Q_z[8][15] that is redundant to Q_q[8][15]
I: Removed GTP_DFF_C inst Q_z[7][10] that is redundant to Q_q[7][10]
I: Removed GTP_DFF_C inst Q_z[7][11] that is redundant to Q_q[7][11]
I: Removed GTP_DFF_C inst Q_z[7][12] that is redundant to Q_q[7][12]
I: Removed GTP_DFF_C inst Q_z[7][13] that is redundant to Q_q[7][13]
I: Removed GTP_DFF_C inst Q_z[7][14] that is redundant to Q_q[7][14]
I: Removed GTP_DFF_C inst Q_z[7][15] that is redundant to Q_q[7][15]
I: Removed GTP_DFF_C inst Q_z[6][10] that is redundant to Q_q[6][10]
I: Removed GTP_DFF_C inst Q_z[6][11] that is redundant to Q_q[6][11]
I: Removed GTP_DFF_C inst Q_z[6][12] that is redundant to Q_q[6][12]
I: Removed GTP_DFF_C inst Q_z[6][13] that is redundant to Q_q[6][13]
I: Removed GTP_DFF_C inst Q_z[6][14] that is redundant to Q_q[6][14]
I: Removed GTP_DFF_C inst Q_z[6][15] that is redundant to Q_q[6][15]
I: Removed GTP_DFF_C inst Q_z[5][10] that is redundant to Q_q[5][10]
I: Removed GTP_DFF_C inst Q_z[5][11] that is redundant to Q_q[5][11]
I: Removed GTP_DFF_C inst Q_z[5][12] that is redundant to Q_q[5][12]
I: Removed GTP_DFF_C inst Q_z[5][13] that is redundant to Q_q[5][13]
I: Removed GTP_DFF_C inst Q_z[5][14] that is redundant to Q_q[5][14]
I: Removed GTP_DFF_C inst Q_z[5][15] that is redundant to Q_q[5][15]
I: Removed GTP_DFF_C inst Q_z[4][10] that is redundant to Q_q[4][10]
I: Removed GTP_DFF_C inst Q_z[4][11] that is redundant to Q_q[4][11]
I: Removed GTP_DFF_C inst Q_z[4][12] that is redundant to Q_q[4][12]
I: Removed GTP_DFF_C inst Q_z[4][13] that is redundant to Q_q[4][13]
I: Removed GTP_DFF_C inst Q_z[4][14] that is redundant to Q_q[4][14]
I: Removed GTP_DFF_C inst Q_z[4][15] that is redundant to Q_q[4][15]
I: Removed GTP_DFF_C inst Q_z[3][10] that is redundant to Q_q[3][10]
I: Removed GTP_DFF_C inst Q_z[3][11] that is redundant to Q_q[3][11]
I: Removed GTP_DFF_C inst Q_z[3][12] that is redundant to Q_q[3][12]
I: Removed GTP_DFF_C inst Q_z[3][13] that is redundant to Q_q[3][13]
I: Removed GTP_DFF_C inst Q_z[3][14] that is redundant to Q_q[3][14]
I: Removed GTP_DFF_C inst Q_z[3][15] that is redundant to Q_q[3][15]
I: Removed GTP_DFF_C inst Q_z[2][10] that is redundant to Q_q[2][10]
I: Removed GTP_DFF_C inst Q_z[2][11] that is redundant to Q_q[2][11]
I: Removed GTP_DFF_C inst Q_z[2][12] that is redundant to Q_q[2][12]
I: Removed GTP_DFF_C inst Q_z[2][13] that is redundant to Q_q[2][13]
I: Removed GTP_DFF_C inst Q_z[2][14] that is redundant to Q_q[2][14]
I: Removed GTP_DFF_C inst Q_z[2][15] that is redundant to Q_q[2][15]
Executing : tech-mapping phase 1 successfully. Time elapsed: 0.053s wall, 0.031s user + 0.016s system = 0.047s CPU (88.6%)

Start tech-mapping phase 2.
I: Removed GTP_DFF_C inst Q_z[15][15] that is redundant to Q_q[15][15]
Executing : tech-mapping phase 2 successfully. Time elapsed: 0.167s wall, 0.141s user + 0.031s system = 0.172s CPU (103.0%)

Start tech-optimization.
Executing : tech-optimization successfully. Time elapsed: 0.090s wall, 0.094s user + 0.000s system = 0.094s CPU (104.5%)

Start phys-optimization.
Executing : phys-optimization successfully. Time elapsed: 0.000s wall, 0.000s user + 0.000s system = 0.000s CPU (n/a%)

Start restore-hierarchy.
Executing : restore-hierarchy successfully. Time elapsed: 0.001s wall, 0.000s user + 0.000s system = 0.000s CPU (n/a%)


Cell Usage:
GTP_APM_E1                   12 uses
GTP_DFF_C                   682 uses
GTP_GRS                       1 use
GTP_LUT2                    670 uses
GTP_LUT5CARRY               278 uses

I/O ports: 69
GTP_INBUF                  35 uses
GTP_OUTBUF                 34 uses

Mapping Summary:
Total LUTs: 948 of 22560 (4.20%)
	LUTs as dram: 0 of 7568 (0.00%)
	LUTs as logic: 948
Total Registers: 682 of 33840 (2.02%)
Total Latches: 0

DRM18K:
Total DRM18K = 0.0 of 60 (0.00%)

APMs:
Total APMs = 12.00 of 40 (30.00%)

Total I/O ports = 69 of 308 (22.40%)


Overview of Control Sets:

Number of unique control sets : 1

Histogram:
**************************************************************
  Fanout      | Count    | Sync Set/Reset    Async Set/Reset
--------------------------------------------------------------
  [0, 2)      | 0        | 0                 0
  [2, 4)      | 0        | 0                 0
  [4, 6)      | 0        | 0                 0
  [6, 8)      | 0        | 0                 0
  [8, 10)     | 0        | 0                 0
  [10, 12)    | 0        | 0                 0
  [12, 14)    | 0        | 0                 0
  [14, 16)    | 0        | 0                 0
  [16, Inf)   | 1        | 0                 1
--------------------------------------------------------------
  The maximum fanout: 682
==============================================================

Flip-Flop Distribution:
************************************************************************
  Clock Enable    Sync Set/Reset    Async Set/Reset    Total Registers
------------------------------------------------------------------------
  NO              NO                NO                 0
  NO              NO                YES                682
  NO              YES               NO                 0
  YES             NO                NO                 0
  YES             NO                YES                0
  YES             YES               NO                 0
========================================================================

Latch Distribution:
************************************************
  Gate Enable    Preset/Clear    Total Latches
************************************************
  NO             NO              0
  NO             YES             0
  YES            NO              0
  YES            YES             0
************************************************

Design 'cordic_newton' has been successfully synthesized to architecture-specific objects.
Saving design to DB.
Saving design to cordic_newton_syn.vm
Constructing timing graph ...
Timing graph has been constructed successfully
W: Timing-4087: Port 'data_o[0]' is not constrained, it is treated as combinational output.
W: Timing-4087: Port 'data_o[1]' is not constrained, it is treated as combinational output.
W: Timing-4087: Port 'data_o[2]' is not constrained, it is treated as combinational output.
W: Timing-4087: Port 'data_o[3]' is not constrained, it is treated as combinational output.
W: Timing-4087: Port 'data_o[4]' is not constrained, it is treated as combinational output.
W: Timing-4087: Port 'data_o[5]' is not constrained, it is treated as combinational output.
W: Timing-4087: Port 'data_o[6]' is not constrained, it is treated as combinational output.
W: Timing-4087: Port 'data_o[7]' is not constrained, it is treated as combinational output.
W: Timing-4087: Port 'data_o[8]' is not constrained, it is treated as combinational output.
W: Timing-4087: Port 'data_o[9]' is not constrained, it is treated as combinational output.
W: Timing-4087: Port 'data_o[10]' is not constrained, it is treated as combinational output.
W: Timing-4087: Port 'data_o[11]' is not constrained, it is treated as combinational output.
W: Timing-4087: Port 'data_o[12]' is not constrained, it is treated as combinational output.
W: Timing-4087: Port 'data_o[13]' is not constrained, it is treated as combinational output.
W: Timing-4087: Port 'data_o[14]' is not constrained, it is treated as combinational output.
W: Timing-4087: Port 'data_o[15]' is not constrained, it is treated as combinational output.
W: Timing-4087: Port 'data_r[0]' is not constrained, it is treated as combinational output.
W: Timing-4087: Port 'data_r[1]' is not constrained, it is treated as combinational output.
W: Timing-4087: Port 'data_r[2]' is not constrained, it is treated as combinational output.
W: Timing-4087: Port 'data_r[3]' is not constrained, it is treated as combinational output.
W: Timing-4087: Port 'data_r[4]' is not constrained, it is treated as combinational output.
W: Timing-4087: Port 'data_r[5]' is not constrained, it is treated as combinational output.
W: Timing-4087: Port 'data_r[6]' is not constrained, it is treated as combinational output.
W: Timing-4087: Port 'data_r[7]' is not constrained, it is treated as combinational output.
W: Timing-4087: Port 'data_r[8]' is not constrained, it is treated as combinational output.
W: Timing-4087: Port 'data_r[9]' is not constrained, it is treated as combinational output.
W: Timing-4087: Port 'data_r[10]' is not constrained, it is treated as combinational output.
W: Timing-4087: Port 'data_r[11]' is not constrained, it is treated as combinational output.
W: Timing-4087: Port 'data_r[12]' is not constrained, it is treated as combinational output.
W: Timing-4087: Port 'data_r[13]' is not constrained, it is treated as combinational output.
W: Timing-4087: Port 'data_r[14]' is not constrained, it is treated as combinational output.
W: Timing-4087: Port 'data_r[15]' is not constrained, it is treated as combinational output.
W: Timing-4087: Port 'data_r[16]' is not constrained, it is treated as combinational output.
W: Timing-4087: Port 'o_vaild' is not constrained, it is treated as combinational output.
W: Timing-4086: Port 'data_i[0]' is not constrained, it is treated as combinational input.
W: Timing-4086: Port 'data_i[1]' is not constrained, it is treated as combinational input.
W: Timing-4086: Port 'data_i[2]' is not constrained, it is treated as combinational input.
W: Timing-4086: Port 'data_i[3]' is not constrained, it is treated as combinational input.
W: Timing-4086: Port 'data_i[4]' is not constrained, it is treated as combinational input.
W: Timing-4086: Port 'data_i[5]' is not constrained, it is treated as combinational input.
W: Timing-4086: Port 'data_i[6]' is not constrained, it is treated as combinational input.
W: Timing-4086: Port 'data_i[7]' is not constrained, it is treated as combinational input.
W: Timing-4086: Port 'data_i[8]' is not constrained, it is treated as combinational input.
W: Timing-4086: Port 'data_i[9]' is not constrained, it is treated as combinational input.
W: Timing-4086: Port 'data_i[10]' is not constrained, it is treated as combinational input.
W: Timing-4086: Port 'data_i[11]' is not constrained, it is treated as combinational input.
W: Timing-4086: Port 'data_i[12]' is not constrained, it is treated as combinational input.
W: Timing-4086: Port 'data_i[13]' is not constrained, it is treated as combinational input.
W: Timing-4086: Port 'data_i[14]' is not constrained, it is treated as combinational input.
W: Timing-4086: Port 'data_i[15]' is not constrained, it is treated as combinational input.
W: Timing-4086: Port 'data_i[16]' is not constrained, it is treated as combinational input.
W: Timing-4086: Port 'data_i[17]' is not constrained, it is treated as combinational input.
W: Timing-4086: Port 'data_i[18]' is not constrained, it is treated as combinational input.
W: Timing-4086: Port 'data_i[19]' is not constrained, it is treated as combinational input.
W: Timing-4086: Port 'data_i[20]' is not constrained, it is treated as combinational input.
W: Timing-4086: Port 'data_i[21]' is not constrained, it is treated as combinational input.
W: Timing-4086: Port 'data_i[22]' is not constrained, it is treated as combinational input.
W: Timing-4086: Port 'data_i[23]' is not constrained, it is treated as combinational input.
W: Timing-4086: Port 'data_i[24]' is not constrained, it is treated as combinational input.
W: Timing-4086: Port 'data_i[25]' is not constrained, it is treated as combinational input.
W: Timing-4086: Port 'data_i[26]' is not constrained, it is treated as combinational input.
W: Timing-4086: Port 'data_i[27]' is not constrained, it is treated as combinational input.
W: Timing-4086: Port 'data_i[28]' is not constrained, it is treated as combinational input.
W: Timing-4086: Port 'data_i[29]' is not constrained, it is treated as combinational input.
W: Timing-4086: Port 'data_i[30]' is not constrained, it is treated as combinational input.
W: Timing-4086: Port 'data_i[31]' is not constrained, it is treated as combinational input.
W: Timing-4086: Port 'i_vaild' is not constrained, it is treated as combinational input.
W: Timing-4086: Port 'rst' is not constrained, it is treated as combinational input.
Action synthesize: Real time elapsed is 0h:0m:3s
Action synthesize: CPU time elapsed is 0h:0m:1s
Action synthesize: Process CPU time elapsed is 0h:0m:1s
Current time: Sat May 18 09:23:52 2024
Action synthesize: Peak memory pool usage is 167 MB
