#Build: Fabric Compiler 2022.1, Build 99559, Jul 12 00:20 2022
#Install: D:\fpga_competition\FPGA_competition\ziguangtongchuang_file\MES50HP_v3\set_up\set_up_file\PDS_2022.1\bin
#Application name: pds.exe
#OS: Windows 10 10.0.22000
#Hostname: Thecomputerofmartin
Generated by Fabric Compiler (version 2022.1 build 99559) at Sat Apr 20 16:22:12 2024
Parse module hierarchy of project 'C:/Users/86151/Desktop/auido_fft_fir/source/prj/temp_projects/Main_Flow/Main_Flow.pds' (ADS Parser)
Process exit normally.
Compiling common defs.
Compiling technology operator (valence) library.
Compiling prim grid devices.
Compiling prim grid device symbols.
Compiling gate devices.
Compiling gate operators.
Compiling tech operator impls.
Building architecture model.
Loading device packaging model.
Building architecture floorplan logic view.
Building architecture floorplan schematic view.
W: ConstraintEditor-4019: Port 'es7243_sda' unspecified I/O constraint.
W: ConstraintEditor-4019: Port 'es8156_sda' unspecified I/O constraint.
W: ConstraintEditor-4019: Port 'adc_dac_int' unspecified I/O constraint.
W: ConstraintEditor-4019: Port 'es0_mclk' unspecified I/O constraint.
W: ConstraintEditor-4019: Port 'es1_mclk' unspecified I/O constraint.
W: ConstraintEditor-4019: Port 'es1_sdout' unspecified I/O constraint.
W: ConstraintEditor-4019: Port 'es7243_scl' unspecified I/O constraint.
W: ConstraintEditor-4019: Port 'es8156_scl' unspecified I/O constraint.
W: ConstraintEditor-4019: Port 'lin_led' unspecified I/O constraint.
W: ConstraintEditor-4019: Port 'lout_led' unspecified I/O constraint.
W: ConstraintEditor-4019: Port 'es0_alrck' unspecified I/O constraint.
W: ConstraintEditor-4019: Port 'es0_dsclk' unspecified I/O constraint.
W: ConstraintEditor-4019: Port 'es0_sdin' unspecified I/O constraint.
W: ConstraintEditor-4019: Port 'es1_dlrc' unspecified I/O constraint.
W: ConstraintEditor-4019: Port 'es1_dsclk' unspecified I/O constraint.
W: ConstraintEditor-4019: Port 'es1_sdin' unspecified I/O constraint.
W: ConstraintEditor-4019: Port 'key' unspecified I/O constraint.
W: ConstraintEditor-4019: Port 'lin_test' unspecified I/O constraint.
W: ConstraintEditor-4019: Port 'lout_test' unspecified I/O constraint.
W: ConstraintEditor-4019: Port 'sys_clk' unspecified I/O constraint.
Open UCE successfully.
Current device : PGL25G-6FBG484
Total time(hh:mm:ss) of open UCE: 00:00:02
