#Build: Fabric Compiler 2022.1, Build 99559, Jul 12 00:20 2022
#Install: D:\fpga_competition\FPGA_competition\ziguangtongchuang_file\MES50HP_v3\set_up\set_up_file\PDS_2022.1\bin
#Application name: pds_shell.exe
#OS: Windows 10 10.0.22000
#Hostname: Thecomputerofmartin
Generated by Fabric Compiler (version 2022.1 build 99559) at Fri May 10 10:07:00 2024
Compiling verification operator library.
Compiling common defs.
Compiling prim grid devices.
Compiling gate devices.
Compiling gate operators.
Building architecture model.
Loading device packaging model.
W: ConstraintEditor-4030: No constraint files found, so all ports are unspecified I/O constraint.
I: Column Clock Check open.
Read Column Clock Map.

Placement started.
Phase 1 Pre global placement started.
Phase 1.1 1st GP placement started.
Design Utilization : 1%.
Wirelength after clock region global placement is 37.
1st GP placement takes 0.28 sec.

Phase 1.2 Clock placement started.
Mapping instance clk_50m_ibuf/opit_1 to IOL_7_198.
Mapping instance clkbufg_0/gopclkbufg to USCM_66_104.
Clock placement takes 0.08 sec.

Pre global placement takes 0.91 sec.

Phase 2 Global placement started.
Phase 2.1 Fixed placement started.
Placed fixed group with base inst clk_50m_ibuf/opit_1 on IOL_7_198.
Placed fixed instance clkbufg_0/gopclkbufg on USCM_66_104.
Fixed placement takes 0.00 sec.

Phase 2.2 Process placement started.
Process placement takes 0.00 sec.

Phase 2.3 IO placement started.
IO placement takes 0.02 sec.

Phase 2.4 2nd GP placement started.
Run super clustering :
	Initial slack 995861.
	1 iterations finished.
	Final slack 995861.
Super clustering done.
Design Utilization : 1%.
2nd GP placement takes 0.14 sec.

Wirelength after global placement is 169.
Global placement takes 0.16 sec.

Phase 3 Post global placement started.
Phase 3.1 Macro cell placement started.
Wirelength after macro cell placement is 169.
Macro cell placement takes 0.00 sec.

Phase 3.2 3rd GP placement started.
Run super clustering :
	Initial slack 995861.
	1 iterations finished.
	Final slack 995861.
Super clustering done.
Design Utilization : 1%.
3rd GP placement takes 0.16 sec.

Wirelength after post global placement is 169.
Post global placement takes 0.17 sec.

Phase 4 Legalization started.
The average distance in LP is 4.750000.
Wirelength after legalization is 170.
Legalization takes 0.00 sec.

Phase 5 Timing-driven detailed placement started.
Phase 5.1 Replication placement started.
Worst slack before Replication Place is 997316.
Replication placement takes 0.02 sec.

Wirelength after replication placement is 170.
Phase 5.2 DP placement started.
Legalized cost 997316.000000.
The detailed placement ends at 0th iteration.
DP placement takes 0.00 sec.

Wirelength after detailed placement is 170.
Timing-driven detailed placement takes 0.02 sec.

Worst slack is 997316, TNS after placement is 0.
Placement done.
Total placement takes 1.27 sec.
Finished placement. (CPU time elapsed 0h:00m:01s)

Routing started.
Building routing graph takes 0.31 sec.
Worst slack is 997316, TNS before global route is 0.
Processing design graph takes 0.03 sec.
Total memory for routing:
	34.498540 M.
Total nets for routing : 27.
Rcf routing step 1 processed 0 nets, it takes 0.00 sec.
Rcf routing step 2 processed 0 nets, it takes 0.00 sec.
Rcf routing step 3 processed 0 nets, it takes 0.00 sec.
Global Routing step 1 processed 0 nets, it takes 0.00 sec.
Global Routing step 2 processed 0 nets, it takes 0.00 sec.
Unrouted nets 0 at the end of iteration 0.
Global Routing step 3 processed 2 nets, it takes 0.00 sec.
Global routing takes 0.02 sec.
Total 29 subnets.
    forward max bucket size 240 , backward 11.
        Unrouted nets 7 at the end of iteration 0.
    route iteration 0, CPU time elapsed 0.000000 sec.
    forward max bucket size 13 , backward 12.
        Unrouted nets 4 at the end of iteration 1.
    route iteration 1, CPU time elapsed 0.000000 sec.
    forward max bucket size 12 , backward 8.
        Unrouted nets 3 at the end of iteration 2.
    route iteration 2, CPU time elapsed 0.000000 sec.
    forward max bucket size 12 , backward 9.
        Unrouted nets 3 at the end of iteration 3.
    route iteration 3, CPU time elapsed 0.000000 sec.
    forward max bucket size 11 , backward 10.
        Unrouted nets 0 at the end of iteration 4.
    route iteration 4, CPU time elapsed 0.000000 sec.
Detailed routing takes 4 iterations
Detailed routing takes 0.02 sec.
Start fix hold violation.
Build tmp routing results takes 0.00 sec.
Timing analysis takes 0.00 sec.
No hold violation.
Hold Violation Fix in router takes 0 iterations.
Fix hold violation Finished.
Hold Violation Fix in router takes 0.03 sec.

Dispose routing result:
    Collect routing result.
    Delete unused device instances.
    Annotate routing result.
    Change LUT configuration.
    Dispose misc instances.
    Annotate routing result again.
Finish routing takes 0.00 sec.
Used SRB routing arc is 84.
Cleanup routing takes 0.00 sec.
Routing done.
Total routing takes 0.50 sec.


Device Utilization Summary :
+---------------------------------------------------------------------------+
| Logic Utilization        | Used     | Available     | Utilization(%)     
+---------------------------------------------------------------------------+
| Use of ADC               | 0        | 1             | 0                  
| Use of APM               | 0        | 20            | 0                  
| Use of BKCL              | 0        | 4             | 0                  
| Use of CLMA              | 2        | 1940          | 1                  
|   FF                     | 5        | 11640         | 1                  
|   LUT                    | 6        | 7760          | 1                  
|   LUT-FF pairs           | 5        | 7760          | 1                  
| Use of CLMS              | 1        | 660           | 1                  
|   FF                     | 1        | 3960          | 1                  
|   LUT                    | 1        | 2640          | 1                  
|   LUT-FF pairs           | 1        | 2640          | 1                  
|   Distributed RAM        | 0        | 2640          | 0                  
| Use of CRYSTAL           | 0        | 4             | 0                  
| Use of DLL               | 0        | 4             | 0                  
| Use of DQSL              | 0        | 12            | 0                  
| Use of DRM               | 0        | 30            | 0                  
| Use of FLSIF             | 0        | 1             | 0                  
| Use of FUSECODE          | 0        | 1             | 0                  
| Use of HARD0N1           | 2        | 1665          | 1                  
| Use of IO                | 7        | 160           | 5                  
|   IOBD                   | 3        | 40            | 8                  
|   IOBR                   | 0        | 4             | 0                  
|   IOBS                   | 4        | 116           | 4                  
| Use of IOCKDIV           | 0        | 8             | 0                  
| Use of IOCKDLY           | 0        | 16            | 0                  
| Use of IOCKGATE          | 0        | 8             | 0                  
| Use of IOCKGMUX_TEST     | 0        | 8             | 0                  
| Use of IOL               | 7        | 160           | 5                  
| Use of IPAL              | 0        | 1             | 0                  
| Use of LDOCLK            | 0        | 1             | 0                  
| Use of MFG_TEST          | 0        | 1             | 0                  
| Use of OSC               | 0        | 1             | 0                  
| Use of PLL               | 0        | 4             | 0                  
| Use of PREGMUX_TEST      | 0        | 4             | 0                  
| Use of RCKB              | 0        | 16            | 0                  
| Use of RCKBMUX_TEST      | 0        | 8             | 0                  
| Use of RESCAL            | 0        | 4             | 0                  
| Use of SCANCHAIN         | 0        | 4             | 0                  
| Use of START             | 1        | 1             | 100                
| Use of UDID              | 0        | 1             | 0                  
| Use of USCM              | 1        | 20            | 5                  
| Use of USCMMUX_TEST      | 0        | 20            | 0                  
| Use of VCKBMUX_TEST      | 0        | 8             | 0                  
+---------------------------------------------------------------------------+

Finished routing. (CPU time elapsed 0h:00m:00s)
Design 'fft_test' has been placed and routed successfully.
Saving design to DB.
Finished placement and routing. (CPU time elapsed 0h:00m:04s)
Action pnr: Real time elapsed is 0h:0m:7s
Action pnr: CPU time elapsed is 0h:0m:5s
Action pnr: Process CPU time elapsed is 0h:0m:5s
Current time: Fri May 10 10:07:05 2024
Action pnr: Peak memory pool usage is 590 MB
