#Build: Fabric Compiler 2022.1, Build 99559, Jul 12 00:20 2022
#Install: D:\fpga_competition\FPGA_competition\ziguangtongchuang_file\MES50HP_v3\set_up\set_up_file\PDS_2022.1\bin
#Application name: pds_shell.exe
#OS: Windows 10 10.0.22000
#Hostname: Thecomputerofmartin
Generated by Fabric Compiler (version 2022.1 build 99559) at Sun May 26 14:24:39 2024
Compiling verification operator library.
Compiling common defs.
Compiling prim grid devices.
Compiling gate devices.
Compiling gate operators.
Building architecture model.
Loading device packaging model.
Building architecture floorplan logic view.
Constraint check start.
Executing : def_port {eth_rgmii_tx_ctl_0} LOC=B18 VCCIO=3.3 IOSTANDARD=LVCMOS33 DRIVE=4 SLEW=FAST NONE=TRUE
C: ConstraintEditor-2002: [C:/Users/86151/Desktop/auido_fft_fir/ziguangTongchuang_Competition_Documents/prj/prj_udp_loop_noarp/device_map/udp_loop_noarp.pcf(line number: 3)] | Port eth_rgmii_tx_ctl_0 has been placed at location B18, whose type is share pin.
Executing : def_port {eth_rgmii_tx_ctl_0} LOC=B18 VCCIO=3.3 IOSTANDARD=LVCMOS33 DRIVE=4 SLEW=FAST NONE=TRUE successfully
Executing : def_port {eth_rgmii_txc_0} LOC=G16 VCCIO=3.3 IOSTANDARD=LVCMOS33 DRIVE=4 SLEW=FAST NONE=TRUE
Executing : def_port {eth_rgmii_txc_0} LOC=G16 VCCIO=3.3 IOSTANDARD=LVCMOS33 DRIVE=4 SLEW=FAST NONE=TRUE successfully
Executing : def_port {eth_rgmii_txd_0[0]} LOC=F17 VCCIO=3.3 IOSTANDARD=LVCMOS33 DRIVE=4 SLEW=FAST NONE=TRUE
Executing : def_port {eth_rgmii_txd_0[0]} LOC=F17 VCCIO=3.3 IOSTANDARD=LVCMOS33 DRIVE=4 SLEW=FAST NONE=TRUE successfully
Executing : def_port {eth_rgmii_txd_0[1]} LOC=D17 VCCIO=3.3 IOSTANDARD=LVCMOS33 DRIVE=4 SLEW=FAST NONE=TRUE
C: ConstraintEditor-2002: [C:/Users/86151/Desktop/auido_fft_fir/ziguangTongchuang_Competition_Documents/prj/prj_udp_loop_noarp/device_map/udp_loop_noarp.pcf(line number: 6)] | Port eth_rgmii_txd_0[1] has been placed at location D17, whose type is share pin.
Executing : def_port {eth_rgmii_txd_0[1]} LOC=D17 VCCIO=3.3 IOSTANDARD=LVCMOS33 DRIVE=4 SLEW=FAST NONE=TRUE successfully
Executing : def_port {eth_rgmii_txd_0[2]} LOC=C18 VCCIO=3.3 IOSTANDARD=LVCMOS33 DRIVE=4 SLEW=FAST NONE=TRUE
C: ConstraintEditor-2002: [C:/Users/86151/Desktop/auido_fft_fir/ziguangTongchuang_Competition_Documents/prj/prj_udp_loop_noarp/device_map/udp_loop_noarp.pcf(line number: 7)] | Port eth_rgmii_txd_0[2] has been placed at location C18, whose type is share pin.
Executing : def_port {eth_rgmii_txd_0[2]} LOC=C18 VCCIO=3.3 IOSTANDARD=LVCMOS33 DRIVE=4 SLEW=FAST NONE=TRUE successfully
Executing : def_port {eth_rgmii_txd_0[3]} LOC=A18 VCCIO=3.3 IOSTANDARD=LVCMOS33 DRIVE=4 SLEW=FAST NONE=TRUE
C: ConstraintEditor-2002: [C:/Users/86151/Desktop/auido_fft_fir/ziguangTongchuang_Competition_Documents/prj/prj_udp_loop_noarp/device_map/udp_loop_noarp.pcf(line number: 8)] | Port eth_rgmii_txd_0[3] has been placed at location A18, whose type is share pin.
Executing : def_port {eth_rgmii_txd_0[3]} LOC=A18 VCCIO=3.3 IOSTANDARD=LVCMOS33 DRIVE=4 SLEW=FAST NONE=TRUE successfully
Executing : def_port {eth_rst_n_0} LOC=B20 VCCIO=3.3 IOSTANDARD=LVCMOS33 DRIVE=4 SLEW=FAST NONE=TRUE
C: ConstraintEditor-2002: [C:/Users/86151/Desktop/auido_fft_fir/ziguangTongchuang_Competition_Documents/prj/prj_udp_loop_noarp/device_map/udp_loop_noarp.pcf(line number: 9)] | Port eth_rst_n_0 has been placed at location B20, whose type is share pin.
Executing : def_port {eth_rst_n_0} LOC=B20 VCCIO=3.3 IOSTANDARD=LVCMOS33 DRIVE=4 SLEW=FAST NONE=TRUE successfully
Executing : def_port {eth_rgmii_rx_ctl_0} LOC=F9 VCCIO=3.3 IOSTANDARD=LVCMOS33 NONE=TRUE
Executing : def_port {eth_rgmii_rx_ctl_0} LOC=F9 VCCIO=3.3 IOSTANDARD=LVCMOS33 NONE=TRUE successfully
Executing : def_port {eth_rgmii_rxc_0} LOC=F14 VCCIO=3.3 IOSTANDARD=LVCMOS33 NONE=TRUE
Executing : def_port {eth_rgmii_rxc_0} LOC=F14 VCCIO=3.3 IOSTANDARD=LVCMOS33 NONE=TRUE successfully
Executing : def_port {eth_rgmii_rxd_0[0]} LOC=H10 VCCIO=3.3 IOSTANDARD=LVCMOS33 NONE=TRUE
Executing : def_port {eth_rgmii_rxd_0[0]} LOC=H10 VCCIO=3.3 IOSTANDARD=LVCMOS33 NONE=TRUE successfully
Executing : def_port {eth_rgmii_rxd_0[1]} LOC=H11 VCCIO=3.3 IOSTANDARD=LVCMOS33 NONE=TRUE
Executing : def_port {eth_rgmii_rxd_0[1]} LOC=H11 VCCIO=3.3 IOSTANDARD=LVCMOS33 NONE=TRUE successfully
Executing : def_port {eth_rgmii_rxd_0[2]} LOC=G13 VCCIO=3.3 IOSTANDARD=LVCMOS33 NONE=TRUE
Executing : def_port {eth_rgmii_rxd_0[2]} LOC=G13 VCCIO=3.3 IOSTANDARD=LVCMOS33 NONE=TRUE successfully
Executing : def_port {eth_rgmii_rxd_0[3]} LOC=H13 VCCIO=3.3 IOSTANDARD=LVCMOS33 NONE=TRUE
Executing : def_port {eth_rgmii_rxd_0[3]} LOC=H13 VCCIO=3.3 IOSTANDARD=LVCMOS33 NONE=TRUE successfully
Executing : def_port {sys_clk} LOC=P20 VCCIO=3.3 IOSTANDARD=LVCMOS33 NONE=TRUE
Executing : def_port {sys_clk} LOC=P20 VCCIO=3.3 IOSTANDARD=LVCMOS33 NONE=TRUE successfully
Constraint check end.
I: Column Clock Check open.
Read Column Clock Map.

Placement started.
Phase 1 Pre global placement started.
Mapping instance eth0_gmii_to_rgmii/rgmii_clk_delay/opit_0 to IOCKDLY_84_360.
Phase 1.1 1st GP placement started.
Design Utilization : 5%.
Wirelength after clock region global placement is 12730.
1st GP placement takes 3.95 sec.

Phase 1.2 Clock placement started.
Mapping instance eth0_gmii_to_rgmii/GTP_CLKBUFG_RXSHFT/gopclkbufg to USCM_84_108.
Mapping instance clkbufg_0/gopclkbufg to USCM_84_109.
Clock placement takes 0.17 sec.

Pre global placement takes 5.80 sec.

Phase 2 Global placement started.
Phase 2.1 Fixed placement started.
Placed fixed group with base inst eth0_gmii_to_rgmii/gmii_ctl_in/gateigddr_IOL on IOL_71_373.
Placed fixed group with base inst eth0_gmii_to_rgmii/gtp_outbuft1/opit_1_IOL on IOL_311_374.
Placed fixed group with base inst eth0_gmii_to_rgmii/gtp_outbuft6/opit_1_IOL on IOL_299_374.
Placed fixed group with base inst eth0_gmii_to_rgmii/rgmii_rx_data[0].gmii_rxd_in/gateigddr_IOL on IOL_75_374.
Placed fixed group with base inst eth0_gmii_to_rgmii/rgmii_rx_data[1].gmii_rxd_in/gateigddr_IOL on IOL_75_373.
Placed fixed group with base inst eth0_gmii_to_rgmii/rgmii_rx_data[2].gmii_rxd_in/gateigddr_IOL on IOL_251_373.
Placed fixed group with base inst eth0_gmii_to_rgmii/rgmii_rx_data[3].gmii_rxd_in/gateigddr_IOL on IOL_251_374.
Placed fixed group with base inst eth0_gmii_to_rgmii/rgmii_tx_data[0].gtp_outbuft1/opit_1_IOL on IOL_299_373.
Placed fixed group with base inst eth0_gmii_to_rgmii/rgmii_tx_data[1].gtp_outbuft1/opit_1_IOL on IOL_323_374.
Placed fixed group with base inst eth0_gmii_to_rgmii/rgmii_tx_data[2].gtp_outbuft1/opit_1_IOL on IOL_323_373.
Placed fixed group with base inst eth0_gmii_to_rgmii/rgmii_tx_data[3].gtp_outbuft1/opit_1_IOL on IOL_311_373.
Placed fixed group with base inst eth_rgmii_rxc_0_ibuf/opit_1 on IOL_243_374.
Placed fixed group with base inst eth_rst_n_0_obuf/opit_1 on IOL_319_374.
Placed fixed group with base inst sys_clk_ibuf/opit_1 on IOL_327_210.
Placed fixed instance clkbufg_0/gopclkbufg on USCM_84_109.
Placed fixed instance eth0_gmii_to_rgmii/GTP_CLKBUFG_RXSHFT/gopclkbufg on USCM_84_108.
Placed fixed instance eth0_gmii_to_rgmii/rgmii_clk_delay/opit_0 on IOCKDLY_84_360.
Placed fixed instance BKCL_auto_0 on BKCL_188_376.
Placed fixed instance BKCL_auto_1 on BKCL_328_184.
Fixed placement takes 0.00 sec.

Phase 2.2 Process placement started.
Placed instance eth0_gmii_to_rgmii/clk_dll/gopdll(gopDLL) on DLL_86_363, and placed eth0_gmii_to_rgmii/rgmii_clk_delay/opit_0(gopCLKDELAY) on IOCKDLY_84_360.
Process placement takes 0.00 sec.

Phase 2.3 IO placement started.
IO placement takes 0.02 sec.

Phase 2.4 2nd GP placement started.
Run super clustering :
	Initial slack 983410.
	12 iterations finished.
	Final slack 991650.
Super clustering done.
Design Utilization : 5%.
2nd GP placement takes 4.47 sec.

Wirelength after global placement is 13694.
Global placement takes 4.48 sec.

Phase 3 Post global placement started.
Phase 3.1 Macro cell placement started.
Wirelength after macro cell placement is 13694.
Macro cell placement takes 0.00 sec.

Phase 3.2 3rd GP placement started.
Run super clustering :
	Initial slack 983410.
	12 iterations finished.
	Final slack 991650.
Super clustering done.
Design Utilization : 5%.
3rd GP placement takes 4.56 sec.

Wirelength after post global placement is 13694.
Post global placement takes 4.59 sec.

Phase 4 Legalization started.
The average distance in LP is 3.363205.
Wirelength after legalization is 20050.
Legalization takes 0.12 sec.

Phase 5 Timing-driven detailed placement started.
Phase 5.1 Replication placement started.
Worst slack before Replication Place is 991960.
Replication placement takes 0.17 sec.

Wirelength after replication placement is 20050.
Phase 5.2 DP placement started.
Legalized cost 991960.000000.
The detailed placement ends at 0th iteration.
DP placement takes 0.12 sec.

Wirelength after detailed placement is 20050.
Timing-driven detailed placement takes 0.30 sec.

Worst slack is 991960, TNS after placement is 0.
Placement done.
Total placement takes 16.08 sec.
Finished placement. (CPU time elapsed 0h:00m:16s)

Routing started.
Building routing graph takes 1.55 sec.
Worst slack is 991960, TNS before global route is 0.
Processing design graph takes 0.41 sec.
Total memory for routing:
	117.013494 M.
Total nets for routing : 2373.
Rcf routing step 1 processed 0 nets, it takes 0.00 sec.
Rcf routing step 2 processed 0 nets, it takes 0.00 sec.
Rcf routing step 3 processed 0 nets, it takes 0.00 sec.
Global Routing step 1 processed 0 nets, it takes 0.00 sec.
Global Routing step 2 processed 0 nets, it takes 0.02 sec.
Unrouted nets 61 at the end of iteration 0.
Unrouted nets 45 at the end of iteration 1.
Unrouted nets 38 at the end of iteration 2.
Unrouted nets 23 at the end of iteration 3.
Unrouted nets 23 at the end of iteration 4.
Unrouted nets 16 at the end of iteration 5.
Unrouted nets 18 at the end of iteration 6.
Unrouted nets 17 at the end of iteration 7.
Unrouted nets 17 at the end of iteration 8.
Unrouted nets 14 at the end of iteration 9.
Unrouted nets 13 at the end of iteration 10.
Unrouted nets 8 at the end of iteration 11.
Unrouted nets 6 at the end of iteration 12.
Unrouted nets 5 at the end of iteration 13.
Unrouted nets 7 at the end of iteration 14.
Unrouted nets 5 at the end of iteration 15.
Unrouted nets 0 at the end of iteration 16.
Global Routing step 3 processed 117 nets, it takes 1.09 sec.
Global routing takes 1.17 sec.
Total 3499 subnets.
    forward max bucket size 1032 , backward 681.
        Unrouted nets 2558 at the end of iteration 0.
    route iteration 0, CPU time elapsed 0.671875 sec.
    forward max bucket size 966 , backward 32.
        Unrouted nets 1921 at the end of iteration 1.
    route iteration 1, CPU time elapsed 0.453125 sec.
    forward max bucket size 138 , backward 43.
        Unrouted nets 1507 at the end of iteration 2.
    route iteration 2, CPU time elapsed 0.406250 sec.
    forward max bucket size 154 , backward 46.
        Unrouted nets 1210 at the end of iteration 3.
    route iteration 3, CPU time elapsed 0.406250 sec.
    forward max bucket size 40 , backward 38.
        Unrouted nets 1274 at the end of iteration 4.
    route iteration 4, CPU time elapsed 0.296875 sec.
    forward max bucket size 35 , backward 47.
        Unrouted nets 1162 at the end of iteration 5.
    route iteration 5, CPU time elapsed 0.265625 sec.
    forward max bucket size 31 , backward 41.
        Unrouted nets 989 at the end of iteration 6.
    route iteration 6, CPU time elapsed 0.234375 sec.
    forward max bucket size 40 , backward 47.
        Unrouted nets 816 at the end of iteration 7.
    route iteration 7, CPU time elapsed 0.187500 sec.
    forward max bucket size 153 , backward 40.
        Unrouted nets 657 at the end of iteration 8.
    route iteration 8, CPU time elapsed 0.140625 sec.
    forward max bucket size 32 , backward 51.
        Unrouted nets 507 at the end of iteration 9.
    route iteration 9, CPU time elapsed 0.125000 sec.
    forward max bucket size 45 , backward 69.
        Unrouted nets 384 at the end of iteration 10.
    route iteration 10, CPU time elapsed 0.093750 sec.
    forward max bucket size 34 , backward 58.
        Unrouted nets 288 at the end of iteration 11.
    route iteration 11, CPU time elapsed 0.093750 sec.
    forward max bucket size 47 , backward 76.
        Unrouted nets 245 at the end of iteration 12.
    route iteration 12, CPU time elapsed 0.062500 sec.
    forward max bucket size 38 , backward 41.
        Unrouted nets 193 at the end of iteration 13.
    route iteration 13, CPU time elapsed 0.046875 sec.
    forward max bucket size 142 , backward 95.
        Unrouted nets 174 at the end of iteration 14.
    route iteration 14, CPU time elapsed 0.062500 sec.
    forward max bucket size 43 , backward 65.
        Unrouted nets 164 at the end of iteration 15.
    route iteration 15, CPU time elapsed 0.046875 sec.
    forward max bucket size 42 , backward 68.
        Unrouted nets 140 at the end of iteration 16.
    route iteration 16, CPU time elapsed 0.031250 sec.
    forward max bucket size 33 , backward 48.
        Unrouted nets 99 at the end of iteration 17.
    route iteration 17, CPU time elapsed 0.031250 sec.
    forward max bucket size 30 , backward 51.
        Unrouted nets 69 at the end of iteration 18.
    route iteration 18, CPU time elapsed 0.031250 sec.
    forward max bucket size 44 , backward 60.
        Unrouted nets 70 at the end of iteration 19.
    route iteration 19, CPU time elapsed 0.031250 sec.
    forward max bucket size 40 , backward 50.
        Unrouted nets 64 at the end of iteration 20.
    route iteration 20, CPU time elapsed 0.031250 sec.
    forward max bucket size 41 , backward 62.
        Unrouted nets 41 at the end of iteration 21.
    route iteration 21, CPU time elapsed 0.031250 sec.
    forward max bucket size 34 , backward 44.
        Unrouted nets 28 at the end of iteration 22.
    route iteration 22, CPU time elapsed 0.015625 sec.
    forward max bucket size 34 , backward 25.
        Unrouted nets 17 at the end of iteration 23.
    route iteration 23, CPU time elapsed 0.015625 sec.
    forward max bucket size 18 , backward 18.
        Unrouted nets 14 at the end of iteration 24.
    route iteration 24, CPU time elapsed 0.015625 sec.
    forward max bucket size 29 , backward 32.
        Unrouted nets 10 at the end of iteration 25.
    route iteration 25, CPU time elapsed 0.015625 sec.
    forward max bucket size 22 , backward 23.
        Unrouted nets 13 at the end of iteration 26.
    route iteration 26, CPU time elapsed 0.015625 sec.
    forward max bucket size 26 , backward 35.
        Unrouted nets 8 at the end of iteration 27.
    route iteration 27, CPU time elapsed 0.015625 sec.
    forward max bucket size 19 , backward 14.
        Unrouted nets 4 at the end of iteration 28.
    route iteration 28, CPU time elapsed 0.015625 sec.
    forward max bucket size 16 , backward 11.
        Unrouted nets 4 at the end of iteration 29.
    route iteration 29, CPU time elapsed 0.015625 sec.
    forward max bucket size 17 , backward 21.
        Unrouted nets 2 at the end of iteration 30.
    route iteration 30, CPU time elapsed 0.015625 sec.
    forward max bucket size 10 , backward 14.
        Unrouted nets 0 at the end of iteration 31.
    route iteration 31, CPU time elapsed 0.015625 sec.
Detailed routing takes 31 iterations
C: Route-2036: The clock path from eth_rgmii_rxc_0_ibuf/opit_1:OUT to eth0_gmii_to_rgmii/clk_dll/gopdll:CLK is routed by SRB.
Detailed routing takes 4.08 sec.
Start fix hold violation.
Build tmp routing results takes 0.03 sec.
Timing analysis takes 0.38 sec.
Hold violation fix iter 0 takes 6.33 sec, total_step_forward 515426.
Incremental timing analysis takes 0.34 sec.
Hold violation fix iter 1 takes 2.02 sec, total_step_forward 511077.
Incremental timing analysis takes 0.33 sec.
Hold violation fix iter 2 takes 0.94 sec, total_step_forward 311280.
Incremental timing analysis takes 0.36 sec.
Hold violation fix iter 3 takes 0.94 sec, total_step_forward 312856.
Incremental timing analysis takes 0.34 sec.
Hold violation fix iter 4 takes 0.72 sec, total_step_forward 258267.
Incremental timing analysis takes 0.34 sec.
Hold violation fix iter 5 takes 0.84 sec, total_step_forward 289672.
Hold Violation Fix in router takes 6 iterations.
Fix hold violation Finished.
Hold Violation Fix in router takes 14.03 sec.

Dispose routing result:
    Collect routing result.
    Delete unused device instances.
    Annotate routing result.
    Change LUT configuration.
    Dispose misc instances.
    Annotate routing result again.
Finish routing takes 0.16 sec.
Used SRB routing arc is 45481.
Cleanup routing takes 0.02 sec.
Routing done.
Total routing takes 21.91 sec.
W: Timing-4105: The worst slack of endpoint fifo_udp_loop/u_ipm_distributed_fifo_fifo_udp_loop/ipm_distributed_sdpram_fifo_udp_loop/mem_0_3/ram32x1dp/WD of clock udp_loop_noarp|eth_rgmii_rxc_0 is 31ps(fast corner), but required hold violation threshold is 200ps.
C: STA-3017: There are 4 clock cross SRB paths do not meet the required hold violation threshold(200ps).


Device Utilization Summary :
+---------------------------------------------------------------------------+
| Logic Utilization        | Used     | Available     | Utilization(%)     
+---------------------------------------------------------------------------+
| Use of APM               | 0        | 84            | 0                  
| Use of BKCL              | 2        | 4             | 50                 
| Use of CLMA              | 259      | 6450          | 5                  
|   FF                     | 447      | 38700         | 2                  
|   LUT                    | 795      | 25800         | 4                  
|   LUT-FF pairs           | 134      | 25800         | 1                  
| Use of CLMS              | 510      | 4250          | 12                 
|   FF                     | 51       | 25500         | 1                  
|   LUT                    | 1279     | 17000         | 8                  
|   LUT-FF pairs           | 1        | 17000         | 1                  
|   Distributed RAM        | 1024     | 17000         | 7                  
| Use of CRYSTAL           | 0        | 2             | 0                  
| Use of DLL               | 1        | 10            | 10                 
| Use of DQSL              | 0        | 18            | 0                  
| Use of DRM               | 0        | 134           | 0                  
| Use of FUSECODE          | 0        | 1             | 0                  
| Use of HARD0N1           | 53       | 6672          | 1                  
| Use of HSST              | 0        | 1             | 0                  
| Use of IO                | 14       | 296           | 5                  
|   IOBD                   | 7        | 64            | 11                 
|   IOBR_LR                | 0        | 7             | 0                  
|   IOBR_TB                | 1        | 8             | 13                 
|   IOBS_LR                | 1        | 161           | 1                  
|   IOBS_TB                | 5        | 56            | 9                  
| Use of IOCKDIV           | 0        | 20            | 0                  
| Use of IOCKDLY           | 1        | 40            | 3                  
| Use of IOCKGATE          | 0        | 20            | 0                  
| Use of IOCKGMUX_TEST     | 0        | 20            | 0                  
| Use of IOL               | 14       | 400           | 4                  
| Use of IPAL              | 0        | 1             | 0                  
| Use of LDO               | 0        | 4             | 0                  
| Use of MFG_TEST          | 0        | 1             | 0                  
| Use of OSC               | 0        | 1             | 0                  
| Use of PCIE              | 0        | 1             | 0                  
| Use of PIOMUX_TEST       | 0        | 10            | 0                  
| Use of PLL               | 0        | 5             | 0                  
| Use of PREGMUX_TEST      | 0        | 6             | 0                  
| Use of RCKB              | 1        | 24            | 5                  
| Use of RCKBMUX_TEST      | 0        | 12            | 0                  
| Use of RESCAL            | 0        | 4             | 0                  
| Use of SCANCHAIN         | 0        | 2             | 0                  
| Use of START             | 1        | 1             | 100                
| Use of UDID              | 0        | 1             | 0                  
| Use of USCM              | 2        | 30            | 7                  
| Use of USCMMUX_TEST      | 0        | 30            | 0                  
| Use of VCKBMUX_TEST      | 0        | 12            | 0                  
+---------------------------------------------------------------------------+

Finished routing. (CPU time elapsed 0h:00m:21s)
Design 'udp_loop_noarp' has been placed and routed successfully.
Saving design to DB.
Finished placement and routing. (CPU time elapsed 0h:00m:46s)
Action pnr: Real time elapsed is 0h:0m:49s
Action pnr: CPU time elapsed is 0h:0m:47s
Action pnr: Process CPU time elapsed is 0h:0m:47s
Current time: Sun May 26 14:25:26 2024
Action pnr: Peak memory pool usage is 803 MB
