#Build: Fabric Compiler 2022.1, Build 99559, Jul 12 00:20 2022
#Install: D:\fpga_competition\FPGA_competition\ziguangtongchuang_file\MES50HP_v3\set_up\set_up_file\PDS_2022.1\bin
#Application name: pds_shell.exe
#OS: Windows 10 10.0.22000
#Hostname: Thecomputerofmartin
Generated by Fabric Compiler (version 2022.1 build 99559) at Mon May  6 21:22:57 2024
Compiling verification operator library.
Compiling common defs.
Compiling prim grid devices.
Compiling gate devices.
Compiling gate operators.
Building architecture model.
Loading device packaging model.
Reading design from DB.
Start Generating Programming File...
Reading design from DB takes 0.250000 sec.
Generating architecture configuration.
The bitstream file is "C:/Users/86151/Desktop/auido_fft_fir/audio_fft_fir_hdmi/src/UDP/udp/revised_new/prj/generate_bitstream/audio_udp_top.sbit"
Generate programming file takes 5.875000 sec.
Generating Programming File done.
Action gen_bit_stream: Real time elapsed is 0h:0m:12s
Action gen_bit_stream: CPU time elapsed is 0h:0m:10s
Action gen_bit_stream: Process CPU time elapsed is 0h:0m:10s
Current time: Mon May  6 21:23:08 2024
Action gen_bit_stream: Peak memory pool usage is 612 MB
