#Build: Fabric Compiler 2022.1, Build 99559, Jul 12 00:20 2022
#Install: D:\fpga_competition\FPGA_competition\ziguangtongchuang_file\MES50HP_v3\set_up\set_up_file\PDS_2022.1\bin
#Application name: pds_shell.exe
#OS: Windows 10 10.0.22000
#Hostname: Thecomputerofmartin
Generated by Fabric Compiler (version 2022.1 build 99559) at Wed May 22 19:20:38 2024
Compiling verification operator library.
Compiling common defs.
Loading technology operator library.
Compiling technology operator library.
Compiling technology operator (valence) library.
Compiling operator packing rules.
Compiling prim grid devices.
Compiling gate devices.
Compiling gate operators.
Compiling tech operator impls.
Building architecture model.
Loading device packaging model.
Reading design from translate DB.
Flattening design 'lms_top'
Device mapping started.
Optimizing circuit logic.
Checking design netlist.
Processing tech operator.
I: The instance clkbufg_0(GTP_CLKBUFG) has been inserted on the net nt_audio_clk in design, driver pin O(instance audio_clk_ibuf) -> load pin CLK(instance LMS_inst/Data_reg_1/Delay_out[0]).
I: The instance clkbufg_1(GTP_CLKBUFG) has been inserted on the net nt_rgmii_clk in design, driver pin O(instance rgmii_clk_ibuf) -> load pin WCLK(instance lms_fifo2/u_ipm_distributed_fifo_lms_fifo/ipm_distributed_sdpram_lms_fifo/mem_0_0).
Converting tech operator to gate operator.
Processing gate operator.
I: Infer CARRY group, base inst: LMS_inst/N8.fsub_1/gateop, insts:16.
I: Infer CARRY group, base inst: LMS_inst/LMSX_selfdefine_inst/N26_2_1/gateop, insts:27.
I: Infer CARRY group, base inst: LMS_inst/LMSX_selfdefine_inst/class1[0].genblk1.LMS_tap_1/N5_1/gateop, insts:16.
I: Infer CARRY group, base inst: LMS_inst/LMSX_selfdefine_inst/class1[1].genblk1.LMS_tap_2/N5_1/gateop, insts:16.
I: Infer CARRY group, base inst: LMS_inst/LMSX_selfdefine_inst/class1[2].genblk1.LMS_tap_2/N5_1/gateop, insts:16.
I: Infer CARRY group, base inst: lms_fifo2/u_ipm_distributed_fifo_lms_fifo/u_ipm_distributed_fifo_ctr/N58_3_1/gateop, insts:11.
I: Infer CARRY group, base inst: lms_fifo2/u_ipm_distributed_fifo_lms_fifo/u_ipm_distributed_fifo_ctr/N190_3_1/gateop, insts:11.
I: Infer CARRY group, base inst: lms_fifo2/u_ipm_distributed_fifo_lms_fifo/u_ipm_distributed_fifo_ctr/N266.eq_0/gateop, insts:5.
I: Infer CARRY group, base inst: lms_fifo2/u_ipm_distributed_fifo_lms_fifo/u_ipm_distributed_fifo_ctr/N286.eq_0/gateop, insts:6.
I: Infer CARRY group, base inst: lms_fifo2/u_ipm_distributed_fifo_lms_fifo/u_ipm_distributed_fifo_ctr/N319.fsub_1/gateop, insts:11.
I: Infer CARRY group, base inst: lms_fifo1/u_ipm_distributed_fifo_lms_fifo/u_ipm_distributed_fifo_ctr/N58_3_1/gateop, insts:11.
I: Infer CARRY group, base inst: lms_fifo1/u_ipm_distributed_fifo_lms_fifo/u_ipm_distributed_fifo_ctr/N190_3_1/gateop, insts:11.
I: Infer CARRY group, base inst: lms_fifo1/u_ipm_distributed_fifo_lms_fifo/u_ipm_distributed_fifo_ctr/N266.eq_0/gateop, insts:5.
I: Infer CARRY group, base inst: lms_fifo1/u_ipm_distributed_fifo_lms_fifo/u_ipm_distributed_fifo_ctr/N286.eq_0/gateop, insts:6.
I: Infer CARRY group, base inst: lms_fifo1/u_ipm_distributed_fifo_lms_fifo/u_ipm_distributed_fifo_ctr/N319.fsub_1/gateop, insts:11.
I: Infer CARRY group, base inst: LMS_inst/LMSX_selfdefine_inst/class1[1].genblk1.LMS_tap_2/N11/gopapm, insts:2.
Device mapping done.
Total device mapping takes 0.31 sec.

Device Utilization Summary:
+------------------------------------------------------------------------+
| Logic Utilization     | Used     | Available     | Utilization(%)     
+------------------------------------------------------------------------+
| APM                   | 7        | 84            | 9                  
| IOCKDLY               | 0        | 40            | 0                  
| FF                    | 256      | 64200         | 1                  
| LUT                   | 1625     | 42800         | 4                  
| Distributed RAM       | 1024     | 17000         | 7                  
| DLL                   | 0        | 10            | 0                  
| DQSL                  | 0        | 18            | 0                  
| DRM                   | 0        | 134           | 0                  
| FUSECODE              | 0        | 1             | 0                  
| IO                    | 53       | 296           | 18                 
| IOCKDIV               | 0        | 20            | 0                  
| IOCKGATE              | 0        | 20            | 0                  
| IPAL                  | 0        | 1             | 0                  
| PLL                   | 0        | 5             | 0                  
| RCKB                  | 0        | 24            | 0                  
| SCANCHAIN             | 0        | 2             | 0                  
| START                 | 0        | 1             | 0                  
| USCM                  | 2        | 30            | 7                  
| HSST                  | 0        | 1             | 0                  
| OSC                   | 0        | 1             | 0                  
| CRYSTAL               | 0        | 2             | 0                  
| RESCAL                | 0        | 4             | 0                  
| UDID                  | 0        | 1             | 0                  
| PCIE                  | 0        | 1             | 0                  
+------------------------------------------------------------------------+

Design 'lms_top' has been successfully mapped to architecture-specific objects.
Saving design to DB.
Action dev_map: Real time elapsed is 0h:0m:6s
Action dev_map: CPU time elapsed is 0h:0m:4s
Action dev_map: Process CPU time elapsed is 0h:0m:4s
Current time: Wed May 22 19:20:42 2024
Action dev_map: Peak memory pool usage is 256 MB
