#Build: Fabric Compiler 2022.1, Build 99559, Jul 12 00:20 2022
#Install: D:\fpga_competition\FPGA_competition\ziguangtongchuang_file\MES50HP_v3\set_up\set_up_file\PDS_2022.1\bin
#Application name: pds_shell.exe
#OS: Windows 10 10.0.22000
#Hostname: Thecomputerofmartin
Generated by Fabric Compiler (version 2022.1 build 99559) at Fri May 10 19:59:48 2024
Compiling verification operator library.
Compiling common defs.
Loading technology operator library.
Compiling technology operator library.
Compiling technology operator (valence) library.
Compiling operator packing rules.
Compiling prim grid devices.
Compiling gate devices.
Compiling gate operators.
Compiling tech operator impls.
Building architecture model.
Loading device packaging model.
Reading design from translate DB.
Flattening design 'hdmi_top'
Device mapping started.
Optimizing circuit logic.
W: Public-4008: Instance 'hdmi_test_revised_inst/ms72xx_ctl/iic_dri_rx/busy' of 'GTP_DFF' unit is dangling and will be cleaned.
W: Public-4008: Instance 'hdmi_test_revised_inst/ms72xx_ctl/iic_dri_rx/fre_cnt[0]' of 'GTP_DFF_R' unit is dangling and will be cleaned.
W: Public-4008: Instance 'hdmi_test_revised_inst/ms72xx_ctl/iic_dri_rx/fre_cnt[1]' of 'GTP_DFF_R' unit is dangling and will be cleaned.
W: Public-4008: Instance 'hdmi_test_revised_inst/ms72xx_ctl/iic_dri_rx/fre_cnt[2]' of 'GTP_DFF_R' unit is dangling and will be cleaned.
W: Public-4008: Instance 'hdmi_test_revised_inst/ms72xx_ctl/iic_dri_rx/fre_cnt[3]' of 'GTP_DFF_R' unit is dangling and will be cleaned.
W: Public-4008: Instance 'hdmi_test_revised_inst/ms72xx_ctl/iic_dri_rx/fre_cnt[4]' of 'GTP_DFF_R' unit is dangling and will be cleaned.
W: Public-4008: Instance 'hdmi_test_revised_inst/ms72xx_ctl/iic_dri_rx/pluse_1d' of 'GTP_DFF_R' unit is dangling and will be cleaned.
W: Public-4008: Instance 'hdmi_test_revised_inst/ms72xx_ctl/iic_dri_rx/pluse_2d' of 'GTP_DFF_R' unit is dangling and will be cleaned.
W: Public-4008: Instance 'hdmi_test_revised_inst/ms72xx_ctl/iic_dri_rx/pluse_3d' of 'GTP_DFF_R' unit is dangling and will be cleaned.
W: Public-4008: Instance 'hdmi_test_revised_inst/ms72xx_ctl/iic_dri_rx/scl_out' of 'GTP_DFF_S' unit is dangling and will be cleaned.
W: Public-4008: Instance 'hdmi_test_revised_inst/ms72xx_ctl/iic_dri_rx/sda_out' of 'GTP_DFF_S' unit is dangling and will be cleaned.
W: Public-4008: Instance 'hdmi_test_revised_inst/ms72xx_ctl/iic_dri_rx/send_data[0]' of 'GTP_DFF_E' unit is dangling and will be cleaned.
W: Public-4008: Instance 'hdmi_test_revised_inst/ms72xx_ctl/iic_dri_rx/send_data[1]' of 'GTP_DFF_E' unit is dangling and will be cleaned.
W: Public-4008: Instance 'hdmi_test_revised_inst/ms72xx_ctl/iic_dri_rx/send_data[2]' of 'GTP_DFF_E' unit is dangling and will be cleaned.
W: Public-4008: Instance 'hdmi_test_revised_inst/ms72xx_ctl/iic_dri_rx/send_data[3]' of 'GTP_DFF_E' unit is dangling and will be cleaned.
W: Public-4008: Instance 'hdmi_test_revised_inst/ms72xx_ctl/iic_dri_rx/send_data[4]' of 'GTP_DFF_E' unit is dangling and will be cleaned.
W: Public-4008: Instance 'hdmi_test_revised_inst/ms72xx_ctl/iic_dri_rx/send_data[6]' of 'GTP_DFF_E' unit is dangling and will be cleaned.
W: Public-4008: Instance 'hdmi_test_revised_inst/ms72xx_ctl/iic_dri_rx/send_data[7]' of 'GTP_DFF_E' unit is dangling and will be cleaned.
W: Public-4008: Instance 'hdmi_test_revised_inst/ms72xx_ctl/iic_dri_rx/start_en' of 'GTP_DFF' unit is dangling and will be cleaned.
W: Public-4008: Instance 'hdmi_test_revised_inst/ms72xx_ctl/iic_dri_rx/state_0' of 'GTP_DFF_S' unit is dangling and will be cleaned.
W: Public-4008: Instance 'hdmi_test_revised_inst/ms72xx_ctl/iic_dri_rx/state_1' of 'GTP_DFF_R' unit is dangling and will be cleaned.
W: Public-4008: Instance 'hdmi_test_revised_inst/ms72xx_ctl/iic_dri_rx/state_2' of 'GTP_DFF_R' unit is dangling and will be cleaned.
W: Public-4008: Instance 'hdmi_test_revised_inst/ms72xx_ctl/iic_dri_rx/state_3' of 'GTP_DFF_R' unit is dangling and will be cleaned.
W: Public-4008: Instance 'hdmi_test_revised_inst/ms72xx_ctl/iic_dri_rx/state_4' of 'GTP_DFF_R' unit is dangling and will be cleaned.
W: Public-4008: Instance 'hdmi_test_revised_inst/ms72xx_ctl/iic_dri_rx/state_5' of 'GTP_DFF_R' unit is dangling and will be cleaned.
W: Public-4008: Instance 'hdmi_test_revised_inst/ms72xx_ctl/iic_dri_rx/state_6' of 'GTP_DFF_R' unit is dangling and will be cleaned.
W: Public-4008: Instance 'hdmi_test_revised_inst/ms72xx_ctl/iic_dri_rx/trans_bit[0]' of 'GTP_DFF_RE' unit is dangling and will be cleaned.
W: Public-4008: Instance 'hdmi_test_revised_inst/ms72xx_ctl/iic_dri_rx/trans_bit[1]' of 'GTP_DFF_RE' unit is dangling and will be cleaned.
W: Public-4008: Instance 'hdmi_test_revised_inst/ms72xx_ctl/iic_dri_rx/trans_bit[2]' of 'GTP_DFF_RE' unit is dangling and will be cleaned.
W: Public-4008: Instance 'hdmi_test_revised_inst/ms72xx_ctl/iic_dri_rx/trans_byte[0]' of 'GTP_DFF_RE' unit is dangling and will be cleaned.
W: Public-4008: Instance 'hdmi_test_revised_inst/ms72xx_ctl/iic_dri_rx/trans_byte[1]' of 'GTP_DFF_RE' unit is dangling and will be cleaned.
W: Public-4008: Instance 'hdmi_test_revised_inst/ms72xx_ctl/iic_dri_rx/trans_byte[2]' of 'GTP_DFF_RE' unit is dangling and will be cleaned.
W: Public-4008: Instance 'hdmi_test_revised_inst/ms72xx_ctl/iic_dri_rx/trans_byte[3]' of 'GTP_DFF_RE' unit is dangling and will be cleaned.
W: Public-4008: Instance 'hdmi_test_revised_inst/ms72xx_ctl/iic_dri_rx/trans_byte_max[0]' of 'GTP_DFF_E' unit is dangling and will be cleaned.
W: Public-4008: Instance 'hdmi_test_revised_inst/ms72xx_ctl/iic_dri_rx/trans_byte_max[2]' of 'GTP_DFF_E' unit is dangling and will be cleaned.
W: Public-4008: Instance 'hdmi_test_revised_inst/ms72xx_ctl/iic_dri_rx/trans_en' of 'GTP_DFF' unit is dangling and will be cleaned.
W: Public-4008: Instance 'hdmi_test_revised_inst/ms72xx_ctl/iic_dri_rx/twr_cnt[0]' of 'GTP_DFF_E' unit is dangling and will be cleaned.
W: Public-4008: Instance 'hdmi_test_revised_inst/ms72xx_ctl/iic_dri_rx/twr_cnt[1]' of 'GTP_DFF_E' unit is dangling and will be cleaned.
W: Public-4008: Instance 'hdmi_test_revised_inst/ms72xx_ctl/iic_dri_rx/twr_cnt[2]' of 'GTP_DFF_E' unit is dangling and will be cleaned.
W: Public-4008: Instance 'hdmi_test_revised_inst/ms72xx_ctl/iic_dri_rx/twr_cnt[3]' of 'GTP_DFF_E' unit is dangling and will be cleaned.
W: Public-4008: Instance 'hdmi_test_revised_inst/ms72xx_ctl/iic_dri_rx/twr_en' of 'GTP_DFF' unit is dangling and will be cleaned.
W: Public-4008: Instance 'hdmi_test_revised_inst/ms72xx_ctl/iic_dri_rx/w_r_1d' of 'GTP_DFF_R' unit is dangling and will be cleaned.
W: Public-4008: Instance 'hdmi_test_revised_inst/ms72xx_ctl/iic_dri_rx/w_r_2d' of 'GTP_DFF_R' unit is dangling and will be cleaned.
W: Public-4008: Instance 'hdmi_test_revised_inst/ms72xx_ctl/ms7200_ctl/addr[0]' of 'GTP_DFF_RE' unit is dangling and will be cleaned.
W: Public-4008: Instance 'hdmi_test_revised_inst/ms72xx_ctl/ms7200_ctl/addr[2]' of 'GTP_DFF_RE' unit is dangling and will be cleaned.
W: Public-4008: Instance 'hdmi_test_revised_inst/ms72xx_ctl/ms7200_ctl/addr[6]' of 'GTP_DFF_RE' unit is dangling and will be cleaned.
W: Public-4008: Instance 'hdmi_test_revised_inst/ms72xx_ctl/ms7200_ctl/addr[8]' of 'GTP_DFF_RE' unit is dangling and will be cleaned.
W: Public-4008: Instance 'hdmi_test_revised_inst/ms72xx_ctl/ms7200_ctl/busy_1d' of 'GTP_DFF' unit is dangling and will be cleaned.
W: Public-4008: Instance 'hdmi_test_revised_inst/ms72xx_ctl/ms7200_ctl/cmd_index[0]' of 'GTP_DFF_R' unit is dangling and will be cleaned.
W: Public-4008: Instance 'hdmi_test_revised_inst/ms72xx_ctl/ms7200_ctl/cmd_index[1]' of 'GTP_DFF_R' unit is dangling and will be cleaned.
W: Public-4008: Instance 'hdmi_test_revised_inst/ms72xx_ctl/ms7200_ctl/cmd_index[2]' of 'GTP_DFF_R' unit is dangling and will be cleaned.
W: Public-4008: Instance 'hdmi_test_revised_inst/ms72xx_ctl/ms7200_ctl/cmd_index[3]' of 'GTP_DFF_R' unit is dangling and will be cleaned.
W: Public-4008: Instance 'hdmi_test_revised_inst/ms72xx_ctl/ms7200_ctl/cmd_index[4]' of 'GTP_DFF_R' unit is dangling and will be cleaned.
W: Public-4008: Instance 'hdmi_test_revised_inst/ms72xx_ctl/ms7200_ctl/cmd_index[5]' of 'GTP_DFF_R' unit is dangling and will be cleaned.
W: Public-4008: Instance 'hdmi_test_revised_inst/ms72xx_ctl/ms7200_ctl/cmd_index[6]' of 'GTP_DFF_R' unit is dangling and will be cleaned.
W: Public-4008: Instance 'hdmi_test_revised_inst/ms72xx_ctl/ms7200_ctl/cmd_index[7]' of 'GTP_DFF_R' unit is dangling and will be cleaned.
W: Public-4008: Instance 'hdmi_test_revised_inst/ms72xx_ctl/ms7200_ctl/cmd_index[8]' of 'GTP_DFF_R' unit is dangling and will be cleaned.
W: Public-4008: Instance 'hdmi_test_revised_inst/ms72xx_ctl/ms7200_ctl/data_in[3]' of 'GTP_DFF_RE' unit is dangling and will be cleaned.
W: Public-4008: Instance 'hdmi_test_revised_inst/ms72xx_ctl/ms7200_ctl/data_in[7]' of 'GTP_DFF_RE' unit is dangling and will be cleaned.
W: Public-4008: Instance 'hdmi_test_revised_inst/ms72xx_ctl/ms7200_ctl/dri_cnt[0]' of 'GTP_DFF_RE' unit is dangling and will be cleaned.
W: Public-4008: Instance 'hdmi_test_revised_inst/ms72xx_ctl/ms7200_ctl/dri_cnt[1]' of 'GTP_DFF_RE' unit is dangling and will be cleaned.
W: Public-4008: Instance 'hdmi_test_revised_inst/ms72xx_ctl/ms7200_ctl/dri_cnt[2]' of 'GTP_DFF_RE' unit is dangling and will be cleaned.
W: Public-4008: Instance 'hdmi_test_revised_inst/ms72xx_ctl/ms7200_ctl/dri_cnt[3]' of 'GTP_DFF_RE' unit is dangling and will be cleaned.
W: Public-4008: Instance 'hdmi_test_revised_inst/ms72xx_ctl/ms7200_ctl/dri_cnt[4]' of 'GTP_DFF_RE' unit is dangling and will be cleaned.
W: Public-4008: Instance 'hdmi_test_revised_inst/ms72xx_ctl/ms7200_ctl/dri_cnt[5]' of 'GTP_DFF_RE' unit is dangling and will be cleaned.
W: Public-4008: Instance 'hdmi_test_revised_inst/ms72xx_ctl/ms7200_ctl/dri_cnt[6]' of 'GTP_DFF_RE' unit is dangling and will be cleaned.
W: Public-4008: Instance 'hdmi_test_revised_inst/ms72xx_ctl/ms7200_ctl/dri_cnt[7]' of 'GTP_DFF_RE' unit is dangling and will be cleaned.
W: Public-4008: Instance 'hdmi_test_revised_inst/ms72xx_ctl/ms7200_ctl/dri_cnt[8]' of 'GTP_DFF_RE' unit is dangling and will be cleaned.
W: Public-4008: Instance 'hdmi_test_revised_inst/ms72xx_ctl/ms7200_ctl/iic_trig' of 'GTP_DFF_R' unit is dangling and will be cleaned.
W: Public-4008: Instance 'hdmi_test_revised_inst/ms72xx_ctl/ms7200_ctl/state_1' of 'GTP_DFF_R' unit is dangling and will be cleaned.
W: Public-4008: Instance 'hdmi_test_revised_inst/ms72xx_ctl/ms7200_ctl/w_r' of 'GTP_DFF_S' unit is dangling and will be cleaned.
Checking design netlist.
Processing tech operator.
I: The instance clkbufg_0(GTP_CLKBUFG) has been inserted on the net cfg_clk in design, driver pin CLKOUT1(instance pll_inst/u_pll_e3) -> load pin CLK(instance hdmi_test_revised_inst/ms72xx_ctl/iic_dri_tx/busy).
I: The instance clkbufg_1(GTP_CLKBUFG) has been inserted on the net nt_pix_clk in design, driver pin CLKOUT0(instance pll_inst/u_pll_e3) -> load pin CLK(instance hdmi_test_revised_inst/pattern_vg_revised_inst/b_out[0]).
I: The instance clkbufg_2(GTP_CLKBUFG) has been inserted on the net nt_sys_clk in design, driver pin O(instance sys_clk_ibuf) -> load pin CLK(instance rw_ram_ctrl_inst/ram_waddr[0]).
Converting tech operator to gate operator.
Processing gate operator.
I: Infer CARRY group, base inst: rw_ram_ctrl_inst/N6_1_1/gateop, insts:9.
I: Infer CARRY group, base inst: rw_ram_ctrl_inst/N13_1_1/gateop, insts:7.
I: Infer CARRY group, base inst: rw_ram_ctrl_inst/N20_1_1/gateop, insts:9.
I: Infer CARRY group, base inst: hdmi_test_revised_inst/pattern_vg_revised_inst/N10_2_1/gateop, insts:11.
I: Infer CARRY group, base inst: hdmi_test_revised_inst/pattern_vg_revised_inst/N14.eq_0/gateop, insts:6.
I: Infer CARRY group, base inst: hdmi_test_revised_inst/pattern_vg_revised_inst/N41_1.fsub_1/gateop, insts:10.
I: Infer CARRY group, base inst: hdmi_test_revised_inst/pattern_vg_revised_inst/N43.lt_0/gateop, insts:6.
I: Infer CARRY group, base inst: hdmi_test_revised_inst/pattern_vg_revised_inst/N52.lt_0/gateop, insts:6.
I: Infer CARRY group, base inst: hdmi_test_revised_inst/pattern_vg_revised_inst/N73_2.fsub_1/gateop, insts:8.
I: Infer CARRY group, base inst: hdmi_test_revised_inst/pattern_vg_revised_inst/N74.lt_0/gateop, insts:6.
I: Infer CARRY group, base inst: hdmi_test_revised_inst/sync_vg/N8_1_1/gateop, insts:11.
I: Infer CARRY group, base inst: hdmi_test_revised_inst/sync_vg/N24_1_1/gateop, insts:10.
I: Infer CARRY group, base inst: hdmi_test_revised_inst/sync_vg/N64_1.fsub_1/gateop, insts:5.
I: Infer CARRY group, base inst: hdmi_test_revised_inst/sync_vg/N72_1.fsub_1/gateop, insts:11.
I: Infer CARRY group, base inst: hdmi_test_revised_inst/ms72xx_ctl/iic_dri_tx/N136.lt_0/gateop, insts:2.
I: Infer CARRY group, base inst: hdmi_test_revised_inst/ms72xx_ctl/ms7210_ctl/N98_1_1/gateop, insts:21.
I: Infer CARRY group, base inst: hdmi_test_revised_inst/ms72xx_ctl/ms7210_ctl/N156_1_0/gateop, insts:6.
Device mapping done.
Total device mapping takes 0.05 sec.

Device Utilization Summary:
+------------------------------------------------------------------------+
| Logic Utilization     | Used     | Available     | Utilization(%)     
+------------------------------------------------------------------------+
| APM                   | 0        | 84            | 0                  
| IOCKDLY               | 0        | 40            | 0                  
| FF                    | 212      | 64200         | 1                  
| LUT                   | 338      | 42800         | 1                  
| Distributed RAM       | 0        | 17000         | 0                  
| DLL                   | 0        | 10            | 0                  
| DQSL                  | 0        | 18            | 0                  
| DRM                   | 1.5      | 134           | 2                  
| FUSECODE              | 0        | 1             | 0                  
| IO                    | 48       | 296           | 17                 
| IOCKDIV               | 0        | 20            | 0                  
| IOCKGATE              | 0        | 20            | 0                  
| IPAL                  | 0        | 1             | 0                  
| PLL                   | 1        | 5             | 20                 
| RCKB                  | 0        | 24            | 0                  
| SCANCHAIN             | 0        | 2             | 0                  
| START                 | 0        | 1             | 0                  
| USCM                  | 3        | 30            | 10                 
| HSST                  | 0        | 1             | 0                  
| OSC                   | 0        | 1             | 0                  
| CRYSTAL               | 0        | 2             | 0                  
| RESCAL                | 0        | 4             | 0                  
| UDID                  | 0        | 1             | 0                  
| PCIE                  | 0        | 1             | 0                  
+------------------------------------------------------------------------+

Design 'hdmi_top' has been successfully mapped to architecture-specific objects.
Saving design to DB.
W: Public-4010: Pcf file C:/Users/86151/Desktop/auido_fft_fir/audio_top/src/hdmi_top/prj/device_map/hdmi_top.pcf has been covered.
Action dev_map: Real time elapsed is 0h:0m:4s
Action dev_map: CPU time elapsed is 0h:0m:3s
Action dev_map: Process CPU time elapsed is 0h:0m:3s
Current time: Fri May 10 19:59:51 2024
Action dev_map: Peak memory pool usage is 233 MB
