[Info] [2024-5-26 14:37:49] /***************************Start jtagserver***************************/
[Info] [2024-5-26 14:37:49] Path: D:/fpga_competition/FPGA_competition/ziguangtongchuang_file/MES50HP_v3/set_up/set_up_file/PDS_2022.1/bin
[Info] [2024-5-26 14:37:49] Version: 99559
[Debug] [2024-5-26 14:37:50] Add a new user_thread, socket descriptor is 1204 user_thread id is 0000000000000BDC
[Debug] [2024-5-26 14:37:50] After adding, map size is : 1
[Debug] [2024-5-26 14:37:50] Add a new user_thread, socket descriptor is 1180 user_thread id is 0000000000000BDC
[Debug] [2024-5-26 14:37:50] After adding, map size is : 2
[Debug] [2024-5-26 14:37:50] IP address of connecting client is : ::ffff:127.0.0.1
[Debug] [2024-5-26 14:37:50] 
[Debug] [2024-5-26 14:37:50] Remove the header data from the client, index : 0
[Debug] [2024-5-26 14:37:50] _total_bytes_size : 146
[Debug] [2024-5-26 14:37:50] Remove the header data from the client, index : 0
[Debug] [2024-5-26 14:37:50] _total_bytes_size : 96
[Debug] [2024-5-26 14:37:50] cmd id :40011cmd name : get_cable_paras
[Debug] [2024-5-26 14:37:50] cmd operation get_cable_paras releases locker
[Debug] [2024-5-26 14:37:50] Remove the header data from the client, index : 0
[Debug] [2024-5-26 14:37:50] _total_bytes_size : 101
[Debug] [2024-5-26 14:37:50] cmd id :20001cmd name : Open config cable
[Debug] [2024-5-26 14:37:51] the idcode from the scanning is: 0x10521899
[Debug] [2024-5-26 14:37:51] the idcode from the scanning is: 0x0
[Debug] [2024-5-26 14:37:51] the idcode from the scanning is: 0x0
[Debug] [2024-5-26 14:37:51] the idcode from the scanning is: 0x0
[Debug] [2024-5-26 14:37:51] the idcode from the scanning is: 0x0
[Debug] [2024-5-26 14:37:51] cmd operation Open config cable releases locker
[Debug] [2024-5-26 14:37:53] Remove the header data from the client, index : 0
[Debug] [2024-5-26 14:37:53] _total_bytes_size : 35a
[Debug] [2024-5-26 14:37:53] cmd id :4e22cmd name : Program
[Debug] [2024-5-26 14:37:53] the idcode from the scanning is: 0x10521899
[Debug] [2024-5-26 14:37:53] the idcode from the scanning is: 0x0
[Debug] [2024-5-26 14:37:53] the idcode from the scanning is: 0x0
[Debug] [2024-5-26 14:37:53] the idcode from the scanning is: 0x0
[Debug] [2024-5-26 14:37:53] the idcode from the scanning is: 0x0
[Debug] [2024-5-26 14:37:53] begin to read back config registerregAddr is 4
[Debug] [2024-5-26 14:37:54] progress bar is 6
[Debug] [2024-5-26 14:37:54] progress bar is 10
[Debug] [2024-5-26 14:37:54] progress bar is 15
[Debug] [2024-5-26 14:37:54] progress bar is 20
[Debug] [2024-5-26 14:37:54] progress bar is 25
[Debug] [2024-5-26 14:37:54] progress bar is 30
[Debug] [2024-5-26 14:37:54] progress bar is 35
[Debug] [2024-5-26 14:37:54] progress bar is 40
[Debug] [2024-5-26 14:37:54] progress bar is 45
[Debug] [2024-5-26 14:37:54] progress bar is 50
[Debug] [2024-5-26 14:37:54] progress bar is 55
[Debug] [2024-5-26 14:37:55] progress bar is 60
[Debug] [2024-5-26 14:37:55] progress bar is 65
[Debug] [2024-5-26 14:37:55] progress bar is 70
[Debug] [2024-5-26 14:37:55] progress bar is 75
[Debug] [2024-5-26 14:37:55] progress bar is 80
[Debug] [2024-5-26 14:37:55] progress bar is 85
[Debug] [2024-5-26 14:37:55] progress bar is 90
[Debug] [2024-5-26 14:37:55] progress bar is 95
[Debug] [2024-5-26 14:37:55] progress bar is 100
[Debug] [2024-5-26 14:37:55] the value in the status register is :2096288
[Debug] [2024-5-26 14:37:55] cmd operation Program releases locker
[Info] [2024-5-26 16:22:58] /***************************Start jtagserver***************************/
[Info] [2024-5-26 16:22:58] Path: D:/fpga_competition/FPGA_competition/ziguangtongchuang_file/MES50HP_v3/set_up/set_up_file/PDS_2022.1/bin
[Info] [2024-5-26 16:22:58] Version: 99559
[Debug] [2024-5-26 16:22:59] Add a new user_thread, socket descriptor is 1164 user_thread id is 0000000000004C54
[Debug] [2024-5-26 16:22:59] After adding, map size is : 1
[Debug] [2024-5-26 16:22:59] Add a new user_thread, socket descriptor is 1092 user_thread id is 0000000000004C54
[Debug] [2024-5-26 16:22:59] After adding, map size is : 2
[Debug] [2024-5-26 16:22:59] IP address of connecting client is : ::ffff:127.0.0.1
[Debug] [2024-5-26 16:22:59] IP address of connecting client is : ::ffff:127.0.0.1IP address of connecting client is : ::ffff:127.0.0.1
[Debug] [2024-5-26 16:22:59] Remove the header data from the client, index : 0
[Debug] [2024-5-26 16:22:59] _total_bytes_size : 146
[Debug] [2024-5-26 16:22:59] Remove the header data from the client, index : 0
[Debug] [2024-5-26 16:22:59] _total_bytes_size : 96
[Debug] [2024-5-26 16:22:59] cmd id :40011cmd name : get_cable_paras
[Debug] [2024-5-26 16:22:59] cmd operation get_cable_paras releases locker
[Debug] [2024-5-26 16:22:59] Remove the header data from the client, index : 0
[Debug] [2024-5-26 16:22:59] _total_bytes_size : 101
[Debug] [2024-5-26 16:22:59] cmd id :20001cmd name : Open config cable
[Debug] [2024-5-26 16:23:00] the idcode from the scanning is: 0x10521899
[Debug] [2024-5-26 16:23:00] the idcode from the scanning is: 0x0
[Debug] [2024-5-26 16:23:00] the idcode from the scanning is: 0x0
[Debug] [2024-5-26 16:23:00] the idcode from the scanning is: 0x0
[Debug] [2024-5-26 16:23:00] the idcode from the scanning is: 0x0
[Debug] [2024-5-26 16:23:00] cmd operation Open config cable releases locker
[Debug] [2024-5-26 16:23:04] Remove the header data from the client, index : 0
[Debug] [2024-5-26 16:23:04] _total_bytes_size : 35a
[Debug] [2024-5-26 16:23:04] cmd id :4e22cmd name : Program
[Debug] [2024-5-26 16:23:04] the idcode from the scanning is: 0x10521899
[Debug] [2024-5-26 16:23:04] the idcode from the scanning is: 0x0
[Debug] [2024-5-26 16:23:04] the idcode from the scanning is: 0x0
[Debug] [2024-5-26 16:23:04] the idcode from the scanning is: 0x0
[Debug] [2024-5-26 16:23:04] the idcode from the scanning is: 0x0
[Debug] [2024-5-26 16:23:04] begin to read back config registerregAddr is 4
[Debug] [2024-5-26 16:23:04] progress bar is 6
[Debug] [2024-5-26 16:23:04] progress bar is 10
[Debug] [2024-5-26 16:23:04] progress bar is 15
[Debug] [2024-5-26 16:23:04] progress bar is 20
[Debug] [2024-5-26 16:23:05] progress bar is 25
[Debug] [2024-5-26 16:23:05] progress bar is 30
[Debug] [2024-5-26 16:23:05] progress bar is 35
[Debug] [2024-5-26 16:23:05] progress bar is 40
[Debug] [2024-5-26 16:23:05] progress bar is 45
[Debug] [2024-5-26 16:23:05] progress bar is 50
[Debug] [2024-5-26 16:23:05] progress bar is 55
[Debug] [2024-5-26 16:23:05] progress bar is 60
[Debug] [2024-5-26 16:23:05] progress bar is 65
[Debug] [2024-5-26 16:23:05] progress bar is 70
[Debug] [2024-5-26 16:23:05] progress bar is 75
[Debug] [2024-5-26 16:23:05] progress bar is 80
[Debug] [2024-5-26 16:23:06] progress bar is 85
[Debug] [2024-5-26 16:23:06] progress bar is 90
[Debug] [2024-5-26 16:23:06] progress bar is 95
[Debug] [2024-5-26 16:23:06] progress bar is 100
[Debug] [2024-5-26 16:23:06] the value in the status register is :2096288
[Debug] [2024-5-26 16:23:06] cmd operation Program releases locker
[Debug] [2024-5-26 17:02:26] Remove the header data from the client, index : 0
[Debug] [2024-5-26 17:02:26] _total_bytes_size : 101
[Debug] [2024-5-26 17:02:26] cmd id :20001cmd name : Open config cable
[Debug] [2024-5-26 17:02:26] the idcode from the scanning is: 0x10521899
[Debug] [2024-5-26 17:02:26] the idcode from the scanning is: 0x0
[Debug] [2024-5-26 17:02:26] the idcode from the scanning is: 0x0
[Debug] [2024-5-26 17:02:26] the idcode from the scanning is: 0x0
[Debug] [2024-5-26 17:02:26] the idcode from the scanning is: 0x0
[Debug] [2024-5-26 17:02:26] cmd operation Open config cable releases locker
[Debug] [2024-5-26 17:02:29] Remove the header data from the client, index : 0
[Debug] [2024-5-26 17:02:29] _total_bytes_size : 35a
[Debug] [2024-5-26 17:02:29] cmd id :4e22cmd name : Program
[Debug] [2024-5-26 17:02:29] the idcode from the scanning is: 0x10521899
[Debug] [2024-5-26 17:02:29] the idcode from the scanning is: 0x0
[Debug] [2024-5-26 17:02:29] the idcode from the scanning is: 0x0
[Debug] [2024-5-26 17:02:29] the idcode from the scanning is: 0x0
[Debug] [2024-5-26 17:02:29] the idcode from the scanning is: 0x0
[Debug] [2024-5-26 17:02:29] begin to read back config registerregAddr is 4
[Debug] [2024-5-26 17:02:29] progress bar is 6
[Debug] [2024-5-26 17:02:29] progress bar is 10
[Debug] [2024-5-26 17:02:29] progress bar is 15
[Debug] [2024-5-26 17:02:29] progress bar is 20
[Debug] [2024-5-26 17:02:29] progress bar is 25
[Debug] [2024-5-26 17:02:29] progress bar is 30
[Debug] [2024-5-26 17:02:29] progress bar is 35
[Debug] [2024-5-26 17:02:30] progress bar is 40
[Debug] [2024-5-26 17:02:30] progress bar is 45
[Debug] [2024-5-26 17:02:30] progress bar is 50
[Debug] [2024-5-26 17:02:30] progress bar is 55
[Debug] [2024-5-26 17:02:30] progress bar is 60
[Debug] [2024-5-26 17:02:30] progress bar is 65
[Debug] [2024-5-26 17:02:30] progress bar is 70
[Debug] [2024-5-26 17:02:30] progress bar is 75
[Debug] [2024-5-26 17:02:30] progress bar is 80
[Debug] [2024-5-26 17:02:30] progress bar is 85
[Debug] [2024-5-26 17:02:30] progress bar is 90
[Debug] [2024-5-26 17:02:31] progress bar is 95
[Debug] [2024-5-26 17:02:31] progress bar is 100
[Debug] [2024-5-26 17:02:31] the value in the status register is :2096288
[Debug] [2024-5-26 17:02:31] cmd operation Program releases locker
[Info] [2024-5-26 19:10:36] /***************************Start jtagserver***************************/
[Info] [2024-5-26 19:10:36] Path: D:/fpga_competition/FPGA_competition/ziguangtongchuang_file/MES50HP_v3/set_up/set_up_file/PDS_2022.1/bin
[Info] [2024-5-26 19:10:36] Version: 99559
[Debug] [2024-5-26 19:10:36] Add a new user_thread, socket descriptor is 1048 user_thread id is 0000000000005EB8
[Debug] [2024-5-26 19:10:36] After adding, map size is : 1
[Debug] [2024-5-26 19:10:36] Add a new user_thread, socket descriptor is 976 user_thread id is 0000000000005EB8
[Debug] [2024-5-26 19:10:36] After adding, map size is : 2
[Debug] [2024-5-26 19:10:36] IP address of connecting client is : ::ffff:127.0.0.1
[Debug] [2024-5-26 19:10:36] IP address of connecting client is : ::ffff:127.0.0.1IP address of connecting client is : ::ffff:127.0.0.1
[Debug] [2024-5-26 19:10:36] Remove the header data from the client, index : 0
[Debug] [2024-5-26 19:10:36] _total_bytes_size : 146
[Debug] [2024-5-26 19:10:36] Remove the header data from the client, index : 0
[Debug] [2024-5-26 19:10:36] _total_bytes_size : 96
[Debug] [2024-5-26 19:10:36] cmd id :40011cmd name : get_cable_paras
[Debug] [2024-5-26 19:10:37] cmd operation get_cable_paras releases locker
[Debug] [2024-5-26 19:10:37] Remove the header data from the client, index : 0
[Debug] [2024-5-26 19:10:37] _total_bytes_size : 101
[Debug] [2024-5-26 19:10:37] cmd id :20001cmd name : Open config cable
[Debug] [2024-5-26 19:10:37] the idcode from the scanning is: 0x10521899
[Debug] [2024-5-26 19:10:37] the idcode from the scanning is: 0x0
[Debug] [2024-5-26 19:10:37] the idcode from the scanning is: 0x0
[Debug] [2024-5-26 19:10:37] the idcode from the scanning is: 0x0
[Debug] [2024-5-26 19:10:37] the idcode from the scanning is: 0x0
[Debug] [2024-5-26 19:10:37] cmd operation Open config cable releases locker
[Debug] [2024-5-26 19:10:40] Remove the header data from the client, index : 0
[Debug] [2024-5-26 19:10:40] _total_bytes_size : 35a
[Debug] [2024-5-26 19:10:40] cmd id :4e22cmd name : Program
[Debug] [2024-5-26 19:10:40] the idcode from the scanning is: 0x10521899
[Debug] [2024-5-26 19:10:40] the idcode from the scanning is: 0x0
[Debug] [2024-5-26 19:10:40] the idcode from the scanning is: 0x0
[Debug] [2024-5-26 19:10:40] the idcode from the scanning is: 0x0
[Debug] [2024-5-26 19:10:40] the idcode from the scanning is: 0x0
[Debug] [2024-5-26 19:10:40] begin to read back config registerregAddr is 4
[Debug] [2024-5-26 19:10:40] progress bar is 6
[Debug] [2024-5-26 19:10:40] progress bar is 10
[Debug] [2024-5-26 19:10:40] progress bar is 15
[Debug] [2024-5-26 19:10:40] progress bar is 20
[Debug] [2024-5-26 19:10:40] progress bar is 25
[Debug] [2024-5-26 19:10:41] progress bar is 30
[Debug] [2024-5-26 19:10:41] progress bar is 35
[Debug] [2024-5-26 19:10:41] progress bar is 40
[Debug] [2024-5-26 19:10:41] progress bar is 45
[Debug] [2024-5-26 19:10:41] progress bar is 50
[Debug] [2024-5-26 19:10:41] progress bar is 55
[Debug] [2024-5-26 19:10:41] progress bar is 60
[Debug] [2024-5-26 19:10:41] progress bar is 65
[Debug] [2024-5-26 19:10:41] progress bar is 70
[Debug] [2024-5-26 19:10:41] progress bar is 75
[Debug] [2024-5-26 19:10:41] progress bar is 80
[Debug] [2024-5-26 19:10:41] progress bar is 85
[Debug] [2024-5-26 19:10:42] progress bar is 90
[Debug] [2024-5-26 19:10:42] progress bar is 95
[Debug] [2024-5-26 19:10:42] progress bar is 100
[Debug] [2024-5-26 19:10:42] the value in the status register is :2096288
[Debug] [2024-5-26 19:10:42] cmd operation Program releases locker
[Debug] [2024-5-26 21:36:31] Remove the header data from the client, index : 0
[Debug] [2024-5-26 21:36:31] _total_bytes_size : 101
[Debug] [2024-5-26 21:36:31] cmd id :20001cmd name : Open config cable
[Debug] [2024-5-26 21:36:31] the idcode from the scanning is: 0x10521899
[Debug] [2024-5-26 21:36:31] the idcode from the scanning is: 0x0
[Debug] [2024-5-26 21:36:31] the idcode from the scanning is: 0x0
[Debug] [2024-5-26 21:36:31] the idcode from the scanning is: 0x0
[Debug] [2024-5-26 21:36:31] the idcode from the scanning is: 0x0
[Debug] [2024-5-26 21:36:31] cmd operation Open config cable releases locker
[Debug] [2024-5-26 21:36:35] Remove the header data from the client, index : 0
[Debug] [2024-5-26 21:36:35] _total_bytes_size : 35a
[Debug] [2024-5-26 21:36:35] cmd id :4e22cmd name : Program
[Debug] [2024-5-26 21:36:35] the idcode from the scanning is: 0x10521899
[Debug] [2024-5-26 21:36:35] the idcode from the scanning is: 0x0
[Debug] [2024-5-26 21:36:35] the idcode from the scanning is: 0x0
[Debug] [2024-5-26 21:36:35] the idcode from the scanning is: 0x0
[Debug] [2024-5-26 21:36:35] the idcode from the scanning is: 0x0
[Debug] [2024-5-26 21:36:35] begin to read back config registerregAddr is 4
[Debug] [2024-5-26 21:36:35] progress bar is 6
[Debug] [2024-5-26 21:36:35] progress bar is 10
[Debug] [2024-5-26 21:36:35] progress bar is 15
[Debug] [2024-5-26 21:36:35] progress bar is 20
[Debug] [2024-5-26 21:36:35] progress bar is 25
[Debug] [2024-5-26 21:36:35] progress bar is 30
[Debug] [2024-5-26 21:36:35] progress bar is 35
[Debug] [2024-5-26 21:36:36] progress bar is 40
[Debug] [2024-5-26 21:36:36] progress bar is 45
[Debug] [2024-5-26 21:36:36] progress bar is 50
[Debug] [2024-5-26 21:36:36] progress bar is 55
[Debug] [2024-5-26 21:36:36] progress bar is 60
[Debug] [2024-5-26 21:36:36] progress bar is 65
[Debug] [2024-5-26 21:36:36] progress bar is 70
[Debug] [2024-5-26 21:36:36] progress bar is 75
[Debug] [2024-5-26 21:36:36] progress bar is 80
[Debug] [2024-5-26 21:36:36] progress bar is 85
[Debug] [2024-5-26 21:36:36] progress bar is 90
[Debug] [2024-5-26 21:36:37] progress bar is 95
[Debug] [2024-5-26 21:36:37] progress bar is 100
[Debug] [2024-5-26 21:36:37] the value in the status register is :2096288
[Debug] [2024-5-26 21:36:37] cmd operation Program releases locker
