#Build: Fabric Compiler 2022.1, Build 99559, Jul 12 00:20 2022
#Install: D:\fpga_competition\FPGA_competition\ziguangtongchuang_file\MES50HP_v3\set_up\set_up_file\PDS_2022.1\bin
#Application name: pds_shell.exe
#OS: Windows 10 10.0.22000
#Hostname: Thecomputerofmartin
Generated by Fabric Compiler (version 2022.1 build 99559) at Sat May  4 16:52:49 2024
License checkout: fabric_ads
Compiling verification operator library.
Loading technology operator library.
Compiling technology operator library.
Compiling technology operator (valence) library.
I: Enable Verilog2k features and keywords
Start rtl-analyze.
Executing : .rtl_analyze -work work -include_path {C:/Users/86151/Desktop/auido_fft_fir/audio_fft_fir_hdmi/src/UDP/udp/revised_new/prj_pk2} C:/Users/86151/Desktop/auido_fft_fir/audio_fft_fir_hdmi/src/UDP/udp/revised_new/audio_udp_pk2.v
I: Verilog-0001: Analyzing file C:/Users/86151/Desktop/auido_fft_fir/audio_fft_fir_hdmi/src/UDP/udp/revised_new/audio_udp_pk2.v
I: Verilog-0002: [C:/Users/86151/Desktop/auido_fft_fir/audio_fft_fir_hdmi/src/UDP/udp/revised_new/audio_udp_pk2.v(line number: 11)] Analyzing module audio_data_pkt2 (library work)
Parsing done.
Executing : .rtl_analyze -work work -include_path {C:/Users/86151/Desktop/auido_fft_fir/audio_fft_fir_hdmi/src/UDP/udp/revised_new/prj_pk2} C:/Users/86151/Desktop/auido_fft_fir/audio_fft_fir_hdmi/src/UDP/udp/revised_new/audio_udp_pk2.v successfully.
Executing : .rtl_analyze -include_path {C:/Users/86151/Desktop/auido_fft_fir/audio_fft_fir_hdmi/src/UDP/udp/revised_new/prj_pk2} C:/Users/86151/Desktop/auido_fft_fir/audio_fft_fir_hdmi/src/UDP/udp/revised_new/prj_pk2/ipcore/fifo_audo_data_pkt/rtl/ipml_fifo_ctrl_v1_3.v
I: Verilog-0001: Analyzing file C:/Users/86151/Desktop/auido_fft_fir/audio_fft_fir_hdmi/src/UDP/udp/revised_new/prj_pk2/ipcore/fifo_audo_data_pkt/rtl/ipml_fifo_ctrl_v1_3.v
I: Verilog-0002: [C:/Users/86151/Desktop/auido_fft_fir/audio_fft_fir_hdmi/src/UDP/udp/revised_new/prj_pk2/ipcore/fifo_audo_data_pkt/rtl/ipml_fifo_ctrl_v1_3.v(line number: 21)] Analyzing module ipml_fifo_ctrl_v1_3 (library work)
Parsing done.
Executing : .rtl_analyze -include_path {C:/Users/86151/Desktop/auido_fft_fir/audio_fft_fir_hdmi/src/UDP/udp/revised_new/prj_pk2} C:/Users/86151/Desktop/auido_fft_fir/audio_fft_fir_hdmi/src/UDP/udp/revised_new/prj_pk2/ipcore/fifo_audo_data_pkt/rtl/ipml_fifo_ctrl_v1_3.v successfully.
Executing : .rtl_analyze -include_path {C:/Users/86151/Desktop/auido_fft_fir/audio_fft_fir_hdmi/src/UDP/udp/revised_new/prj_pk2} C:/Users/86151/Desktop/auido_fft_fir/audio_fft_fir_hdmi/src/UDP/udp/revised_new/prj_pk2/ipcore/fifo_audo_data_pkt/rtl/ipml_sdpram_v1_6_fifo_audo_data_pkt.v
I: Verilog-0001: Analyzing file C:/Users/86151/Desktop/auido_fft_fir/audio_fft_fir_hdmi/src/UDP/udp/revised_new/prj_pk2/ipcore/fifo_audo_data_pkt/rtl/ipml_sdpram_v1_6_fifo_audo_data_pkt.v
I: Verilog-0002: [C:/Users/86151/Desktop/auido_fft_fir/audio_fft_fir_hdmi/src/UDP/udp/revised_new/prj_pk2/ipcore/fifo_audo_data_pkt/rtl/ipml_sdpram_v1_6_fifo_audo_data_pkt.v(line number: 20)] Analyzing module ipml_sdpram_v1_6_fifo_audo_data_pkt (library work)
W: Verilog-2008: [C:/Users/86151/Desktop/auido_fft_fir/audio_fft_fir_hdmi/src/UDP/udp/revised_new/prj_pk2/ipcore/fifo_audo_data_pkt/rtl/ipml_sdpram_v1_6_fifo_audo_data_pkt.v(line number: 308)] Ignore 'system task' $display
W: Verilog-2008: [C:/Users/86151/Desktop/auido_fft_fir/audio_fft_fir_hdmi/src/UDP/udp/revised_new/prj_pk2/ipcore/fifo_audo_data_pkt/rtl/ipml_sdpram_v1_6_fifo_audo_data_pkt.v(line number: 309)] Ignore 'system task' $finish
W: Verilog-2008: [C:/Users/86151/Desktop/auido_fft_fir/audio_fft_fir_hdmi/src/UDP/udp/revised_new/prj_pk2/ipcore/fifo_audo_data_pkt/rtl/ipml_sdpram_v1_6_fifo_audo_data_pkt.v(line number: 312)] Ignore 'system task' $display
W: Verilog-2008: [C:/Users/86151/Desktop/auido_fft_fir/audio_fft_fir_hdmi/src/UDP/udp/revised_new/prj_pk2/ipcore/fifo_audo_data_pkt/rtl/ipml_sdpram_v1_6_fifo_audo_data_pkt.v(line number: 316)] Ignore 'system task' $display
W: Verilog-2008: [C:/Users/86151/Desktop/auido_fft_fir/audio_fft_fir_hdmi/src/UDP/udp/revised_new/prj_pk2/ipcore/fifo_audo_data_pkt/rtl/ipml_sdpram_v1_6_fifo_audo_data_pkt.v(line number: 320)] Ignore 'system task' $display
W: Verilog-2008: [C:/Users/86151/Desktop/auido_fft_fir/audio_fft_fir_hdmi/src/UDP/udp/revised_new/prj_pk2/ipcore/fifo_audo_data_pkt/rtl/ipml_sdpram_v1_6_fifo_audo_data_pkt.v(line number: 324)] Ignore 'system task' $display
W: Verilog-2008: [C:/Users/86151/Desktop/auido_fft_fir/audio_fft_fir_hdmi/src/UDP/udp/revised_new/prj_pk2/ipcore/fifo_audo_data_pkt/rtl/ipml_sdpram_v1_6_fifo_audo_data_pkt.v(line number: 328)] Ignore 'system task' $display
W: Verilog-2008: [C:/Users/86151/Desktop/auido_fft_fir/audio_fft_fir_hdmi/src/UDP/udp/revised_new/prj_pk2/ipcore/fifo_audo_data_pkt/rtl/ipml_sdpram_v1_6_fifo_audo_data_pkt.v(line number: 329)] Ignore 'system task' $finish
W: Verilog-2008: [C:/Users/86151/Desktop/auido_fft_fir/audio_fft_fir_hdmi/src/UDP/udp/revised_new/prj_pk2/ipcore/fifo_audo_data_pkt/rtl/ipml_sdpram_v1_6_fifo_audo_data_pkt.v(line number: 332)] Ignore 'system task' $display
W: Verilog-2008: [C:/Users/86151/Desktop/auido_fft_fir/audio_fft_fir_hdmi/src/UDP/udp/revised_new/prj_pk2/ipcore/fifo_audo_data_pkt/rtl/ipml_sdpram_v1_6_fifo_audo_data_pkt.v(line number: 333)] Ignore 'system task' $finish
W: Verilog-2008: [C:/Users/86151/Desktop/auido_fft_fir/audio_fft_fir_hdmi/src/UDP/udp/revised_new/prj_pk2/ipcore/fifo_audo_data_pkt/rtl/ipml_sdpram_v1_6_fifo_audo_data_pkt.v(line number: 336)] Ignore 'system task' $display
W: Verilog-2008: [C:/Users/86151/Desktop/auido_fft_fir/audio_fft_fir_hdmi/src/UDP/udp/revised_new/prj_pk2/ipcore/fifo_audo_data_pkt/rtl/ipml_sdpram_v1_6_fifo_audo_data_pkt.v(line number: 337)] Ignore 'system task' $finish
W: Verilog-2008: [C:/Users/86151/Desktop/auido_fft_fir/audio_fft_fir_hdmi/src/UDP/udp/revised_new/prj_pk2/ipcore/fifo_audo_data_pkt/rtl/ipml_sdpram_v1_6_fifo_audo_data_pkt.v(line number: 340)] Ignore 'system task' $display
W: Verilog-2008: [C:/Users/86151/Desktop/auido_fft_fir/audio_fft_fir_hdmi/src/UDP/udp/revised_new/prj_pk2/ipcore/fifo_audo_data_pkt/rtl/ipml_sdpram_v1_6_fifo_audo_data_pkt.v(line number: 341)] Ignore 'system task' $finish
W: Verilog-2008: [C:/Users/86151/Desktop/auido_fft_fir/audio_fft_fir_hdmi/src/UDP/udp/revised_new/prj_pk2/ipcore/fifo_audo_data_pkt/rtl/ipml_sdpram_v1_6_fifo_audo_data_pkt.v(line number: 344)] Ignore 'system task' $display
W: Verilog-2008: [C:/Users/86151/Desktop/auido_fft_fir/audio_fft_fir_hdmi/src/UDP/udp/revised_new/prj_pk2/ipcore/fifo_audo_data_pkt/rtl/ipml_sdpram_v1_6_fifo_audo_data_pkt.v(line number: 345)] Ignore 'system task' $finish
W: Verilog-2008: [C:/Users/86151/Desktop/auido_fft_fir/audio_fft_fir_hdmi/src/UDP/udp/revised_new/prj_pk2/ipcore/fifo_audo_data_pkt/rtl/ipml_sdpram_v1_6_fifo_audo_data_pkt.v(line number: 348)] Ignore 'system task' $display
W: Verilog-2008: [C:/Users/86151/Desktop/auido_fft_fir/audio_fft_fir_hdmi/src/UDP/udp/revised_new/prj_pk2/ipcore/fifo_audo_data_pkt/rtl/ipml_sdpram_v1_6_fifo_audo_data_pkt.v(line number: 349)] Ignore 'system task' $finish
W: Verilog-2008: [C:/Users/86151/Desktop/auido_fft_fir/audio_fft_fir_hdmi/src/UDP/udp/revised_new/prj_pk2/ipcore/fifo_audo_data_pkt/rtl/ipml_sdpram_v1_6_fifo_audo_data_pkt.v(line number: 352)] Ignore 'system task' $display
W: Verilog-2008: [C:/Users/86151/Desktop/auido_fft_fir/audio_fft_fir_hdmi/src/UDP/udp/revised_new/prj_pk2/ipcore/fifo_audo_data_pkt/rtl/ipml_sdpram_v1_6_fifo_audo_data_pkt.v(line number: 353)] Ignore 'system task' $finish
W: Verilog-2008: [C:/Users/86151/Desktop/auido_fft_fir/audio_fft_fir_hdmi/src/UDP/udp/revised_new/prj_pk2/ipcore/fifo_audo_data_pkt/rtl/ipml_sdpram_v1_6_fifo_audo_data_pkt.v(line number: 356)] Ignore 'system task' $display
W: Verilog-2008: [C:/Users/86151/Desktop/auido_fft_fir/audio_fft_fir_hdmi/src/UDP/udp/revised_new/prj_pk2/ipcore/fifo_audo_data_pkt/rtl/ipml_sdpram_v1_6_fifo_audo_data_pkt.v(line number: 357)] Ignore 'system task' $finish
W: Verilog-2008: [C:/Users/86151/Desktop/auido_fft_fir/audio_fft_fir_hdmi/src/UDP/udp/revised_new/prj_pk2/ipcore/fifo_audo_data_pkt/rtl/ipml_sdpram_v1_6_fifo_audo_data_pkt.v(line number: 360)] Ignore 'system task' $display
W: Verilog-2008: [C:/Users/86151/Desktop/auido_fft_fir/audio_fft_fir_hdmi/src/UDP/udp/revised_new/prj_pk2/ipcore/fifo_audo_data_pkt/rtl/ipml_sdpram_v1_6_fifo_audo_data_pkt.v(line number: 361)] Ignore 'system task' $finish
W: Verilog-2008: [C:/Users/86151/Desktop/auido_fft_fir/audio_fft_fir_hdmi/src/UDP/udp/revised_new/prj_pk2/ipcore/fifo_audo_data_pkt/rtl/ipml_sdpram_v1_6_fifo_audo_data_pkt.v(line number: 364)] Ignore 'system task' $display
W: Verilog-2008: [C:/Users/86151/Desktop/auido_fft_fir/audio_fft_fir_hdmi/src/UDP/udp/revised_new/prj_pk2/ipcore/fifo_audo_data_pkt/rtl/ipml_sdpram_v1_6_fifo_audo_data_pkt.v(line number: 365)] Ignore 'system task' $finish
W: Verilog-2008: [C:/Users/86151/Desktop/auido_fft_fir/audio_fft_fir_hdmi/src/UDP/udp/revised_new/prj_pk2/ipcore/fifo_audo_data_pkt/rtl/ipml_sdpram_v1_6_fifo_audo_data_pkt.v(line number: 368)] Ignore 'system task' $display
W: Verilog-2008: [C:/Users/86151/Desktop/auido_fft_fir/audio_fft_fir_hdmi/src/UDP/udp/revised_new/prj_pk2/ipcore/fifo_audo_data_pkt/rtl/ipml_sdpram_v1_6_fifo_audo_data_pkt.v(line number: 369)] Ignore 'system task' $finish
W: Verilog-2008: [C:/Users/86151/Desktop/auido_fft_fir/audio_fft_fir_hdmi/src/UDP/udp/revised_new/prj_pk2/ipcore/fifo_audo_data_pkt/rtl/ipml_sdpram_v1_6_fifo_audo_data_pkt.v(line number: 373)] Ignore 'system task' $display
W: Verilog-2008: [C:/Users/86151/Desktop/auido_fft_fir/audio_fft_fir_hdmi/src/UDP/udp/revised_new/prj_pk2/ipcore/fifo_audo_data_pkt/rtl/ipml_sdpram_v1_6_fifo_audo_data_pkt.v(line number: 374)] Ignore 'system task' $finish
W: Verilog-2008: [C:/Users/86151/Desktop/auido_fft_fir/audio_fft_fir_hdmi/src/UDP/udp/revised_new/prj_pk2/ipcore/fifo_audo_data_pkt/rtl/ipml_sdpram_v1_6_fifo_audo_data_pkt.v(line number: 377)] Ignore 'system task' $display
W: Verilog-2008: [C:/Users/86151/Desktop/auido_fft_fir/audio_fft_fir_hdmi/src/UDP/udp/revised_new/prj_pk2/ipcore/fifo_audo_data_pkt/rtl/ipml_sdpram_v1_6_fifo_audo_data_pkt.v(line number: 378)] Ignore 'system task' $finish
W: Verilog-2008: [C:/Users/86151/Desktop/auido_fft_fir/audio_fft_fir_hdmi/src/UDP/udp/revised_new/prj_pk2/ipcore/fifo_audo_data_pkt/rtl/ipml_sdpram_v1_6_fifo_audo_data_pkt.v(line number: 382)] Ignore 'system task' $display
W: Verilog-2008: [C:/Users/86151/Desktop/auido_fft_fir/audio_fft_fir_hdmi/src/UDP/udp/revised_new/prj_pk2/ipcore/fifo_audo_data_pkt/rtl/ipml_sdpram_v1_6_fifo_audo_data_pkt.v(line number: 383)] Ignore 'system task' $finish
W: Verilog-2008: [C:/Users/86151/Desktop/auido_fft_fir/audio_fft_fir_hdmi/src/UDP/udp/revised_new/prj_pk2/ipcore/fifo_audo_data_pkt/rtl/ipml_sdpram_v1_6_fifo_audo_data_pkt.v(line number: 386)] Ignore 'system task' $display
W: Verilog-2008: [C:/Users/86151/Desktop/auido_fft_fir/audio_fft_fir_hdmi/src/UDP/udp/revised_new/prj_pk2/ipcore/fifo_audo_data_pkt/rtl/ipml_sdpram_v1_6_fifo_audo_data_pkt.v(line number: 387)] Ignore 'system task' $finish
W: Verilog-2008: [C:/Users/86151/Desktop/auido_fft_fir/audio_fft_fir_hdmi/src/UDP/udp/revised_new/prj_pk2/ipcore/fifo_audo_data_pkt/rtl/ipml_sdpram_v1_6_fifo_audo_data_pkt.v(line number: 390)] Ignore 'system task' $display
W: Verilog-2008: [C:/Users/86151/Desktop/auido_fft_fir/audio_fft_fir_hdmi/src/UDP/udp/revised_new/prj_pk2/ipcore/fifo_audo_data_pkt/rtl/ipml_sdpram_v1_6_fifo_audo_data_pkt.v(line number: 391)] Ignore 'system task' $finish
W: Verilog-2008: [C:/Users/86151/Desktop/auido_fft_fir/audio_fft_fir_hdmi/src/UDP/udp/revised_new/prj_pk2/ipcore/fifo_audo_data_pkt/rtl/ipml_sdpram_v1_6_fifo_audo_data_pkt.v(line number: 394)] Ignore 'system task' $display
W: Verilog-2008: [C:/Users/86151/Desktop/auido_fft_fir/audio_fft_fir_hdmi/src/UDP/udp/revised_new/prj_pk2/ipcore/fifo_audo_data_pkt/rtl/ipml_sdpram_v1_6_fifo_audo_data_pkt.v(line number: 395)] Ignore 'system task' $finish
W: Verilog-2008: [C:/Users/86151/Desktop/auido_fft_fir/audio_fft_fir_hdmi/src/UDP/udp/revised_new/prj_pk2/ipcore/fifo_audo_data_pkt/rtl/ipml_sdpram_v1_6_fifo_audo_data_pkt.v(line number: 398)] Ignore 'system task' $display
W: Verilog-2008: [C:/Users/86151/Desktop/auido_fft_fir/audio_fft_fir_hdmi/src/UDP/udp/revised_new/prj_pk2/ipcore/fifo_audo_data_pkt/rtl/ipml_sdpram_v1_6_fifo_audo_data_pkt.v(line number: 399)] Ignore 'system task' $finish
W: Verilog-2008: [C:/Users/86151/Desktop/auido_fft_fir/audio_fft_fir_hdmi/src/UDP/udp/revised_new/prj_pk2/ipcore/fifo_audo_data_pkt/rtl/ipml_sdpram_v1_6_fifo_audo_data_pkt.v(line number: 404)] Ignore 'system task' $display
W: Verilog-2008: [C:/Users/86151/Desktop/auido_fft_fir/audio_fft_fir_hdmi/src/UDP/udp/revised_new/prj_pk2/ipcore/fifo_audo_data_pkt/rtl/ipml_sdpram_v1_6_fifo_audo_data_pkt.v(line number: 405)] Ignore 'system task' $finish
W: Verilog-2008: [C:/Users/86151/Desktop/auido_fft_fir/audio_fft_fir_hdmi/src/UDP/udp/revised_new/prj_pk2/ipcore/fifo_audo_data_pkt/rtl/ipml_sdpram_v1_6_fifo_audo_data_pkt.v(line number: 408)] Ignore 'system task' $display
W: Verilog-2008: [C:/Users/86151/Desktop/auido_fft_fir/audio_fft_fir_hdmi/src/UDP/udp/revised_new/prj_pk2/ipcore/fifo_audo_data_pkt/rtl/ipml_sdpram_v1_6_fifo_audo_data_pkt.v(line number: 409)] Ignore 'system task' $finish
W: Verilog-2008: [C:/Users/86151/Desktop/auido_fft_fir/audio_fft_fir_hdmi/src/UDP/udp/revised_new/prj_pk2/ipcore/fifo_audo_data_pkt/rtl/ipml_sdpram_v1_6_fifo_audo_data_pkt.v(line number: 414)] Ignore 'system task' $display
W: Verilog-2008: [C:/Users/86151/Desktop/auido_fft_fir/audio_fft_fir_hdmi/src/UDP/udp/revised_new/prj_pk2/ipcore/fifo_audo_data_pkt/rtl/ipml_sdpram_v1_6_fifo_audo_data_pkt.v(line number: 415)] Ignore 'system task' $finish
W: Verilog-2010: [C:/Users/86151/Desktop/auido_fft_fir/audio_fft_fir_hdmi/src/UDP/udp/revised_new/prj_pk2/ipcore/fifo_audo_data_pkt/rtl/ipml_sdpram_v1_6_fifo_audo_data_pkt.v(line number: 306)] Ignore initial statements except memory $readmemh/$readmemb initialization statements
Parsing done.
Executing : .rtl_analyze -include_path {C:/Users/86151/Desktop/auido_fft_fir/audio_fft_fir_hdmi/src/UDP/udp/revised_new/prj_pk2} C:/Users/86151/Desktop/auido_fft_fir/audio_fft_fir_hdmi/src/UDP/udp/revised_new/prj_pk2/ipcore/fifo_audo_data_pkt/rtl/ipml_sdpram_v1_6_fifo_audo_data_pkt.v successfully.
Executing : .rtl_analyze -include_path {C:/Users/86151/Desktop/auido_fft_fir/audio_fft_fir_hdmi/src/UDP/udp/revised_new/prj_pk2} C:/Users/86151/Desktop/auido_fft_fir/audio_fft_fir_hdmi/src/UDP/udp/revised_new/prj_pk2/ipcore/fifo_audo_data_pkt/rtl/ipml_fifo_v1_6_fifo_audo_data_pkt.v
I: Verilog-0001: Analyzing file C:/Users/86151/Desktop/auido_fft_fir/audio_fft_fir_hdmi/src/UDP/udp/revised_new/prj_pk2/ipcore/fifo_audo_data_pkt/rtl/ipml_fifo_v1_6_fifo_audo_data_pkt.v
I: Verilog-0002: [C:/Users/86151/Desktop/auido_fft_fir/audio_fft_fir_hdmi/src/UDP/udp/revised_new/prj_pk2/ipcore/fifo_audo_data_pkt/rtl/ipml_fifo_v1_6_fifo_audo_data_pkt.v(line number: 25)] Analyzing module ipml_fifo_v1_6_fifo_audo_data_pkt (library work)
Parsing done.
Executing : .rtl_analyze -include_path {C:/Users/86151/Desktop/auido_fft_fir/audio_fft_fir_hdmi/src/UDP/udp/revised_new/prj_pk2} C:/Users/86151/Desktop/auido_fft_fir/audio_fft_fir_hdmi/src/UDP/udp/revised_new/prj_pk2/ipcore/fifo_audo_data_pkt/rtl/ipml_fifo_v1_6_fifo_audo_data_pkt.v successfully.
Executing : .rtl_analyze -include_path {C:/Users/86151/Desktop/auido_fft_fir/audio_fft_fir_hdmi/src/UDP/udp/revised_new/prj_pk2} C:/Users/86151/Desktop/auido_fft_fir/audio_fft_fir_hdmi/src/UDP/udp/revised_new/prj_pk2/ipcore/fifo_audo_data_pkt/fifo_audo_data_pkt.v
I: Verilog-0001: Analyzing file C:/Users/86151/Desktop/auido_fft_fir/audio_fft_fir_hdmi/src/UDP/udp/revised_new/prj_pk2/ipcore/fifo_audo_data_pkt/fifo_audo_data_pkt.v
I: Verilog-0002: [C:/Users/86151/Desktop/auido_fft_fir/audio_fft_fir_hdmi/src/UDP/udp/revised_new/prj_pk2/ipcore/fifo_audo_data_pkt/fifo_audo_data_pkt.v(line number: 18)] Analyzing module fifo_audo_data_pkt (library work)
Parsing done.
Executing : .rtl_analyze -include_path {C:/Users/86151/Desktop/auido_fft_fir/audio_fft_fir_hdmi/src/UDP/udp/revised_new/prj_pk2} C:/Users/86151/Desktop/auido_fft_fir/audio_fft_fir_hdmi/src/UDP/udp/revised_new/prj_pk2/ipcore/fifo_audo_data_pkt/fifo_audo_data_pkt.v successfully.
I: Module "audio_data_pkt2" is set as top module.
Executing : rtl-analyze successfully. Time elapsed: 2.797s wall, 0.016s user + 0.000s system = 0.016s CPU (0.6%)

Start rtl-elaborate.
I: Verilog-0003: [C:/Users/86151/Desktop/auido_fft_fir/audio_fft_fir_hdmi/src/UDP/udp/revised_new/audio_udp_pk2.v(line number: 11)] Elaborating module audio_data_pkt2
I: Module instance {audio_data_pkt2} parameter value:
    DATA_CNT_NUM = 9'b100000000
I: Verilog-0004: [C:/Users/86151/Desktop/auido_fft_fir/audio_fft_fir_hdmi/src/UDP/udp/revised_new/audio_udp_pk2.v(line number: 82)] Elaborating instance fifo_audo_data_pkt_inst
I: Verilog-0003: [C:/Users/86151/Desktop/auido_fft_fir/audio_fft_fir_hdmi/src/UDP/udp/revised_new/prj_pk2/ipcore/fifo_audo_data_pkt/fifo_audo_data_pkt.v(line number: 18)] Elaborating module fifo_audo_data_pkt
I: Verilog-0004: [C:/Users/86151/Desktop/auido_fft_fir/audio_fft_fir_hdmi/src/UDP/udp/revised_new/prj_pk2/ipcore/fifo_audo_data_pkt/fifo_audo_data_pkt.v(line number: 164)] Elaborating instance U_ipml_fifo_fifo_audo_data_pkt
I: Verilog-0003: [C:/Users/86151/Desktop/auido_fft_fir/audio_fft_fir_hdmi/src/UDP/udp/revised_new/prj_pk2/ipcore/fifo_audo_data_pkt/rtl/ipml_fifo_v1_6_fifo_audo_data_pkt.v(line number: 25)] Elaborating module ipml_fifo_v1_6_fifo_audo_data_pkt
I: Module instance {audio_data_pkt2.fifo_audo_data_pkt_inst.U_ipml_fifo_fifo_audo_data_pkt} parameter value:
    c_SIM_DEVICE = LOGOS
    c_WR_DEPTH_WIDTH = 32'b00000000000000000000000000001010
    c_WR_DATA_WIDTH = 32'b00000000000000000000000000010000
    c_RD_DEPTH_WIDTH = 32'b00000000000000000000000000001010
    c_RD_DATA_WIDTH = 32'b00000000000000000000000000010000
    c_OUTPUT_REG = 32'b00000000000000000000000000000000
    c_RD_OCE_EN = 32'b00000000000000000000000000000000
    c_RESET_TYPE = ASYNC_RESET
    c_POWER_OPT = 32'b00000000000000000000000000000000
    c_RD_CLK_OR_POL_INV = 32'b00000000000000000000000000000000
    c_WR_BYTE_EN = 32'b00000000000000000000000000000000
    c_BE_WIDTH = 32'b00000000000000000000000000000001
    c_FIFO_TYPE = ASYN
    c_ALMOST_FULL_NUM = 32'b00000000000000000000001111111100
    c_ALMOST_EMPTY_NUM = 32'b00000000000000000000000000000100
I: Verilog-0004: [C:/Users/86151/Desktop/auido_fft_fir/audio_fft_fir_hdmi/src/UDP/udp/revised_new/prj_pk2/ipcore/fifo_audo_data_pkt/rtl/ipml_fifo_v1_6_fifo_audo_data_pkt.v(line number: 93)] Elaborating instance U_ipml_sdpram
I: Verilog-0003: [C:/Users/86151/Desktop/auido_fft_fir/audio_fft_fir_hdmi/src/UDP/udp/revised_new/prj_pk2/ipcore/fifo_audo_data_pkt/rtl/ipml_sdpram_v1_6_fifo_audo_data_pkt.v(line number: 20)] Elaborating module ipml_sdpram_v1_6_fifo_audo_data_pkt
I: Module instance {audio_data_pkt2.fifo_audo_data_pkt_inst.U_ipml_fifo_fifo_audo_data_pkt.U_ipml_sdpram} parameter value:
    c_SIM_DEVICE = LOGOS
    c_WR_ADDR_WIDTH = 32'b00000000000000000000000000001010
    c_WR_DATA_WIDTH = 32'b00000000000000000000000000010000
    c_RD_ADDR_WIDTH = 32'b00000000000000000000000000001010
    c_RD_DATA_WIDTH = 32'b00000000000000000000000000010000
    c_OUTPUT_REG = 32'b00000000000000000000000000000000
    c_RD_OCE_EN = 32'b00000000000000000000000000000000
    c_WR_ADDR_STROBE_EN = 32'b00000000000000000000000000000000
    c_RD_ADDR_STROBE_EN = 32'b00000000000000000000000000000000
    c_WR_CLK_EN = 32'b00000000000000000000000000000001
    c_RD_CLK_EN = 32'b00000000000000000000000000000001
    c_RD_CLK_OR_POL_INV = 32'b00000000000000000000000000000000
    c_RESET_TYPE = ASYNC_RESET
    c_POWER_OPT = 32'b00000000000000000000000000000000
    c_INIT_FILE = NONE
    c_INIT_FORMAT = BIN
    c_WR_BYTE_EN = 32'b00000000000000000000000000000000
    c_BE_WIDTH = 32'b00000000000000000000000000000001
W: Verilog-2039: [C:/Users/86151/Desktop/auido_fft_fir/audio_fft_fir_hdmi/src/UDP/udp/revised_new/prj_pk2/ipcore/fifo_audo_data_pkt/rtl/ipml_sdpram_v1_6_fifo_audo_data_pkt.v(line number: 469)] Repeat multiplier in concatenation evaluates to 0
W: Verilog-2039: [C:/Users/86151/Desktop/auido_fft_fir/audio_fft_fir_hdmi/src/UDP/udp/revised_new/prj_pk2/ipcore/fifo_audo_data_pkt/rtl/ipml_sdpram_v1_6_fifo_audo_data_pkt.v(line number: 471)] Repeat multiplier in concatenation evaluates to 0
W: Verilog-2038: [C:/Users/86151/Desktop/auido_fft_fir/audio_fft_fir_hdmi/src/UDP/udp/revised_new/prj_pk2/ipcore/fifo_audo_data_pkt/rtl/ipml_sdpram_v1_6_fifo_audo_data_pkt.v(line number: 481)] Case condition never applies
W: Verilog-2038: [C:/Users/86151/Desktop/auido_fft_fir/audio_fft_fir_hdmi/src/UDP/udp/revised_new/prj_pk2/ipcore/fifo_audo_data_pkt/rtl/ipml_sdpram_v1_6_fifo_audo_data_pkt.v(line number: 482)] Case condition never applies
W: Verilog-2038: [C:/Users/86151/Desktop/auido_fft_fir/audio_fft_fir_hdmi/src/UDP/udp/revised_new/prj_pk2/ipcore/fifo_audo_data_pkt/rtl/ipml_sdpram_v1_6_fifo_audo_data_pkt.v(line number: 483)] Case condition never applies
W: Verilog-2038: [C:/Users/86151/Desktop/auido_fft_fir/audio_fft_fir_hdmi/src/UDP/udp/revised_new/prj_pk2/ipcore/fifo_audo_data_pkt/rtl/ipml_sdpram_v1_6_fifo_audo_data_pkt.v(line number: 484)] Case condition never applies
W: Verilog-2038: [C:/Users/86151/Desktop/auido_fft_fir/audio_fft_fir_hdmi/src/UDP/udp/revised_new/prj_pk2/ipcore/fifo_audo_data_pkt/rtl/ipml_sdpram_v1_6_fifo_audo_data_pkt.v(line number: 484)] Case condition never applies
W: Verilog-2039: [C:/Users/86151/Desktop/auido_fft_fir/audio_fft_fir_hdmi/src/UDP/udp/revised_new/prj_pk2/ipcore/fifo_audo_data_pkt/rtl/ipml_sdpram_v1_6_fifo_audo_data_pkt.v(line number: 617)] Repeat multiplier in concatenation evaluates to 0
W: Verilog-2038: [C:/Users/86151/Desktop/auido_fft_fir/audio_fft_fir_hdmi/src/UDP/udp/revised_new/prj_pk2/ipcore/fifo_audo_data_pkt/rtl/ipml_sdpram_v1_6_fifo_audo_data_pkt.v(line number: 677)] Case condition never applies
W: Verilog-2038: [C:/Users/86151/Desktop/auido_fft_fir/audio_fft_fir_hdmi/src/UDP/udp/revised_new/prj_pk2/ipcore/fifo_audo_data_pkt/rtl/ipml_sdpram_v1_6_fifo_audo_data_pkt.v(line number: 678)] Case condition never applies
W: Verilog-2038: [C:/Users/86151/Desktop/auido_fft_fir/audio_fft_fir_hdmi/src/UDP/udp/revised_new/prj_pk2/ipcore/fifo_audo_data_pkt/rtl/ipml_sdpram_v1_6_fifo_audo_data_pkt.v(line number: 679)] Case condition never applies
W: Verilog-2038: [C:/Users/86151/Desktop/auido_fft_fir/audio_fft_fir_hdmi/src/UDP/udp/revised_new/prj_pk2/ipcore/fifo_audo_data_pkt/rtl/ipml_sdpram_v1_6_fifo_audo_data_pkt.v(line number: 680)] Case condition never applies
W: Verilog-2038: [C:/Users/86151/Desktop/auido_fft_fir/audio_fft_fir_hdmi/src/UDP/udp/revised_new/prj_pk2/ipcore/fifo_audo_data_pkt/rtl/ipml_sdpram_v1_6_fifo_audo_data_pkt.v(line number: 680)] Case condition never applies
I: Verilog-0004: [C:/Users/86151/Desktop/auido_fft_fir/audio_fft_fir_hdmi/src/UDP/udp/revised_new/prj_pk2/ipcore/fifo_audo_data_pkt/rtl/ipml_sdpram_v1_6_fifo_audo_data_pkt.v(line number: 846)] Elaborating instance U_GTP_DRM18K
W: Verilog-2020: [C:/Users/86151/Desktop/auido_fft_fir/audio_fft_fir_hdmi/src/UDP/udp/revised_new/prj_pk2/ipcore/fifo_audo_data_pkt/rtl/ipml_sdpram_v1_6_fifo_audo_data_pkt.v(line number: 768)] Net DA_bus[8] in ipml_sdpram_v1_6_fifo_audo_data_pkt(original module ipml_sdpram_v1_6_fifo_audo_data_pkt) does not have a driver, tie it to 0
W: Verilog-2020: [C:/Users/86151/Desktop/auido_fft_fir/audio_fft_fir_hdmi/src/UDP/udp/revised_new/prj_pk2/ipcore/fifo_audo_data_pkt/rtl/ipml_sdpram_v1_6_fifo_audo_data_pkt.v(line number: 768)] Net DA_bus[17] in ipml_sdpram_v1_6_fifo_audo_data_pkt(original module ipml_sdpram_v1_6_fifo_audo_data_pkt) does not have a driver, tie it to 0
W: Verilog-2020: [C:/Users/86151/Desktop/auido_fft_fir/audio_fft_fir_hdmi/src/UDP/udp/revised_new/prj_pk2/ipcore/fifo_audo_data_pkt/rtl/ipml_sdpram_v1_6_fifo_audo_data_pkt.v(line number: 769)] Net DB_bus[8] in ipml_sdpram_v1_6_fifo_audo_data_pkt(original module ipml_sdpram_v1_6_fifo_audo_data_pkt) does not have a driver, tie it to 0
W: Verilog-2020: [C:/Users/86151/Desktop/auido_fft_fir/audio_fft_fir_hdmi/src/UDP/udp/revised_new/prj_pk2/ipcore/fifo_audo_data_pkt/rtl/ipml_sdpram_v1_6_fifo_audo_data_pkt.v(line number: 769)] Net DB_bus[17] in ipml_sdpram_v1_6_fifo_audo_data_pkt(original module ipml_sdpram_v1_6_fifo_audo_data_pkt) does not have a driver, tie it to 0
I: Verilog-0004: [C:/Users/86151/Desktop/auido_fft_fir/audio_fft_fir_hdmi/src/UDP/udp/revised_new/prj_pk2/ipcore/fifo_audo_data_pkt/rtl/ipml_fifo_v1_6_fifo_audo_data_pkt.v(line number: 121)] Elaborating instance U_ipml_fifo_ctrl
I: Verilog-0003: [C:/Users/86151/Desktop/auido_fft_fir/audio_fft_fir_hdmi/src/UDP/udp/revised_new/prj_pk2/ipcore/fifo_audo_data_pkt/rtl/ipml_fifo_ctrl_v1_3.v(line number: 21)] Elaborating module ipml_fifo_ctrl_v1_3
I: Module instance {audio_data_pkt2.fifo_audo_data_pkt_inst.U_ipml_fifo_fifo_audo_data_pkt.U_ipml_fifo_ctrl} parameter value:
    c_WR_DEPTH_WIDTH = 32'b00000000000000000000000000001010
    c_RD_DEPTH_WIDTH = 32'b00000000000000000000000000001010
    c_FIFO_TYPE = ASYN
    c_ALMOST_FULL_NUM = 32'b00000000000000000000001111111100
    c_ALMOST_EMPTY_NUM = 32'b00000000000000000000000000000100
W: Verilog-2039: [C:/Users/86151/Desktop/auido_fft_fir/audio_fft_fir_hdmi/src/UDP/udp/revised_new/prj_pk2/ipcore/fifo_audo_data_pkt/rtl/ipml_fifo_ctrl_v1_3.v(line number: 196)] Repeat multiplier in concatenation evaluates to 0
Executing : rtl-elaborate successfully. Time elapsed: 0.011s wall, 0.016s user + 0.000s system = 0.016s CPU (148.7%)

Start rtl-prep.
Executing : rtl-prep successfully. Time elapsed: 0.005s wall, 0.000s user + 0.000s system = 0.000s CPU (n/a%)

Start rtl-infer.
Start DFF-inference.
Executing : DFF-inference successfully.
Executing : rtl-infer successfully. Time elapsed: 0.080s wall, 0.062s user + 0.016s system = 0.078s CPU (97.1%)

Start rtl-control-opt.
Executing : rtl-control-opt successfully. Time elapsed: 0.002s wall, 0.000s user + 0.000s system = 0.000s CPU (n/a%)

Start rtl-data-opt.
Executing : rtl-data-opt successfully. Time elapsed: 0.013s wall, 0.016s user + 0.000s system = 0.016s CPU (124.5%)

Start FSM inference.
Executing : FSM inference successfully. Time elapsed: 0.001s wall, 0.000s user + 0.000s system = 0.000s CPU (n/a%)

Start sdm2adm.
I: Constant propagation done on N84_10 (bmsREDXOR).
I: Constant propagation done on N74 (bmsREDXOR).
I: Constant propagation done on N29 (bmsREDXOR).
I: Constant propagation done on N34 (bmsREDXOR).
I: Constant propagation done on N39 (bmsREDXOR).
I: Constant propagation done on N44 (bmsREDXOR).
I: Constant propagation done on N49 (bmsREDXOR).
I: Constant propagation done on N54 (bmsREDXOR).
I: Constant propagation done on N59 (bmsREDXOR).
I: Constant propagation done on N64 (bmsREDXOR).
Executing : sdm2adm successfully. Time elapsed: 0.029s wall, 0.031s user + 0.000s system = 0.031s CPU (107.9%)

Saving design to DB.
Action compile: Real time elapsed is 0h:0m:7s
Action compile: CPU time elapsed is 0h:0m:1s
Action compile: Process CPU time elapsed is 0h:0m:1s
Current time: Sat May  4 16:52:53 2024
Action compile: Peak memory pool usage is 138 MB
