#Build: Fabric Compiler 2022.1, Build 99559, Jul 12 00:20 2022
#Install: D:\fpga_competition\FPGA_competition\ziguangtongchuang_file\MES50HP_v3\set_up\set_up_file\PDS_2022.1\bin
#Application name: pds_shell.exe
#OS: Windows 10 10.0.22000
#Hostname: Thecomputerofmartin
Generated by Fabric Compiler (version 2022.1 build 99559) at Sun May 19 21:14:04 2024
Compiling verification operator library.
Compiling common defs.
Compiling prim grid devices.
Compiling gate devices.
Compiling gate operators.
Building architecture model.
Loading device packaging model.
Building architecture floorplan logic view.
Constraint check start.
Executing : def_port {es7243_sda} LOC=AB10 VCCIO=3.3 IOSTANDARD=LVCMOS33 DRIVE=8 SLEW=SLOW NONE=TRUE
Executing : def_port {es7243_sda} LOC=AB10 VCCIO=3.3 IOSTANDARD=LVCMOS33 DRIVE=8 SLEW=SLOW NONE=TRUE successfully
Executing : def_port {es8156_sda} LOC=AB8 VCCIO=3.3 IOSTANDARD=LVCMOS33 DRIVE=8 SLEW=SLOW NONE=TRUE
Executing : def_port {es8156_sda} LOC=AB8 VCCIO=3.3 IOSTANDARD=LVCMOS33 DRIVE=8 SLEW=SLOW NONE=TRUE successfully
Executing : def_port {iic_tx_sda} LOC=P18 VCCIO=3.3 IOSTANDARD=LVCMOS33 DRIVE=8 SLEW=FAST NONE=TRUE
Executing : def_port {iic_tx_sda} LOC=P18 VCCIO=3.3 IOSTANDARD=LVCMOS33 DRIVE=8 SLEW=FAST NONE=TRUE successfully
Executing : def_port {adc_dac_int} LOC=B3 VCCIO=3.3 IOSTANDARD=LVCMOS33 DRIVE=8 SLEW=SLOW NONE=TRUE
Executing : def_port {adc_dac_int} LOC=B3 VCCIO=3.3 IOSTANDARD=LVCMOS33 DRIVE=8 SLEW=SLOW NONE=TRUE successfully
Executing : def_port {b_out[0]} LOC=V21 VCCIO=3.3 IOSTANDARD=LVCMOS33 DRIVE=8 SLEW=FAST NONE=TRUE
Executing : def_port {b_out[0]} LOC=V21 VCCIO=3.3 IOSTANDARD=LVCMOS33 DRIVE=8 SLEW=FAST NONE=TRUE successfully
Executing : def_port {b_out[1]} LOC=V22 VCCIO=3.3 IOSTANDARD=LVCMOS33 DRIVE=8 SLEW=FAST NONE=TRUE
Executing : def_port {b_out[1]} LOC=V22 VCCIO=3.3 IOSTANDARD=LVCMOS33 DRIVE=8 SLEW=FAST NONE=TRUE successfully
Executing : def_port {b_out[2]} LOC=T21 VCCIO=3.3 IOSTANDARD=LVCMOS33 DRIVE=8 SLEW=FAST NONE=TRUE
C: ConstraintEditor-2002: [C:/Users/86151/Desktop/ziguangTongchuang_Competition_Documents/prj/prj_audio_top/device_map/audio_fpga_top.pcf(line number: 9)] | Port b_out[2] has been placed at location T21, whose type is share pin.
Executing : def_port {b_out[2]} LOC=T21 VCCIO=3.3 IOSTANDARD=LVCMOS33 DRIVE=8 SLEW=FAST NONE=TRUE successfully
Executing : def_port {b_out[3]} LOC=T22 VCCIO=3.3 IOSTANDARD=LVCMOS33 DRIVE=8 SLEW=FAST NONE=TRUE
Executing : def_port {b_out[3]} LOC=T22 VCCIO=3.3 IOSTANDARD=LVCMOS33 DRIVE=8 SLEW=FAST NONE=TRUE successfully
Executing : def_port {b_out[4]} LOC=R20 VCCIO=3.3 IOSTANDARD=LVCMOS33 DRIVE=8 SLEW=FAST NONE=TRUE
C: ConstraintEditor-2002: [C:/Users/86151/Desktop/ziguangTongchuang_Competition_Documents/prj/prj_audio_top/device_map/audio_fpga_top.pcf(line number: 11)] | Port b_out[4] has been placed at location R20, whose type is share pin.
Executing : def_port {b_out[4]} LOC=R20 VCCIO=3.3 IOSTANDARD=LVCMOS33 DRIVE=8 SLEW=FAST NONE=TRUE successfully
Executing : def_port {b_out[5]} LOC=R22 VCCIO=3.3 IOSTANDARD=LVCMOS33 DRIVE=8 SLEW=FAST NONE=TRUE
C: ConstraintEditor-2002: [C:/Users/86151/Desktop/ziguangTongchuang_Competition_Documents/prj/prj_audio_top/device_map/audio_fpga_top.pcf(line number: 12)] | Port b_out[5] has been placed at location R22, whose type is share pin.
Executing : def_port {b_out[5]} LOC=R22 VCCIO=3.3 IOSTANDARD=LVCMOS33 DRIVE=8 SLEW=FAST NONE=TRUE successfully
Executing : def_port {b_out[6]} LOC=R19 VCCIO=3.3 IOSTANDARD=LVCMOS33 DRIVE=8 SLEW=FAST NONE=TRUE
Executing : def_port {b_out[6]} LOC=R19 VCCIO=3.3 IOSTANDARD=LVCMOS33 DRIVE=8 SLEW=FAST NONE=TRUE successfully
Executing : def_port {b_out[7]} LOC=P19 VCCIO=3.3 IOSTANDARD=LVCMOS33 DRIVE=8 SLEW=FAST NONE=TRUE
Executing : def_port {b_out[7]} LOC=P19 VCCIO=3.3 IOSTANDARD=LVCMOS33 DRIVE=8 SLEW=FAST NONE=TRUE successfully
Executing : def_port {de_out} LOC=Y22 VCCIO=3.3 IOSTANDARD=LVCMOS33 DRIVE=8 SLEW=FAST NONE=TRUE
Executing : def_port {de_out} LOC=Y22 VCCIO=3.3 IOSTANDARD=LVCMOS33 DRIVE=8 SLEW=FAST NONE=TRUE successfully
Executing : def_port {es0_mclk} LOC=V11 VCCIO=3.3 IOSTANDARD=LVCMOS33 DRIVE=8 SLEW=SLOW NONE=TRUE
Executing : def_port {es0_mclk} LOC=V11 VCCIO=3.3 IOSTANDARD=LVCMOS33 DRIVE=8 SLEW=SLOW NONE=TRUE successfully
Executing : def_port {es1_mclk} LOC=Y6 VCCIO=3.3 IOSTANDARD=LVCMOS33 DRIVE=8 SLEW=SLOW NONE=TRUE
Executing : def_port {es1_mclk} LOC=Y6 VCCIO=3.3 IOSTANDARD=LVCMOS33 DRIVE=8 SLEW=SLOW NONE=TRUE successfully
Executing : def_port {es1_sdout} LOC=AB5 VCCIO=3.3 IOSTANDARD=LVCMOS33 DRIVE=8 SLEW=SLOW NONE=TRUE
C: ConstraintEditor-2002: [C:/Users/86151/Desktop/ziguangTongchuang_Competition_Documents/prj/prj_audio_top/device_map/audio_fpga_top.pcf(line number: 18)] | Port es1_sdout has been placed at location AB5, whose type is share pin.
Executing : def_port {es1_sdout} LOC=AB5 VCCIO=3.3 IOSTANDARD=LVCMOS33 DRIVE=8 SLEW=SLOW NONE=TRUE successfully
Executing : def_port {es7243_scl} LOC=AA10 VCCIO=3.3 IOSTANDARD=LVCMOS33 DRIVE=8 SLEW=SLOW NONE=TRUE
Executing : def_port {es7243_scl} LOC=AA10 VCCIO=3.3 IOSTANDARD=LVCMOS33 DRIVE=8 SLEW=SLOW NONE=TRUE successfully
Executing : def_port {es8156_scl} LOC=AA8 VCCIO=3.3 IOSTANDARD=LVCMOS33 DRIVE=8 SLEW=SLOW NONE=TRUE
Executing : def_port {es8156_scl} LOC=AA8 VCCIO=3.3 IOSTANDARD=LVCMOS33 DRIVE=8 SLEW=SLOW NONE=TRUE successfully
Executing : def_port {eth_rgmii_tx_ctl_0} LOC=B18 VCCIO=3.3 IOSTANDARD=LVCMOS33 DRIVE=4 SLEW=FAST NONE=TRUE
C: ConstraintEditor-2002: [C:/Users/86151/Desktop/ziguangTongchuang_Competition_Documents/prj/prj_audio_top/device_map/audio_fpga_top.pcf(line number: 21)] | Port eth_rgmii_tx_ctl_0 has been placed at location B18, whose type is share pin.
Executing : def_port {eth_rgmii_tx_ctl_0} LOC=B18 VCCIO=3.3 IOSTANDARD=LVCMOS33 DRIVE=4 SLEW=FAST NONE=TRUE successfully
Executing : def_port {eth_rgmii_txc_0} LOC=G16 VCCIO=3.3 IOSTANDARD=LVCMOS33 DRIVE=4 SLEW=FAST NONE=TRUE
Executing : def_port {eth_rgmii_txc_0} LOC=G16 VCCIO=3.3 IOSTANDARD=LVCMOS33 DRIVE=4 SLEW=FAST NONE=TRUE successfully
Executing : def_port {eth_rgmii_txd_0[0]} LOC=F17 VCCIO=3.3 IOSTANDARD=LVCMOS33 DRIVE=4 SLEW=FAST NONE=TRUE
Executing : def_port {eth_rgmii_txd_0[0]} LOC=F17 VCCIO=3.3 IOSTANDARD=LVCMOS33 DRIVE=4 SLEW=FAST NONE=TRUE successfully
Executing : def_port {eth_rgmii_txd_0[1]} LOC=D17 VCCIO=3.3 IOSTANDARD=LVCMOS33 DRIVE=4 SLEW=FAST NONE=TRUE
C: ConstraintEditor-2002: [C:/Users/86151/Desktop/ziguangTongchuang_Competition_Documents/prj/prj_audio_top/device_map/audio_fpga_top.pcf(line number: 24)] | Port eth_rgmii_txd_0[1] has been placed at location D17, whose type is share pin.
Executing : def_port {eth_rgmii_txd_0[1]} LOC=D17 VCCIO=3.3 IOSTANDARD=LVCMOS33 DRIVE=4 SLEW=FAST NONE=TRUE successfully
Executing : def_port {eth_rgmii_txd_0[2]} LOC=C18 VCCIO=3.3 IOSTANDARD=LVCMOS33 DRIVE=4 SLEW=FAST NONE=TRUE
C: ConstraintEditor-2002: [C:/Users/86151/Desktop/ziguangTongchuang_Competition_Documents/prj/prj_audio_top/device_map/audio_fpga_top.pcf(line number: 25)] | Port eth_rgmii_txd_0[2] has been placed at location C18, whose type is share pin.
Executing : def_port {eth_rgmii_txd_0[2]} LOC=C18 VCCIO=3.3 IOSTANDARD=LVCMOS33 DRIVE=4 SLEW=FAST NONE=TRUE successfully
Executing : def_port {eth_rgmii_txd_0[3]} LOC=A18 VCCIO=3.3 IOSTANDARD=LVCMOS33 DRIVE=4 SLEW=FAST NONE=TRUE
C: ConstraintEditor-2002: [C:/Users/86151/Desktop/ziguangTongchuang_Competition_Documents/prj/prj_audio_top/device_map/audio_fpga_top.pcf(line number: 26)] | Port eth_rgmii_txd_0[3] has been placed at location A18, whose type is share pin.
Executing : def_port {eth_rgmii_txd_0[3]} LOC=A18 VCCIO=3.3 IOSTANDARD=LVCMOS33 DRIVE=4 SLEW=FAST NONE=TRUE successfully
Executing : def_port {eth_rst_n_0} LOC=B20 VCCIO=3.3 IOSTANDARD=LVCMOS33 DRIVE=4 SLEW=FAST NONE=TRUE
C: ConstraintEditor-2002: [C:/Users/86151/Desktop/ziguangTongchuang_Competition_Documents/prj/prj_audio_top/device_map/audio_fpga_top.pcf(line number: 27)] | Port eth_rst_n_0 has been placed at location B20, whose type is share pin.
Executing : def_port {eth_rst_n_0} LOC=B20 VCCIO=3.3 IOSTANDARD=LVCMOS33 DRIVE=4 SLEW=FAST NONE=TRUE successfully
Executing : def_port {g_out[0]} LOC=M21 VCCIO=3.3 IOSTANDARD=LVCMOS33 DRIVE=8 SLEW=FAST NONE=TRUE
C: ConstraintEditor-2002: [C:/Users/86151/Desktop/ziguangTongchuang_Competition_Documents/prj/prj_audio_top/device_map/audio_fpga_top.pcf(line number: 28)] | Port g_out[0] has been placed at location M21, whose type is share pin.
Executing : def_port {g_out[0]} LOC=M21 VCCIO=3.3 IOSTANDARD=LVCMOS33 DRIVE=8 SLEW=FAST NONE=TRUE successfully
Executing : def_port {g_out[1]} LOC=M17 VCCIO=3.3 IOSTANDARD=LVCMOS33 DRIVE=8 SLEW=FAST NONE=TRUE
Executing : def_port {g_out[1]} LOC=M17 VCCIO=3.3 IOSTANDARD=LVCMOS33 DRIVE=8 SLEW=FAST NONE=TRUE successfully
Executing : def_port {g_out[2]} LOC=M18 VCCIO=3.3 IOSTANDARD=LVCMOS33 DRIVE=8 SLEW=FAST NONE=TRUE
Executing : def_port {g_out[2]} LOC=M18 VCCIO=3.3 IOSTANDARD=LVCMOS33 DRIVE=8 SLEW=FAST NONE=TRUE successfully
Executing : def_port {g_out[3]} LOC=M16 VCCIO=3.3 IOSTANDARD=LVCMOS33 DRIVE=8 SLEW=FAST NONE=TRUE
Executing : def_port {g_out[3]} LOC=M16 VCCIO=3.3 IOSTANDARD=LVCMOS33 DRIVE=8 SLEW=FAST NONE=TRUE successfully
Executing : def_port {g_out[4]} LOC=N15 VCCIO=3.3 IOSTANDARD=LVCMOS33 DRIVE=8 SLEW=FAST NONE=TRUE
Executing : def_port {g_out[4]} LOC=N15 VCCIO=3.3 IOSTANDARD=LVCMOS33 DRIVE=8 SLEW=FAST NONE=TRUE successfully
Executing : def_port {g_out[5]} LOC=L19 VCCIO=3.3 IOSTANDARD=LVCMOS33 DRIVE=8 SLEW=FAST NONE=TRUE
C: ConstraintEditor-2002: [C:/Users/86151/Desktop/ziguangTongchuang_Competition_Documents/prj/prj_audio_top/device_map/audio_fpga_top.pcf(line number: 33)] | Port g_out[5] has been placed at location L19, whose type is share pin.
Executing : def_port {g_out[5]} LOC=L19 VCCIO=3.3 IOSTANDARD=LVCMOS33 DRIVE=8 SLEW=FAST NONE=TRUE successfully
Executing : def_port {g_out[6]} LOC=K20 VCCIO=3.3 IOSTANDARD=LVCMOS33 DRIVE=8 SLEW=FAST NONE=TRUE
C: ConstraintEditor-2002: [C:/Users/86151/Desktop/ziguangTongchuang_Competition_Documents/prj/prj_audio_top/device_map/audio_fpga_top.pcf(line number: 34)] | Port g_out[6] has been placed at location K20, whose type is share pin.
Executing : def_port {g_out[6]} LOC=K20 VCCIO=3.3 IOSTANDARD=LVCMOS33 DRIVE=8 SLEW=FAST NONE=TRUE successfully
Executing : def_port {g_out[7]} LOC=L17 VCCIO=3.3 IOSTANDARD=LVCMOS33 DRIVE=8 SLEW=FAST NONE=TRUE
C: ConstraintEditor-2002: [C:/Users/86151/Desktop/ziguangTongchuang_Competition_Documents/prj/prj_audio_top/device_map/audio_fpga_top.pcf(line number: 35)] | Port g_out[7] has been placed at location L17, whose type is share pin.
Executing : def_port {g_out[7]} LOC=L17 VCCIO=3.3 IOSTANDARD=LVCMOS33 DRIVE=8 SLEW=FAST NONE=TRUE successfully
Executing : def_port {hs_out} LOC=Y21 VCCIO=3.3 IOSTANDARD=LVCMOS33 DRIVE=8 SLEW=FAST NONE=TRUE
Executing : def_port {hs_out} LOC=Y21 VCCIO=3.3 IOSTANDARD=LVCMOS33 DRIVE=8 SLEW=FAST NONE=TRUE successfully
Executing : def_port {iic_tx_scl} LOC=P17 VCCIO=3.3 IOSTANDARD=LVCMOS33 DRIVE=8 SLEW=FAST NONE=TRUE
Executing : def_port {iic_tx_scl} LOC=P17 VCCIO=3.3 IOSTANDARD=LVCMOS33 DRIVE=8 SLEW=FAST NONE=TRUE successfully
Executing : def_port {led} LOC=F8 VCCIO=3.3 IOSTANDARD=LVCMOS33 DRIVE=8 SLEW=SLOW NONE=TRUE
Executing : def_port {led} LOC=F8 VCCIO=3.3 IOSTANDARD=LVCMOS33 DRIVE=8 SLEW=SLOW NONE=TRUE successfully
Executing : def_port {led_int} LOC=A3 VCCIO=3.3 IOSTANDARD=LVCMOS33 DRIVE=8 SLEW=SLOW NONE=TRUE
Executing : def_port {led_int} LOC=A3 VCCIO=3.3 IOSTANDARD=LVCMOS33 DRIVE=8 SLEW=SLOW NONE=TRUE successfully
Executing : def_port {lin_led} LOC=B2 VCCIO=3.3 IOSTANDARD=LVCMOS33 DRIVE=8 SLEW=SLOW NONE=TRUE
Executing : def_port {lin_led} LOC=B2 VCCIO=3.3 IOSTANDARD=LVCMOS33 DRIVE=8 SLEW=SLOW NONE=TRUE successfully
Executing : def_port {lout_led} LOC=A2 VCCIO=3.3 IOSTANDARD=LVCMOS33 DRIVE=8 SLEW=SLOW NONE=TRUE
Executing : def_port {lout_led} LOC=A2 VCCIO=3.3 IOSTANDARD=LVCMOS33 DRIVE=8 SLEW=SLOW NONE=TRUE successfully
Executing : def_port {pix_clk} LOC=M22 VCCIO=3.3 IOSTANDARD=LVCMOS33 DRIVE=8 SLEW=FAST NONE=TRUE
C: ConstraintEditor-2002: [C:/Users/86151/Desktop/ziguangTongchuang_Competition_Documents/prj/prj_audio_top/device_map/audio_fpga_top.pcf(line number: 42)] | Port pix_clk has been placed at location M22, whose type is share pin.
Executing : def_port {pix_clk} LOC=M22 VCCIO=3.3 IOSTANDARD=LVCMOS33 DRIVE=8 SLEW=FAST NONE=TRUE successfully
Executing : def_port {r_out[0]} LOC=K17 VCCIO=3.3 IOSTANDARD=LVCMOS33 DRIVE=8 SLEW=FAST NONE=TRUE
C: ConstraintEditor-2002: [C:/Users/86151/Desktop/ziguangTongchuang_Competition_Documents/prj/prj_audio_top/device_map/audio_fpga_top.pcf(line number: 43)] | Port r_out[0] has been placed at location K17, whose type is share pin.
Executing : def_port {r_out[0]} LOC=K17 VCCIO=3.3 IOSTANDARD=LVCMOS33 DRIVE=8 SLEW=FAST NONE=TRUE successfully
Executing : def_port {r_out[1]} LOC=N19 VCCIO=3.3 IOSTANDARD=LVCMOS33 DRIVE=8 SLEW=FAST NONE=TRUE
Executing : def_port {r_out[1]} LOC=N19 VCCIO=3.3 IOSTANDARD=LVCMOS33 DRIVE=8 SLEW=FAST NONE=TRUE successfully
Executing : def_port {r_out[2]} LOC=J22 VCCIO=3.3 IOSTANDARD=LVCMOS33 DRIVE=8 SLEW=FAST NONE=TRUE
Executing : def_port {r_out[2]} LOC=J22 VCCIO=3.3 IOSTANDARD=LVCMOS33 DRIVE=8 SLEW=FAST NONE=TRUE successfully
Executing : def_port {r_out[3]} LOC=J20 VCCIO=3.3 IOSTANDARD=LVCMOS33 DRIVE=8 SLEW=FAST NONE=TRUE
Executing : def_port {r_out[3]} LOC=J20 VCCIO=3.3 IOSTANDARD=LVCMOS33 DRIVE=8 SLEW=FAST NONE=TRUE successfully
Executing : def_port {r_out[4]} LOC=K22 VCCIO=3.3 IOSTANDARD=LVCMOS33 DRIVE=8 SLEW=FAST NONE=TRUE
Executing : def_port {r_out[4]} LOC=K22 VCCIO=3.3 IOSTANDARD=LVCMOS33 DRIVE=8 SLEW=FAST NONE=TRUE successfully
Executing : def_port {r_out[5]} LOC=H21 VCCIO=3.3 IOSTANDARD=LVCMOS33 DRIVE=8 SLEW=FAST NONE=TRUE
C: ConstraintEditor-2002: [C:/Users/86151/Desktop/ziguangTongchuang_Competition_Documents/prj/prj_audio_top/device_map/audio_fpga_top.pcf(line number: 48)] | Port r_out[5] has been placed at location H21, whose type is share pin.
Executing : def_port {r_out[5]} LOC=H21 VCCIO=3.3 IOSTANDARD=LVCMOS33 DRIVE=8 SLEW=FAST NONE=TRUE successfully
Executing : def_port {r_out[6]} LOC=H22 VCCIO=3.3 IOSTANDARD=LVCMOS33 DRIVE=8 SLEW=FAST NONE=TRUE
C: ConstraintEditor-2002: [C:/Users/86151/Desktop/ziguangTongchuang_Competition_Documents/prj/prj_audio_top/device_map/audio_fpga_top.pcf(line number: 49)] | Port r_out[6] has been placed at location H22, whose type is share pin.
Executing : def_port {r_out[6]} LOC=H22 VCCIO=3.3 IOSTANDARD=LVCMOS33 DRIVE=8 SLEW=FAST NONE=TRUE successfully
Executing : def_port {r_out[7]} LOC=H19 VCCIO=3.3 IOSTANDARD=LVCMOS33 DRIVE=8 SLEW=FAST NONE=TRUE
C: ConstraintEditor-2002: [C:/Users/86151/Desktop/ziguangTongchuang_Competition_Documents/prj/prj_audio_top/device_map/audio_fpga_top.pcf(line number: 50)] | Port r_out[7] has been placed at location H19, whose type is share pin.
Executing : def_port {r_out[7]} LOC=H19 VCCIO=3.3 IOSTANDARD=LVCMOS33 DRIVE=8 SLEW=FAST NONE=TRUE successfully
Executing : def_port {rstn_out} LOC=R17 VCCIO=3.3 IOSTANDARD=LVCMOS33 DRIVE=8 SLEW=FAST NONE=TRUE
Executing : def_port {rstn_out} LOC=R17 VCCIO=3.3 IOSTANDARD=LVCMOS33 DRIVE=8 SLEW=FAST NONE=TRUE successfully
Executing : def_port {vs_out} LOC=W20 VCCIO=3.3 IOSTANDARD=LVCMOS33 DRIVE=8 SLEW=FAST NONE=TRUE
Executing : def_port {vs_out} LOC=W20 VCCIO=3.3 IOSTANDARD=LVCMOS33 DRIVE=8 SLEW=FAST NONE=TRUE successfully
Executing : def_port {es0_alrck} LOC=AB11 VCCIO=3.3 IOSTANDARD=LVCMOS33 NONE=TRUE
Executing : def_port {es0_alrck} LOC=AB11 VCCIO=3.3 IOSTANDARD=LVCMOS33 NONE=TRUE successfully
Executing : def_port {es0_dsclk} LOC=Y11 VCCIO=3.3 IOSTANDARD=LVCMOS33 NONE=TRUE
Executing : def_port {es0_dsclk} LOC=Y11 VCCIO=3.3 IOSTANDARD=LVCMOS33 NONE=TRUE successfully
Executing : def_port {es0_sdin} LOC=W11 VCCIO=3.3 IOSTANDARD=LVCMOS33 NONE=TRUE
Executing : def_port {es0_sdin} LOC=W11 VCCIO=3.3 IOSTANDARD=LVCMOS33 NONE=TRUE successfully
Executing : def_port {es1_dlrc} LOC=Y5 VCCIO=3.3 IOSTANDARD=LVCMOS33 NONE=TRUE
C: ConstraintEditor-2002: [C:/Users/86151/Desktop/ziguangTongchuang_Competition_Documents/prj/prj_audio_top/device_map/audio_fpga_top.pcf(line number: 56)] | Port es1_dlrc has been placed at location Y5, whose type is share pin.
Executing : def_port {es1_dlrc} LOC=Y5 VCCIO=3.3 IOSTANDARD=LVCMOS33 NONE=TRUE successfully
Executing : def_port {es1_dsclk} LOC=W6 VCCIO=3.3 IOSTANDARD=LVCMOS33 NONE=TRUE
Executing : def_port {es1_dsclk} LOC=W6 VCCIO=3.3 IOSTANDARD=LVCMOS33 NONE=TRUE successfully
Executing : def_port {es1_sdin} LOC=W8 VCCIO=3.3 IOSTANDARD=LVCMOS33 NONE=TRUE
C: ConstraintEditor-2001: [C:/Users/86151/Desktop/ziguangTongchuang_Competition_Documents/prj/prj_audio_top/device_map/audio_fpga_top.pcf(line number: 58)] Object 'es1_sdin' is dangling, which has no connection. it will be ignored.
Executing : def_port {es1_sdin} LOC=W8 VCCIO=3.3 IOSTANDARD=LVCMOS33 NONE=TRUE failed
Executing : def_port {eth_rgmii_rx_ctl_0} LOC=F9 VCCIO=3.3 IOSTANDARD=LVCMOS33 NONE=TRUE
Executing : def_port {eth_rgmii_rx_ctl_0} LOC=F9 VCCIO=3.3 IOSTANDARD=LVCMOS33 NONE=TRUE successfully
Executing : def_port {eth_rgmii_rxc_0} LOC=F14 VCCIO=3.3 IOSTANDARD=LVCMOS33 NONE=TRUE
Executing : def_port {eth_rgmii_rxc_0} LOC=F14 VCCIO=3.3 IOSTANDARD=LVCMOS33 NONE=TRUE successfully
Executing : def_port {eth_rgmii_rxd_0[0]} LOC=H10 VCCIO=3.3 IOSTANDARD=LVCMOS33 NONE=TRUE
Executing : def_port {eth_rgmii_rxd_0[0]} LOC=H10 VCCIO=3.3 IOSTANDARD=LVCMOS33 NONE=TRUE successfully
Executing : def_port {eth_rgmii_rxd_0[1]} LOC=H11 VCCIO=3.3 IOSTANDARD=LVCMOS33 NONE=TRUE
Executing : def_port {eth_rgmii_rxd_0[1]} LOC=H11 VCCIO=3.3 IOSTANDARD=LVCMOS33 NONE=TRUE successfully
Executing : def_port {eth_rgmii_rxd_0[2]} LOC=G13 VCCIO=3.3 IOSTANDARD=LVCMOS33 NONE=TRUE
Executing : def_port {eth_rgmii_rxd_0[2]} LOC=G13 VCCIO=3.3 IOSTANDARD=LVCMOS33 NONE=TRUE successfully
Executing : def_port {eth_rgmii_rxd_0[3]} LOC=H13 VCCIO=3.3 IOSTANDARD=LVCMOS33 NONE=TRUE
Executing : def_port {eth_rgmii_rxd_0[3]} LOC=H13 VCCIO=3.3 IOSTANDARD=LVCMOS33 NONE=TRUE successfully
Executing : def_port {key} LOC=K18 VCCIO=3.3 IOSTANDARD=LVCMOS33 NONE=TRUE
C: ConstraintEditor-2002: [C:/Users/86151/Desktop/ziguangTongchuang_Competition_Documents/prj/prj_audio_top/device_map/audio_fpga_top.pcf(line number: 65)] | Port key has been placed at location K18, whose type is share pin.
Executing : def_port {key} LOC=K18 VCCIO=3.3 IOSTANDARD=LVCMOS33 NONE=TRUE successfully
Executing : def_port {key1} LOC=L15 VCCIO=3.3 IOSTANDARD=LVCMOS33 NONE=TRUE
Executing : def_port {key1} LOC=L15 VCCIO=3.3 IOSTANDARD=LVCMOS33 NONE=TRUE successfully
Executing : def_port {lin_test} LOC=Y13 VCCIO=3.3 IOSTANDARD=LVCMOS33 NONE=TRUE
C: ConstraintEditor-2002: [C:/Users/86151/Desktop/ziguangTongchuang_Competition_Documents/prj/prj_audio_top/device_map/audio_fpga_top.pcf(line number: 67)] | Port lin_test has been placed at location Y13, whose type is share pin.
Executing : def_port {lin_test} LOC=Y13 VCCIO=3.3 IOSTANDARD=LVCMOS33 NONE=TRUE successfully
Executing : def_port {lout_test} LOC=V7 VCCIO=3.3 IOSTANDARD=LVCMOS33 NONE=TRUE
Executing : def_port {lout_test} LOC=V7 VCCIO=3.3 IOSTANDARD=LVCMOS33 NONE=TRUE successfully
Executing : def_port {sys_clk} LOC=P20 VCCIO=3.3 IOSTANDARD=LVCMOS33 NONE=TRUE
Executing : def_port {sys_clk} LOC=P20 VCCIO=3.3 IOSTANDARD=LVCMOS33 NONE=TRUE successfully
Constraint check end.
I: Column Clock Check open.
Read Column Clock Map.
