#Build: Fabric Compiler 2022.1, Build 99559, Jul 12 00:20 2022
#Install: D:\fpga_competition\FPGA_competition\ziguangtongchuang_file\MES50HP_v3\set_up\set_up_file\PDS_2022.1\bin
#Application name: pds_shell.exe
#OS: Windows 10 10.0.22000
#Hostname: Thecomputerofmartin
Generated by Fabric Compiler (version 2022.1 build 99559) at Sun Apr 21 10:13:45 2024
Compiling verification operator library.
Compiling common defs.
Compiling prim grid devices.
Compiling gate devices.
Compiling gate operators.
Building architecture model.
Loading device packaging model.
Building architecture floorplan logic view.
Constraint check start.
Executing : def_port {es7243_sda} LOC=AB10 VCCIO=3.3 IOSTANDARD=LVCMOS33 DRIVE=8 SLEW=SLOW NONE=TRUE
Executing : def_port {es7243_sda} LOC=AB10 VCCIO=3.3 IOSTANDARD=LVCMOS33 DRIVE=8 SLEW=SLOW NONE=TRUE successfully
Executing : def_port {es8156_sda} LOC=AB8 VCCIO=3.3 IOSTANDARD=LVCMOS33 DRIVE=8 SLEW=SLOW NONE=TRUE
Executing : def_port {es8156_sda} LOC=AB8 VCCIO=3.3 IOSTANDARD=LVCMOS33 DRIVE=8 SLEW=SLOW NONE=TRUE successfully
Executing : def_port {adc_dac_int} LOC=B3 VCCIO=3.3 IOSTANDARD=LVCMOS33 DRIVE=8 SLEW=SLOW NONE=TRUE
Executing : def_port {adc_dac_int} LOC=B3 VCCIO=3.3 IOSTANDARD=LVCMOS33 DRIVE=8 SLEW=SLOW NONE=TRUE successfully
Executing : def_port {es0_mclk} LOC=V11 VCCIO=3.3 IOSTANDARD=LVCMOS33 DRIVE=8 SLEW=SLOW NONE=TRUE
Executing : def_port {es0_mclk} LOC=V11 VCCIO=3.3 IOSTANDARD=LVCMOS33 DRIVE=8 SLEW=SLOW NONE=TRUE successfully
Executing : def_port {es1_mclk} LOC=Y6 VCCIO=3.3 IOSTANDARD=LVCMOS33 DRIVE=8 SLEW=SLOW NONE=TRUE
Executing : def_port {es1_mclk} LOC=Y6 VCCIO=3.3 IOSTANDARD=LVCMOS33 DRIVE=8 SLEW=SLOW NONE=TRUE successfully
Executing : def_port {es1_sdout} LOC=AB5 VCCIO=3.3 IOSTANDARD=LVCMOS33 DRIVE=8 SLEW=SLOW NONE=TRUE
C: ConstraintEditor-2002: [C:/Users/86151/Desktop/auido_fft_fir/audio_fft_fir_hdmi/src/UDP/prj_pango/device_map/udp_audio_test.pcf(line number: 8)] | Port es1_sdout has been placed at location AB5, whose type is share pin.
Executing : def_port {es1_sdout} LOC=AB5 VCCIO=3.3 IOSTANDARD=LVCMOS33 DRIVE=8 SLEW=SLOW NONE=TRUE successfully
Executing : def_port {es7243_scl} LOC=AA10 VCCIO=3.3 IOSTANDARD=LVCMOS33 DRIVE=8 SLEW=SLOW NONE=TRUE
Executing : def_port {es7243_scl} LOC=AA10 VCCIO=3.3 IOSTANDARD=LVCMOS33 DRIVE=8 SLEW=SLOW NONE=TRUE successfully
Executing : def_port {es8156_scl} LOC=AA8 VCCIO=3.3 IOSTANDARD=LVCMOS33 DRIVE=8 SLEW=SLOW NONE=TRUE
Executing : def_port {es8156_scl} LOC=AA8 VCCIO=3.3 IOSTANDARD=LVCMOS33 DRIVE=8 SLEW=SLOW NONE=TRUE successfully
Executing : def_port {eth_rst_n} LOC=B20 VCCIO=3.3 IOSTANDARD=LVCMOS33 DRIVE=4 SLEW=FAST NONE=TRUE
C: ConstraintEditor-2002: [C:/Users/86151/Desktop/auido_fft_fir/audio_fft_fir_hdmi/src/UDP/prj_pango/device_map/udp_audio_test.pcf(line number: 11)] | Port eth_rst_n has been placed at location B20, whose type is share pin.
Executing : def_port {eth_rst_n} LOC=B20 VCCIO=3.3 IOSTANDARD=LVCMOS33 DRIVE=4 SLEW=FAST NONE=TRUE successfully
Executing : def_port {eth_tx_ctl} LOC=B18 VCCIO=3.3 IOSTANDARD=LVCMOS33 DRIVE=4 SLEW=FAST NONE=TRUE
C: ConstraintEditor-2002: [C:/Users/86151/Desktop/auido_fft_fir/audio_fft_fir_hdmi/src/UDP/prj_pango/device_map/udp_audio_test.pcf(line number: 12)] | Port eth_tx_ctl has been placed at location B18, whose type is share pin.
Executing : def_port {eth_tx_ctl} LOC=B18 VCCIO=3.3 IOSTANDARD=LVCMOS33 DRIVE=4 SLEW=FAST NONE=TRUE successfully
Executing : def_port {eth_txc} LOC=G16 VCCIO=3.3 IOSTANDARD=LVCMOS33 DRIVE=4 SLEW=FAST NONE=TRUE
Executing : def_port {eth_txc} LOC=G16 VCCIO=3.3 IOSTANDARD=LVCMOS33 DRIVE=4 SLEW=FAST NONE=TRUE successfully
Executing : def_port {eth_txd[0]} LOC=F17 VCCIO=3.3 IOSTANDARD=LVCMOS33 DRIVE=4 SLEW=FAST NONE=TRUE
Executing : def_port {eth_txd[0]} LOC=F17 VCCIO=3.3 IOSTANDARD=LVCMOS33 DRIVE=4 SLEW=FAST NONE=TRUE successfully
Executing : def_port {eth_txd[1]} LOC=D17 VCCIO=3.3 IOSTANDARD=LVCMOS33 DRIVE=4 SLEW=FAST NONE=TRUE
C: ConstraintEditor-2002: [C:/Users/86151/Desktop/auido_fft_fir/audio_fft_fir_hdmi/src/UDP/prj_pango/device_map/udp_audio_test.pcf(line number: 15)] | Port eth_txd[1] has been placed at location D17, whose type is share pin.
Executing : def_port {eth_txd[1]} LOC=D17 VCCIO=3.3 IOSTANDARD=LVCMOS33 DRIVE=4 SLEW=FAST NONE=TRUE successfully
Executing : def_port {eth_txd[2]} LOC=C18 VCCIO=3.3 IOSTANDARD=LVCMOS33 DRIVE=4 SLEW=FAST NONE=TRUE
C: ConstraintEditor-2002: [C:/Users/86151/Desktop/auido_fft_fir/audio_fft_fir_hdmi/src/UDP/prj_pango/device_map/udp_audio_test.pcf(line number: 16)] | Port eth_txd[2] has been placed at location C18, whose type is share pin.
Executing : def_port {eth_txd[2]} LOC=C18 VCCIO=3.3 IOSTANDARD=LVCMOS33 DRIVE=4 SLEW=FAST NONE=TRUE successfully
Executing : def_port {eth_txd[3]} LOC=A18 VCCIO=3.3 IOSTANDARD=LVCMOS33 DRIVE=4 SLEW=FAST NONE=TRUE
C: ConstraintEditor-2002: [C:/Users/86151/Desktop/auido_fft_fir/audio_fft_fir_hdmi/src/UDP/prj_pango/device_map/udp_audio_test.pcf(line number: 17)] | Port eth_txd[3] has been placed at location A18, whose type is share pin.
Executing : def_port {eth_txd[3]} LOC=A18 VCCIO=3.3 IOSTANDARD=LVCMOS33 DRIVE=4 SLEW=FAST NONE=TRUE successfully
Executing : def_port {lin_led} LOC=B2 VCCIO=3.3 IOSTANDARD=LVCMOS33 DRIVE=8 SLEW=SLOW NONE=TRUE
Executing : def_port {lin_led} LOC=B2 VCCIO=3.3 IOSTANDARD=LVCMOS33 DRIVE=8 SLEW=SLOW NONE=TRUE successfully
Executing : def_port {lout_led} LOC=A2 VCCIO=3.3 IOSTANDARD=LVCMOS33 DRIVE=8 SLEW=SLOW NONE=TRUE
Executing : def_port {lout_led} LOC=A2 VCCIO=3.3 IOSTANDARD=LVCMOS33 DRIVE=8 SLEW=SLOW NONE=TRUE successfully
Executing : def_port {es0_alrck} LOC=AB11 VCCIO=3.3 IOSTANDARD=LVCMOS33 NONE=TRUE
Executing : def_port {es0_alrck} LOC=AB11 VCCIO=3.3 IOSTANDARD=LVCMOS33 NONE=TRUE successfully
Executing : def_port {es0_dsclk} LOC=Y11 VCCIO=3.3 IOSTANDARD=LVCMOS33 NONE=TRUE
Executing : def_port {es0_dsclk} LOC=Y11 VCCIO=3.3 IOSTANDARD=LVCMOS33 NONE=TRUE successfully
Executing : def_port {es0_sdin} LOC=W11 VCCIO=3.3 IOSTANDARD=LVCMOS33 NONE=TRUE
Executing : def_port {es0_sdin} LOC=W11 VCCIO=3.3 IOSTANDARD=LVCMOS33 NONE=TRUE successfully
Executing : def_port {es1_dlrc} LOC=Y5 VCCIO=3.3 IOSTANDARD=LVCMOS33 NONE=TRUE
C: ConstraintEditor-2002: [C:/Users/86151/Desktop/auido_fft_fir/audio_fft_fir_hdmi/src/UDP/prj_pango/device_map/udp_audio_test.pcf(line number: 23)] | Port es1_dlrc has been placed at location Y5, whose type is share pin.
Executing : def_port {es1_dlrc} LOC=Y5 VCCIO=3.3 IOSTANDARD=LVCMOS33 NONE=TRUE successfully
Executing : def_port {es1_dsclk} LOC=W6 VCCIO=3.3 IOSTANDARD=LVCMOS33 NONE=TRUE
Executing : def_port {es1_dsclk} LOC=W6 VCCIO=3.3 IOSTANDARD=LVCMOS33 NONE=TRUE successfully
Executing : def_port {es1_sdin} LOC=W8 VCCIO=3.3 IOSTANDARD=LVCMOS33 NONE=TRUE
C: ConstraintEditor-2001: [C:/Users/86151/Desktop/auido_fft_fir/audio_fft_fir_hdmi/src/UDP/prj_pango/device_map/udp_audio_test.pcf(line number: 25)] Object 'es1_sdin' is dangling, which has no connection. it will be ignored.
Executing : def_port {es1_sdin} LOC=W8 VCCIO=3.3 IOSTANDARD=LVCMOS33 NONE=TRUE failed
Executing : def_port {eth_rx_ctl} LOC=F9 VCCIO=3.3 IOSTANDARD=LVCMOS33 NONE=TRUE
Executing : def_port {eth_rx_ctl} LOC=F9 VCCIO=3.3 IOSTANDARD=LVCMOS33 NONE=TRUE successfully
Executing : def_port {eth_rxc} LOC=F14 VCCIO=3.3 IOSTANDARD=LVCMOS33 NONE=TRUE
Executing : def_port {eth_rxc} LOC=F14 VCCIO=3.3 IOSTANDARD=LVCMOS33 NONE=TRUE successfully
Executing : def_port {eth_rxd[0]} LOC=H10 VCCIO=3.3 IOSTANDARD=LVCMOS33 NONE=TRUE
Executing : def_port {eth_rxd[0]} LOC=H10 VCCIO=3.3 IOSTANDARD=LVCMOS33 NONE=TRUE successfully
Executing : def_port {eth_rxd[1]} LOC=H11 VCCIO=3.3 IOSTANDARD=LVCMOS33 NONE=TRUE
Executing : def_port {eth_rxd[1]} LOC=H11 VCCIO=3.3 IOSTANDARD=LVCMOS33 NONE=TRUE successfully
Executing : def_port {eth_rxd[2]} LOC=G13 VCCIO=3.3 IOSTANDARD=LVCMOS33 NONE=TRUE
Executing : def_port {eth_rxd[2]} LOC=G13 VCCIO=3.3 IOSTANDARD=LVCMOS33 NONE=TRUE successfully
Executing : def_port {eth_rxd[3]} LOC=H13 VCCIO=3.3 IOSTANDARD=LVCMOS33 NONE=TRUE
Executing : def_port {eth_rxd[3]} LOC=H13 VCCIO=3.3 IOSTANDARD=LVCMOS33 NONE=TRUE successfully
Executing : def_port {key} LOC=K18 VCCIO=3.3 IOSTANDARD=LVCMOS33 NONE=TRUE
C: ConstraintEditor-2002: [C:/Users/86151/Desktop/auido_fft_fir/audio_fft_fir_hdmi/src/UDP/prj_pango/device_map/udp_audio_test.pcf(line number: 32)] | Port key has been placed at location K18, whose type is share pin.
Executing : def_port {key} LOC=K18 VCCIO=3.3 IOSTANDARD=LVCMOS33 NONE=TRUE successfully
Executing : def_port {lin_test} LOC=Y13 VCCIO=3.3 IOSTANDARD=LVCMOS33 NONE=TRUE
C: ConstraintEditor-2002: [C:/Users/86151/Desktop/auido_fft_fir/audio_fft_fir_hdmi/src/UDP/prj_pango/device_map/udp_audio_test.pcf(line number: 33)] | Port lin_test has been placed at location Y13, whose type is share pin.
Executing : def_port {lin_test} LOC=Y13 VCCIO=3.3 IOSTANDARD=LVCMOS33 NONE=TRUE successfully
Executing : def_port {lout_test} LOC=V7 VCCIO=3.3 IOSTANDARD=LVCMOS33 NONE=TRUE
Executing : def_port {lout_test} LOC=V7 VCCIO=3.3 IOSTANDARD=LVCMOS33 NONE=TRUE successfully
Executing : def_port {sys_clk} LOC=P20 VCCIO=3.3 IOSTANDARD=LVCMOS33 NONE=TRUE
Executing : def_port {sys_clk} LOC=P20 VCCIO=3.3 IOSTANDARD=LVCMOS33 NONE=TRUE successfully
Constraint check end.
I: Column Clock Check open.
Read Column Clock Map.

Placement started.
Phase 1 Pre global placement started.
Mapping instance audio_udp_top_inst/u_eth_top/gmii_to_rgmii_inst/rgmii_clk_delay/opit_0 to IOCKDLY_84_360.
Mapping instance audio_udp_top_inst/udp_pll1/u_pll_e3/goppll to PLL_158_55.
Mapping instance voice_loop_test_inst/u_pll/u_pll_e3/goppll to PLL_158_75.
Phase 1.1 1st GP placement started.
Design Utilization : 3%.
Wirelength after clock region global placement is 8125.
1st GP placement takes 3.09 sec.

Phase 1.2 Clock placement started.
Mapping instance audio_udp_top_inst/u_eth_top/gmii_to_rgmii_inst/GTP_CLKBUFG_RXSHFT/gopclkbufg to USCM_84_108.
Mapping instance clkbufg_1/gopclkbufg to USCM_84_109.
Mapping instance clkbufg_0/gopclkbufg to USCM_84_110.
C: Place-2028: GLOBAL_CLOCK: the driver es1_dsclk_ibuf/opit_1 fixed at IOL_39_6 is unreasonable. Sub-optimal placement for a clock source and a clock buffer.
Mapping instance clkbufg_2/gopclkbufg to USCM_84_111.
Clock placement takes 0.31 sec.

Pre global placement takes 5.12 sec.

Phase 2 Global placement started.
Phase 2.1 Fixed placement started.
Placed fixed group with base inst adc_dac_int_obuf/opit_1 on IOL_35_374.
Placed fixed group with base inst audio_udp_top_inst/u_eth_top/gmii_to_rgmii_inst/gmii_ctl_in/gateigddr_IOL on IOL_71_373.
Placed fixed group with base inst audio_udp_top_inst/u_eth_top/gmii_to_rgmii_inst/gtp_outbuft1/opit_1_IOL on IOL_311_374.
Placed fixed group with base inst audio_udp_top_inst/u_eth_top/gmii_to_rgmii_inst/gtp_outbuft6/opit_1_IOL on IOL_299_374.
Placed fixed group with base inst audio_udp_top_inst/u_eth_top/gmii_to_rgmii_inst/rgmii_rx_data[0].gmii_rxd_in/gateigddr_IOL on IOL_75_374.
Placed fixed group with base inst audio_udp_top_inst/u_eth_top/gmii_to_rgmii_inst/rgmii_rx_data[1].gmii_rxd_in/gateigddr_IOL on IOL_75_373.
Placed fixed group with base inst audio_udp_top_inst/u_eth_top/gmii_to_rgmii_inst/rgmii_rx_data[2].gmii_rxd_in/gateigddr_IOL on IOL_251_373.
Placed fixed group with base inst audio_udp_top_inst/u_eth_top/gmii_to_rgmii_inst/rgmii_rx_data[3].gmii_rxd_in/gateigddr_IOL on IOL_251_374.
Placed fixed group with base inst audio_udp_top_inst/u_eth_top/gmii_to_rgmii_inst/rgmii_tx_data[0].gtp_outbuft1/opit_1_IOL on IOL_299_373.
Placed fixed group with base inst audio_udp_top_inst/u_eth_top/gmii_to_rgmii_inst/rgmii_tx_data[1].gtp_outbuft1/opit_1_IOL on IOL_323_374.
Placed fixed group with base inst audio_udp_top_inst/u_eth_top/gmii_to_rgmii_inst/rgmii_tx_data[2].gtp_outbuft1/opit_1_IOL on IOL_323_373.
Placed fixed group with base inst audio_udp_top_inst/u_eth_top/gmii_to_rgmii_inst/rgmii_tx_data[3].gtp_outbuft1/opit_1_IOL on IOL_311_373.
Placed fixed group with base inst es0_alrck_ibuf/opit_1 on IOL_159_5.
Placed fixed group with base inst es0_dsclk_ibuf/opit_1 on IOL_159_6.
Placed fixed group with base inst es0_mclk_obuf/opit_1 on IOL_135_6.
Placed fixed group with base inst es0_sdin_ibuf/opit_1 on IOL_135_5.
Placed fixed group with base inst es1_dlrc_ibuf/opit_1 on IOL_35_6.
Placed fixed group with base inst es1_dsclk_ibuf/opit_1 on IOL_39_6.
Placed fixed group with base inst es1_mclk_obuf/opit_1 on IOL_39_5.
Placed fixed group with base inst es1_sdout_obuf/opit_1 on IOL_35_5.
Placed fixed group with base inst es7243_scl_obuf/opit_1 on IOL_151_6.
Placed fixed group with base inst es8156_scl_obuf/opit_1 on IOL_119_6.
Placed fixed group with base inst eth_rst_n_obuf/opit_1 on IOL_319_374.
Placed fixed group with base inst eth_rxc_ibuf/opit_1 on IOL_243_374.
Placed fixed group with base inst key_ibuf/opit_1 on IOL_327_257.
Placed fixed group with base inst lin_led_obuf/opit_1 on IOL_19_374.
Placed fixed group with base inst lin_test_ibuf/opit_1 on IOL_167_6.
Placed fixed group with base inst lout_led_obuf/opit_1 on IOL_19_373.
Placed fixed group with base inst lout_test_ibuf/opit_1 on IOL_47_6.
Placed fixed group with base inst sys_clk_ibuf/opit_1 on IOL_327_210.
Placed fixed group with base inst voice_loop_test_inst.ES7243E_reg_config.u_i2c_com.i2c_sdat_tri/opit_1 on IOL_151_5.
Placed fixed group with base inst voice_loop_test_inst.ES8156_reg_config.u_i2c_com.i2c_sdat_tri/opit_1 on IOL_119_5.
Placed fixed instance audio_udp_top_inst/u_eth_top/gmii_to_rgmii_inst/GTP_CLKBUFG_RXSHFT/gopclkbufg on USCM_84_108.
Placed fixed instance audio_udp_top_inst/u_eth_top/gmii_to_rgmii_inst/rgmii_clk_delay/opit_0 on IOCKDLY_84_360.
Placed fixed instance audio_udp_top_inst/udp_pll1/u_pll_e3/goppll on PLL_158_55.
Placed fixed instance clkbufg_0/gopclkbufg on USCM_84_110.
Placed fixed instance clkbufg_1/gopclkbufg on USCM_84_109.
Placed fixed instance clkbufg_2/gopclkbufg on USCM_84_111.
Placed fixed instance voice_loop_test_inst/u_pll/u_pll_e3/goppll on PLL_158_75.
Placed fixed instance BKCL_auto_0 on BKCL_188_376.
Placed fixed instance BKCL_auto_1 on BKCL_328_184.
Placed fixed instance BKCL_auto_2 on BKCL_192_0.
Fixed placement takes 0.00 sec.

Phase 2.2 Process placement started.
Placed instance audio_udp_top_inst/u_eth_top/gmii_to_rgmii_inst/clk_dll/gopdll(gopDLL) on DLL_86_363, and placed audio_udp_top_inst/u_eth_top/gmii_to_rgmii_inst/rgmii_clk_delay/opit_0(gopCLKDELAY) on IOCKDLY_84_360.
Process placement takes 0.00 sec.

Phase 2.3 IO placement started.
IO placement takes 0.02 sec.

Phase 2.4 2nd GP placement started.
Run super clustering :
	Initial slack 498014.
	2 iterations finished.
	Final slack 498215.
Super clustering done.
Design Utilization : 3%.
2nd GP placement takes 2.42 sec.

Wirelength after global placement is 8954.
Global placement takes 2.44 sec.

Phase 3 Post global placement started.
Phase 3.1 Macro cell placement started.
Wirelength after macro cell placement is 9860.
Macro cell placement takes 0.00 sec.

Phase 3.2 3rd GP placement started.
Run super clustering :
	Initial slack 498014.
	2 iterations finished.
	Final slack 498215.
Super clustering done.
Design Utilization : 3%.
3rd GP placement takes 2.62 sec.

Wirelength after post global placement is 9239.
Post global placement takes 2.64 sec.

Phase 4 Legalization started.
The average distance in LP is 1.308981.
Wirelength after legalization is 11682.
Legalization takes 0.08 sec.

Phase 5 Timing-driven detailed placement started.
Phase 5.1 Replication placement started.
Worst slack before Replication Place is 498925.
Replication placement takes 0.14 sec.

Wirelength after replication placement is 11682.
Phase 5.2 DP placement started.
Legalized cost 498925.000000.
The detailed placement ends at 0th iteration.
DP placement takes 0.05 sec.

Wirelength after detailed placement is 11682.
Timing-driven detailed placement takes 0.19 sec.

Worst slack is 498925, TNS after placement is 0.
Placement done.
Total placement takes 10.98 sec.
Finished placement. (CPU time elapsed 0h:00m:10s)

Routing started.
Building routing graph takes 1.52 sec.
Worst slack is 498925, TNS before global route is 0.
Processing design graph takes 0.38 sec.
Total memory for routing:
	116.507204 M.
Total nets for routing : 2210.
Rcf routing step 1 processed 0 nets, it takes 0.00 sec.
Rcf routing step 2 processed 0 nets, it takes 0.00 sec.
Rcf routing step 3 processed 0 nets, it takes 0.00 sec.
Global Routing step 1 processed 0 nets, it takes 0.00 sec.
Global Routing step 2 processed 0 nets, it takes 0.00 sec.
Unrouted nets 18 at the end of iteration 0.
Unrouted nets 6 at the end of iteration 1.
Unrouted nets 0 at the end of iteration 2.
Global Routing step 3 processed 67 nets, it takes 0.09 sec.
Global routing takes 0.12 sec.
Total 2359 subnets.
    forward max bucket size 4390 , backward 755.
        Unrouted nets 1552 at the end of iteration 0.
    route iteration 0, CPU time elapsed 0.875000 sec.
    forward max bucket size 1550 , backward 178.
        Unrouted nets 1155 at the end of iteration 1.
    route iteration 1, CPU time elapsed 0.218750 sec.
    forward max bucket size 1540 , backward 84.
        Unrouted nets 846 at the end of iteration 2.
    route iteration 2, CPU time elapsed 0.156250 sec.
    forward max bucket size 1203 , backward 153.
        Unrouted nets 800 at the end of iteration 3.
    route iteration 3, CPU time elapsed 0.125000 sec.
    forward max bucket size 60 , backward 48.
        Unrouted nets 660 at the end of iteration 4.
    route iteration 4, CPU time elapsed 0.078125 sec.
    forward max bucket size 34 , backward 65.
        Unrouted nets 542 at the end of iteration 5.
    route iteration 5, CPU time elapsed 0.078125 sec.
    forward max bucket size 36 , backward 65.
        Unrouted nets 443 at the end of iteration 6.
    route iteration 6, CPU time elapsed 0.062500 sec.
    forward max bucket size 33 , backward 39.
        Unrouted nets 344 at the end of iteration 7.
    route iteration 7, CPU time elapsed 0.046875 sec.
    forward max bucket size 32 , backward 42.
        Unrouted nets 254 at the end of iteration 8.
    route iteration 8, CPU time elapsed 0.031250 sec.
    forward max bucket size 70 , backward 41.
        Unrouted nets 186 at the end of iteration 9.
    route iteration 9, CPU time elapsed 0.031250 sec.
    forward max bucket size 26 , backward 33.
        Unrouted nets 142 at the end of iteration 10.
    route iteration 10, CPU time elapsed 0.015625 sec.
    forward max bucket size 25 , backward 23.
        Unrouted nets 109 at the end of iteration 11.
    route iteration 11, CPU time elapsed 0.031250 sec.
    forward max bucket size 28 , backward 30.
        Unrouted nets 84 at the end of iteration 12.
    route iteration 12, CPU time elapsed 0.015625 sec.
    forward max bucket size 23 , backward 26.
        Unrouted nets 57 at the end of iteration 13.
    route iteration 13, CPU time elapsed 0.000000 sec.
    forward max bucket size 23 , backward 24.
        Unrouted nets 32 at the end of iteration 14.
    route iteration 14, CPU time elapsed 0.015625 sec.
    forward max bucket size 27 , backward 28.
        Unrouted nets 24 at the end of iteration 15.
    route iteration 15, CPU time elapsed 0.015625 sec.
    forward max bucket size 17 , backward 18.
        Unrouted nets 19 at the end of iteration 16.
    route iteration 16, CPU time elapsed 0.000000 sec.
    forward max bucket size 20 , backward 22.
        Unrouted nets 10 at the end of iteration 17.
    route iteration 17, CPU time elapsed 0.000000 sec.
    forward max bucket size 18 , backward 12.
        Unrouted nets 4 at the end of iteration 18.
    route iteration 18, CPU time elapsed 0.015625 sec.
    forward max bucket size 9 , backward 4.
        Unrouted nets 2 at the end of iteration 19.
    route iteration 19, CPU time elapsed 0.000000 sec.
    forward max bucket size 6 , backward 7.
        Unrouted nets 3 at the end of iteration 20.
    route iteration 20, CPU time elapsed 0.000000 sec.
    forward max bucket size 7 , backward 7.
        Unrouted nets 2 at the end of iteration 21.
    route iteration 21, CPU time elapsed 0.000000 sec.
    forward max bucket size 5 , backward 3.
        Unrouted nets 0 at the end of iteration 22.
    route iteration 22, CPU time elapsed 0.015625 sec.
Detailed routing takes 22 iterations
C: Route-2036: The clock path from es1_dsclk_ibuf/opit_1:OUT to clkbufg_2/gopclkbufg:CLK is routed by SRB.
C: Route-2036: The clock path from eth_rxc_ibuf/opit_1:OUT to audio_udp_top_inst/u_eth_top/gmii_to_rgmii_inst/clk_dll/gopdll:CLK is routed by SRB.
C: Route-2036: The clock path from voice_loop_test_inst/ES7243E_reg_config/clock_i2c/opit_0_L5Q:Q to voice_loop_test_inst/ES7243E_reg_config/config_step_1/opit_0_inv:CLK is routed by SRB.
Detailed routing takes 1.91 sec.
Start fix hold violation.
Build tmp routing results takes 0.02 sec.
Timing analysis takes 0.17 sec.
Hold violation fix iter 0 takes 0.00 sec, total_step_forward 33.
Incremental timing analysis takes 0.14 sec.
Hold violation fix iter 1 takes 0.00 sec, total_step_forward 0.
Hold Violation Fix in router takes 2 iterations.
Fix hold violation Finished.
Hold Violation Fix in router takes 0.52 sec.

Dispose routing result:
    Collect routing result.
    Delete unused device instances.
    Annotate routing result.
    Change LUT configuration.
    Dispose misc instances.
    Annotate routing result again.
Finish routing takes 0.19 sec.
Used SRB routing arc is 18705.
Cleanup routing takes 0.02 sec.
Routing done.
Total routing takes 5.14 sec.


Device Utilization Summary :
+---------------------------------------------------------------------------+
| Logic Utilization        | Used     | Available     | Utilization(%)     
+---------------------------------------------------------------------------+
| Use of APM               | 0        | 84            | 0                  
| Use of BKCL              | 3        | 4             | 75                 
| Use of CLMA              | 255      | 6450          | 4                  
|   FF                     | 582      | 38700         | 2                  
|   LUT                    | 789      | 25800         | 4                  
|   LUT-FF pairs           | 258      | 25800         | 1                  
| Use of CLMS              | 139      | 4250          | 4                  
|   FF                     | 401      | 25500         | 2                  
|   LUT                    | 430      | 17000         | 3                  
|   LUT-FF pairs           | 161      | 17000         | 1                  
|   Distributed RAM        | 0        | 17000         | 0                  
| Use of CRYSTAL           | 0        | 2             | 0                  
| Use of DLL               | 1        | 10            | 10                 
| Use of DQSL              | 0        | 18            | 0                  
| Use of DRM               | 8.5      | 134           | 7                  
| Use of FUSECODE          | 0        | 1             | 0                  
| Use of HARD0N1           | 111      | 6672          | 2                  
| Use of HSST              | 0        | 1             | 0                  
| Use of IO                | 32       | 296           | 11                 
|   IOBD                   | 17       | 64            | 27                 
|   IOBR_LR                | 0        | 7             | 0                  
|   IOBR_TB                | 2        | 8             | 25                 
|   IOBS_LR                | 2        | 161           | 2                  
|   IOBS_TB                | 11       | 56            | 20                 
| Use of IOCKDIV           | 0        | 20            | 0                  
| Use of IOCKDLY           | 1        | 40            | 3                  
| Use of IOCKGATE          | 0        | 20            | 0                  
| Use of IOCKGMUX_TEST     | 0        | 20            | 0                  
| Use of IOL               | 32       | 400           | 8                  
| Use of IPAL              | 0        | 1             | 0                  
| Use of LDO               | 0        | 4             | 0                  
| Use of MFG_TEST          | 0        | 1             | 0                  
| Use of OSC               | 0        | 1             | 0                  
| Use of PCIE              | 0        | 1             | 0                  
| Use of PIOMUX_TEST       | 0        | 10            | 0                  
| Use of PLL               | 2        | 5             | 40                 
| Use of PREGMUX_TEST      | 0        | 6             | 0                  
| Use of RCKB              | 1        | 24            | 5                  
| Use of RCKBMUX_TEST      | 0        | 12            | 0                  
| Use of RESCAL            | 0        | 4             | 0                  
| Use of SCANCHAIN         | 0        | 2             | 0                  
| Use of START             | 1        | 1             | 100                
| Use of UDID              | 0        | 1             | 0                  
| Use of USCM              | 5        | 30            | 17                 
| Use of USCMMUX_TEST      | 0        | 30            | 0                  
| Use of VCKBMUX_TEST      | 0        | 12            | 0                  
+---------------------------------------------------------------------------+

Finished routing. (CPU time elapsed 0h:00m:05s)
Design 'udp_audio_test' has been placed and routed successfully.
Saving design to DB.
Finished placement and routing. (CPU time elapsed 0h:00m:23s)
Action pnr: Real time elapsed is 0h:0m:26s
Action pnr: CPU time elapsed is 0h:0m:24s
Action pnr: Process CPU time elapsed is 0h:0m:24s
Current time: Sun Apr 21 10:14:09 2024
Action pnr: Peak memory pool usage is 812 MB
