------------------------------------------------------------------------------------------------------------------------------------------------------------------------------
Detailed RTL Component Info :
-----Module Name :
                    hdmi_test1

-----ROMs :
            1K Bit    (64 x 20 bit)          ROMs := 1
            10K Bit    (512 x 20 bit)          ROMs := 1

-----RAMs :
            32K Bit    (1024 x 32 bit)          RAMs := 3

Distributed RAM and Block RAM: Final Mapping Report
|-----------------------------------------------------|------------------------|-------------------|---------|
| DPRAM Inst Name                                     | Size (Depth x Width)   | Primitives        | Count   |
|-----------------------------------------------------|------------------------|-------------------|---------|
| ram2_audio_data/u_ipm_distributed_sdpram_ram2/mem   | 1024 x 32              |                   |         |
|                                                     | 32 x 1                 | GTP_RAM32X1DP     | 512     |
|-----------------------------------------------------|------------------------|-------------------|---------|
| ram2_fft/u_ipm_distributed_sdpram_ram2/mem          | 1024 x 32              |                   |         |
|                                                     | 32 x 1                 | GTP_RAM32X1DP     | 1024    |
|-----------------------------------------------------|------------------------|-------------------|---------|

|------------------------------------------|------------------------|-------------------|-------------------|-------------------|-------------------|
| Inst Name                                | Size (Depth x Width)   | Write_Mode_A      | Write_Mode_B      | Ram_Mode          | Primitives        |
|------------------------------------------|------------------------|-------------------|-------------------|-------------------|-------------------|
| ms72xx_ctl/ms7210_ctl/N325_1_concat_2    | 64 x 20                |                   |                   |                   |                   |
|                       N325_1_concat_2    | 64 x 20                | NORMAL_WRITE      | /                 | SINGLE_PORT       | GTP_DRM9K         |
|------------------------------------------|------------------------|-------------------|-------------------|-------------------|-------------------|
| ms72xx_ctl/ms7200_ctl/N1219_1_concat_3   | 512 x 20               |                   |                   |                   |                   |
|                       N1219_1_concat_3   | 512 x 20               | NORMAL_WRITE      | /                 | SINGLE_PORT       | GTP_DRM18K        |
|------------------------------------------|------------------------|-------------------|-------------------|-------------------|-------------------|
| pattern_vg_revised_inst/dpram/ram        | 1 K x 32               |                   |                   |                   |                   |
|                               ram_0      | 1 K x 16               | NORMAL_WRITE      | NORMAL_WRITE      | SIMPLE_DUAL_PORT  | GTP_DRM18K        |
|                               ram_1      | 1 K x 16               | NORMAL_WRITE      | NORMAL_WRITE      | SIMPLE_DUAL_PORT  | GTP_DRM18K        |
|------------------------------------------|------------------------|-------------------|-------------------|-------------------|-------------------|

------------------------------------------------------------------------------------------------------------------------------------------------------------------------------

