[Info] [2024-5-26 10:23:58] /***************************Start jtagserver***************************/
[Info] [2024-5-26 10:23:58] Path: D:/fpga_competition/FPGA_competition/ziguangtongchuang_file/MES50HP_v3/set_up/set_up_file/PDS_2022.1/bin
[Info] [2024-5-26 10:23:58] Version: 99559
[Debug] [2024-5-26 10:23:59] Add a new user_thread, socket descriptor is 960 user_thread id is 00000000000048D4
[Debug] [2024-5-26 10:23:59] After adding, map size is : 1
[Debug] [2024-5-26 10:23:59] Add a new user_thread, socket descriptor is 1172 user_thread id is 00000000000048D4
[Debug] [2024-5-26 10:23:59] After adding, map size is : 2
[Debug] [2024-5-26 10:23:59] IP address of connecting client is : ::ffff:127.0.0.1
[Debug] [2024-5-26 10:23:59] IP address of connecting client is : ::ffff:127.0.0.1
[Debug] [2024-5-26 10:23:59] Remove the header data from the client, index : 0
[Debug] [2024-5-26 10:23:59] _total_bytes_size : 146
[Debug] [2024-5-26 10:23:59] Remove the header data from the client, index : 0
[Debug] [2024-5-26 10:23:59] _total_bytes_size : 96
[Debug] [2024-5-26 10:23:59] cmd id :40011cmd name : get_cable_paras
[Debug] [2024-5-26 10:24:00] cmd operation get_cable_paras releases locker
[Debug] [2024-5-26 10:24:00] Remove the header data from the client, index : 0
[Debug] [2024-5-26 10:24:00] _total_bytes_size : 101
[Debug] [2024-5-26 10:24:00] cmd id :20001cmd name : Open config cable
[Debug] [2024-5-26 10:24:00] the idcode from the scanning is: 0x10521899
[Debug] [2024-5-26 10:24:00] the idcode from the scanning is: 0x0
[Debug] [2024-5-26 10:24:00] the idcode from the scanning is: 0x0
[Debug] [2024-5-26 10:24:00] the idcode from the scanning is: 0x0
[Debug] [2024-5-26 10:24:00] the idcode from the scanning is: 0x0
[Debug] [2024-5-26 10:24:00] cmd operation Open config cable releases locker
[Debug] [2024-5-26 10:24:03] Remove the header data from the client, index : 0
[Debug] [2024-5-26 10:24:03] _total_bytes_size : 32a
[Debug] [2024-5-26 10:24:03] cmd id :4e22cmd name : Program
[Debug] [2024-5-26 10:24:03] the idcode from the scanning is: 0x10521899
[Debug] [2024-5-26 10:24:03] the idcode from the scanning is: 0x0
[Debug] [2024-5-26 10:24:03] the idcode from the scanning is: 0x0
[Debug] [2024-5-26 10:24:03] the idcode from the scanning is: 0x0
[Debug] [2024-5-26 10:24:03] the idcode from the scanning is: 0x0
[Debug] [2024-5-26 10:24:03] begin to read back config registerregAddr is 4
[Debug] [2024-5-26 10:24:03] progress bar is 6
[Debug] [2024-5-26 10:24:03] progress bar is 10
[Debug] [2024-5-26 10:24:03] progress bar is 15
[Debug] [2024-5-26 10:24:03] progress bar is 20
[Debug] [2024-5-26 10:24:03] progress bar is 25
[Debug] [2024-5-26 10:24:04] progress bar is 30
[Debug] [2024-5-26 10:24:04] progress bar is 35
[Debug] [2024-5-26 10:24:04] progress bar is 40
[Debug] [2024-5-26 10:24:04] progress bar is 45
[Debug] [2024-5-26 10:24:04] progress bar is 50
[Debug] [2024-5-26 10:24:04] progress bar is 55
[Debug] [2024-5-26 10:24:04] progress bar is 60
[Debug] [2024-5-26 10:24:04] progress bar is 65
[Debug] [2024-5-26 10:24:04] progress bar is 70
[Debug] [2024-5-26 10:24:04] progress bar is 75
[Debug] [2024-5-26 10:24:04] progress bar is 80
[Debug] [2024-5-26 10:24:05] progress bar is 85
[Debug] [2024-5-26 10:24:05] progress bar is 90
[Debug] [2024-5-26 10:24:05] progress bar is 95
[Debug] [2024-5-26 10:24:05] progress bar is 100
[Debug] [2024-5-26 10:24:05] the value in the status register is :2096288
[Debug] [2024-5-26 10:24:05] cmd operation Program releases locker
[Debug] [2024-5-26 10:26:56] Remove the header data from the client, index : 0
[Debug] [2024-5-26 10:26:56] _total_bytes_size : 101
[Debug] [2024-5-26 10:26:56] cmd id :20001cmd name : Open config cable
[Debug] [2024-5-26 10:26:56] the idcode from the scanning is: 0x10521899
[Debug] [2024-5-26 10:26:56] the idcode from the scanning is: 0x0
[Debug] [2024-5-26 10:26:56] the idcode from the scanning is: 0x0
[Debug] [2024-5-26 10:26:56] the idcode from the scanning is: 0x0
[Debug] [2024-5-26 10:26:56] the idcode from the scanning is: 0x0
[Debug] [2024-5-26 10:26:56] cmd operation Open config cable releases locker
[Debug] [2024-5-26 10:26:58] Remove the header data from the client, index : 0
[Debug] [2024-5-26 10:26:58] _total_bytes_size : 32a
[Debug] [2024-5-26 10:26:58] cmd id :4e22cmd name : Program
[Debug] [2024-5-26 10:26:59] the idcode from the scanning is: 0x10521899
[Debug] [2024-5-26 10:26:59] the idcode from the scanning is: 0x0
[Debug] [2024-5-26 10:26:59] the idcode from the scanning is: 0x0
[Debug] [2024-5-26 10:26:59] the idcode from the scanning is: 0x0
[Debug] [2024-5-26 10:26:59] the idcode from the scanning is: 0x0
[Debug] [2024-5-26 10:26:59] begin to read back config registerregAddr is 4
[Debug] [2024-5-26 10:26:59] progress bar is 6
[Debug] [2024-5-26 10:26:59] progress bar is 10
[Debug] [2024-5-26 10:26:59] progress bar is 15
[Debug] [2024-5-26 10:26:59] progress bar is 20
[Debug] [2024-5-26 10:26:59] progress bar is 25
[Debug] [2024-5-26 10:26:59] progress bar is 30
[Debug] [2024-5-26 10:26:59] progress bar is 35
[Debug] [2024-5-26 10:26:59] progress bar is 40
[Debug] [2024-5-26 10:26:59] progress bar is 45
[Debug] [2024-5-26 10:27:00] progress bar is 50
[Debug] [2024-5-26 10:27:00] progress bar is 55
[Debug] [2024-5-26 10:27:00] progress bar is 60
[Debug] [2024-5-26 10:27:00] progress bar is 65
[Debug] [2024-5-26 10:27:00] progress bar is 70
[Debug] [2024-5-26 10:27:00] progress bar is 75
[Debug] [2024-5-26 10:27:00] progress bar is 80
[Debug] [2024-5-26 10:27:00] progress bar is 85
[Debug] [2024-5-26 10:27:00] progress bar is 90
[Debug] [2024-5-26 10:27:00] progress bar is 95
[Debug] [2024-5-26 10:27:00] progress bar is 100
[Debug] [2024-5-26 10:27:00] the value in the status register is :2096288
[Debug] [2024-5-26 10:27:00] cmd operation Program releases locker
[Info] [2024-5-26 10:27:17] /***************************Start jtagserver***************************/
[Info] [2024-5-26 10:27:17] Path: D:/fpga_competition/FPGA_competition/ziguangtongchuang_file/MES50HP_v3/set_up/set_up_file/PDS_2022.1/bin
[Info] [2024-5-26 10:27:17] Version: 99559
[Debug] [2024-5-26 10:27:18] Add a new user_thread, socket descriptor is 976 user_thread id is 0000000000003624
[Debug] [2024-5-26 10:27:18] After adding, map size is : 1
[Debug] [2024-5-26 10:27:18] Add a new user_thread, socket descriptor is 1080 user_thread id is 0000000000003624
[Debug] [2024-5-26 10:27:18] After adding, map size is : 2
[Debug] [2024-5-26 10:27:18] IP address of connecting client is : ::ffff:127.0.0.1
[Debug] [2024-5-26 10:27:18] IP address of connecting client is : ::ffff:127.0.0.1
[Debug] [2024-5-26 10:27:18] Remove the header data from the client, index : 0
[Debug] [2024-5-26 10:27:18] _total_bytes_size : 146
[Debug] [2024-5-26 10:27:18] Remove the header data from the client, index : 0
[Debug] [2024-5-26 10:27:18] _total_bytes_size : 96
[Debug] [2024-5-26 10:27:18] cmd id :40011cmd name : get_cable_paras
[Debug] [2024-5-26 10:27:19] cmd operation get_cable_paras releases locker
[Debug] [2024-5-26 10:27:19] Remove the header data from the client, index : 0
[Debug] [2024-5-26 10:27:19] _total_bytes_size : 101
[Debug] [2024-5-26 10:27:19] cmd id :20001cmd name : Open config cable
[Debug] [2024-5-26 10:27:19] the idcode from the scanning is: 0x10521899
[Debug] [2024-5-26 10:27:19] the idcode from the scanning is: 0x0
[Debug] [2024-5-26 10:27:19] the idcode from the scanning is: 0x0
[Debug] [2024-5-26 10:27:19] the idcode from the scanning is: 0x0
[Debug] [2024-5-26 10:27:19] the idcode from the scanning is: 0x0
[Debug] [2024-5-26 10:27:19] cmd operation Open config cable releases locker
[Debug] [2024-5-26 10:27:22] Remove the header data from the client, index : 0
[Debug] [2024-5-26 10:27:22] _total_bytes_size : 32a
[Debug] [2024-5-26 10:27:22] cmd id :4e22cmd name : Program
[Debug] [2024-5-26 10:27:22] the idcode from the scanning is: 0x10521899
[Debug] [2024-5-26 10:27:22] the idcode from the scanning is: 0x0
[Debug] [2024-5-26 10:27:22] the idcode from the scanning is: 0x0
[Debug] [2024-5-26 10:27:22] the idcode from the scanning is: 0x0
[Debug] [2024-5-26 10:27:22] the idcode from the scanning is: 0x0
[Debug] [2024-5-26 10:27:22] begin to read back config registerregAddr is 4
[Debug] [2024-5-26 10:27:22] progress bar is 6
[Debug] [2024-5-26 10:27:22] progress bar is 10
[Debug] [2024-5-26 10:27:22] progress bar is 15
[Debug] [2024-5-26 10:27:22] progress bar is 20
[Debug] [2024-5-26 10:27:22] progress bar is 25
[Debug] [2024-5-26 10:27:22] progress bar is 30
[Debug] [2024-5-26 10:27:22] progress bar is 35
[Debug] [2024-5-26 10:27:22] progress bar is 40
[Debug] [2024-5-26 10:27:22] progress bar is 45
[Debug] [2024-5-26 10:27:23] progress bar is 50
[Debug] [2024-5-26 10:27:23] progress bar is 55
[Debug] [2024-5-26 10:27:23] progress bar is 60
[Debug] [2024-5-26 10:27:23] progress bar is 65
[Debug] [2024-5-26 10:27:23] progress bar is 70
[Debug] [2024-5-26 10:27:23] progress bar is 75
[Debug] [2024-5-26 10:27:23] progress bar is 80
[Debug] [2024-5-26 10:27:23] progress bar is 85
[Debug] [2024-5-26 10:27:23] progress bar is 90
[Debug] [2024-5-26 10:27:23] progress bar is 95
[Debug] [2024-5-26 10:27:23] progress bar is 100
[Debug] [2024-5-26 10:27:23] the value in the status register is :2096288
[Debug] [2024-5-26 10:27:24] cmd operation Program releases locker
[Info] [2024-5-26 11:27:29] /***************************Start jtagserver***************************/
[Info] [2024-5-26 11:27:29] Path: D:/fpga_competition/FPGA_competition/ziguangtongchuang_file/MES50HP_v3/set_up/set_up_file/PDS_2022.1/bin
[Info] [2024-5-26 11:27:29] Version: 99559
[Debug] [2024-5-26 11:27:30] Add a new user_thread, socket descriptor is 976 user_thread id is 0000000000004FB0
[Debug] [2024-5-26 11:27:30] After adding, map size is : 1
[Debug] [2024-5-26 11:27:30] Add a new user_thread, socket descriptor is 1080 user_thread id is 0000000000004FB0
[Debug] [2024-5-26 11:27:30] After adding, map size is : 2
[Debug] [2024-5-26 11:27:30] IP address of connecting client is : ::ffff:127.0.0.1
[Debug] [2024-5-26 11:27:30] IP address of connecting client is : ::ffff:127.0.0.1
[Debug] [2024-5-26 11:27:30] Remove the header data from the client, index : 0
[Debug] [2024-5-26 11:27:30] _total_bytes_size : 146
[Debug] [2024-5-26 11:27:30] Remove the header data from the client, index : 0
[Debug] [2024-5-26 11:27:30] _total_bytes_size : 96
[Debug] [2024-5-26 11:27:30] cmd id :40011cmd name : get_cable_paras
[Debug] [2024-5-26 11:27:31] cmd operation get_cable_paras releases locker
[Debug] [2024-5-26 11:27:31] Remove the header data from the client, index : 0
[Debug] [2024-5-26 11:27:31] _total_bytes_size : 101
[Debug] [2024-5-26 11:27:31] cmd id :20001cmd name : Open config cable
[Debug] [2024-5-26 11:27:31] the idcode from the scanning is: 0x10521899
[Debug] [2024-5-26 11:27:31] the idcode from the scanning is: 0x0
[Debug] [2024-5-26 11:27:31] the idcode from the scanning is: 0x0
[Debug] [2024-5-26 11:27:31] the idcode from the scanning is: 0x0
[Debug] [2024-5-26 11:27:31] the idcode from the scanning is: 0x0
[Debug] [2024-5-26 11:27:31] cmd operation Open config cable releases locker
[Debug] [2024-5-26 11:27:34] Remove the header data from the client, index : 0
[Debug] [2024-5-26 11:27:34] _total_bytes_size : 32a
[Debug] [2024-5-26 11:27:34] cmd id :4e22cmd name : Program
[Debug] [2024-5-26 11:27:34] the idcode from the scanning is: 0x10521899
[Debug] [2024-5-26 11:27:34] the idcode from the scanning is: 0x0
[Debug] [2024-5-26 11:27:34] the idcode from the scanning is: 0x0
[Debug] [2024-5-26 11:27:34] the idcode from the scanning is: 0x0
[Debug] [2024-5-26 11:27:34] the idcode from the scanning is: 0x0
[Debug] [2024-5-26 11:27:34] begin to read back config registerregAddr is 4
[Debug] [2024-5-26 11:27:34] progress bar is 6
[Debug] [2024-5-26 11:27:34] progress bar is 10
[Debug] [2024-5-26 11:27:34] progress bar is 15
[Debug] [2024-5-26 11:27:34] progress bar is 20
[Debug] [2024-5-26 11:27:34] progress bar is 25
[Debug] [2024-5-26 11:27:34] progress bar is 30
[Debug] [2024-5-26 11:27:34] progress bar is 35
[Debug] [2024-5-26 11:27:35] progress bar is 40
[Debug] [2024-5-26 11:27:35] progress bar is 45
[Debug] [2024-5-26 11:27:35] progress bar is 50
[Debug] [2024-5-26 11:27:35] progress bar is 55
[Debug] [2024-5-26 11:27:35] progress bar is 60
[Debug] [2024-5-26 11:27:35] progress bar is 65
[Debug] [2024-5-26 11:27:35] progress bar is 70
[Debug] [2024-5-26 11:27:35] progress bar is 75
[Debug] [2024-5-26 11:27:35] progress bar is 80
[Debug] [2024-5-26 11:27:35] progress bar is 85
[Debug] [2024-5-26 11:27:35] progress bar is 90
[Debug] [2024-5-26 11:27:35] progress bar is 95
[Debug] [2024-5-26 11:27:36] progress bar is 100
[Debug] [2024-5-26 11:27:36] the value in the status register is :2096288
[Debug] [2024-5-26 11:27:36] cmd operation Program releases locker
[Debug] [2024-5-26 14:20:38] Add a new user_thread, socket descriptor is 1332 user_thread id is 0000000000004FB0
[Debug] [2024-5-26 14:20:38] After adding, map size is : 3
[Debug] [2024-5-26 14:20:38] Add a new user_thread, socket descriptor is 1116 user_thread id is 0000000000004FB0
[Debug] [2024-5-26 14:20:38] After adding, map size is : 4
[Debug] [2024-5-26 14:20:38] IP address of connecting client is : ::ffff:127.0.0.1
[Debug] [2024-5-26 14:20:38] IP address of connecting client is : ::ffff:127.0.0.1IP address of connecting client is : ::ffff:127.0.0.1
[Debug] [2024-5-26 14:20:38] Remove the header data from the client, index : 0
[Debug] [2024-5-26 14:20:38] _total_bytes_size : 146
[Debug] [2024-5-26 14:20:38] Remove the header data from the client, index : 0
[Debug] [2024-5-26 14:20:38] _total_bytes_size : 96
[Debug] [2024-5-26 14:20:38] cmd id :40011cmd name : get_cable_paras
[Debug] [2024-5-26 14:20:39] cmd operation get_cable_paras releases locker
[Debug] [2024-5-26 14:20:39] Remove the header data from the client, index : 0
[Debug] [2024-5-26 14:20:39] _total_bytes_size : 101
[Debug] [2024-5-26 14:20:39] cmd id :20001cmd name : Open config cable
[Debug] [2024-5-26 14:20:39] the idcode from the scanning is: 0x10521899
[Debug] [2024-5-26 14:20:39] the idcode from the scanning is: 0x0
[Debug] [2024-5-26 14:20:39] the idcode from the scanning is: 0x0
[Debug] [2024-5-26 14:20:39] the idcode from the scanning is: 0x0
[Debug] [2024-5-26 14:20:39] the idcode from the scanning is: 0x0
[Debug] [2024-5-26 14:20:39] cmd operation Open config cable releases locker
[Debug] [2024-5-26 14:20:42] Remove the header data from the client, index : 0
[Debug] [2024-5-26 14:20:42] _total_bytes_size : 35a
[Debug] [2024-5-26 14:20:42] cmd id :4e22cmd name : Program
[Debug] [2024-5-26 14:20:42] the idcode from the scanning is: 0x10521899
[Debug] [2024-5-26 14:20:42] the idcode from the scanning is: 0x0
[Debug] [2024-5-26 14:20:42] the idcode from the scanning is: 0x0
[Debug] [2024-5-26 14:20:42] the idcode from the scanning is: 0x0
[Debug] [2024-5-26 14:20:42] the idcode from the scanning is: 0x0
[Debug] [2024-5-26 14:20:42] begin to read back config registerregAddr is 4
[Debug] [2024-5-26 14:20:43] progress bar is 6
[Debug] [2024-5-26 14:20:43] progress bar is 10
[Debug] [2024-5-26 14:20:43] progress bar is 15
[Debug] [2024-5-26 14:20:43] progress bar is 20
[Debug] [2024-5-26 14:20:43] progress bar is 25
[Debug] [2024-5-26 14:20:43] progress bar is 30
[Debug] [2024-5-26 14:20:43] progress bar is 35
[Debug] [2024-5-26 14:20:43] progress bar is 40
[Debug] [2024-5-26 14:20:43] progress bar is 45
[Debug] [2024-5-26 14:20:43] progress bar is 50
[Debug] [2024-5-26 14:20:43] progress bar is 55
[Debug] [2024-5-26 14:20:43] progress bar is 60
[Debug] [2024-5-26 14:20:44] progress bar is 65
[Debug] [2024-5-26 14:20:44] progress bar is 70
[Debug] [2024-5-26 14:20:44] progress bar is 75
[Debug] [2024-5-26 14:20:44] progress bar is 80
[Debug] [2024-5-26 14:20:44] progress bar is 85
[Debug] [2024-5-26 14:20:44] progress bar is 90
[Debug] [2024-5-26 14:20:44] progress bar is 95
[Debug] [2024-5-26 14:20:44] progress bar is 100
[Debug] [2024-5-26 14:20:44] the value in the status register is :2096288
[Debug] [2024-5-26 14:20:44] cmd operation Program releases locker
[Debug] [2024-5-26 14:37:31] connection error happens : 1
[Debug] [2024-5-26 14:37:31] connection error happens : 1connection error happens : 1
[Debug] [2024-5-26 14:37:31] connection state changes : 6 , socket description 1080
[Warn] [2024-5-26 14:37:31] socket state is ListeningState
[Debug] [2024-5-26 14:37:31] connection state changes : 0 , socket description 1080
[Debug] [2024-5-26 14:37:31] connection state changes : 0 , socket description 1080connection state changes : 6 , socket description 976
[Warn] [2024-5-26 14:37:31] socket state is ListeningState
[Debug] [2024-5-26 14:37:31] connection state changes : 0 , socket description 976
[Warn] [2024-5-26 14:37:31] socket state is UnconnectedState
[Warn] [2024-5-26 14:37:31] socket state is UnconnectedState
[Debug] [2024-5-26 14:37:31] socket descriptor 976is about to delete
[Debug] [2024-5-26 14:37:31] socket descriptor 1080is about to delete
