--------------------------------------------------------------------------------------------------------------------------------------------------
Notes: 
  Total_num: the numbers of add/sub in rtl
  Module Name: the module name of the instantiated module calling directly the add/sub sub module
  Location/Inst Name: if linefile info exists(no optimization), print the codes location of add/sub in rtl, else print the inst name
  Count: the amount of lutcarry for add/sub
  Number: the numbers of add/sub with the same lutcarry counts and linefile

Detailed RTL Component Info :
-----Add :
               Total_Num :2
-----Sub :
               Total_Num :3
-----AddSub :
               Total_Num :0

Add_Sub_AddSub: Initial Mapping Report :
|------------------------|---------|---------|---------|------------------------------------------------------------|
|Module Name             |Type     |Count    |Number   |Location/Inst Name                                          |
|------------------------|---------|---------|---------|------------------------------------------------------------|
|cordic_jpl              |Sub      |31       |1        |../../../src/fft_top/cordic_jpl.v:60                        |
|------------------------|---------|---------|---------|------------------------------------------------------------|
|cordic_jpl              |Sub      |31       |1        |../../../src/fft_top/cordic_jpl.v:61                        |
|------------------------|---------|---------|---------|------------------------------------------------------------|
|cordic_jpl              |Add      |32       |1        |N53_4                                                       |
|------------------------|---------|---------|---------|------------------------------------------------------------|
|cordic_jpl              |Sub      |33       |1        |N55_5                                                       |
|------------------------|---------|---------|---------|------------------------------------------------------------|
|cordic_jpl              |Add      |33       |1        |N55_7                                                       |
|------------------------|---------|---------|---------|------------------------------------------------------------|

--------------------------------------------------------------------------------------------------------------------------------------------------

