#Build: Fabric Compiler 2022.1, Build 99559, Jul 12 00:20 2022
#Install: D:\fpga_competition\FPGA_competition\ziguangtongchuang_file\MES50HP_v3\set_up\set_up_file\PDS_2022.1\bin
#Application name: pds_shell.exe
#OS: Windows 10 10.0.22000
#Hostname: Thecomputerofmartin
Generated by Fabric Compiler (version 2022.1 build 99559) at Sun May 19 15:37:54 2024
License checkout: fabric_ads
Compiling verification operator library.
Compiling common defs.
Loading technology operator library.
Compiling technology operator library.
Compiling technology operator (valence) library.
Reading design from compile DB
Reading design from compile DB successfully.
Constraint check start.
W: ConstraintEditor-4030: No constraint files found, so all ports are unspecified I/O constraint.
Constraint check end.
C: SDC-2025: Clock source 'n:gmii_rx_clk' need a clock constraint, please use 'create_clock' or 'create_generate_clock' to generate.
Executing : get_ports gmii_rx_clk
Executing : get_ports gmii_rx_clk successfully.
Executing : create_clock -name udp_top|gmii_rx_clk [get_ports gmii_rx_clk] -period 1000.000 -waveform {0.000 500.000} -add
Executing : create_clock -name udp_top|gmii_rx_clk [get_ports gmii_rx_clk] -period 1000.000 -waveform {0.000 500.000} -add successfully.
Executing : set_clock_groups -name Inferred_clock_group_0 -asynchronous -group udp_top|gmii_rx_clk
Executing : set_clock_groups -name Inferred_clock_group_0 -asynchronous -group udp_top|gmii_rx_clk successfully.
C: SDC-2025: Clock source 'n:gmii_tx_clk' need a clock constraint, please use 'create_clock' or 'create_generate_clock' to generate.
Executing : get_ports gmii_tx_clk
Executing : get_ports gmii_tx_clk successfully.
Executing : create_clock -name udp_top|gmii_tx_clk [get_ports gmii_tx_clk] -period 1000.000 -waveform {0.000 500.000} -add
Executing : create_clock -name udp_top|gmii_tx_clk [get_ports gmii_tx_clk] -period 1000.000 -waveform {0.000 500.000} -add successfully.
Executing : set_clock_groups -name Inferred_clock_group_1 -asynchronous -group udp_top|gmii_tx_clk
Executing : set_clock_groups -name Inferred_clock_group_1 -asynchronous -group udp_top|gmii_tx_clk successfully.
Start pre-mapping.
I: Encoding type of FSM 'cur_state_fsm[6:0]' is: onehot.
I: [C:/Users/86151/Desktop/ziguangTongchuang_Competition_Documents/src/udp_top/udp_rx.v(line number:49)] The user initial state for regs on FSM cur_state_fsm[6:0] is 0000001 and be encoded 0000001.
I: Encoding table of FSM 'cur_state_fsm[6:0]':
I: from  u_udp_rx/cur_state[6] u_udp_rx/cur_state[5] u_udp_rx/cur_state[4] u_udp_rx/cur_state[3] u_udp_rx/cur_state[2] u_udp_rx/cur_state[1] u_udp_rx/cur_state[0]
I: to  u_udp_rx/cur_state_6 u_udp_rx/cur_state_5 u_udp_rx/cur_state_4 u_udp_rx/cur_state_3 u_udp_rx/cur_state_2 u_udp_rx/cur_state_1 u_udp_rx/cur_state_0
I: 0000001 => 0000001
I: 0000010 => 0000010
I: 0000100 => 0000100
I: 0001000 => 0001000
I: 0010000 => 0010000
I: 0100000 => 0100000
I: 1000000 => 1000000
I: Encoding type of FSM 'cur_state_fsm[6:0]' is: onehot.
I: [C:/Users/86151/Desktop/ziguangTongchuang_Competition_Documents/src/udp_top/udp_tx.v(line number:118)] The user initial state for regs on FSM cur_state_fsm[6:0] is 0000001 and be encoded 0000001.
I: Encoding table of FSM 'cur_state_fsm[6:0]':
I: from  u_udp_tx/cur_state[6] u_udp_tx/cur_state[5] u_udp_tx/cur_state[4] u_udp_tx/cur_state[3] u_udp_tx/cur_state[2] u_udp_tx/cur_state[1] u_udp_tx/cur_state[0]
I: to  u_udp_tx/cur_state_6 u_udp_tx/cur_state_5 u_udp_tx/cur_state_4 u_udp_tx/cur_state_3 u_udp_tx/cur_state_2 u_udp_tx/cur_state_1 u_udp_tx/cur_state_0
I: 0000001 => 0000001
I: 0000010 => 0000010
I: 0000100 => 0000100
I: 0001000 => 0001000
I: 0010000 => 0010000
I: 0100000 => 0100000
I: 1000000 => 1000000
I: Constant propagation done on u_udp_rx/N47 (bmsWIDEINV).
I: Constant propagation done on u_udp_rx/N48 (bmsPMUX).
I: Constant propagation done on u_udp_tx/N69 (bmsWIDEINV).
I: Constant propagation done on u_udp_tx/N70 (bmsPMUX).
I: Constant propagation done on u_udp_tx/N916_2 (bmsWIDEMUX).
I: Constant propagation done on u_udp_tx/N916_3 (bmsWIDEMUX).
W: Removed bmsWIDEDFFCPE inst ip_head_byte_num[5:0] at 0 that is stuck at constant 0.
I: Constant propagation done on u_udp_rx/ip_head_byte_num[5:0] (bmsWIDEDFFCPE).
W: Removed bmsWIDEDFFCPE inst check_buffer[31:0] at 20 that is stuck at constant 0.
I: Constant propagation done on u_udp_tx/check_buffer[31:0] (bmsWIDEDFFCPE).
Executing : pre-mapping successfully. Time elapsed: 0.074s wall, 0.078s user + 0.000s system = 0.078s CPU (105.7%)

Start mod-gen.
I: Constant propagation done on out_xor (bmsREDXOR).
I: Constant propagation done on out_xor_1 (bmsREDXOR).
I: Removed inst u_udp_tx/preamble[1][7:0] which is redundant to u_udp_tx/preamble[0][7:0] (type bmsWIDEDFFPATCE)
I: Removed inst u_udp_tx/preamble[2][7:0] which is redundant to u_udp_tx/preamble[0][7:0] (type bmsWIDEDFFPATCE)
I: Removed inst u_udp_tx/preamble[3][7:0] which is redundant to u_udp_tx/preamble[0][7:0] (type bmsWIDEDFFPATCE)
I: Removed inst u_udp_tx/preamble[4][7:0] which is redundant to u_udp_tx/preamble[0][7:0] (type bmsWIDEDFFPATCE)
I: Removed inst u_udp_tx/preamble[5][7:0] which is redundant to u_udp_tx/preamble[0][7:0] (type bmsWIDEDFFPATCE)
I: Removed inst u_udp_tx/preamble[6][7:0] which is redundant to u_udp_tx/preamble[0][7:0] (type bmsWIDEDFFPATCE)
I: Removed inst u_udp_tx/eth_head[11][7:0] which is redundant to u_udp_tx/eth_head[10][7:0] (type bmsWIDEDFFPATCE)
Executing : mod-gen successfully. Time elapsed: 0.154s wall, 0.156s user + 0.000s system = 0.156s CPU (101.2%)

Start logic-optimization.
W: Removed bmsWIDEDFFCPE inst u_udp_tx/eth_head[13][7:0] at 0 that is stuck at constant 0.
W: Removed bmsWIDEDFFCPE inst u_udp_tx/eth_head[13][7:0] at 1 that is stuck at constant 0.
W: Removed bmsWIDEDFFCPE inst u_udp_tx/eth_head[13][7:0] at 2 that is stuck at constant 0.
W: Removed bmsWIDEDFFCPE inst u_udp_tx/eth_head[13][7:0] at 3 that is stuck at constant 0.
W: Removed bmsWIDEDFFCPE inst u_udp_tx/eth_head[13][7:0] at 4 that is stuck at constant 0.
W: Removed bmsWIDEDFFCPE inst u_udp_tx/eth_head[13][7:0] at 5 that is stuck at constant 0.
W: Removed bmsWIDEDFFCPE inst u_udp_tx/eth_head[13][7:0] at 6 that is stuck at constant 0.
W: Removed bmsWIDEDFFCPE inst u_udp_tx/eth_head[13][7:0] at 7 that is stuck at constant 0.
