#Build: Fabric Compiler 2022.1, Build 99559, Jul 12 00:20 2022
#Install: D:\fpga_competition\FPGA_competition\ziguangtongchuang_file\MES50HP_v3\set_up\set_up_file\PDS_2022.1\bin
#Application name: pds_shell.exe
#OS: Windows 10 10.0.22000
#Hostname: Thecomputerofmartin
Generated by Fabric Compiler (version 2022.1 build 99559) at Tue Apr  2 15:50:44 2024
Compiling verification operator library.
Compiling common defs.
Compiling prim grid devices.
Compiling gate devices.
Compiling gate operators.
Building architecture model.
Loading device packaging model.
W: ConstraintEditor-4030: No constraint files found, so all ports are unspecified I/O constraint.
I: Column Clock Check open.
Read Column Clock Map.

Placement started.
Phase 1 Pre global placement started.
Mapping instance u_CORES/u_GTP_SCANCHAIN_PG/scanchain to SCANCHAIN_241_0.
Phase 1.1 1st GP placement started.
Design Utilization : 8%.
Wirelength after clock region global placement is 10483.
1st GP placement takes 1.72 sec.

Phase 1.2 Clock placement started.
Mapping instance es0_dsclk_ibuf/opit_1 to IOL_7_137.
Mapping instance clkbufg_4/gopclkbufg to USCM_56_112.
Mapping instance u_pll/u_pll_e3/goppll to PLL_122_179.
Mapping instance clkbufg_5/gopclkbufg to USCM_56_113.
Mapping instance es1_dsclk_ibuf/opit_1 to IOL_115_249.
Mapping instance clkbufg_7/gopclkbufg to USCM_56_114.
C: Place-2028: GLOBAL_CLOCK: the driver u_CORES/u_GTP_SCANCHAIN_PG/scanchain fixed at SCANCHAIN_241_0 is unreasonable. Sub-optimal placement for a clock source and a clock buffer.
Mapping instance clkbufg_3/gopclkbufg to USCM_56_115.
C: Place-2028: GLOBAL_CLOCK: the driver u_CORES/u_GTP_SCANCHAIN_PG/scanchain fixed at SCANCHAIN_241_0 is unreasonable. Sub-optimal placement for a clock source and a clock buffer.
Mapping instance clkbufg_6/gopclkbufg to USCM_56_116.
Clock placement takes 0.45 sec.

Pre global placement takes 3.75 sec.

Phase 2 Global placement started.
Phase 2.1 Fixed placement started.
Placed fixed group with base inst es0_dsclk_ibuf/opit_1 on IOL_7_137.
Placed fixed group with base inst es1_dsclk_ibuf/opit_1 on IOL_115_249.
Placed fixed instance clkbufg_3/gopclkbufg on USCM_56_115.
Placed fixed instance clkbufg_4/gopclkbufg on USCM_56_112.
Placed fixed instance clkbufg_5/gopclkbufg on USCM_56_113.
Placed fixed instance clkbufg_6/gopclkbufg on USCM_56_116.
Placed fixed instance clkbufg_7/gopclkbufg on USCM_56_114.
Placed fixed instance u_CORES/u_GTP_SCANCHAIN_PG/scanchain on SCANCHAIN_241_0.
Placed fixed instance u_pll/u_pll_e3/goppll on PLL_122_179.
Fixed placement takes 0.00 sec.

Phase 2.2 Process placement started.
Process placement takes 0.00 sec.

Phase 2.3 IO placement started.
IO placement takes 0.02 sec.

Phase 2.4 2nd GP placement started.
Run super clustering :
	Initial slack 18034.
	6 iterations finished.
	Final slack 20228.
Super clustering done.
Design Utilization : 8%.
2nd GP placement takes 1.59 sec.

Wirelength after global placement is 8989.
Global placement takes 1.62 sec.

Phase 3 Post global placement started.
Phase 3.1 Macro cell placement started.
Wirelength after macro cell placement is 10448.
Macro cell placement takes 0.00 sec.

Phase 3.2 3rd GP placement started.
Run super clustering :
	Initial slack 18034.
	6 iterations finished.
	Final slack 20228.
Super clustering done.
Design Utilization : 8%.
3rd GP placement takes 1.52 sec.

Wirelength after post global placement is 8361.
Post global placement takes 1.53 sec.

Phase 4 Legalization started.
The average distance in LP is 1.961475.
Wirelength after legalization is 13554.
Legalization takes 0.22 sec.

Phase 5 Timing-driven detailed placement started.
Phase 5.1 Replication placement started.
Worst slack before Replication Place is 21490.
Replication placement takes 0.12 sec.

Wirelength after replication placement is 13554.
Phase 5.2 DP placement started.
Legalized cost 21490.000000.
The detailed placement ends at 0th iteration.
DP placement takes 0.08 sec.

Wirelength after detailed placement is 13554.
Timing-driven detailed placement takes 0.20 sec.

Worst slack is 21490, TNS after placement is 0.
Placement done.
Total placement takes 7.97 sec.
Finished placement. (CPU time elapsed 0h:00m:07s)

Routing started.
Building routing graph takes 0.73 sec.
Worst slack is 21490, TNS before global route is 0.
Processing design graph takes 0.22 sec.
Total memory for routing:
	65.089280 M.
Total nets for routing : 3123.
Rcf routing step 1 processed 0 nets, it takes 0.00 sec.
Rcf routing step 2 processed 0 nets, it takes 0.00 sec.
Rcf routing step 3 processed 0 nets, it takes 0.00 sec.
Unrouted nets 0 at the end of iteration 0.
Global Routing step 1 processed 55 nets, it takes 0.00 sec.
Unrouted nets 125 at the end of iteration 0.
Unrouted nets 93 at the end of iteration 1.
Unrouted nets 71 at the end of iteration 2.
Unrouted nets 41 at the end of iteration 3.
Unrouted nets 23 at the end of iteration 4.
Unrouted nets 24 at the end of iteration 5.
Unrouted nets 18 at the end of iteration 6.
Unrouted nets 11 at the end of iteration 7.
Unrouted nets 10 at the end of iteration 8.
Unrouted nets 9 at the end of iteration 9.
Unrouted nets 9 at the end of iteration 10.
Unrouted nets 4 at the end of iteration 11.
Unrouted nets 5 at the end of iteration 12.
Unrouted nets 4 at the end of iteration 13.
Unrouted nets 5 at the end of iteration 14.
Unrouted nets 4 at the end of iteration 15.
Unrouted nets 4 at the end of iteration 16.
Unrouted nets 4 at the end of iteration 17.
Unrouted nets 3 at the end of iteration 18.
Unrouted nets 3 at the end of iteration 19.
Unrouted nets 2 at the end of iteration 20.
Unrouted nets 3 at the end of iteration 21.
Unrouted nets 4 at the end of iteration 22.
Unrouted nets 4 at the end of iteration 23.
Unrouted nets 2 at the end of iteration 24.
Unrouted nets 2 at the end of iteration 25.
Unrouted nets 1 at the end of iteration 26.
Unrouted nets 1 at the end of iteration 27.
Unrouted nets 1 at the end of iteration 28.
Unrouted nets 1 at the end of iteration 29.
Unrouted nets 1 at the end of iteration 30.
Unrouted nets 1 at the end of iteration 31.
Unrouted nets 1 at the end of iteration 32.
Unrouted nets 1 at the end of iteration 33.
Unrouted nets 1 at the end of iteration 34.
Unrouted nets 1 at the end of iteration 35.
Unrouted nets 1 at the end of iteration 36.
Unrouted nets 1 at the end of iteration 37.
Unrouted nets 1 at the end of iteration 38.
Unrouted nets 1 at the end of iteration 39.
Unrouted nets 1 at the end of iteration 40.
Unrouted nets 1 at the end of iteration 41.
Unrouted nets 1 at the end of iteration 42.
Unrouted nets 0 at the end of iteration 43.
Global Routing step 2 processed 206 nets, it takes 1.75 sec.
Unrouted nets 5 at the end of iteration 0.
Unrouted nets 1 at the end of iteration 1.
Unrouted nets 0 at the end of iteration 2.
Global Routing step 3 processed 41 nets, it takes 0.06 sec.
Global routing takes 1.83 sec.
Total 3304 subnets.
    forward max bucket size 38232 , backward 95.
        Unrouted nets 2199 at the end of iteration 0.
    route iteration 0, CPU time elapsed 2.406250 sec.
    forward max bucket size 38136 , backward 147.
        Unrouted nets 1730 at the end of iteration 1.
    route iteration 1, CPU time elapsed 2.328125 sec.
    forward max bucket size 886 , backward 73.
        Unrouted nets 1104 at the end of iteration 2.
    route iteration 2, CPU time elapsed 0.187500 sec.
    forward max bucket size 454 , backward 45.
        Unrouted nets 1052 at the end of iteration 3.
    route iteration 3, CPU time elapsed 0.109375 sec.
    forward max bucket size 49 , backward 64.
        Unrouted nets 802 at the end of iteration 4.
    route iteration 4, CPU time elapsed 0.093750 sec.
    forward max bucket size 53 , backward 66.
        Unrouted nets 569 at the end of iteration 5.
    route iteration 5, CPU time elapsed 0.062500 sec.
    forward max bucket size 52 , backward 74.
        Unrouted nets 392 at the end of iteration 6.
    route iteration 6, CPU time elapsed 0.062500 sec.
    forward max bucket size 34 , backward 78.
        Unrouted nets 256 at the end of iteration 7.
    route iteration 7, CPU time elapsed 0.031250 sec.
    forward max bucket size 52 , backward 116.
        Unrouted nets 145 at the end of iteration 8.
    route iteration 8, CPU time elapsed 0.031250 sec.
    forward max bucket size 31 , backward 96.
        Unrouted nets 77 at the end of iteration 9.
    route iteration 9, CPU time elapsed 0.015625 sec.
    forward max bucket size 27 , backward 73.
        Unrouted nets 63 at the end of iteration 10.
    route iteration 10, CPU time elapsed 0.015625 sec.
    forward max bucket size 58 , backward 44.
        Unrouted nets 31 at the end of iteration 11.
    route iteration 11, CPU time elapsed 0.015625 sec.
    forward max bucket size 42 , backward 33.
        Unrouted nets 24 at the end of iteration 12.
    route iteration 12, CPU time elapsed 0.000000 sec.
    forward max bucket size 14 , backward 24.
        Unrouted nets 13 at the end of iteration 13.
    route iteration 13, CPU time elapsed 0.015625 sec.
    forward max bucket size 13 , backward 29.
        Unrouted nets 15 at the end of iteration 14.
    route iteration 14, CPU time elapsed 0.015625 sec.
    forward max bucket size 17 , backward 37.
        Unrouted nets 5 at the end of iteration 15.
    route iteration 15, CPU time elapsed 0.015625 sec.
    forward max bucket size 11 , backward 13.
        Unrouted nets 1 at the end of iteration 16.
    route iteration 16, CPU time elapsed 0.000000 sec.
    forward max bucket size 7 , backward 3.
        Unrouted nets 1 at the end of iteration 17.
    route iteration 17, CPU time elapsed 0.000000 sec.
    forward max bucket size 7 , backward 3.
        Unrouted nets 1 at the end of iteration 18.
    route iteration 18, CPU time elapsed 0.000000 sec.
    forward max bucket size 7 , backward 3.
        Unrouted nets 1 at the end of iteration 19.
    route iteration 19, CPU time elapsed 0.015625 sec.
    forward max bucket size 7 , backward 3.
        Unrouted nets 1 at the end of iteration 20.
    route iteration 20, CPU time elapsed 0.000000 sec.
    forward max bucket size 7 , backward 3.
        Unrouted nets 1 at the end of iteration 21.
    route iteration 21, CPU time elapsed 0.015625 sec.
    forward max bucket size 7 , backward 3.
        Unrouted nets 1 at the end of iteration 22.
    route iteration 22, CPU time elapsed 0.000000 sec.
    forward max bucket size 7 , backward 3.
        Unrouted nets 1 at the end of iteration 23.
    route iteration 23, CPU time elapsed 0.000000 sec.
    forward max bucket size 7 , backward 3.
        Unrouted nets 1 at the end of iteration 24.
    route iteration 24, CPU time elapsed 0.015625 sec.
    forward max bucket size 7 , backward 3.
        Unrouted nets 1 at the end of iteration 25.
    route iteration 25, CPU time elapsed 0.000000 sec.
    forward max bucket size 7 , backward 3.
        Unrouted nets 1 at the end of iteration 26.
    route iteration 26, CPU time elapsed 0.015625 sec.
    forward max bucket size 7 , backward 3.
        Unrouted nets 1 at the end of iteration 27.
    route iteration 27, CPU time elapsed 0.000000 sec.
    forward max bucket size 7 , backward 3.
        Unrouted nets 1 at the end of iteration 28.
    route iteration 28, CPU time elapsed 0.000000 sec.
    forward max bucket size 7 , backward 3.
        Unrouted nets 1 at the end of iteration 29.
    route iteration 29, CPU time elapsed 0.015625 sec.
    forward max bucket size 7 , backward 3.
        Unrouted nets 1 at the end of iteration 30.
    route iteration 30, CPU time elapsed 0.000000 sec.
    forward max bucket size 7 , backward 3.
        Unrouted nets 1 at the end of iteration 31.
    route iteration 31, CPU time elapsed 0.015625 sec.
    forward max bucket size 7 , backward 3.
        Unrouted nets 1 at the end of iteration 32.
    route iteration 32, CPU time elapsed 0.000000 sec.
    forward max bucket size 7 , backward 3.
        Unrouted nets 1 at the end of iteration 33.
    route iteration 33, CPU time elapsed 0.000000 sec.
    forward max bucket size 7 , backward 3.
        Unrouted nets 1 at the end of iteration 34.
    route iteration 34, CPU time elapsed 0.000000 sec.
    forward max bucket size 7 , backward 3.
        Unrouted nets 1 at the end of iteration 35.
    route iteration 35, CPU time elapsed 0.000000 sec.
    forward max bucket size 7 , backward 3.
        Unrouted nets 1 at the end of iteration 36.
    route iteration 36, CPU time elapsed 0.000000 sec.
    forward max bucket size 7 , backward 3.
        Unrouted nets 1 at the end of iteration 37.
    route iteration 37, CPU time elapsed 0.015625 sec.
    forward max bucket size 7 , backward 3.
        Unrouted nets 1 at the end of iteration 38.
    route iteration 38, CPU time elapsed 0.000000 sec.
    forward max bucket size 7 , backward 3.
        Unrouted nets 1 at the end of iteration 39.
    route iteration 39, CPU time elapsed 0.000000 sec.
    forward max bucket size 7 , backward 3.
        Unrouted nets 1 at the end of iteration 40.
    route iteration 40, CPU time elapsed 0.015625 sec.
    forward max bucket size 7 , backward 3.
        Unrouted nets 1 at the end of iteration 41.
    route iteration 41, CPU time elapsed 0.000000 sec.
    forward max bucket size 7 , backward 3.
        Unrouted nets 1 at the end of iteration 42.
    route iteration 42, CPU time elapsed 0.015625 sec.
    forward max bucket size 7 , backward 3.
        Unrouted nets 1 at the end of iteration 43.
    route iteration 43, CPU time elapsed 0.000000 sec.
    forward max bucket size 7 , backward 3.
        Unrouted nets 1 at the end of iteration 44.
    route iteration 44, CPU time elapsed 0.000000 sec.
    forward max bucket size 7 , backward 3.
        Unrouted nets 1 at the end of iteration 45.
    route iteration 45, CPU time elapsed 0.015625 sec.
    forward max bucket size 7 , backward 3.
        Unrouted nets 1 at the end of iteration 46.
    route iteration 46, CPU time elapsed 0.000000 sec.
    forward max bucket size 7 , backward 3.
        Unrouted nets 1 at the end of iteration 47.
    route iteration 47, CPU time elapsed 0.000000 sec.
    forward max bucket size 7 , backward 3.
        Unrouted nets 1 at the end of iteration 48.
    route iteration 48, CPU time elapsed 0.015625 sec.
    forward max bucket size 7 , backward 3.
        Unrouted nets 1 at the end of iteration 49.
    route iteration 49, CPU time elapsed 0.015625 sec.
    forward max bucket size 7 , backward 3.
        Unrouted nets 1 at the end of iteration 50.
    route iteration 50, CPU time elapsed 0.000000 sec.
    forward max bucket size 7 , backward 3.
        Unrouted nets 1 at the end of iteration 51.
    route iteration 51, CPU time elapsed 0.000000 sec.
    forward max bucket size 7 , backward 3.
        Unrouted nets 1 at the end of iteration 52.
    route iteration 52, CPU time elapsed 0.000000 sec.
    forward max bucket size 7 , backward 3.
        Unrouted nets 1 at the end of iteration 53.
    route iteration 53, CPU time elapsed 0.000000 sec.
    forward max bucket size 7 , backward 3.
        Unrouted nets 1 at the end of iteration 54.
    route iteration 54, CPU time elapsed 0.015625 sec.
    forward max bucket size 7 , backward 3.
        Unrouted nets 1 at the end of iteration 55.
    route iteration 55, CPU time elapsed 0.000000 sec.
    forward max bucket size 7 , backward 3.
        Unrouted nets 1 at the end of iteration 56.
    route iteration 56, CPU time elapsed 0.000000 sec.
    forward max bucket size 7 , backward 3.
        Unrouted nets 1 at the end of iteration 57.
    route iteration 57, CPU time elapsed 0.000000 sec.
    forward max bucket size 7 , backward 3.
        Unrouted nets 1 at the end of iteration 58.
    route iteration 58, CPU time elapsed 0.000000 sec.
    forward max bucket size 7 , backward 3.
        Unrouted nets 1 at the end of iteration 59.
    route iteration 59, CPU time elapsed 0.015625 sec.
    forward max bucket size 7 , backward 3.
        Unrouted nets 1 at the end of iteration 60.
    route iteration 60, CPU time elapsed 0.000000 sec.
    forward max bucket size 7 , backward 3.
        Unrouted nets 1 at the end of iteration 61.
    route iteration 61, CPU time elapsed 0.000000 sec.
    forward max bucket size 7 , backward 3.
        Unrouted nets 1 at the end of iteration 62.
    route iteration 62, CPU time elapsed 0.015625 sec.
    forward max bucket size 7 , backward 3.
        Unrouted nets 1 at the end of iteration 63.
    route iteration 63, CPU time elapsed 0.000000 sec.
    forward max bucket size 7 , backward 3.
        Unrouted nets 1 at the end of iteration 64.
    route iteration 64, CPU time elapsed 0.000000 sec.
    forward max bucket size 7 , backward 3.
        Unrouted nets 1 at the end of iteration 65.
    route iteration 65, CPU time elapsed 0.015625 sec.
    forward max bucket size 7 , backward 3.
        Unrouted nets 1 at the end of iteration 66.
    route iteration 66, CPU time elapsed 0.000000 sec.
    forward max bucket size 7 , backward 3.
        Unrouted nets 1 at the end of iteration 67.
    route iteration 67, CPU time elapsed 0.015625 sec.
    forward max bucket size 7 , backward 3.
        Unrouted nets 1 at the end of iteration 68.
    route iteration 68, CPU time elapsed 0.000000 sec.
    forward max bucket size 7 , backward 3.
        Unrouted nets 1 at the end of iteration 69.
    route iteration 69, CPU time elapsed 0.000000 sec.
    forward max bucket size 7 , backward 3.
        Unrouted nets 1 at the end of iteration 70.
    route iteration 70, CPU time elapsed 0.015625 sec.
    forward max bucket size 7 , backward 3.
        Unrouted nets 1 at the end of iteration 71.
    route iteration 71, CPU time elapsed 0.000000 sec.
    forward max bucket size 7 , backward 3.
        Unrouted nets 1 at the end of iteration 72.
    route iteration 72, CPU time elapsed 0.000000 sec.
    forward max bucket size 7 , backward 3.
        Unrouted nets 1 at the end of iteration 73.
    route iteration 73, CPU time elapsed 0.015625 sec.
    forward max bucket size 7 , backward 3.
        Unrouted nets 1 at the end of iteration 74.
    route iteration 74, CPU time elapsed 0.000000 sec.
    forward max bucket size 7 , backward 3.
        Unrouted nets 1 at the end of iteration 75.
    route iteration 75, CPU time elapsed 0.000000 sec.
    forward max bucket size 7 , backward 3.
        Unrouted nets 1 at the end of iteration 76.
    route iteration 76, CPU time elapsed 0.015625 sec.
    forward max bucket size 7 , backward 3.
        Unrouted nets 1 at the end of iteration 77.
    route iteration 77, CPU time elapsed 0.000000 sec.
    forward max bucket size 7 , backward 3.
        Unrouted nets 1 at the end of iteration 78.
    route iteration 78, CPU time elapsed 0.000000 sec.
    forward max bucket size 7 , backward 3.
        Unrouted nets 1 at the end of iteration 79.
    route iteration 79, CPU time elapsed 0.015625 sec.
    forward max bucket size 7 , backward 3.
        Unrouted nets 1 at the end of iteration 80.
    route iteration 80, CPU time elapsed 0.000000 sec.
    forward max bucket size 7 , backward 3.
        Unrouted nets 1 at the end of iteration 81.
    route iteration 81, CPU time elapsed 0.000000 sec.
    forward max bucket size 7 , backward 3.
        Unrouted nets 1 at the end of iteration 82.
    route iteration 82, CPU time elapsed 0.015625 sec.
    forward max bucket size 7 , backward 3.
        Unrouted nets 1 at the end of iteration 83.
    route iteration 83, CPU time elapsed 0.000000 sec.
    forward max bucket size 7 , backward 3.
        Unrouted nets 1 at the end of iteration 84.
    route iteration 84, CPU time elapsed 0.000000 sec.
    forward max bucket size 7 , backward 3.
        Unrouted nets 1 at the end of iteration 85.
    route iteration 85, CPU time elapsed 0.015625 sec.
    forward max bucket size 7 , backward 3.
        Unrouted nets 1 at the end of iteration 86.
    route iteration 86, CPU time elapsed 0.000000 sec.
    forward max bucket size 7 , backward 3.
        Unrouted nets 1 at the end of iteration 87.
    route iteration 87, CPU time elapsed 0.000000 sec.
    forward max bucket size 7 , backward 3.
        Unrouted nets 1 at the end of iteration 88.
    route iteration 88, CPU time elapsed 0.000000 sec.
    forward max bucket size 7 , backward 3.
        Unrouted nets 1 at the end of iteration 89.
    route iteration 89, CPU time elapsed 0.000000 sec.
    forward max bucket size 11 , backward 6.
        Unrouted nets 3 at the end of iteration 90.
    route iteration 90, CPU time elapsed 0.015625 sec.
    forward max bucket size 12 , backward 9.
        Unrouted nets 4 at the end of iteration 91.
    route iteration 91, CPU time elapsed 0.000000 sec.
    forward max bucket size 10 , backward 12.
        Unrouted nets 2 at the end of iteration 92.
    route iteration 92, CPU time elapsed 0.000000 sec.
    forward max bucket size 9 , backward 15.
        Unrouted nets 2 at the end of iteration 93.
    route iteration 93, CPU time elapsed 0.015625 sec.
    forward max bucket size 9 , backward 13.
        Unrouted nets 2 at the end of iteration 94.
    route iteration 94, CPU time elapsed 0.000000 sec.
    forward max bucket size 9 , backward 7.
        Unrouted nets 0 at the end of iteration 95.
    route iteration 95, CPU time elapsed 0.000000 sec.
Detailed routing takes 95 iterations
C: Route-2036: The clock path from ES7243E_reg_config/u_i2c_com/sclk/opit_0_inv_L5Q:Q to u_CORES/u_debug_core_0/trig0_d2[14]/opit_0:CLK is routed by SRB.
C: Route-2036: The clock path from u_CORES/u_GTP_SCANCHAIN_PG/scanchain:TCK_USER to clkbufg_3/gopclkbufg:CLK is routed by SRB.
C: Route-2036: The clock path from u_CORES/u_GTP_SCANCHAIN_PG/scanchain:CAPDR to clkbufg_6/gopclkbufg:CLK is routed by SRB.
C: Route-2036: The clock path from ES7243E_reg_config/clock_i2c/opit_0_L5Q:Q to ES7243E_reg_config/config_step_2/opit_0_inv:CLK is routed by SRB.
Detailed routing takes 5.89 sec.
Start fix hold violation.
Build tmp routing results takes 0.03 sec.
Timing analysis takes 0.16 sec.
Hold violation fix iter 0 takes 0.00 sec, total_step_forward 426.
Incremental timing analysis takes 0.11 sec.
Hold violation fix iter 1 takes 0.00 sec, total_step_forward 0.
Hold Violation Fix in router takes 2 iterations.
Fix hold violation Finished.
Hold Violation Fix in router takes 0.44 sec.

Dispose routing result:
    Collect routing result.
    Delete unused device instances.
    Annotate routing result.
    Change LUT configuration.
    Dispose misc instances.
    Annotate routing result again.
Finish routing takes 0.23 sec.
Used SRB routing arc is 21525.
Cleanup routing takes 0.00 sec.
Routing done.
Total routing takes 9.66 sec.


Device Utilization Summary :
+---------------------------------------------------------------------------+
| Logic Utilization        | Used     | Available     | Utilization(%)     
+---------------------------------------------------------------------------+
| Use of APM               | 0        | 40            | 0                  
| Use of BKCL              | 0        | 4             | 0                  
| Use of CLMA              | 401      | 3748          | 11                 
|   FF                     | 1451     | 22488         | 7                  
|   LUT                    | 1179     | 14992         | 8                  
|   LUT-FF pairs           | 845      | 14992         | 6                  
| Use of CLMS              | 192      | 1892          | 11                 
|   FF                     | 691      | 11352         | 7                  
|   LUT                    | 566      | 7568          | 8                  
|   LUT-FF pairs           | 416      | 7568          | 6                  
|   Distributed RAM        | 0        | 7568          | 0                  
| Use of CRYSTAL           | 0        | 4             | 0                  
| Use of DLL               | 0        | 8             | 0                  
| Use of DQSL              | 0        | 12            | 0                  
| Use of DRM               | 4.5      | 60            | 8                  
| Use of FUSECODE          | 0        | 1             | 0                  
| Use of HARD0N1           | 92       | 3480          | 3                  
| Use of IO                | 20       | 308           | 7                  
|   IOBD                   | 4        | 74            | 6                  
|   IOBR                   | 1        | 12            | 9                  
|   IOBS                   | 15       | 222           | 7                  
| Use of IOCKDIV           | 0        | 16            | 0                  
| Use of IOCKDLY           | 0        | 32            | 0                  
| Use of IOCKGATE          | 0        | 16            | 0                  
| Use of IOCKGMUX_TEST     | 0        | 16            | 0                  
| Use of IOL               | 20       | 308           | 7                  
| Use of IPAL              | 0        | 1             | 0                  
| Use of MFG_TEST          | 0        | 1             | 0                  
| Use of OSC               | 0        | 1             | 0                  
| Use of PLL               | 1        | 4             | 25                 
| Use of PREGMUX_TEST      | 0        | 4             | 0                  
| Use of RCKB              | 0        | 16            | 0                  
| Use of RCKBMUX_TEST      | 0        | 8             | 0                  
| Use of RESCAL            | 0        | 4             | 0                  
| Use of SCANCHAIN         | 1        | 2             | 50                 
| Use of START             | 1        | 1             | 100                
| Use of UDID              | 0        | 1             | 0                  
| Use of USCM              | 6        | 30            | 20                 
| Use of USCMMUX_TEST      | 0        | 30            | 0                  
| Use of VCKBMUX_TEST      | 0        | 8             | 0                  
+---------------------------------------------------------------------------+

Finished routing. (CPU time elapsed 0h:00m:09s)
Design 'voice_loop_test' has been placed and routed successfully.
Saving design to DB.
Finished placement and routing. (CPU time elapsed 0h:00m:23s)
Action pnr: Real time elapsed is 0h:0m:25s
Action pnr: CPU time elapsed is 0h:0m:24s
Action pnr: Process CPU time elapsed is 0h:0m:24s
Current time: Tue Apr  2 15:51:08 2024
Action pnr: Peak memory pool usage is 656 MB
