#Build: Fabric Compiler 2022.1, Build 99559, Jul 12 00:20 2022
#Install: D:\fpga_competition\FPGA_competition\ziguangtongchuang_file\MES50HP_v3\set_up\set_up_file\PDS_2022.1\bin
#Application name: pds_shell.exe
#OS: Windows 10 10.0.22000
#Hostname: Thecomputerofmartin
Generated by Fabric Compiler (version 2022.1 build 99559) at Mon Apr  1 10:17:31 2024
Compiling verification operator library.
Compiling common defs.
Loading technology operator library.
Compiling technology operator library.
Compiling technology operator (valence) library.
Compiling operator packing rules.
Compiling prim grid devices.
Compiling gate devices.
Compiling gate operators.
Compiling tech operator impls.
Building architecture model.
Loading device packaging model.
Reading design from translate DB.
Flattening design 'data_module_fft'
Device mapping started.
Optimizing circuit logic.
I: Const net (pin CEX of inst N16_m1) has been disconnected.
I: Const net (pin CEY of inst N16_m1) has been disconnected.
I: Const net (pin CEX of inst N19_m1) has been disconnected.
I: Const net (pin CEY of inst N19_m1) has been disconnected.
I: Const net (pin CEX of inst cordic_newton_inst/N265_m2) has been disconnected.
I: Const net (pin CEY of inst cordic_newton_inst/N265_m2) has been disconnected.
I: Const net (pin CEX of inst cordic_newton_inst/N265_m3) has been disconnected.
I: Const net (pin CEY of inst cordic_newton_inst/N265_m3) has been disconnected.
I: Const net (pin CEX of inst cordic_newton_inst/N303_m2) has been disconnected.
I: Const net (pin CEY of inst cordic_newton_inst/N303_m2) has been disconnected.
I: Const net (pin CEX of inst cordic_newton_inst/N303_m3) has been disconnected.
I: Const net (pin CEY of inst cordic_newton_inst/N303_m3) has been disconnected.
I: Const net (pin CEX of inst cordic_newton_inst/N341_m2) has been disconnected.
I: Const net (pin CEY of inst cordic_newton_inst/N341_m2) has been disconnected.
I: Const net (pin CEX of inst cordic_newton_inst/N341_m3) has been disconnected.
I: Const net (pin CEY of inst cordic_newton_inst/N341_m3) has been disconnected.
I: Const net (pin CEX of inst cordic_newton_inst/N379_m2) has been disconnected.
I: Const net (pin CEY of inst cordic_newton_inst/N379_m2) has been disconnected.
I: Const net (pin CEX of inst cordic_newton_inst/N379_m3) has been disconnected.
I: Const net (pin CEY of inst cordic_newton_inst/N379_m3) has been disconnected.
I: Const net (pin CEX of inst cordic_newton_inst/N417_m2) has been disconnected.
I: Const net (pin CEY of inst cordic_newton_inst/N417_m2) has been disconnected.
I: Const net (pin CEX of inst cordic_newton_inst/N417_m3) has been disconnected.
I: Const net (pin CEY of inst cordic_newton_inst/N417_m3) has been disconnected.
I: Const net (pin CEX of inst cordic_newton_inst/N455_m1) has been disconnected.
I: Const net (pin CEY of inst cordic_newton_inst/N455_m1) has been disconnected.
I: Const net (pin CEX of inst cordic_newton_inst/N455_m2) has been disconnected.
I: Const net (pin CEY of inst cordic_newton_inst/N455_m2) has been disconnected.
I: Const net (pin CEX of inst cordic_newton_inst/N455_m3) has been disconnected.
I: Const net (pin CEY of inst cordic_newton_inst/N455_m3) has been disconnected.
I: Const net (pin CEX of inst cordic_newton_inst/N493_m1) has been disconnected.
I: Const net (pin CEY of inst cordic_newton_inst/N493_m1) has been disconnected.
I: Const net (pin CEX of inst cordic_newton_inst/N493_m2) has been disconnected.
I: Const net (pin CEY of inst cordic_newton_inst/N493_m2) has been disconnected.
I: Const net (pin CEX of inst cordic_newton_inst/N493_m3) has been disconnected.
I: Const net (pin CEY of inst cordic_newton_inst/N493_m3) has been disconnected.
I: Const net (pin CEX of inst cordic_newton_inst/N531_m1) has been disconnected.
I: Const net (pin CEY of inst cordic_newton_inst/N531_m1) has been disconnected.
I: Const net (pin CEX of inst cordic_newton_inst/N531_m2) has been disconnected.
I: Const net (pin CEY of inst cordic_newton_inst/N531_m2) has been disconnected.
I: Const net (pin CEX of inst cordic_newton_inst/N531_m3) has been disconnected.
I: Const net (pin CEY of inst cordic_newton_inst/N531_m3) has been disconnected.
I: Const net (pin CEX of inst cordic_newton_inst/N569_m1) has been disconnected.
I: Const net (pin CEY of inst cordic_newton_inst/N569_m1) has been disconnected.
I: Const net (pin CEX of inst cordic_newton_inst/N569_m2) has been disconnected.
I: Const net (pin CEY of inst cordic_newton_inst/N569_m2) has been disconnected.
I: Const net (pin CEX of inst cordic_newton_inst/N569_m3) has been disconnected.
I: Const net (pin CEY of inst cordic_newton_inst/N569_m3) has been disconnected.
I: Const net (pin CEX of inst cordic_newton_inst/N607_m1) has been disconnected.
I: Const net (pin CEY of inst cordic_newton_inst/N607_m1) has been disconnected.
I: Const net (pin CEX of inst cordic_newton_inst/N607_m2) has been disconnected.
I: Const net (pin CEY of inst cordic_newton_inst/N607_m2) has been disconnected.
I: Const net (pin CEX of inst cordic_newton_inst/N607_m3) has been disconnected.
I: Const net (pin CEY of inst cordic_newton_inst/N607_m3) has been disconnected.
I: Const net (pin CEX of inst cordic_newton_inst/N645_m1) has been disconnected.
I: Const net (pin CEY of inst cordic_newton_inst/N645_m1) has been disconnected.
I: Const net (pin CEX of inst cordic_newton_inst/N645_m2) has been disconnected.
I: Const net (pin CEY of inst cordic_newton_inst/N645_m2) has been disconnected.
I: Const net (pin CEX of inst cordic_newton_inst/N645_m3) has been disconnected.
I: Const net (pin CEY of inst cordic_newton_inst/N645_m3) has been disconnected.
I: Const net (pin CEX of inst cordic_newton_inst/N683_m1) has been disconnected.
I: Const net (pin CEY of inst cordic_newton_inst/N683_m1) has been disconnected.
I: Const net (pin CEX of inst cordic_newton_inst/N683_m2) has been disconnected.
I: Const net (pin CEY of inst cordic_newton_inst/N683_m2) has been disconnected.
I: Const net (pin CEX of inst cordic_newton_inst/N683_m3) has been disconnected.
I: Const net (pin CEY of inst cordic_newton_inst/N683_m3) has been disconnected.
I: Const net (pin CEX of inst cordic_newton_inst/N721_m1) has been disconnected.
I: Const net (pin CEY of inst cordic_newton_inst/N721_m1) has been disconnected.
I: Const net (pin CEX of inst cordic_newton_inst/N721_m2) has been disconnected.
I: Const net (pin CEY of inst cordic_newton_inst/N721_m2) has been disconnected.
I: Const net (pin CEX of inst cordic_newton_inst/N759_m1) has been disconnected.
I: Const net (pin CEY of inst cordic_newton_inst/N759_m1) has been disconnected.
I: Const net (pin CEX of inst cordic_newton_inst/N797_m1) has been disconnected.
I: Const net (pin CEY of inst cordic_newton_inst/N797_m1) has been disconnected.
I: Const net (pin CEX of inst cordic_newton_inst/N835_m1) has been disconnected.
I: Const net (pin CEY of inst cordic_newton_inst/N835_m1) has been disconnected.
I: Const net (pin CEX of inst cordic_newton_inst/N873_m1) has been disconnected.
I: Const net (pin CEY of inst cordic_newton_inst/N873_m1) has been disconnected.
I: Const net (pin CEX of inst cordic_newton_inst/N904_m1) has been disconnected.
I: Const net (pin CEY of inst cordic_newton_inst/N904_m1) has been disconnected.
Checking design netlist.
Processing tech operator.
I: The instance clkbufg_0(GTP_CLKBUFG) has been inserted on the net nt_clk_50m in design, driver pin O(instance clk_50m_ibuf) -> load pin CLK(instance N16_m1).
Converting tech operator to gate operator.
Processing gate operator.
I: Infer CARRY group, base inst: N7_0_1/gateop, insts:17.
I: Infer CARRY group, base inst: N12_0_1/gateop, insts:17.
I: Infer CARRY group, base inst: cordic_newton_inst/N341_m1_m2_m2_m2_a1_2_1/gateop, insts:4.
I: Infer CARRY group, base inst: cordic_newton_inst/N379_m1_m2_m2_a1_1_0/gateop, insts:7.
I: Infer CARRY group, base inst: cordic_newton_inst/N379_m1_m2_m2_m2_a1_1_1/gateop, insts:6.
I: Infer CARRY group, base inst: cordic_newton_inst/N379_m1_m2_m2_m2_m2_a1_1_1/gateop, insts:5.
I: Infer CARRY group, base inst: cordic_newton_inst/N417_m1_m2_m2_a1_2_0/gateop, insts:9.
I: Infer CARRY group, base inst: cordic_newton_inst/N417_m1_m2_m2_m1_a1_1_1/gateop, insts:5.
I: Infer CARRY group, base inst: cordic_newton_inst/N417_m1_m2_m2_m2_a1_2_1/gateop, insts:7.
I: Infer CARRY group, base inst: cordic_newton_inst/N417_m1_m2_m2_m2_m2_a1_1_0/gateop, insts:7.
I: Infer CARRY group, base inst: cordic_newton_inst/N456.lt_0/gateop, insts:12.
I: Infer CARRY group, base inst: cordic_newton_inst/N494.lt_0/gateop, insts:13.
I: Infer CARRY group, base inst: cordic_newton_inst/N532.lt_0/gateop, insts:13.
I: Infer CARRY group, base inst: cordic_newton_inst/N570.lt_0/gateop, insts:13.
I: Infer CARRY group, base inst: cordic_newton_inst/N608.lt_0/gateop, insts:14.
I: Infer CARRY group, base inst: cordic_newton_inst/N646.lt_0/gateop, insts:13.
I: Infer CARRY group, base inst: cordic_newton_inst/N684.lt_0/gateop, insts:13.
I: Infer CARRY group, base inst: cordic_newton_inst/N722.lt_0/gateop, insts:12.
I: Infer CARRY group, base inst: cordic_newton_inst/N760.lt_0/gateop, insts:10.
I: Infer CARRY group, base inst: cordic_newton_inst/N798.lt_0/gateop, insts:10.
I: Infer CARRY group, base inst: cordic_newton_inst/N836.lt_0/gateop, insts:11.
I: Infer CARRY group, base inst: cordic_newton_inst/N874.lt_0/gateop, insts:11.
I: Infer CARRY group, base inst: cordic_newton_inst/N905.lt_0/gateop, insts:11.
I: Infer CARRY group, base inst: cordic_newton_inst/N265_m2/gopapm, insts:2.
I: Infer CARRY group, base inst: cordic_newton_inst/N303_m2/gopapm, insts:2.
I: Infer CARRY group, base inst: cordic_newton_inst/N341_m2/gopapm, insts:2.
I: Infer CARRY group, base inst: cordic_newton_inst/N379_m2/gopapm, insts:2.
I: Infer CARRY group, base inst: cordic_newton_inst/N417_m2/gopapm, insts:2.
I: Infer CARRY group, base inst: cordic_newton_inst/N455_m1/gopapm, insts:3.
I: Infer CARRY group, base inst: cordic_newton_inst/N493_m1/gopapm, insts:3.
I: Infer CARRY group, base inst: cordic_newton_inst/N531_m1/gopapm, insts:3.
I: Infer CARRY group, base inst: cordic_newton_inst/N569_m1/gopapm, insts:3.
I: Infer CARRY group, base inst: cordic_newton_inst/N607_m1/gopapm, insts:3.
I: Infer CARRY group, base inst: cordic_newton_inst/N645_m1/gopapm, insts:3.
I: Infer CARRY group, base inst: cordic_newton_inst/N683_m1/gopapm, insts:3.
I: Infer CARRY group, base inst: cordic_newton_inst/N721_m1/gopapm, insts:2.
Device mapping done.
Total device mapping takes 0.30 sec.

Device Utilization Summary:
+------------------------------------------------------------------------+
| Logic Utilization     | Used     | Available     | Utilization(%)     
+------------------------------------------------------------------------+
| APM                   | 40       | 40            | 100                
| IOCKDLY               | 0        | 32            | 0                  
| FF                    | 275      | 33840         | 1                  
| LUT                   | 471      | 22560         | 3                  
| Distributed RAM       | 0        | 7568          | 0                  
| DLL                   | 0        | 8             | 0                  
| DQSL                  | 0        | 12            | 0                  
| DRM                   | 0        | 60            | 0                  
| FUSECODE              | 0        | 1             | 0                  
| IO                    | 78       | 308           | 26                 
| IOCKDIV               | 0        | 16            | 0                  
| IOCKGATE              | 0        | 16            | 0                  
| IPAL                  | 0        | 1             | 0                  
| PLL                   | 0        | 4             | 0                  
| RCKB                  | 0        | 16            | 0                  
| SCANCHAIN             | 0        | 2             | 0                  
| START                 | 0        | 1             | 0                  
| USCM                  | 1        | 30            | 4                  
| OSC                   | 0        | 1             | 0                  
| CRYSTAL               | 0        | 4             | 0                  
| RESCAL                | 0        | 4             | 0                  
| UDID                  | 0        | 1             | 0                  
+------------------------------------------------------------------------+

Design 'data_module_fft' has been successfully mapped to architecture-specific objects.
Saving design to DB.
Action dev_map: Real time elapsed is 0h:0m:5s
Action dev_map: CPU time elapsed is 0h:0m:3s
Action dev_map: Process CPU time elapsed is 0h:0m:3s
Current time: Mon Apr  1 10:17:34 2024
Action dev_map: Peak memory pool usage is 248 MB
