#Build: Fabric Compiler 2022.1, Build 99559, Jul 12 00:20 2022
#Install: D:\fpga_competition\FPGA_competition\ziguangtongchuang_file\MES50HP_v3\set_up\set_up_file\PDS_2022.1\bin
#Application name: pds_shell.exe
#OS: Windows 10 10.0.22000
#Hostname: Thecomputerofmartin
Generated by Fabric Compiler (version 2022.1 build 99559) at Sun May 26 11:24:43 2024
Compiling verification operator library.
Compiling common defs.
Compiling prim grid devices.
Compiling gate devices.
Compiling gate operators.
Building architecture model.
Loading device packaging model.
Building architecture floorplan logic view.
Constraint check start.
Executing : def_port {eth_rgmii_tx_ctl_0} LOC=B18 VCCIO=3.3 IOSTANDARD=LVCMOS33 DRIVE=4 SLEW=FAST NONE=TRUE
C: ConstraintEditor-2002: [C:/Users/86151/Desktop/auido_fft_fir/ziguangTongchuang_Competition_Documents/prj/prj_udp_loop/device_map/udp_loop.pcf(line number: 3)] | Port eth_rgmii_tx_ctl_0 has been placed at location B18, whose type is share pin.
Executing : def_port {eth_rgmii_tx_ctl_0} LOC=B18 VCCIO=3.3 IOSTANDARD=LVCMOS33 DRIVE=4 SLEW=FAST NONE=TRUE successfully
Executing : def_port {eth_rgmii_txc_0} LOC=G16 VCCIO=3.3 IOSTANDARD=LVCMOS33 DRIVE=4 SLEW=FAST NONE=TRUE
Executing : def_port {eth_rgmii_txc_0} LOC=G16 VCCIO=3.3 IOSTANDARD=LVCMOS33 DRIVE=4 SLEW=FAST NONE=TRUE successfully
Executing : def_port {eth_rgmii_txd_0[0]} LOC=F17 VCCIO=3.3 IOSTANDARD=LVCMOS33 DRIVE=4 SLEW=FAST NONE=TRUE
Executing : def_port {eth_rgmii_txd_0[0]} LOC=F17 VCCIO=3.3 IOSTANDARD=LVCMOS33 DRIVE=4 SLEW=FAST NONE=TRUE successfully
Executing : def_port {eth_rgmii_txd_0[1]} LOC=D17 VCCIO=3.3 IOSTANDARD=LVCMOS33 DRIVE=4 SLEW=FAST NONE=TRUE
C: ConstraintEditor-2002: [C:/Users/86151/Desktop/auido_fft_fir/ziguangTongchuang_Competition_Documents/prj/prj_udp_loop/device_map/udp_loop.pcf(line number: 6)] | Port eth_rgmii_txd_0[1] has been placed at location D17, whose type is share pin.
Executing : def_port {eth_rgmii_txd_0[1]} LOC=D17 VCCIO=3.3 IOSTANDARD=LVCMOS33 DRIVE=4 SLEW=FAST NONE=TRUE successfully
Executing : def_port {eth_rgmii_txd_0[2]} LOC=C18 VCCIO=3.3 IOSTANDARD=LVCMOS33 DRIVE=4 SLEW=FAST NONE=TRUE
C: ConstraintEditor-2002: [C:/Users/86151/Desktop/auido_fft_fir/ziguangTongchuang_Competition_Documents/prj/prj_udp_loop/device_map/udp_loop.pcf(line number: 7)] | Port eth_rgmii_txd_0[2] has been placed at location C18, whose type is share pin.
Executing : def_port {eth_rgmii_txd_0[2]} LOC=C18 VCCIO=3.3 IOSTANDARD=LVCMOS33 DRIVE=4 SLEW=FAST NONE=TRUE successfully
Executing : def_port {eth_rgmii_txd_0[3]} LOC=A18 VCCIO=3.3 IOSTANDARD=LVCMOS33 DRIVE=4 SLEW=FAST NONE=TRUE
C: ConstraintEditor-2002: [C:/Users/86151/Desktop/auido_fft_fir/ziguangTongchuang_Competition_Documents/prj/prj_udp_loop/device_map/udp_loop.pcf(line number: 8)] | Port eth_rgmii_txd_0[3] has been placed at location A18, whose type is share pin.
Executing : def_port {eth_rgmii_txd_0[3]} LOC=A18 VCCIO=3.3 IOSTANDARD=LVCMOS33 DRIVE=4 SLEW=FAST NONE=TRUE successfully
Executing : def_port {eth_rst_n_0} LOC=B20 VCCIO=3.3 IOSTANDARD=LVCMOS33 DRIVE=4 SLEW=FAST NONE=TRUE
C: ConstraintEditor-2002: [C:/Users/86151/Desktop/auido_fft_fir/ziguangTongchuang_Competition_Documents/prj/prj_udp_loop/device_map/udp_loop.pcf(line number: 9)] | Port eth_rst_n_0 has been placed at location B20, whose type is share pin.
Executing : def_port {eth_rst_n_0} LOC=B20 VCCIO=3.3 IOSTANDARD=LVCMOS33 DRIVE=4 SLEW=FAST NONE=TRUE successfully
Executing : def_port {eth_rgmii_rx_ctl_0} LOC=F9 VCCIO=3.3 IOSTANDARD=LVCMOS33 NONE=TRUE
Executing : def_port {eth_rgmii_rx_ctl_0} LOC=F9 VCCIO=3.3 IOSTANDARD=LVCMOS33 NONE=TRUE successfully
Executing : def_port {eth_rgmii_rxc_0} LOC=F14 VCCIO=3.3 IOSTANDARD=LVCMOS33 NONE=TRUE
Executing : def_port {eth_rgmii_rxc_0} LOC=F14 VCCIO=3.3 IOSTANDARD=LVCMOS33 NONE=TRUE successfully
Executing : def_port {eth_rgmii_rxd_0[0]} LOC=H10 VCCIO=3.3 IOSTANDARD=LVCMOS33 NONE=TRUE
Executing : def_port {eth_rgmii_rxd_0[0]} LOC=H10 VCCIO=3.3 IOSTANDARD=LVCMOS33 NONE=TRUE successfully
Executing : def_port {eth_rgmii_rxd_0[1]} LOC=H11 VCCIO=3.3 IOSTANDARD=LVCMOS33 NONE=TRUE
Executing : def_port {eth_rgmii_rxd_0[1]} LOC=H11 VCCIO=3.3 IOSTANDARD=LVCMOS33 NONE=TRUE successfully
Executing : def_port {eth_rgmii_rxd_0[2]} LOC=G13 VCCIO=3.3 IOSTANDARD=LVCMOS33 NONE=TRUE
Executing : def_port {eth_rgmii_rxd_0[2]} LOC=G13 VCCIO=3.3 IOSTANDARD=LVCMOS33 NONE=TRUE successfully
Executing : def_port {eth_rgmii_rxd_0[3]} LOC=H13 VCCIO=3.3 IOSTANDARD=LVCMOS33 NONE=TRUE
Executing : def_port {eth_rgmii_rxd_0[3]} LOC=H13 VCCIO=3.3 IOSTANDARD=LVCMOS33 NONE=TRUE successfully
Executing : def_port {sys_clk} LOC=P20 VCCIO=3.3 IOSTANDARD=LVCMOS33 NONE=TRUE
Executing : def_port {sys_clk} LOC=P20 VCCIO=3.3 IOSTANDARD=LVCMOS33 NONE=TRUE successfully
Constraint check end.
I: Column Clock Check open.
Read Column Clock Map.

Placement started.
Phase 1 Pre global placement started.
Mapping instance eth0_gmii_to_rgmii/rgmii_clk_delay/opit_0 to IOCKDLY_84_360.
Phase 1.1 1st GP placement started.
Design Utilization : 9%.
Wirelength after clock region global placement is 21854.
1st GP placement takes 4.91 sec.

Phase 1.2 Clock placement started.
Mapping instance eth0_gmii_to_rgmii/GTP_CLKBUFG_RXSHFT/gopclkbufg to USCM_84_108.
Mapping instance clkbufg_0/gopclkbufg to USCM_84_109.
Clock placement takes 0.17 sec.

Pre global placement takes 6.81 sec.

Phase 2 Global placement started.
Phase 2.1 Fixed placement started.
Placed fixed group with base inst eth0_gmii_to_rgmii/gmii_ctl_in/gateigddr_IOL on IOL_71_373.
Placed fixed group with base inst eth0_gmii_to_rgmii/gtp_outbuft1/opit_1_IOL on IOL_311_374.
Placed fixed group with base inst eth0_gmii_to_rgmii/gtp_outbuft6/opit_1_IOL on IOL_299_374.
Placed fixed group with base inst eth0_gmii_to_rgmii/rgmii_rx_data[0].gmii_rxd_in/gateigddr_IOL on IOL_75_374.
Placed fixed group with base inst eth0_gmii_to_rgmii/rgmii_rx_data[1].gmii_rxd_in/gateigddr_IOL on IOL_75_373.
Placed fixed group with base inst eth0_gmii_to_rgmii/rgmii_rx_data[2].gmii_rxd_in/gateigddr_IOL on IOL_251_373.
Placed fixed group with base inst eth0_gmii_to_rgmii/rgmii_rx_data[3].gmii_rxd_in/gateigddr_IOL on IOL_251_374.
Placed fixed group with base inst eth0_gmii_to_rgmii/rgmii_tx_data[0].gtp_outbuft1/opit_1_IOL on IOL_299_373.
Placed fixed group with base inst eth0_gmii_to_rgmii/rgmii_tx_data[1].gtp_outbuft1/opit_1_IOL on IOL_323_374.
Placed fixed group with base inst eth0_gmii_to_rgmii/rgmii_tx_data[2].gtp_outbuft1/opit_1_IOL on IOL_323_373.
Placed fixed group with base inst eth0_gmii_to_rgmii/rgmii_tx_data[3].gtp_outbuft1/opit_1_IOL on IOL_311_373.
Placed fixed group with base inst eth_rgmii_rxc_0_ibuf/opit_1 on IOL_243_374.
Placed fixed group with base inst eth_rst_n_0_obuf/opit_1 on IOL_319_374.
Placed fixed group with base inst sys_clk_ibuf/opit_1 on IOL_327_210.
Placed fixed instance clkbufg_0/gopclkbufg on USCM_84_109.
Placed fixed instance eth0_gmii_to_rgmii/GTP_CLKBUFG_RXSHFT/gopclkbufg on USCM_84_108.
Placed fixed instance eth0_gmii_to_rgmii/rgmii_clk_delay/opit_0 on IOCKDLY_84_360.
Placed fixed instance BKCL_auto_0 on BKCL_188_376.
Placed fixed instance BKCL_auto_1 on BKCL_328_184.
Fixed placement takes 0.00 sec.

Phase 2.2 Process placement started.
Placed instance eth0_gmii_to_rgmii/clk_dll/gopdll(gopDLL) on DLL_86_363, and placed eth0_gmii_to_rgmii/rgmii_clk_delay/opit_0(gopCLKDELAY) on IOCKDLY_84_360.
Process placement takes 0.00 sec.

Phase 2.3 IO placement started.
IO placement takes 0.02 sec.

Phase 2.4 2nd GP placement started.
Run super clustering :
	Initial slack 983410.
	10 iterations finished.
	Final slack 990595.
Super clustering done.
Design Utilization : 9%.
2nd GP placement takes 4.98 sec.

Wirelength after global placement is 22764.
Global placement takes 5.00 sec.

Phase 3 Post global placement started.
Phase 3.1 Macro cell placement started.
Wirelength after macro cell placement is 22764.
Macro cell placement takes 0.00 sec.

Phase 3.2 3rd GP placement started.
Run super clustering :
	Initial slack 983410.
	10 iterations finished.
	Final slack 990595.
Super clustering done.
Design Utilization : 9%.
3rd GP placement takes 4.95 sec.

Wirelength after post global placement is 22764.
Post global placement takes 4.95 sec.

Phase 4 Legalization started.
The average distance in LP is 2.429592.
Wirelength after legalization is 32482.
Legalization takes 0.33 sec.

Phase 5 Timing-driven detailed placement started.
Phase 5.1 Replication placement started.
Worst slack before Replication Place is 990626.
Replication placement takes 0.23 sec.

Wirelength after replication placement is 32482.
Phase 5.2 DP placement started.
Legalized cost 990626.000000.
The detailed placement ends at 0th iteration.
DP placement takes 0.20 sec.

Wirelength after detailed placement is 32482.
Timing-driven detailed placement takes 0.44 sec.

Worst slack is 990626, TNS after placement is 0.
Placement done.
Total placement takes 18.77 sec.
Finished placement. (CPU time elapsed 0h:00m:18s)

Routing started.
Building routing graph takes 1.66 sec.
Worst slack is 990626, TNS before global route is 0.
Processing design graph takes 0.50 sec.
Total memory for routing:
	118.472162 M.
Total nets for routing : 4996.
Rcf routing step 1 processed 0 nets, it takes 0.00 sec.
Rcf routing step 2 processed 0 nets, it takes 0.00 sec.
Rcf routing step 3 processed 0 nets, it takes 0.00 sec.
Global Routing step 1 processed 0 nets, it takes 0.00 sec.
Global Routing step 2 processed 0 nets, it takes 0.02 sec.
Unrouted nets 89 at the end of iteration 0.
Unrouted nets 42 at the end of iteration 1.
Unrouted nets 29 at the end of iteration 2.
Unrouted nets 16 at the end of iteration 3.
Unrouted nets 8 at the end of iteration 4.
Unrouted nets 6 at the end of iteration 5.
Unrouted nets 8 at the end of iteration 6.
Unrouted nets 8 at the end of iteration 7.
Unrouted nets 5 at the end of iteration 8.
Unrouted nets 3 at the end of iteration 9.
Unrouted nets 1 at the end of iteration 10.
Unrouted nets 1 at the end of iteration 11.
Unrouted nets 1 at the end of iteration 12.
Unrouted nets 2 at the end of iteration 13.
Unrouted nets 1 at the end of iteration 14.
Unrouted nets 4 at the end of iteration 15.
Unrouted nets 2 at the end of iteration 16.
Unrouted nets 2 at the end of iteration 17.
Unrouted nets 3 at the end of iteration 18.
Unrouted nets 3 at the end of iteration 19.
Unrouted nets 0 at the end of iteration 20.
Global Routing step 3 processed 181 nets, it takes 1.34 sec.
Global routing takes 1.39 sec.
Total 6300 subnets.
    forward max bucket size 982 , backward 681.
        Unrouted nets 4616 at the end of iteration 0.
    route iteration 0, CPU time elapsed 1.078125 sec.
    forward max bucket size 891 , backward 39.
        Unrouted nets 3488 at the end of iteration 1.
    route iteration 1, CPU time elapsed 0.765625 sec.
    forward max bucket size 35 , backward 61.
        Unrouted nets 2744 at the end of iteration 2.
    route iteration 2, CPU time elapsed 0.703125 sec.
    forward max bucket size 74 , backward 827.
        Unrouted nets 2264 at the end of iteration 3.
    route iteration 3, CPU time elapsed 0.687500 sec.
    forward max bucket size 44 , backward 89.
        Unrouted nets 2450 at the end of iteration 4.
    route iteration 4, CPU time elapsed 0.531250 sec.
    forward max bucket size 35 , backward 61.
        Unrouted nets 2275 at the end of iteration 5.
    route iteration 5, CPU time elapsed 0.468750 sec.
    forward max bucket size 43 , backward 70.
        Unrouted nets 2020 at the end of iteration 6.
    route iteration 6, CPU time elapsed 0.437500 sec.
    forward max bucket size 40 , backward 99.
        Unrouted nets 1681 at the end of iteration 7.
    route iteration 7, CPU time elapsed 0.375000 sec.
    forward max bucket size 45 , backward 75.
        Unrouted nets 1382 at the end of iteration 8.
    route iteration 8, CPU time elapsed 0.296875 sec.
    forward max bucket size 46 , backward 78.
        Unrouted nets 1168 at the end of iteration 9.
    route iteration 9, CPU time elapsed 0.281250 sec.
    forward max bucket size 49 , backward 72.
        Unrouted nets 944 at the end of iteration 10.
    route iteration 10, CPU time elapsed 0.234375 sec.
    forward max bucket size 45 , backward 62.
        Unrouted nets 762 at the end of iteration 11.
    route iteration 11, CPU time elapsed 0.187500 sec.
    forward max bucket size 38 , backward 57.
        Unrouted nets 633 at the end of iteration 12.
    route iteration 12, CPU time elapsed 0.156250 sec.
    forward max bucket size 51 , backward 69.
        Unrouted nets 527 at the end of iteration 13.
    route iteration 13, CPU time elapsed 0.156250 sec.
    forward max bucket size 55 , backward 89.
        Unrouted nets 415 at the end of iteration 14.
    route iteration 14, CPU time elapsed 0.109375 sec.
    forward max bucket size 45 , backward 102.
        Unrouted nets 326 at the end of iteration 15.
    route iteration 15, CPU time elapsed 0.109375 sec.
    forward max bucket size 34 , backward 38.
        Unrouted nets 243 at the end of iteration 16.
    route iteration 16, CPU time elapsed 0.078125 sec.
    forward max bucket size 45 , backward 43.
        Unrouted nets 203 at the end of iteration 17.
    route iteration 17, CPU time elapsed 0.062500 sec.
    forward max bucket size 48 , backward 80.
        Unrouted nets 180 at the end of iteration 18.
    route iteration 18, CPU time elapsed 0.046875 sec.
    forward max bucket size 34 , backward 37.
        Unrouted nets 137 at the end of iteration 19.
    route iteration 19, CPU time elapsed 0.062500 sec.
    forward max bucket size 45 , backward 48.
        Unrouted nets 131 at the end of iteration 20.
    route iteration 20, CPU time elapsed 0.046875 sec.
    forward max bucket size 37 , backward 70.
        Unrouted nets 101 at the end of iteration 21.
    route iteration 21, CPU time elapsed 0.046875 sec.
    forward max bucket size 32 , backward 29.
        Unrouted nets 100 at the end of iteration 22.
    route iteration 22, CPU time elapsed 0.046875 sec.
    forward max bucket size 37 , backward 35.
        Unrouted nets 80 at the end of iteration 23.
    route iteration 23, CPU time elapsed 0.046875 sec.
    forward max bucket size 57 , backward 134.
        Unrouted nets 61 at the end of iteration 24.
    route iteration 24, CPU time elapsed 0.046875 sec.
    forward max bucket size 54 , backward 76.
        Unrouted nets 60 at the end of iteration 25.
    route iteration 25, CPU time elapsed 0.031250 sec.
    forward max bucket size 26 , backward 23.
        Unrouted nets 49 at the end of iteration 26.
    route iteration 26, CPU time elapsed 0.031250 sec.
    forward max bucket size 29 , backward 37.
        Unrouted nets 43 at the end of iteration 27.
    route iteration 27, CPU time elapsed 0.031250 sec.
    forward max bucket size 28 , backward 29.
        Unrouted nets 27 at the end of iteration 28.
    route iteration 28, CPU time elapsed 0.015625 sec.
    forward max bucket size 95 , backward 94.
        Unrouted nets 26 at the end of iteration 29.
    route iteration 29, CPU time elapsed 0.031250 sec.
    forward max bucket size 28 , backward 26.
        Unrouted nets 23 at the end of iteration 30.
    route iteration 30, CPU time elapsed 0.031250 sec.
    forward max bucket size 24 , backward 26.
        Unrouted nets 17 at the end of iteration 31.
    route iteration 31, CPU time elapsed 0.031250 sec.
    forward max bucket size 14 , backward 19.
        Unrouted nets 8 at the end of iteration 32.
    route iteration 32, CPU time elapsed 0.015625 sec.
    forward max bucket size 11 , backward 10.
        Unrouted nets 7 at the end of iteration 33.
    route iteration 33, CPU time elapsed 0.015625 sec.
    forward max bucket size 21 , backward 20.
        Unrouted nets 6 at the end of iteration 34.
    route iteration 34, CPU time elapsed 0.015625 sec.
    forward max bucket size 18 , backward 14.
        Unrouted nets 3 at the end of iteration 35.
    route iteration 35, CPU time elapsed 0.015625 sec.
    forward max bucket size 12 , backward 8.
        Unrouted nets 2 at the end of iteration 36.
    route iteration 36, CPU time elapsed 0.015625 sec.
    forward max bucket size 17 , backward 10.
        Unrouted nets 4 at the end of iteration 37.
    route iteration 37, CPU time elapsed 0.015625 sec.
    forward max bucket size 22 , backward 34.
        Unrouted nets 5 at the end of iteration 38.
    route iteration 38, CPU time elapsed 0.015625 sec.
    forward max bucket size 14 , backward 18.
        Unrouted nets 6 at the end of iteration 39.
    route iteration 39, CPU time elapsed 0.015625 sec.
    forward max bucket size 15 , backward 19.
        Unrouted nets 8 at the end of iteration 40.
    route iteration 40, CPU time elapsed 0.031250 sec.
    forward max bucket size 22 , backward 28.
        Unrouted nets 9 at the end of iteration 41.
    route iteration 41, CPU time elapsed 0.031250 sec.
    forward max bucket size 23 , backward 32.
        Unrouted nets 3 at the end of iteration 42.
    route iteration 42, CPU time elapsed 0.031250 sec.
    forward max bucket size 26 , backward 15.
        Unrouted nets 2 at the end of iteration 43.
    route iteration 43, CPU time elapsed 0.031250 sec.
    forward max bucket size 9 , backward 5.
        Unrouted nets 0 at the end of iteration 44.
    route iteration 44, CPU time elapsed 0.031250 sec.
Detailed routing takes 44 iterations
C: Route-2036: The clock path from eth_rgmii_rxc_0_ibuf/opit_1:OUT to eth0_gmii_to_rgmii/clk_dll/gopdll:CLK is routed by SRB.
Detailed routing takes 7.88 sec.
Start fix hold violation.
Build tmp routing results takes 0.08 sec.
Timing analysis takes 0.61 sec.
Hold violation fix iter 0 takes 10.80 sec, total_step_forward 142771.
Incremental timing analysis takes 0.55 sec.
Hold violation fix iter 1 takes 1.34 sec, total_step_forward 131405.
Incremental timing analysis takes 0.55 sec.
Hold violation fix iter 2 takes 0.19 sec, total_step_forward 61860.
Incremental timing analysis takes 0.53 sec.
Hold violation fix iter 3 takes 0.17 sec, total_step_forward 61907.
Incremental timing analysis takes 0.53 sec.
Hold violation fix iter 4 takes 0.20 sec, total_step_forward 74340.
Incremental timing analysis takes 0.53 sec.
Hold violation fix iter 5 takes 0.22 sec, total_step_forward 74463.
Hold Violation Fix in router takes 6 iterations.
Fix hold violation Finished.
Hold Violation Fix in router takes 16.48 sec.

Dispose routing result:
    Collect routing result.
    Delete unused device instances.
    Annotate routing result.
    Change LUT configuration.
    Dispose misc instances.
    Annotate routing result again.
Finish routing takes 0.33 sec.
Used SRB routing arc is 68675.
Cleanup routing takes 0.02 sec.
Routing done.
Total routing takes 28.80 sec.
W: Timing-4105: The worst slack of endpoint fifo_udp_loop/u_ipm_distributed_fifo_fifo_udp_loop/ipm_distributed_sdpram_fifo_udp_loop/mem_8_3/ram32x1dp/WD of clock udp_loop|eth_rgmii_rxc_0 is 165ps(fast corner), but required hold violation threshold is 200ps.
C: STA-3017: There are 1 clock cross SRB paths do not meet the required hold violation threshold(200ps).


Device Utilization Summary :
+---------------------------------------------------------------------------+
| Logic Utilization        | Used     | Available     | Utilization(%)     
+---------------------------------------------------------------------------+
| Use of APM               | 0        | 84            | 0                  
| Use of BKCL              | 2        | 4             | 50                 
| Use of CLMA              | 551      | 6450          | 9                  
|   FF                     | 1338     | 38700         | 4                  
|   LUT                    | 1800     | 25800         | 7                  
|   LUT-FF pairs           | 446      | 25800         | 2                  
| Use of CLMS              | 603      | 4250          | 15                 
|   FF                     | 339      | 25500         | 2                  
|   LUT                    | 1729     | 17000         | 11                 
|   LUT-FF pairs           | 90       | 17000         | 1                  
|   Distributed RAM        | 1024     | 17000         | 7                  
| Use of CRYSTAL           | 0        | 2             | 0                  
| Use of DLL               | 1        | 10            | 10                 
| Use of DQSL              | 0        | 18            | 0                  
| Use of DRM               | 0        | 134           | 0                  
| Use of FUSECODE          | 0        | 1             | 0                  
| Use of HARD0N1           | 114      | 6672          | 2                  
| Use of HSST              | 0        | 1             | 0                  
| Use of IO                | 14       | 296           | 5                  
|   IOBD                   | 7        | 64            | 11                 
|   IOBR_LR                | 0        | 7             | 0                  
|   IOBR_TB                | 1        | 8             | 13                 
|   IOBS_LR                | 1        | 161           | 1                  
|   IOBS_TB                | 5        | 56            | 9                  
| Use of IOCKDIV           | 0        | 20            | 0                  
| Use of IOCKDLY           | 1        | 40            | 3                  
| Use of IOCKGATE          | 0        | 20            | 0                  
| Use of IOCKGMUX_TEST     | 0        | 20            | 0                  
| Use of IOL               | 14       | 400           | 4                  
| Use of IPAL              | 0        | 1             | 0                  
| Use of LDO               | 0        | 4             | 0                  
| Use of MFG_TEST          | 0        | 1             | 0                  
| Use of OSC               | 0        | 1             | 0                  
| Use of PCIE              | 0        | 1             | 0                  
| Use of PIOMUX_TEST       | 0        | 10            | 0                  
| Use of PLL               | 0        | 5             | 0                  
| Use of PREGMUX_TEST      | 0        | 6             | 0                  
| Use of RCKB              | 1        | 24            | 5                  
| Use of RCKBMUX_TEST      | 0        | 12            | 0                  
| Use of RESCAL            | 0        | 4             | 0                  
| Use of SCANCHAIN         | 0        | 2             | 0                  
| Use of START             | 1        | 1             | 100                
| Use of UDID              | 0        | 1             | 0                  
| Use of USCM              | 2        | 30            | 7                  
| Use of USCMMUX_TEST      | 0        | 30            | 0                  
| Use of VCKBMUX_TEST      | 0        | 12            | 0                  
+---------------------------------------------------------------------------+

Finished routing. (CPU time elapsed 0h:00m:28s)
Design 'udp_loop' has been placed and routed successfully.
Saving design to DB.
Finished placement and routing. (CPU time elapsed 0h:00m:58s)
Action pnr: Real time elapsed is 0h:1m:1s
Action pnr: CPU time elapsed is 0h:0m:59s
Action pnr: Process CPU time elapsed is 0h:0m:59s
Current time: Sun May 26 11:25:42 2024
Action pnr: Peak memory pool usage is 880 MB
