#Build: Fabric Compiler 2022.1, Build 99559, Jul 12 00:20 2022
#Install: D:\fpga_competition\FPGA_competition\ziguangtongchuang_file\MES50HP_v3\set_up\set_up_file\PDS_2022.1\bin
#Application name: pds_shell.exe
#OS: Windows 10 10.0.22000
#Hostname: Thecomputerofmartin
Generated by Fabric Compiler (version 2022.1 build 99559) at Wed May  1 19:34:00 2024
Compiling verification operator library.
Compiling common defs.
Loading technology operator library.
Compiling technology operator library.
Compiling technology operator (valence) library.
Compiling operator packing rules.
Compiling prim grid devices.
Compiling gate devices.
Compiling gate operators.
Compiling tech operator impls.
Building architecture model.
Loading device packaging model.
Reading design from translate DB.
C: SDC-2025: Clock source 'n:voice_loop_test_inst/ES7243E_reg_config/clock_i2c' need a clock constraint, please use 'create_clock' or 'create_generate_clock' to generate.
Flattening design 'audio_udp_top'
Device mapping started.
Optimizing circuit logic.
W: Public-4008: Instance 'voice_loop_test_inst/ce' of 'GTP_DFF_R' unit is dangling and will be cleaned.
W: Public-4008: Instance 'voice_loop_test_inst/cnt_12M[0]' of 'GTP_DFF_R' unit is dangling and will be cleaned.
W: Public-4008: Instance 'voice_loop_test_inst/cnt_12M[1]' of 'GTP_DFF_R' unit is dangling and will be cleaned.
W: Public-4008: Instance 'voice_loop_test_inst/cnt_12M[2]' of 'GTP_DFF_R' unit is dangling and will be cleaned.
W: Public-4008: Instance 'voice_loop_test_inst/cnt_12M[3]' of 'GTP_DFF_R' unit is dangling and will be cleaned.
W: Public-4008: Instance 'voice_loop_test_inst/cnt_12M[4]' of 'GTP_DFF_R' unit is dangling and will be cleaned.
W: Public-4008: Instance 'voice_loop_test_inst/cnt_12M[5]' of 'GTP_DFF_R' unit is dangling and will be cleaned.
W: Public-4008: Instance 'voice_loop_test_inst/cnt_12M[6]' of 'GTP_DFF_R' unit is dangling and will be cleaned.
W: Public-4008: Instance 'voice_loop_test_inst/cnt_12M[7]' of 'GTP_DFF_R' unit is dangling and will be cleaned.
W: Public-4008: Instance 'voice_loop_test_inst/cnt_12M[8]' of 'GTP_DFF_R' unit is dangling and will be cleaned.
W: Public-4008: Instance 'voice_loop_test_inst/cnt_12M[9]' of 'GTP_DFF_R' unit is dangling and will be cleaned.
W: Public-4008: Instance 'voice_loop_test_inst/cnt_12M[10]' of 'GTP_DFF_R' unit is dangling and will be cleaned.
W: Public-4008: Instance 'voice_loop_test_inst/cnt_12M[11]' of 'GTP_DFF_R' unit is dangling and will be cleaned.
W: Public-4008: Instance 'voice_loop_test_inst/cnt_12M[12]' of 'GTP_DFF_R' unit is dangling and will be cleaned.
W: Public-4008: Instance 'voice_loop_test_inst/cnt_12M[13]' of 'GTP_DFF_R' unit is dangling and will be cleaned.
W: Public-4008: Instance 'voice_loop_test_inst/cnt_12M[14]' of 'GTP_DFF_R' unit is dangling and will be cleaned.
W: Public-4008: Instance 'voice_loop_test_inst/cnt_12M[15]' of 'GTP_DFF_R' unit is dangling and will be cleaned.
W: Public-4008: Instance 'voice_loop_test_inst/cnt_12M[16]' of 'GTP_DFF_R' unit is dangling and will be cleaned.
W: Public-4008: Instance 'udp_top_inst/eth0_gmii_to_rgmii/mac_rx_data[0]' of 'GTP_DFF' unit is dangling and will be cleaned.
W: Public-4008: Instance 'udp_top_inst/eth0_gmii_to_rgmii/mac_rx_data[1]' of 'GTP_DFF' unit is dangling and will be cleaned.
W: Public-4008: Instance 'udp_top_inst/eth0_gmii_to_rgmii/mac_rx_data[2]' of 'GTP_DFF' unit is dangling and will be cleaned.
W: Public-4008: Instance 'udp_top_inst/eth0_gmii_to_rgmii/mac_rx_data[3]' of 'GTP_DFF' unit is dangling and will be cleaned.
W: Public-4008: Instance 'udp_top_inst/eth0_gmii_to_rgmii/mac_rx_data[4]' of 'GTP_DFF' unit is dangling and will be cleaned.
W: Public-4008: Instance 'udp_top_inst/eth0_gmii_to_rgmii/mac_rx_data[5]' of 'GTP_DFF' unit is dangling and will be cleaned.
W: Public-4008: Instance 'udp_top_inst/eth0_gmii_to_rgmii/mac_rx_data[6]' of 'GTP_DFF' unit is dangling and will be cleaned.
W: Public-4008: Instance 'udp_top_inst/eth0_gmii_to_rgmii/mac_rx_data[7]' of 'GTP_DFF' unit is dangling and will be cleaned.
W: Public-4008: Instance 'udp_top_inst/eth0_gmii_to_rgmii/mac_rx_data_valid' of 'GTP_DFF' unit is dangling and will be cleaned.
W: Public-4008: Instance 'udp_top_inst/u_udp/u_udp_rx/cnt[0]' of 'GTP_DFF_CE' unit is dangling and will be cleaned.
W: Public-4008: Instance 'udp_top_inst/u_udp/u_udp_rx/cnt[1]' of 'GTP_DFF_CE' unit is dangling and will be cleaned.
W: Public-4008: Instance 'udp_top_inst/u_udp/u_udp_rx/cnt[2]' of 'GTP_DFF_CE' unit is dangling and will be cleaned.
W: Public-4008: Instance 'udp_top_inst/u_udp/u_udp_rx/cnt[3]' of 'GTP_DFF_CE' unit is dangling and will be cleaned.
W: Public-4008: Instance 'udp_top_inst/u_udp/u_udp_rx/cnt[4]' of 'GTP_DFF_CE' unit is dangling and will be cleaned.
W: Public-4008: Instance 'udp_top_inst/u_udp/u_udp_rx/cur_state_0' of 'GTP_DFF_P' unit is dangling and will be cleaned.
W: Public-4008: Instance 'udp_top_inst/u_udp/u_udp_rx/cur_state_1' of 'GTP_DFF_C' unit is dangling and will be cleaned.
W: Public-4008: Instance 'udp_top_inst/u_udp/u_udp_rx/cur_state_2' of 'GTP_DFF_C' unit is dangling and will be cleaned.
W: Public-4008: Instance 'udp_top_inst/u_udp/u_udp_rx/cur_state_3' of 'GTP_DFF_C' unit is dangling and will be cleaned.
W: Public-4008: Instance 'udp_top_inst/u_udp/u_udp_rx/cur_state_4' of 'GTP_DFF_C' unit is dangling and will be cleaned.
W: Public-4008: Instance 'udp_top_inst/u_udp/u_udp_rx/cur_state_5' of 'GTP_DFF_C' unit is dangling and will be cleaned.
W: Public-4008: Instance 'udp_top_inst/u_udp/u_udp_rx/cur_state_6' of 'GTP_DFF_C' unit is dangling and will be cleaned.
W: Public-4008: Instance 'udp_top_inst/u_udp/u_udp_rx/data_byte_num[0]' of 'GTP_DFF_CE' unit is dangling and will be cleaned.
W: Public-4008: Instance 'udp_top_inst/u_udp/u_udp_rx/data_byte_num[1]' of 'GTP_DFF_CE' unit is dangling and will be cleaned.
W: Public-4008: Instance 'udp_top_inst/u_udp/u_udp_rx/data_byte_num[2]' of 'GTP_DFF_CE' unit is dangling and will be cleaned.
W: Public-4008: Instance 'udp_top_inst/u_udp/u_udp_rx/data_byte_num[3]' of 'GTP_DFF_CE' unit is dangling and will be cleaned.
W: Public-4008: Instance 'udp_top_inst/u_udp/u_udp_rx/data_byte_num[4]' of 'GTP_DFF_CE' unit is dangling and will be cleaned.
W: Public-4008: Instance 'udp_top_inst/u_udp/u_udp_rx/data_byte_num[5]' of 'GTP_DFF_CE' unit is dangling and will be cleaned.
W: Public-4008: Instance 'udp_top_inst/u_udp/u_udp_rx/data_byte_num[6]' of 'GTP_DFF_CE' unit is dangling and will be cleaned.
W: Public-4008: Instance 'udp_top_inst/u_udp/u_udp_rx/data_byte_num[7]' of 'GTP_DFF_CE' unit is dangling and will be cleaned.
W: Public-4008: Instance 'udp_top_inst/u_udp/u_udp_rx/data_byte_num[8]' of 'GTP_DFF_CE' unit is dangling and will be cleaned.
W: Public-4008: Instance 'udp_top_inst/u_udp/u_udp_rx/data_byte_num[9]' of 'GTP_DFF_CE' unit is dangling and will be cleaned.
W: Public-4008: Instance 'udp_top_inst/u_udp/u_udp_rx/data_byte_num[10]' of 'GTP_DFF_CE' unit is dangling and will be cleaned.
W: Public-4008: Instance 'udp_top_inst/u_udp/u_udp_rx/data_byte_num[11]' of 'GTP_DFF_CE' unit is dangling and will be cleaned.
W: Public-4008: Instance 'udp_top_inst/u_udp/u_udp_rx/data_byte_num[12]' of 'GTP_DFF_CE' unit is dangling and will be cleaned.
W: Public-4008: Instance 'udp_top_inst/u_udp/u_udp_rx/data_byte_num[13]' of 'GTP_DFF_CE' unit is dangling and will be cleaned.
W: Public-4008: Instance 'udp_top_inst/u_udp/u_udp_rx/data_byte_num[14]' of 'GTP_DFF_CE' unit is dangling and will be cleaned.
W: Public-4008: Instance 'udp_top_inst/u_udp/u_udp_rx/data_byte_num[15]' of 'GTP_DFF_CE' unit is dangling and will be cleaned.
W: Public-4008: Instance 'udp_top_inst/u_udp/u_udp_rx/data_cnt[0]' of 'GTP_DFF_CE' unit is dangling and will be cleaned.
W: Public-4008: Instance 'udp_top_inst/u_udp/u_udp_rx/data_cnt[1]' of 'GTP_DFF_CE' unit is dangling and will be cleaned.
W: Public-4008: Instance 'udp_top_inst/u_udp/u_udp_rx/data_cnt[2]' of 'GTP_DFF_CE' unit is dangling and will be cleaned.
W: Public-4008: Instance 'udp_top_inst/u_udp/u_udp_rx/data_cnt[3]' of 'GTP_DFF_CE' unit is dangling and will be cleaned.
W: Public-4008: Instance 'udp_top_inst/u_udp/u_udp_rx/data_cnt[4]' of 'GTP_DFF_CE' unit is dangling and will be cleaned.
W: Public-4008: Instance 'udp_top_inst/u_udp/u_udp_rx/data_cnt[5]' of 'GTP_DFF_CE' unit is dangling and will be cleaned.
W: Public-4008: Instance 'udp_top_inst/u_udp/u_udp_rx/data_cnt[6]' of 'GTP_DFF_CE' unit is dangling and will be cleaned.
W: Public-4008: Instance 'udp_top_inst/u_udp/u_udp_rx/data_cnt[7]' of 'GTP_DFF_CE' unit is dangling and will be cleaned.
W: Public-4008: Instance 'udp_top_inst/u_udp/u_udp_rx/data_cnt[8]' of 'GTP_DFF_CE' unit is dangling and will be cleaned.
W: Public-4008: Instance 'udp_top_inst/u_udp/u_udp_rx/data_cnt[9]' of 'GTP_DFF_CE' unit is dangling and will be cleaned.
W: Public-4008: Instance 'udp_top_inst/u_udp/u_udp_rx/data_cnt[10]' of 'GTP_DFF_CE' unit is dangling and will be cleaned.
W: Public-4008: Instance 'udp_top_inst/u_udp/u_udp_rx/data_cnt[11]' of 'GTP_DFF_CE' unit is dangling and will be cleaned.
W: Public-4008: Instance 'udp_top_inst/u_udp/u_udp_rx/data_cnt[12]' of 'GTP_DFF_CE' unit is dangling and will be cleaned.
W: Public-4008: Instance 'udp_top_inst/u_udp/u_udp_rx/data_cnt[13]' of 'GTP_DFF_CE' unit is dangling and will be cleaned.
W: Public-4008: Instance 'udp_top_inst/u_udp/u_udp_rx/data_cnt[14]' of 'GTP_DFF_CE' unit is dangling and will be cleaned.
W: Public-4008: Instance 'udp_top_inst/u_udp/u_udp_rx/data_cnt[15]' of 'GTP_DFF_CE' unit is dangling and will be cleaned.
W: Public-4008: Instance 'udp_top_inst/u_udp/u_udp_rx/des_ip[0]' of 'GTP_DFF_CE' unit is dangling and will be cleaned.
W: Public-4008: Instance 'udp_top_inst/u_udp/u_udp_rx/des_ip[1]' of 'GTP_DFF_CE' unit is dangling and will be cleaned.
W: Public-4008: Instance 'udp_top_inst/u_udp/u_udp_rx/des_ip[2]' of 'GTP_DFF_CE' unit is dangling and will be cleaned.
W: Public-4008: Instance 'udp_top_inst/u_udp/u_udp_rx/des_ip[3]' of 'GTP_DFF_CE' unit is dangling and will be cleaned.
W: Public-4008: Instance 'udp_top_inst/u_udp/u_udp_rx/des_ip[4]' of 'GTP_DFF_CE' unit is dangling and will be cleaned.
W: Public-4008: Instance 'udp_top_inst/u_udp/u_udp_rx/des_ip[5]' of 'GTP_DFF_CE' unit is dangling and will be cleaned.
W: Public-4008: Instance 'udp_top_inst/u_udp/u_udp_rx/des_ip[6]' of 'GTP_DFF_CE' unit is dangling and will be cleaned.
W: Public-4008: Instance 'udp_top_inst/u_udp/u_udp_rx/des_ip[7]' of 'GTP_DFF_CE' unit is dangling and will be cleaned.
W: Public-4008: Instance 'udp_top_inst/u_udp/u_udp_rx/des_ip[8]' of 'GTP_DFF_CE' unit is dangling and will be cleaned.
W: Public-4008: Instance 'udp_top_inst/u_udp/u_udp_rx/des_ip[9]' of 'GTP_DFF_CE' unit is dangling and will be cleaned.
W: Public-4008: Instance 'udp_top_inst/u_udp/u_udp_rx/des_ip[10]' of 'GTP_DFF_CE' unit is dangling and will be cleaned.
W: Public-4008: Instance 'udp_top_inst/u_udp/u_udp_rx/des_ip[11]' of 'GTP_DFF_CE' unit is dangling and will be cleaned.
W: Public-4008: Instance 'udp_top_inst/u_udp/u_udp_rx/des_ip[12]' of 'GTP_DFF_CE' unit is dangling and will be cleaned.
W: Public-4008: Instance 'udp_top_inst/u_udp/u_udp_rx/des_ip[13]' of 'GTP_DFF_CE' unit is dangling and will be cleaned.
W: Public-4008: Instance 'udp_top_inst/u_udp/u_udp_rx/des_ip[14]' of 'GTP_DFF_CE' unit is dangling and will be cleaned.
W: Public-4008: Instance 'udp_top_inst/u_udp/u_udp_rx/des_ip[15]' of 'GTP_DFF_CE' unit is dangling and will be cleaned.
W: Public-4008: Instance 'udp_top_inst/u_udp/u_udp_rx/des_ip[16]' of 'GTP_DFF_CE' unit is dangling and will be cleaned.
W: Public-4008: Instance 'udp_top_inst/u_udp/u_udp_rx/des_ip[17]' of 'GTP_DFF_CE' unit is dangling and will be cleaned.
W: Public-4008: Instance 'udp_top_inst/u_udp/u_udp_rx/des_ip[18]' of 'GTP_DFF_CE' unit is dangling and will be cleaned.
W: Public-4008: Instance 'udp_top_inst/u_udp/u_udp_rx/des_ip[19]' of 'GTP_DFF_CE' unit is dangling and will be cleaned.
W: Public-4008: Instance 'udp_top_inst/u_udp/u_udp_rx/des_ip[20]' of 'GTP_DFF_CE' unit is dangling and will be cleaned.
W: Public-4008: Instance 'udp_top_inst/u_udp/u_udp_rx/des_ip[21]' of 'GTP_DFF_CE' unit is dangling and will be cleaned.
W: Public-4008: Instance 'udp_top_inst/u_udp/u_udp_rx/des_ip[22]' of 'GTP_DFF_CE' unit is dangling and will be cleaned.
W: Public-4008: Instance 'udp_top_inst/u_udp/u_udp_rx/des_ip[23]' of 'GTP_DFF_CE' unit is dangling and will be cleaned.
W: Public-4008: Instance 'udp_top_inst/u_udp/u_udp_rx/des_mac[0]' of 'GTP_DFF_CE' unit is dangling and will be cleaned.
W: Public-4008: Instance 'udp_top_inst/u_udp/u_udp_rx/des_mac[1]' of 'GTP_DFF_CE' unit is dangling and will be cleaned.
W: Public-4008: Instance 'udp_top_inst/u_udp/u_udp_rx/des_mac[2]' of 'GTP_DFF_CE' unit is dangling and will be cleaned.
W: Public-4008: Instance 'udp_top_inst/u_udp/u_udp_rx/des_mac[3]' of 'GTP_DFF_CE' unit is dangling and will be cleaned.
W: Public-4008: Instance 'udp_top_inst/u_udp/u_udp_rx/des_mac[4]' of 'GTP_DFF_CE' unit is dangling and will be cleaned.
W: Public-4008: Instance 'udp_top_inst/u_udp/u_udp_rx/des_mac[5]' of 'GTP_DFF_CE' unit is dangling and will be cleaned.
W: Public-4008: Instance 'udp_top_inst/u_udp/u_udp_rx/des_mac[6]' of 'GTP_DFF_CE' unit is dangling and will be cleaned.
W: Public-4008: Instance 'udp_top_inst/u_udp/u_udp_rx/des_mac[7]' of 'GTP_DFF_CE' unit is dangling and will be cleaned.
W: Public-4008: Instance 'udp_top_inst/u_udp/u_udp_rx/des_mac[8]' of 'GTP_DFF_CE' unit is dangling and will be cleaned.
W: Public-4008: Instance 'udp_top_inst/u_udp/u_udp_rx/des_mac[9]' of 'GTP_DFF_CE' unit is dangling and will be cleaned.
W: Public-4008: Instance 'udp_top_inst/u_udp/u_udp_rx/des_mac[10]' of 'GTP_DFF_CE' unit is dangling and will be cleaned.
W: Public-4008: Instance 'udp_top_inst/u_udp/u_udp_rx/des_mac[11]' of 'GTP_DFF_CE' unit is dangling and will be cleaned.
W: Public-4008: Instance 'udp_top_inst/u_udp/u_udp_rx/des_mac[12]' of 'GTP_DFF_CE' unit is dangling and will be cleaned.
W: Public-4008: Instance 'udp_top_inst/u_udp/u_udp_rx/des_mac[13]' of 'GTP_DFF_CE' unit is dangling and will be cleaned.
W: Public-4008: Instance 'udp_top_inst/u_udp/u_udp_rx/des_mac[14]' of 'GTP_DFF_CE' unit is dangling and will be cleaned.
W: Public-4008: Instance 'udp_top_inst/u_udp/u_udp_rx/des_mac[15]' of 'GTP_DFF_CE' unit is dangling and will be cleaned.
W: Public-4008: Instance 'udp_top_inst/u_udp/u_udp_rx/des_mac[16]' of 'GTP_DFF_CE' unit is dangling and will be cleaned.
W: Public-4008: Instance 'udp_top_inst/u_udp/u_udp_rx/des_mac[17]' of 'GTP_DFF_CE' unit is dangling and will be cleaned.
W: Public-4008: Instance 'udp_top_inst/u_udp/u_udp_rx/des_mac[18]' of 'GTP_DFF_CE' unit is dangling and will be cleaned.
W: Public-4008: Instance 'udp_top_inst/u_udp/u_udp_rx/des_mac[19]' of 'GTP_DFF_CE' unit is dangling and will be cleaned.
W: Public-4008: Instance 'udp_top_inst/u_udp/u_udp_rx/des_mac[20]' of 'GTP_DFF_CE' unit is dangling and will be cleaned.
W: Public-4008: Instance 'udp_top_inst/u_udp/u_udp_rx/des_mac[21]' of 'GTP_DFF_CE' unit is dangling and will be cleaned.
W: Public-4008: Instance 'udp_top_inst/u_udp/u_udp_rx/des_mac[22]' of 'GTP_DFF_CE' unit is dangling and will be cleaned.
W: Public-4008: Instance 'udp_top_inst/u_udp/u_udp_rx/des_mac[23]' of 'GTP_DFF_CE' unit is dangling and will be cleaned.
W: Public-4008: Instance 'udp_top_inst/u_udp/u_udp_rx/des_mac[24]' of 'GTP_DFF_CE' unit is dangling and will be cleaned.
W: Public-4008: Instance 'udp_top_inst/u_udp/u_udp_rx/des_mac[25]' of 'GTP_DFF_CE' unit is dangling and will be cleaned.
W: Public-4008: Instance 'udp_top_inst/u_udp/u_udp_rx/des_mac[26]' of 'GTP_DFF_CE' unit is dangling and will be cleaned.
W: Public-4008: Instance 'udp_top_inst/u_udp/u_udp_rx/des_mac[27]' of 'GTP_DFF_CE' unit is dangling and will be cleaned.
W: Public-4008: Instance 'udp_top_inst/u_udp/u_udp_rx/des_mac[28]' of 'GTP_DFF_CE' unit is dangling and will be cleaned.
W: Public-4008: Instance 'udp_top_inst/u_udp/u_udp_rx/des_mac[29]' of 'GTP_DFF_CE' unit is dangling and will be cleaned.
W: Public-4008: Instance 'udp_top_inst/u_udp/u_udp_rx/des_mac[30]' of 'GTP_DFF_CE' unit is dangling and will be cleaned.
W: Public-4008: Instance 'udp_top_inst/u_udp/u_udp_rx/des_mac[31]' of 'GTP_DFF_CE' unit is dangling and will be cleaned.
W: Public-4008: Instance 'udp_top_inst/u_udp/u_udp_rx/des_mac[32]' of 'GTP_DFF_CE' unit is dangling and will be cleaned.
W: Public-4008: Instance 'udp_top_inst/u_udp/u_udp_rx/des_mac[33]' of 'GTP_DFF_CE' unit is dangling and will be cleaned.
W: Public-4008: Instance 'udp_top_inst/u_udp/u_udp_rx/des_mac[34]' of 'GTP_DFF_CE' unit is dangling and will be cleaned.
W: Public-4008: Instance 'udp_top_inst/u_udp/u_udp_rx/des_mac[35]' of 'GTP_DFF_CE' unit is dangling and will be cleaned.
W: Public-4008: Instance 'udp_top_inst/u_udp/u_udp_rx/des_mac[36]' of 'GTP_DFF_CE' unit is dangling and will be cleaned.
W: Public-4008: Instance 'udp_top_inst/u_udp/u_udp_rx/des_mac[37]' of 'GTP_DFF_CE' unit is dangling and will be cleaned.
W: Public-4008: Instance 'udp_top_inst/u_udp/u_udp_rx/des_mac[38]' of 'GTP_DFF_CE' unit is dangling and will be cleaned.
W: Public-4008: Instance 'udp_top_inst/u_udp/u_udp_rx/des_mac[39]' of 'GTP_DFF_CE' unit is dangling and will be cleaned.
W: Public-4008: Instance 'udp_top_inst/u_udp/u_udp_rx/des_mac[40]' of 'GTP_DFF_CE' unit is dangling and will be cleaned.
W: Public-4008: Instance 'udp_top_inst/u_udp/u_udp_rx/des_mac[41]' of 'GTP_DFF_CE' unit is dangling and will be cleaned.
W: Public-4008: Instance 'udp_top_inst/u_udp/u_udp_rx/des_mac[42]' of 'GTP_DFF_CE' unit is dangling and will be cleaned.
W: Public-4008: Instance 'udp_top_inst/u_udp/u_udp_rx/des_mac[43]' of 'GTP_DFF_CE' unit is dangling and will be cleaned.
W: Public-4008: Instance 'udp_top_inst/u_udp/u_udp_rx/des_mac[44]' of 'GTP_DFF_CE' unit is dangling and will be cleaned.
W: Public-4008: Instance 'udp_top_inst/u_udp/u_udp_rx/des_mac[45]' of 'GTP_DFF_CE' unit is dangling and will be cleaned.
W: Public-4008: Instance 'udp_top_inst/u_udp/u_udp_rx/des_mac[46]' of 'GTP_DFF_CE' unit is dangling and will be cleaned.
W: Public-4008: Instance 'udp_top_inst/u_udp/u_udp_rx/des_mac[47]' of 'GTP_DFF_CE' unit is dangling and will be cleaned.
W: Public-4008: Instance 'udp_top_inst/u_udp/u_udp_rx/error_en' of 'GTP_DFF_C' unit is dangling and will be cleaned.
W: Public-4008: Instance 'udp_top_inst/u_udp/u_udp_rx/eth_type[8]' of 'GTP_DFF_CE' unit is dangling and will be cleaned.
W: Public-4008: Instance 'udp_top_inst/u_udp/u_udp_rx/eth_type[9]' of 'GTP_DFF_CE' unit is dangling and will be cleaned.
W: Public-4008: Instance 'udp_top_inst/u_udp/u_udp_rx/eth_type[10]' of 'GTP_DFF_CE' unit is dangling and will be cleaned.
W: Public-4008: Instance 'udp_top_inst/u_udp/u_udp_rx/eth_type[11]' of 'GTP_DFF_CE' unit is dangling and will be cleaned.
W: Public-4008: Instance 'udp_top_inst/u_udp/u_udp_rx/eth_type[12]' of 'GTP_DFF_CE' unit is dangling and will be cleaned.
W: Public-4008: Instance 'udp_top_inst/u_udp/u_udp_rx/eth_type[13]' of 'GTP_DFF_CE' unit is dangling and will be cleaned.
W: Public-4008: Instance 'udp_top_inst/u_udp/u_udp_rx/eth_type[14]' of 'GTP_DFF_CE' unit is dangling and will be cleaned.
W: Public-4008: Instance 'udp_top_inst/u_udp/u_udp_rx/eth_type[15]' of 'GTP_DFF_CE' unit is dangling and will be cleaned.
W: Public-4008: Instance 'udp_top_inst/u_udp/u_udp_rx/ip_head_byte_num[2]' of 'GTP_DFF_CE' unit is dangling and will be cleaned.
W: Public-4008: Instance 'udp_top_inst/u_udp/u_udp_rx/ip_head_byte_num[3]' of 'GTP_DFF_CE' unit is dangling and will be cleaned.
W: Public-4008: Instance 'udp_top_inst/u_udp/u_udp_rx/ip_head_byte_num[4]' of 'GTP_DFF_CE' unit is dangling and will be cleaned.
W: Public-4008: Instance 'udp_top_inst/u_udp/u_udp_rx/ip_head_byte_num[5]' of 'GTP_DFF_CE' unit is dangling and will be cleaned.
W: Public-4008: Instance 'udp_top_inst/u_udp/u_udp_rx/rec_data[0]' of 'GTP_DFF_CE' unit is dangling and will be cleaned.
W: Public-4008: Instance 'udp_top_inst/u_udp/u_udp_rx/rec_data[1]' of 'GTP_DFF_CE' unit is dangling and will be cleaned.
W: Public-4008: Instance 'udp_top_inst/u_udp/u_udp_rx/rec_data[2]' of 'GTP_DFF_CE' unit is dangling and will be cleaned.
W: Public-4008: Instance 'udp_top_inst/u_udp/u_udp_rx/rec_data[3]' of 'GTP_DFF_CE' unit is dangling and will be cleaned.
W: Public-4008: Instance 'udp_top_inst/u_udp/u_udp_rx/rec_data[4]' of 'GTP_DFF_CE' unit is dangling and will be cleaned.
W: Public-4008: Instance 'udp_top_inst/u_udp/u_udp_rx/rec_data[5]' of 'GTP_DFF_CE' unit is dangling and will be cleaned.
W: Public-4008: Instance 'udp_top_inst/u_udp/u_udp_rx/rec_data[6]' of 'GTP_DFF_CE' unit is dangling and will be cleaned.
W: Public-4008: Instance 'udp_top_inst/u_udp/u_udp_rx/rec_data[7]' of 'GTP_DFF_CE' unit is dangling and will be cleaned.
W: Public-4008: Instance 'udp_top_inst/u_udp/u_udp_rx/rec_data[8]' of 'GTP_DFF_CE' unit is dangling and will be cleaned.
W: Public-4008: Instance 'udp_top_inst/u_udp/u_udp_rx/rec_data[9]' of 'GTP_DFF_CE' unit is dangling and will be cleaned.
W: Public-4008: Instance 'udp_top_inst/u_udp/u_udp_rx/rec_data[10]' of 'GTP_DFF_CE' unit is dangling and will be cleaned.
W: Public-4008: Instance 'udp_top_inst/u_udp/u_udp_rx/rec_data[11]' of 'GTP_DFF_CE' unit is dangling and will be cleaned.
W: Public-4008: Instance 'udp_top_inst/u_udp/u_udp_rx/rec_data[12]' of 'GTP_DFF_CE' unit is dangling and will be cleaned.
W: Public-4008: Instance 'udp_top_inst/u_udp/u_udp_rx/rec_data[13]' of 'GTP_DFF_CE' unit is dangling and will be cleaned.
W: Public-4008: Instance 'udp_top_inst/u_udp/u_udp_rx/rec_data[14]' of 'GTP_DFF_CE' unit is dangling and will be cleaned.
W: Public-4008: Instance 'udp_top_inst/u_udp/u_udp_rx/rec_data[15]' of 'GTP_DFF_CE' unit is dangling and will be cleaned.
W: Public-4008: Instance 'udp_top_inst/u_udp/u_udp_rx/rec_data[16]' of 'GTP_DFF_CE' unit is dangling and will be cleaned.
W: Public-4008: Instance 'udp_top_inst/u_udp/u_udp_rx/rec_data[17]' of 'GTP_DFF_CE' unit is dangling and will be cleaned.
W: Public-4008: Instance 'udp_top_inst/u_udp/u_udp_rx/rec_data[18]' of 'GTP_DFF_CE' unit is dangling and will be cleaned.
W: Public-4008: Instance 'udp_top_inst/u_udp/u_udp_rx/rec_data[19]' of 'GTP_DFF_CE' unit is dangling and will be cleaned.
W: Public-4008: Instance 'udp_top_inst/u_udp/u_udp_rx/rec_data[20]' of 'GTP_DFF_CE' unit is dangling and will be cleaned.
W: Public-4008: Instance 'udp_top_inst/u_udp/u_udp_rx/rec_data[21]' of 'GTP_DFF_CE' unit is dangling and will be cleaned.
W: Public-4008: Instance 'udp_top_inst/u_udp/u_udp_rx/rec_data[22]' of 'GTP_DFF_CE' unit is dangling and will be cleaned.
W: Public-4008: Instance 'udp_top_inst/u_udp/u_udp_rx/rec_data[23]' of 'GTP_DFF_CE' unit is dangling and will be cleaned.
W: Public-4008: Instance 'udp_top_inst/u_udp/u_udp_rx/rec_data[24]' of 'GTP_DFF_CE' unit is dangling and will be cleaned.
W: Public-4008: Instance 'udp_top_inst/u_udp/u_udp_rx/rec_data[25]' of 'GTP_DFF_CE' unit is dangling and will be cleaned.
W: Public-4008: Instance 'udp_top_inst/u_udp/u_udp_rx/rec_data[26]' of 'GTP_DFF_CE' unit is dangling and will be cleaned.
W: Public-4008: Instance 'udp_top_inst/u_udp/u_udp_rx/rec_data[27]' of 'GTP_DFF_CE' unit is dangling and will be cleaned.
W: Public-4008: Instance 'udp_top_inst/u_udp/u_udp_rx/rec_data[28]' of 'GTP_DFF_CE' unit is dangling and will be cleaned.
W: Public-4008: Instance 'udp_top_inst/u_udp/u_udp_rx/rec_data[29]' of 'GTP_DFF_CE' unit is dangling and will be cleaned.
W: Public-4008: Instance 'udp_top_inst/u_udp/u_udp_rx/rec_data[30]' of 'GTP_DFF_CE' unit is dangling and will be cleaned.
W: Public-4008: Instance 'udp_top_inst/u_udp/u_udp_rx/rec_data[31]' of 'GTP_DFF_CE' unit is dangling and will be cleaned.
W: Public-4008: Instance 'udp_top_inst/u_udp/u_udp_rx/rec_en' of 'GTP_DFF_C' unit is dangling and will be cleaned.
W: Public-4008: Instance 'udp_top_inst/u_udp/u_udp_rx/rec_en_cnt[0]' of 'GTP_DFF_CE' unit is dangling and will be cleaned.
W: Public-4008: Instance 'udp_top_inst/u_udp/u_udp_rx/rec_en_cnt[1]' of 'GTP_DFF_CE' unit is dangling and will be cleaned.
W: Public-4008: Instance 'udp_top_inst/u_udp/u_udp_rx/skip_en' of 'GTP_DFF_C' unit is dangling and will be cleaned.
W: Public-4008: Instance 'udp_top_inst/u_udp/u_udp_rx/udp_byte_num[0]' of 'GTP_DFF_CE' unit is dangling and will be cleaned.
W: Public-4008: Instance 'udp_top_inst/u_udp/u_udp_rx/udp_byte_num[1]' of 'GTP_DFF_CE' unit is dangling and will be cleaned.
W: Public-4008: Instance 'udp_top_inst/u_udp/u_udp_rx/udp_byte_num[2]' of 'GTP_DFF_CE' unit is dangling and will be cleaned.
W: Public-4008: Instance 'udp_top_inst/u_udp/u_udp_rx/udp_byte_num[3]' of 'GTP_DFF_CE' unit is dangling and will be cleaned.
W: Public-4008: Instance 'udp_top_inst/u_udp/u_udp_rx/udp_byte_num[4]' of 'GTP_DFF_CE' unit is dangling and will be cleaned.
W: Public-4008: Instance 'udp_top_inst/u_udp/u_udp_rx/udp_byte_num[5]' of 'GTP_DFF_CE' unit is dangling and will be cleaned.
W: Public-4008: Instance 'udp_top_inst/u_udp/u_udp_rx/udp_byte_num[6]' of 'GTP_DFF_CE' unit is dangling and will be cleaned.
W: Public-4008: Instance 'udp_top_inst/u_udp/u_udp_rx/udp_byte_num[7]' of 'GTP_DFF_CE' unit is dangling and will be cleaned.
W: Public-4008: Instance 'udp_top_inst/u_udp/u_udp_rx/udp_byte_num[8]' of 'GTP_DFF_CE' unit is dangling and will be cleaned.
W: Public-4008: Instance 'udp_top_inst/u_udp/u_udp_rx/udp_byte_num[9]' of 'GTP_DFF_CE' unit is dangling and will be cleaned.
W: Public-4008: Instance 'udp_top_inst/u_udp/u_udp_rx/udp_byte_num[10]' of 'GTP_DFF_CE' unit is dangling and will be cleaned.
W: Public-4008: Instance 'udp_top_inst/u_udp/u_udp_rx/udp_byte_num[11]' of 'GTP_DFF_CE' unit is dangling and will be cleaned.
W: Public-4008: Instance 'udp_top_inst/u_udp/u_udp_rx/udp_byte_num[12]' of 'GTP_DFF_CE' unit is dangling and will be cleaned.
W: Public-4008: Instance 'udp_top_inst/u_udp/u_udp_rx/udp_byte_num[13]' of 'GTP_DFF_CE' unit is dangling and will be cleaned.
W: Public-4008: Instance 'udp_top_inst/u_udp/u_udp_rx/udp_byte_num[14]' of 'GTP_DFF_CE' unit is dangling and will be cleaned.
W: Public-4008: Instance 'udp_top_inst/u_udp/u_udp_rx/udp_byte_num[15]' of 'GTP_DFF_CE' unit is dangling and will be cleaned.
W: Public-4008: Instance 'udp_top_inst/u_udp/u_udp_tx/tx_req' of 'GTP_DFF_C' unit is dangling and will be cleaned.
W: Public-4008: Instance 'voice_loop_test_inst/ES7243E_reg_config/u_i2c_com/ack1' of 'GTP_DFF_S' unit is dangling and will be cleaned.
W: Public-4008: Instance 'voice_loop_test_inst/ES7243E_reg_config/u_i2c_com/ack2' of 'GTP_DFF_S' unit is dangling and will be cleaned.
W: Public-4008: Instance 'voice_loop_test_inst/ES7243E_reg_config/u_i2c_com/ack3' of 'GTP_DFF_S' unit is dangling and will be cleaned.
W: Public-4008: Instance 'voice_loop_test_inst/ES8156_reg_config/u_i2c_com/ack1' of 'GTP_DFF_S' unit is dangling and will be cleaned.
W: Public-4008: Instance 'voice_loop_test_inst/ES8156_reg_config/u_i2c_com/ack2' of 'GTP_DFF_S' unit is dangling and will be cleaned.
W: Public-4008: Instance 'voice_loop_test_inst/ES8156_reg_config/u_i2c_com/ack3' of 'GTP_DFF_S' unit is dangling and will be cleaned.
Checking design netlist.
Processing tech operator.
I: The instance clkbufg_0(GTP_CLKBUFG) has been inserted on the net audio_clk in design, driver pin CLKOUT0(instance voice_loop_test_inst/the_instance_name/u_pll_e3) -> load pin CLK(instance udp_top_inst/audio_data_pkt_inst/audio_data_d0[0]).
I: The instance clkbufg_1(GTP_CLKBUFG) has been inserted on the net nt_es0_dsclk in design, driver pin O(instance es0_dsclk_ibuf) -> load pin CLK(instance voice_loop_test_inst/ES7243_i2s_rx/cnt[0]).
I: The instance clkbufg_2(GTP_CLKBUFG) has been inserted on the net nt_es1_dsclk in design, driver pin O(instance es1_dsclk_ibuf) -> load pin I(instance voice_loop_test_inst/ES8156_i2s_tx/N13).
Converting tech operator to gate operator.
Processing gate operator.
I: Infer CARRY group, base inst: voice_loop_test_inst/N32_1_1/gateop, insts:18.
I: Infer CARRY group, base inst: udp_top_inst/audio_data_pkt_inst/N48_1_1/gateop, insts:9.
I: Infer CARRY group, base inst: voice_loop_test_inst/ES7243E_reg_config/N34_1_1/gateop, insts:5.
I: Infer CARRY group, base inst: udp_top_inst/u_udp/u_udp_tx/N128_1_1/gateop, insts:15.
I: Infer CARRY group, base inst: udp_top_inst/u_udp/u_udp_tx/N287.lt_0/gateop, insts:7.
I: Infer CARRY group, base inst: udp_top_inst/u_udp/u_udp_tx/N295_1_1/gateop, insts:15.
I: Infer CARRY group, base inst: udp_top_inst/u_udp/u_udp_tx/N298.eq_0/gateop, insts:7.
I: Infer CARRY group, base inst: udp_top_inst/u_udp/u_udp_tx/N305_1/gateop, insts:16.
I: Infer CARRY group, base inst: udp_top_inst/u_udp/u_udp_tx/N308.lt_0/gateop, insts:7.
I: Infer CARRY group, base inst: udp_top_inst/u_udp/u_udp_tx/N917_5_0/gateop, insts:21.
I: Infer CARRY group, base inst: udp_top_inst/audio_data_pkt_inst/fifo_audo_data_pkt_inst/u_ipm_distributed_fifo_fifo_audo_data_pkt/u_ipm_distributed_fifo_ctr/N266.eq_0/gateop, insts:5.
I: Infer CARRY group, base inst: udp_top_inst/u_udp/u_udp_tx/N3561_1_1/gateop, insts:16.
I: Infer CARRY group, base inst: udp_top_inst/u_udp/u_udp_tx/N3570_1_1/gateop, insts:16.
I: Infer CARRY group, base inst: udp_top_inst/u_udp/u_udp_tx/N3573_1_1/gateop, insts:17.
I: Infer CARRY group, base inst: udp_top_inst/u_udp/u_udp_tx/N3576_1/gateop, insts:19.
I: Infer CARRY group, base inst: voice_loop_test_inst/ES7243E_reg_config/u_i2c_com/N36_1_1/gateop, insts:6.
I: Infer CARRY group, base inst: voice_loop_test_inst/ES8156_reg_config/u_i2c_com/N36_1_1/gateop, insts:6.
I: Infer CARRY group, base inst: udp_top_inst/audio_data_pkt_inst/fifo_audo_data_pkt_inst/u_ipm_distributed_fifo_fifo_audo_data_pkt/u_ipm_distributed_fifo_ctr/N58_3_1/gateop, insts:11.
Device mapping done.
Total device mapping takes 0.11 sec.

Device Utilization Summary:
+------------------------------------------------------------------------+
| Logic Utilization     | Used     | Available     | Utilization(%)     
+------------------------------------------------------------------------+
| APM                   | 0        | 84            | 0                  
| IOCKDLY               | 1        | 40            | 3                  
| FF                    | 447      | 64200         | 1                  
| LUT                   | 703      | 42800         | 2                  
| Distributed RAM       | 32       | 17000         | 1                  
| DLL                   | 1        | 10            | 10                 
| DQSL                  | 0        | 18            | 0                  
| DRM                   | 0.5      | 134           | 1                  
| FUSECODE              | 0        | 1             | 0                  
| IO                    | 33       | 296           | 12                 
| IOCKDIV               | 0        | 20            | 0                  
| IOCKGATE              | 0        | 20            | 0                  
| IPAL                  | 0        | 1             | 0                  
| PLL                   | 1        | 5             | 20                 
| RCKB                  | 0        | 24            | 0                  
| SCANCHAIN             | 0        | 2             | 0                  
| START                 | 0        | 1             | 0                  
| USCM                  | 4        | 30            | 14                 
| HSST                  | 0        | 1             | 0                  
| OSC                   | 0        | 1             | 0                  
| CRYSTAL               | 0        | 2             | 0                  
| RESCAL                | 0        | 4             | 0                  
| UDID                  | 0        | 1             | 0                  
| PCIE                  | 0        | 1             | 0                  
+------------------------------------------------------------------------+

Design 'audio_udp_top' has been successfully mapped to architecture-specific objects.
Saving design to DB.
W: Public-4010: Pcf file C:/Users/86151/Desktop/auido_fft_fir/audio_fft_fir_hdmi/src/UDP/udp/revised_new/final_dup_top/prj/device_map/audio_udp_top.pcf has been covered.
Action dev_map: Real time elapsed is 0h:0m:4s
Action dev_map: CPU time elapsed is 0h:0m:3s
Action dev_map: Process CPU time elapsed is 0h:0m:3s
Current time: Wed May  1 19:34:03 2024
Action dev_map: Peak memory pool usage is 237 MB
