#Build: Fabric Compiler 2022.1, Build 99559, Jul 12 00:20 2022
#Install: D:\fpga_competition\FPGA_competition\ziguangtongchuang_file\MES50HP_v3\set_up\set_up_file\PDS_2022.1\bin
#Application name: pds_shell.exe
#OS: Windows 10 10.0.22000
#Hostname: Thecomputerofmartin
Generated by Fabric Compiler (version 2022.1 build 99559) at Thu May 23 09:36:05 2024
License checkout: fabric_ads
Compiling verification operator library.
Compiling common defs.
Loading technology operator library.
Compiling technology operator library.
Compiling technology operator (valence) library.
Reading design from compile DB
Reading design from compile DB successfully.
Constraint check start.
W: ConstraintEditor-4030: No constraint files found, so all ports are unspecified I/O constraint.
Constraint check end.
C: SDC-2025: Clock source 'n:rgmii_clk' need a clock constraint, please use 'create_clock' or 'create_generate_clock' to generate.
Executing : get_ports rgmii_clk
Executing : get_ports rgmii_clk successfully.
Executing : create_clock -name lms_top|rgmii_clk [get_ports rgmii_clk] -period 1000.000 -waveform {0.000 500.000} -add
Executing : create_clock -name lms_top|rgmii_clk [get_ports rgmii_clk] -period 1000.000 -waveform {0.000 500.000} -add successfully.
Executing : set_clock_groups -name Inferred_clock_group_0 -asynchronous -group lms_top|rgmii_clk
Executing : set_clock_groups -name Inferred_clock_group_0 -asynchronous -group lms_top|rgmii_clk successfully.
C: SDC-2025: Clock source 'n:audio_clk' need a clock constraint, please use 'create_clock' or 'create_generate_clock' to generate.
Executing : get_ports audio_clk
Executing : get_ports audio_clk successfully.
Executing : create_clock -name lms_top|audio_clk [get_ports audio_clk] -period 1000.000 -waveform {0.000 500.000} -add
Executing : create_clock -name lms_top|audio_clk [get_ports audio_clk] -period 1000.000 -waveform {0.000 500.000} -add successfully.
Executing : set_clock_groups -name Inferred_clock_group_1 -asynchronous -group lms_top|audio_clk
Executing : set_clock_groups -name Inferred_clock_group_1 -asynchronous -group lms_top|audio_clk successfully.
Start pre-mapping.
I: Removed bmsSUB inst N320 that is redundant to N319
I: Removed bmsSUB inst N311 that is redundant to N310
I: Removed bmsSUB inst N320 that is redundant to N319
I: Removed bmsSUB inst N311 that is redundant to N310
I: Constant propagation done on lms_fifo1/u_ipm_distributed_fifo_lms_fifo/u_ipm_distributed_fifo_ctr/N58_1 (bmsWIDEMUX).
I: Constant propagation done on lms_fifo1/u_ipm_distributed_fifo_lms_fifo/u_ipm_distributed_fifo_ctr/N190_1 (bmsWIDEMUX).
I: Constant propagation done on lms_fifo1/u_ipm_distributed_fifo_lms_fifo/u_ipm_distributed_fifo_ctr/N58_1 (bmsWIDEMUX).
I: Constant propagation done on lms_fifo1/u_ipm_distributed_fifo_lms_fifo/u_ipm_distributed_fifo_ctr/N190_1 (bmsWIDEMUX).
I: Constant propagation done on lms_fifo2/u_ipm_distributed_fifo_lms_fifo/u_ipm_distributed_fifo_ctr/N58_1 (bmsWIDEMUX).
I: Constant propagation done on lms_fifo2/u_ipm_distributed_fifo_lms_fifo/u_ipm_distributed_fifo_ctr/N190_1 (bmsWIDEMUX).
I: Constant propagation done on lms_fifo2/u_ipm_distributed_fifo_lms_fifo/u_ipm_distributed_fifo_ctr/N58_1 (bmsWIDEMUX).
I: Constant propagation done on lms_fifo2/u_ipm_distributed_fifo_lms_fifo/u_ipm_distributed_fifo_ctr/N190_1 (bmsWIDEMUX).
Executing : pre-mapping successfully. Time elapsed: 0.067s wall, 0.062s user + 0.000s system = 0.062s CPU (93.1%)

Start mod-gen.
W: Public-4008: Instance 'class1[2].genblk1.LMS_tap_2/Delay_reg/Delay_out[15:0]' of 'bmsWIDEDFFCPE' unit is dangling and will be cleaned.
W: Public-4008: Instance 'LMS_inst/Data_reg_3/Delay_out[15:0]' of 'bmsWIDEDFFCPE' unit is dangling and will be cleaned.
W: Public-4008: Instance 'lms_fifo1/u_ipm_distributed_fifo_lms_fifo/u_ipm_distributed_fifo_ctr/ASYN_CTRL.asyn_almost_empty' of 'bmsWIDEDFFCPE' unit is dangling and will be cleaned.
W: Public-4008: Instance 'lms_fifo1/u_ipm_distributed_fifo_lms_fifo/u_ipm_distributed_fifo_ctr/ASYN_CTRL.asyn_almost_full' of 'bmsWIDEDFFCPE' unit is dangling and will be cleaned.
W: Public-4008: Instance 'lms_fifo1/u_ipm_distributed_fifo_lms_fifo/u_ipm_distributed_fifo_ctr/wr_water_level[10:0]' of 'bmsWIDEDFFCPE' unit is dangling and will be cleaned.
W: Public-4008: Instance 'lms_fifo2/u_ipm_distributed_fifo_lms_fifo/u_ipm_distributed_fifo_ctr/ASYN_CTRL.asyn_almost_empty' of 'bmsWIDEDFFCPE' unit is dangling and will be cleaned.
W: Public-4008: Instance 'lms_fifo2/u_ipm_distributed_fifo_lms_fifo/u_ipm_distributed_fifo_ctr/ASYN_CTRL.asyn_almost_full' of 'bmsWIDEDFFCPE' unit is dangling and will be cleaned.
W: Public-4008: Instance 'lms_fifo2/u_ipm_distributed_fifo_lms_fifo/u_ipm_distributed_fifo_ctr/wr_water_level[10:0]' of 'bmsWIDEDFFCPE' unit is dangling and will be cleaned.
I: Constant propagation done on N3_eq0 (bmsREDXOR).
I: Constant propagation done on N3_mux0 (bmsWIDEMUX).
W: Unable to pack LMS_inst/LMSX_selfdefine_inst/class1[1].genblk1.LMS_tap_2/N11 with LMS_inst/LMSX_selfdefine_inst/class1[2].genblk1.LMS_tap_2/N11 to APM due to incompatible signed/unsigned extension
Executing : mod-gen successfully. Time elapsed: 0.239s wall, 0.219s user + 0.031s system = 0.250s CPU (104.7%)

Start logic-optimization.
Executing : logic-optimization successfully. Time elapsed: 0.322s wall, 0.312s user + 0.000s system = 0.312s CPU (97.0%)

Start tech-mapping phase 1.
W: Public-4008: Instance 'lms_fifo2/u_ipm_distributed_fifo_lms_fifo/u_ipm_distributed_fifo_ctr/rd_water_level[0]' of 'bmsWIDEDFFCPE' unit is dangling and will be cleaned.
W: Public-4008: Instance 'lms_fifo2/u_ipm_distributed_fifo_lms_fifo/u_ipm_distributed_fifo_ctr/rd_water_level[1]' of 'bmsWIDEDFFCPE' unit is dangling and will be cleaned.
W: Public-4008: Instance 'lms_fifo1/u_ipm_distributed_fifo_lms_fifo/u_ipm_distributed_fifo_ctr/rd_water_level[0]' of 'bmsWIDEDFFCPE' unit is dangling and will be cleaned.
W: Public-4008: Instance 'lms_fifo1/u_ipm_distributed_fifo_lms_fifo/u_ipm_distributed_fifo_ctr/rd_water_level[1]' of 'bmsWIDEDFFCPE' unit is dangling and will be cleaned.
Executing : tech-mapping phase 1 successfully. Time elapsed: 0.064s wall, 0.062s user + 0.000s system = 0.062s CPU (97.8%)

Start tech-mapping phase 2.
Executing : tech-mapping phase 2 successfully. Time elapsed: 0.491s wall, 0.500s user + 0.000s system = 0.500s CPU (101.9%)

Start tech-optimization.
Executing : tech-optimization successfully. Time elapsed: 0.210s wall, 0.219s user + 0.000s system = 0.219s CPU (103.9%)

Start phys-optimization.
Executing : phys-optimization successfully. Time elapsed: 0.000s wall, 0.000s user + 0.000s system = 0.000s CPU (n/a%)

Start restore-hierarchy.
Executing : restore-hierarchy successfully. Time elapsed: 0.144s wall, 0.141s user + 0.000s system = 0.141s CPU (97.6%)

W: syn_maxfan of lutcarry N5_16 is more than 10000 on net N5[15], but wasn't replicated.
W: syn_maxfan of lutcarry N5_15 is more than 10000 on net N5[14], but wasn't replicated.
W: syn_maxfan of lutcarry N5_14 is more than 10000 on net N5[13], but wasn't replicated.
W: syn_maxfan of lutcarry N5_13 is more than 10000 on net N5[12], but wasn't replicated.
W: syn_maxfan of lutcarry N5_12 is more than 10000 on net N5[11], but wasn't replicated.
W: syn_maxfan of lutcarry N5_11 is more than 10000 on net N5[10], but wasn't replicated.
W: syn_maxfan of lutcarry N5_10 is more than 10000 on net N5[9], but wasn't replicated.
W: syn_maxfan of lutcarry N5_9 is more than 10000 on net N5[8], but wasn't replicated.
W: syn_maxfan of lutcarry N5_8 is more than 10000 on net N5[7], but wasn't replicated.
W: syn_maxfan of lutcarry N5_7 is more than 10000 on net N5[6], but wasn't replicated.
W: syn_maxfan of lutcarry N5_6 is more than 10000 on net N5[5], but wasn't replicated.
W: syn_maxfan of lutcarry N5_5 is more than 10000 on net N5[4], but wasn't replicated.
W: syn_maxfan of lutcarry N5_4 is more than 10000 on net N5[3], but wasn't replicated.
W: syn_maxfan of lutcarry N5_3 is more than 10000 on net N5[2], but wasn't replicated.
W: syn_maxfan of lutcarry N5_2 is more than 10000 on net N5[1], but wasn't replicated.
W: syn_maxfan of lutcarry N5_1 is more than 10000 on net N5[0], but wasn't replicated.
W: syn_maxfan of lutcarry N5_16 is more than 10000 on net N5[15], but wasn't replicated.
W: syn_maxfan of lutcarry N5_15 is more than 10000 on net N5[14], but wasn't replicated.
W: syn_maxfan of lutcarry N5_14 is more than 10000 on net N5[13], but wasn't replicated.
W: syn_maxfan of lutcarry N5_13 is more than 10000 on net N5[12], but wasn't replicated.
W: syn_maxfan of lutcarry N5_12 is more than 10000 on net N5[11], but wasn't replicated.
W: syn_maxfan of lutcarry N5_11 is more than 10000 on net N5[10], but wasn't replicated.
W: syn_maxfan of lutcarry N5_10 is more than 10000 on net N5[9], but wasn't replicated.
W: syn_maxfan of lutcarry N5_9 is more than 10000 on net N5[8], but wasn't replicated.
W: syn_maxfan of lutcarry N5_8 is more than 10000 on net N5[7], but wasn't replicated.
W: syn_maxfan of lutcarry N5_7 is more than 10000 on net N5[6], but wasn't replicated.
W: syn_maxfan of lutcarry N5_6 is more than 10000 on net N5[5], but wasn't replicated.
W: syn_maxfan of lutcarry N5_5 is more than 10000 on net N5[4], but wasn't replicated.
W: syn_maxfan of lutcarry N5_4 is more than 10000 on net N5[3], but wasn't replicated.
W: syn_maxfan of lutcarry N5_3 is more than 10000 on net N5[2], but wasn't replicated.
W: syn_maxfan of lutcarry N5_2 is more than 10000 on net N5[1], but wasn't replicated.
W: syn_maxfan of lutcarry N5_1 is more than 10000 on net N5[0], but wasn't replicated.
W: syn_maxfan of lutcarry N5_16 is more than 10000 on net N5[15], but wasn't replicated.
W: syn_maxfan of lutcarry N5_15 is more than 10000 on net N5[14], but wasn't replicated.
W: syn_maxfan of lutcarry N5_14 is more than 10000 on net N5[13], but wasn't replicated.
W: syn_maxfan of lutcarry N5_13 is more than 10000 on net N5[12], but wasn't replicated.
W: syn_maxfan of lutcarry N5_12 is more than 10000 on net N5[11], but wasn't replicated.
W: syn_maxfan of lutcarry N5_11 is more than 10000 on net N5[10], but wasn't replicated.
W: syn_maxfan of lutcarry N5_10 is more than 10000 on net N5[9], but wasn't replicated.
W: syn_maxfan of lutcarry N5_9 is more than 10000 on net N5[8], but wasn't replicated.
W: syn_maxfan of lutcarry N5_8 is more than 10000 on net N5[7], but wasn't replicated.
W: syn_maxfan of lutcarry N5_7 is more than 10000 on net N5[6], but wasn't replicated.
W: syn_maxfan of lutcarry N5_6 is more than 10000 on net N5[5], but wasn't replicated.
W: syn_maxfan of lutcarry N5_5 is more than 10000 on net N5[4], but wasn't replicated.
W: syn_maxfan of lutcarry N5_4 is more than 10000 on net N5[3], but wasn't replicated.
W: syn_maxfan of lutcarry N5_3 is more than 10000 on net N5[2], but wasn't replicated.
W: syn_maxfan of lutcarry N5_2 is more than 10000 on net N5[1], but wasn't replicated.
W: syn_maxfan of lutcarry N5_1 is more than 10000 on net N5[0], but wasn't replicated.
W: syn_maxfan of lutcarry N5_16 is more than 10000 on net N5[15], but wasn't replicated.
W: syn_maxfan of lutcarry N5_15 is more than 10000 on net N5[14], but wasn't replicated.
W: syn_maxfan of lutcarry N5_14 is more than 10000 on net N5[13], but wasn't replicated.
W: syn_maxfan of lutcarry N5_13 is more than 10000 on net N5[12], but wasn't replicated.
W: syn_maxfan of lutcarry N5_12 is more than 10000 on net N5[11], but wasn't replicated.
W: syn_maxfan of lutcarry N5_11 is more than 10000 on net N5[10], but wasn't replicated.
W: syn_maxfan of lutcarry N5_10 is more than 10000 on net N5[9], but wasn't replicated.
W: syn_maxfan of lutcarry N5_9 is more than 10000 on net N5[8], but wasn't replicated.
W: syn_maxfan of lutcarry N5_8 is more than 10000 on net N5[7], but wasn't replicated.
W: syn_maxfan of lutcarry N5_7 is more than 10000 on net N5[6], but wasn't replicated.
W: syn_maxfan of lutcarry N5_6 is more than 10000 on net N5[5], but wasn't replicated.
W: syn_maxfan of lutcarry N5_5 is more than 10000 on net N5[4], but wasn't replicated.
W: syn_maxfan of lutcarry N5_4 is more than 10000 on net N5[3], but wasn't replicated.
W: syn_maxfan of lutcarry N5_3 is more than 10000 on net N5[2], but wasn't replicated.
W: syn_maxfan of lutcarry N5_2 is more than 10000 on net N5[1], but wasn't replicated.
W: syn_maxfan of lutcarry N5_1 is more than 10000 on net N5[0], but wasn't replicated.
W: syn_maxfan of lutcarry N5_16 is more than 10000 on net N5[15], but wasn't replicated.
W: syn_maxfan of lutcarry N5_15 is more than 10000 on net N5[14], but wasn't replicated.
W: syn_maxfan of lutcarry N5_14 is more than 10000 on net N5[13], but wasn't replicated.
W: syn_maxfan of lutcarry N5_13 is more than 10000 on net N5[12], but wasn't replicated.
W: syn_maxfan of lutcarry N5_12 is more than 10000 on net N5[11], but wasn't replicated.
W: syn_maxfan of lutcarry N5_11 is more than 10000 on net N5[10], but wasn't replicated.
W: syn_maxfan of lutcarry N5_10 is more than 10000 on net N5[9], but wasn't replicated.
W: syn_maxfan of lutcarry N5_9 is more than 10000 on net N5[8], but wasn't replicated.
W: syn_maxfan of lutcarry N5_8 is more than 10000 on net N5[7], but wasn't replicated.
W: syn_maxfan of lutcarry N5_7 is more than 10000 on net N5[6], but wasn't replicated.
W: syn_maxfan of lutcarry N5_6 is more than 10000 on net N5[5], but wasn't replicated.
W: syn_maxfan of lutcarry N5_5 is more than 10000 on net N5[4], but wasn't replicated.
W: syn_maxfan of lutcarry N5_4 is more than 10000 on net N5[3], but wasn't replicated.
W: syn_maxfan of lutcarry N5_3 is more than 10000 on net N5[2], but wasn't replicated.
W: syn_maxfan of lutcarry N5_2 is more than 10000 on net N5[1], but wasn't replicated.
W: syn_maxfan of lutcarry N5_1 is more than 10000 on net N5[0], but wasn't replicated.
W: syn_maxfan of lutcarry N5_16 is more than 10000 on net N5[15], but wasn't replicated.
W: syn_maxfan of lutcarry N5_15 is more than 10000 on net N5[14], but wasn't replicated.
W: syn_maxfan of lutcarry N5_14 is more than 10000 on net N5[13], but wasn't replicated.
W: syn_maxfan of lutcarry N5_13 is more than 10000 on net N5[12], but wasn't replicated.
W: syn_maxfan of lutcarry N5_12 is more than 10000 on net N5[11], but wasn't replicated.
W: syn_maxfan of lutcarry N5_11 is more than 10000 on net N5[10], but wasn't replicated.
W: syn_maxfan of lutcarry N5_10 is more than 10000 on net N5[9], but wasn't replicated.
W: syn_maxfan of lutcarry N5_9 is more than 10000 on net N5[8], but wasn't replicated.
W: syn_maxfan of lutcarry N5_8 is more than 10000 on net N5[7], but wasn't replicated.
W: syn_maxfan of lutcarry N5_7 is more than 10000 on net N5[6], but wasn't replicated.
W: syn_maxfan of lutcarry N5_6 is more than 10000 on net N5[5], but wasn't replicated.
W: syn_maxfan of lutcarry N5_5 is more than 10000 on net N5[4], but wasn't replicated.
W: syn_maxfan of lutcarry N5_4 is more than 10000 on net N5[3], but wasn't replicated.
W: syn_maxfan of lutcarry N5_3 is more than 10000 on net N5[2], but wasn't replicated.
W: syn_maxfan of lutcarry N5_2 is more than 10000 on net N5[1], but wasn't replicated.
W: syn_maxfan of lutcarry N5_1 is more than 10000 on net N5[0], but wasn't replicated.

Cell Usage:
GTP_APM_E1                    7 uses
GTP_DFF_C                   159 uses
GTP_DFF_CE                   96 uses
GTP_DFF_P                     2 uses
GTP_GRS                       1 use
GTP_INV                       1 use
GTP_LUT2                     48 uses
GTP_LUT3                     13 uses
GTP_LUT4                     16 uses
GTP_LUT5                     88 uses
GTP_LUT5CARRY               179 uses
GTP_LUT5M                   256 uses
GTP_MUX2LUT6                128 uses
GTP_MUX2LUT7                 64 uses
GTP_MUX2LUT8                 32 uses
GTP_RAM32X1DP              1024 uses

I/O ports: 53
GTP_INBUF                  37 uses
GTP_OUTBUF                 16 uses

Mapping Summary:
Total LUTs: 1624 of 42800 (3.79%)
	LUTs as dram: 1024 of 17000 (6.02%)
	LUTs as logic: 600
Total Registers: 257 of 64200 (0.40%)
Total Latches: 0

DRM18K:
Total DRM18K = 0.0 of 134 (0.00%)

APMs:
Total APMs = 7.00 of 84 (8.33%)

Total I/O ports = 53 of 296 (17.91%)


Overview of Control Sets:

Number of unique control sets : 3

Histogram:
**************************************************************
  Fanout      | Count    | Sync Set/Reset    Async Set/Reset
--------------------------------------------------------------
  [0, 2)      | 0        | 0                 0
  [2, 4)      | 0        | 0                 0
  [4, 6)      | 0        | 0                 0
  [6, 8)      | 0        | 0                 0
  [8, 10)     | 0        | 0                 0
  [10, 12)    | 0        | 0                 0
  [12, 14)    | 0        | 0                 0
  [14, 16)    | 0        | 0                 0
  [16, Inf)   | 3        | 0                 3
--------------------------------------------------------------
  The maximum fanout: 126
==============================================================

Flip-Flop Distribution:
************************************************************************
  Clock Enable    Sync Set/Reset    Async Set/Reset    Total Registers
------------------------------------------------------------------------
  NO              NO                NO                 0
  NO              NO                YES                161
  NO              YES               NO                 0
  YES             NO                NO                 0
  YES             NO                YES                96
  YES             YES               NO                 0
========================================================================

Latch Distribution:
************************************************
  Gate Enable    Preset/Clear    Total Latches
************************************************
  NO             NO              0
  NO             YES             0
  YES            NO              0
  YES            YES             0
************************************************

Design 'lms_top' has been successfully synthesized to architecture-specific objects.
Saving design to DB.
