#Build: Fabric Compiler 2022.1, Build 99559, Jul 12 00:20 2022
#Install: D:\fpga_competition\FPGA_competition\ziguangtongchuang_file\MES50HP_v3\set_up\set_up_file\PDS_2022.1\bin
#Application name: pds_shell.exe
#OS: Windows 10 10.0.22000
#Hostname: Thecomputerofmartin
Generated by Fabric Compiler (version 2022.1 build 99559) at Mon Apr  1 10:32:56 2024
Compiling verification operator library.
Compiling common defs.
Compiling prim grid devices.
Compiling gate devices.
Compiling gate operators.
Building architecture model.
Loading device packaging model.
W: ConstraintEditor-4030: No constraint files found, so all ports are unspecified I/O constraint.
I: Column Clock Check open.
Read Column Clock Map.

Placement started.
Phase 1 Pre global placement started.
Phase 1.1 1st GP placement started.
Design Utilization : 21%.
Wirelength after clock region global placement is 47180.
1st GP placement takes 5.53 sec.

Phase 1.2 Clock placement started.
Mapping instance clk_50m_ibuf/opit_1 to IOL_7_137.
Mapping instance clkbufg_0/gopclkbufg to USCM_56_112.
Clock placement takes 0.16 sec.

Pre global placement takes 7.25 sec.

Phase 2 Global placement started.
Phase 2.1 Fixed placement started.
Placed fixed group with base inst clk_50m_ibuf/opit_1 on IOL_7_137.
Placed fixed instance clkbufg_0/gopclkbufg on USCM_56_112.
Fixed placement takes 0.00 sec.

Phase 2.2 Process placement started.
Process placement takes 0.00 sec.

Phase 2.3 IO placement started.
IO placement takes 0.06 sec.

Phase 2.4 2nd GP placement started.
Run super clustering :
	Initial slack 977728.
	6 iterations finished.
	Final slack 981694.
Super clustering done.
Design Utilization : 21%.
2nd GP placement takes 4.39 sec.

Wirelength after global placement is 35712.
Global placement takes 4.45 sec.

Phase 3 Post global placement started.
Phase 3.1 Macro cell placement started.
Wirelength after macro cell placement is 55648.
Macro cell placement takes 0.02 sec.

Phase 3.2 3rd GP placement started.
Run super clustering :
	Initial slack 977728.
	6 iterations finished.
	Final slack 981694.
Super clustering done.
Design Utilization : 21%.
3rd GP placement takes 3.83 sec.

Wirelength after post global placement is 48713.
Post global placement takes 3.84 sec.

Phase 4 Legalization started.
The average distance in LP is 1.202812.
Wirelength after legalization is 53325.
Legalization takes 0.14 sec.

Phase 5 Timing-driven detailed placement started.
Phase 5.1 Replication placement started.
Worst slack before Replication Place is 985112.
Replication placement takes 0.28 sec.

Wirelength after replication placement is 53325.
Phase 5.2 DP placement started.
Legalized cost 985112.000000.
The detailed placement ends at 0th iteration.
DP placement takes 0.28 sec.

Wirelength after detailed placement is 53325.
Timing-driven detailed placement takes 0.58 sec.

Worst slack is 985112, TNS after placement is 0.
Placement done.
Total placement takes 17.44 sec.
Finished placement. (CPU time elapsed 0h:00m:17s)

Routing started.
Building routing graph takes 1.02 sec.
Worst slack is 985112, TNS before global route is 0.
Processing design graph takes 0.19 sec.
Total memory for routing:
	66.655644 M.
Total nets for routing : 7618.
Rcf routing step 1 processed 0 nets, it takes 0.00 sec.
Rcf routing step 2 processed 0 nets, it takes 0.00 sec.
Rcf routing step 3 processed 0 nets, it takes 0.00 sec.
Global Routing step 1 processed 0 nets, it takes 0.00 sec.
Global Routing step 2 processed 0 nets, it takes 0.00 sec.
Unrouted nets 150 at the end of iteration 0.
Unrouted nets 62 at the end of iteration 1.
Unrouted nets 12 at the end of iteration 2.
Unrouted nets 7 at the end of iteration 3.
Unrouted nets 6 at the end of iteration 4.
Unrouted nets 2 at the end of iteration 5.
Unrouted nets 0 at the end of iteration 6.
Global Routing step 3 processed 371 nets, it takes 0.36 sec.
Global routing takes 0.38 sec.
Total 8281 subnets.
    forward max bucket size 1371 , backward 81.
        Unrouted nets 4449 at the end of iteration 0.
    route iteration 0, CPU time elapsed 0.765625 sec.
    forward max bucket size 956 , backward 112.
        Unrouted nets 2910 at the end of iteration 1.
    route iteration 1, CPU time elapsed 0.531250 sec.
    forward max bucket size 666 , backward 106.
        Unrouted nets 2173 at the end of iteration 2.
    route iteration 2, CPU time elapsed 0.265625 sec.
    forward max bucket size 99 , backward 117.
        Unrouted nets 1590 at the end of iteration 3.
    route iteration 3, CPU time elapsed 0.187500 sec.
    forward max bucket size 69 , backward 78.
        Unrouted nets 1070 at the end of iteration 4.
    route iteration 4, CPU time elapsed 0.125000 sec.
    forward max bucket size 64 , backward 91.
        Unrouted nets 676 at the end of iteration 5.
    route iteration 5, CPU time elapsed 0.093750 sec.
    forward max bucket size 62 , backward 65.
        Unrouted nets 423 at the end of iteration 6.
    route iteration 6, CPU time elapsed 0.062500 sec.
    forward max bucket size 61 , backward 36.
        Unrouted nets 265 at the end of iteration 7.
    route iteration 7, CPU time elapsed 0.046875 sec.
    forward max bucket size 55 , backward 29.
        Unrouted nets 184 at the end of iteration 8.
    route iteration 8, CPU time elapsed 0.031250 sec.
    forward max bucket size 26 , backward 26.
        Unrouted nets 127 at the end of iteration 9.
    route iteration 9, CPU time elapsed 0.015625 sec.
    forward max bucket size 24 , backward 26.
        Unrouted nets 97 at the end of iteration 10.
    route iteration 10, CPU time elapsed 0.015625 sec.
    forward max bucket size 28 , backward 22.
        Unrouted nets 74 at the end of iteration 11.
    route iteration 11, CPU time elapsed 0.015625 sec.
    forward max bucket size 17 , backward 25.
        Unrouted nets 36 at the end of iteration 12.
    route iteration 12, CPU time elapsed 0.031250 sec.
    forward max bucket size 17 , backward 24.
        Unrouted nets 31 at the end of iteration 13.
    route iteration 13, CPU time elapsed 0.015625 sec.
    forward max bucket size 23 , backward 37.
        Unrouted nets 21 at the end of iteration 14.
    route iteration 14, CPU time elapsed 0.015625 sec.
    forward max bucket size 16 , backward 20.
        Unrouted nets 15 at the end of iteration 15.
    route iteration 15, CPU time elapsed 0.015625 sec.
    forward max bucket size 14 , backward 15.
        Unrouted nets 12 at the end of iteration 16.
    route iteration 16, CPU time elapsed 0.015625 sec.
    forward max bucket size 17 , backward 18.
        Unrouted nets 10 at the end of iteration 17.
    route iteration 17, CPU time elapsed 0.015625 sec.
    forward max bucket size 12 , backward 14.
        Unrouted nets 2 at the end of iteration 18.
    route iteration 18, CPU time elapsed 0.015625 sec.
    forward max bucket size 10 , backward 13.
        Unrouted nets 2 at the end of iteration 19.
    route iteration 19, CPU time elapsed 0.015625 sec.
    forward max bucket size 16 , backward 19.
        Unrouted nets 2 at the end of iteration 20.
    route iteration 20, CPU time elapsed 0.000000 sec.
    forward max bucket size 14 , backward 19.
        Unrouted nets 3 at the end of iteration 21.
    route iteration 21, CPU time elapsed 0.000000 sec.
    forward max bucket size 13 , backward 20.
        Unrouted nets 2 at the end of iteration 22.
    route iteration 22, CPU time elapsed 0.015625 sec.
    forward max bucket size 22 , backward 28.
        Unrouted nets 2 at the end of iteration 23.
    route iteration 23, CPU time elapsed 0.015625 sec.
    forward max bucket size 22 , backward 29.
        Unrouted nets 0 at the end of iteration 24.
    route iteration 24, CPU time elapsed 0.015625 sec.
Detailed routing takes 24 iterations
Detailed routing takes 2.56 sec.
Start fix hold violation.
Build tmp routing results takes 0.05 sec.
Timing analysis takes 0.55 sec.
No hold violation.
Hold Violation Fix in router takes 0 iterations.
Fix hold violation Finished.
Hold Violation Fix in router takes 1.31 sec.

Dispose routing result:
    Collect routing result.
    Delete unused device instances.
    Annotate routing result.
    Change LUT configuration.
    Dispose misc instances.
    Annotate routing result again.
Finish routing takes 0.16 sec.
Used SRB routing arc is 48649.
Cleanup routing takes 0.02 sec.
Routing done.
Total routing takes 5.92 sec.


Device Utilization Summary :
+---------------------------------------------------------------------------+
| Logic Utilization        | Used     | Available     | Utilization(%)     
+---------------------------------------------------------------------------+
| Use of APM               | 40       | 40            | 100                
| Use of BKCL              | 0        | 4             | 0                  
| Use of CLMA              | 851      | 3748          | 23                 
|   FF                     | 1030     | 22488         | 5                  
|   LUT                    | 3180     | 14992         | 22                 
|   LUT-FF pairs           | 980      | 14992         | 7                  
| Use of CLMS              | 394      | 1892          | 21                 
|   FF                     | 549      | 11352         | 5                  
|   LUT                    | 1457     | 7568          | 20                 
|   LUT-FF pairs           | 472      | 7568          | 7                  
|   Distributed RAM        | 0        | 7568          | 0                  
| Use of CRYSTAL           | 0        | 4             | 0                  
| Use of DLL               | 0        | 8             | 0                  
| Use of DQSL              | 0        | 12            | 0                  
| Use of DRM               | 0        | 60            | 0                  
| Use of FUSECODE          | 0        | 1             | 0                  
| Use of HARD0N1           | 392      | 3480          | 12                 
| Use of IO                | 104      | 308           | 34                 
|   IOBD                   | 19       | 74            | 26                 
|   IOBR                   | 4        | 12            | 34                 
|   IOBS                   | 81       | 222           | 37                 
| Use of IOCKDIV           | 0        | 16            | 0                  
| Use of IOCKDLY           | 0        | 32            | 0                  
| Use of IOCKGATE          | 0        | 16            | 0                  
| Use of IOCKGMUX_TEST     | 0        | 16            | 0                  
| Use of IOL               | 104      | 308           | 34                 
| Use of IPAL              | 0        | 1             | 0                  
| Use of MFG_TEST          | 0        | 1             | 0                  
| Use of OSC               | 0        | 1             | 0                  
| Use of PLL               | 0        | 4             | 0                  
| Use of PREGMUX_TEST      | 0        | 4             | 0                  
| Use of RCKB              | 0        | 16            | 0                  
| Use of RCKBMUX_TEST      | 0        | 8             | 0                  
| Use of RESCAL            | 0        | 4             | 0                  
| Use of SCANCHAIN         | 0        | 2             | 0                  
| Use of START             | 1        | 1             | 100                
| Use of UDID              | 0        | 1             | 0                  
| Use of USCM              | 1        | 30            | 4                  
| Use of USCMMUX_TEST      | 0        | 30            | 0                  
| Use of VCKBMUX_TEST      | 0        | 8             | 0                  
+---------------------------------------------------------------------------+

Finished routing. (CPU time elapsed 0h:00m:05s)
Design 'data_module_fft' has been placed and routed successfully.
Saving design to DB.
Finished placement and routing. (CPU time elapsed 0h:00m:31s)
Action pnr: Real time elapsed is 0h:0m:34s
Action pnr: CPU time elapsed is 0h:0m:32s
Action pnr: Process CPU time elapsed is 0h:0m:32s
Current time: Mon Apr  1 10:33:28 2024
Action pnr: Peak memory pool usage is 792 MB
