#Build: Fabric Compiler 2022.1, Build 99559, Jul 12 00:20 2022
#Install: D:\fpga_competition\FPGA_competition\ziguangtongchuang_file\MES50HP_v3\set_up\set_up_file\PDS_2022.1\bin
#Application name: pds_shell.exe
#OS: Windows 10 10.0.22000
#Hostname: Thecomputerofmartin
Generated by Fabric Compiler (version 2022.1 build 99559) at Mon Apr  1 10:17:35 2024
Compiling verification operator library.
Compiling common defs.
Compiling prim grid devices.
Compiling gate devices.
Compiling gate operators.
Building architecture model.
Loading device packaging model.
W: ConstraintEditor-4030: No constraint files found, so all ports are unspecified I/O constraint.
I: Column Clock Check open.
Read Column Clock Map.

Placement started.
Phase 1 Pre global placement started.
Phase 1.1 1st GP placement started.
Design Utilization : 3%.
Wirelength after clock region global placement is 12286.
1st GP placement takes 2.56 sec.

Phase 1.2 Clock placement started.
Mapping instance clk_50m_ibuf/opit_1 to IOL_7_137.
Mapping instance clkbufg_0/gopclkbufg to USCM_56_112.
Clock placement takes 0.17 sec.

Pre global placement takes 4.25 sec.

Phase 2 Global placement started.
Phase 2.1 Fixed placement started.
Placed fixed group with base inst clk_50m_ibuf/opit_1 on IOL_7_137.
Placed fixed instance clkbufg_0/gopclkbufg on USCM_56_112.
Fixed placement takes 0.00 sec.

Phase 2.2 Process placement started.
Process placement takes 0.00 sec.

Phase 2.3 IO placement started.
IO placement takes 0.03 sec.

Phase 2.4 2nd GP placement started.
Run super clustering :
	Initial slack 978922.
	6 iterations finished.
	Final slack 982811.
Super clustering done.
Design Utilization : 3%.
2nd GP placement takes 2.34 sec.

Wirelength after global placement is 14484.
Global placement takes 2.38 sec.

Phase 3 Post global placement started.
Phase 3.1 Macro cell placement started.
Wirelength after macro cell placement is 38887.
Macro cell placement takes 0.02 sec.

Phase 3.2 3rd GP placement started.
Run super clustering :
	Initial slack 978922.
	6 iterations finished.
	Final slack 982811.
Super clustering done.
Design Utilization : 3%.
3rd GP placement takes 1.23 sec.

Wirelength after post global placement is 21310.
Post global placement takes 1.25 sec.

Phase 4 Legalization started.
The average distance in LP is 0.895216.
Wirelength after legalization is 21849.
Legalization takes 0.02 sec.

Phase 5 Timing-driven detailed placement started.
Phase 5.1 Replication placement started.
Worst slack before Replication Place is 986184.
Replication placement takes 0.23 sec.

Wirelength after replication placement is 21849.
Phase 5.2 DP placement started.
Legalized cost 986184.000000.
The detailed placement ends at 0th iteration.
DP placement takes 0.22 sec.

Wirelength after detailed placement is 21849.
Timing-driven detailed placement takes 0.45 sec.

Worst slack is 986184, TNS after placement is 0.
Placement done.
Total placement takes 8.84 sec.
Finished placement. (CPU time elapsed 0h:00m:08s)

Routing started.
Building routing graph takes 0.94 sec.
Worst slack is 986184, TNS before global route is 0.
Processing design graph takes 0.12 sec.
Total memory for routing:
	64.120015 M.
Total nets for routing : 2606.
Rcf routing step 1 processed 0 nets, it takes 0.00 sec.
Rcf routing step 2 processed 0 nets, it takes 0.00 sec.
Rcf routing step 3 processed 0 nets, it takes 0.00 sec.
Global Routing step 1 processed 0 nets, it takes 0.00 sec.
Global Routing step 2 processed 0 nets, it takes 0.00 sec.
Unrouted nets 96 at the end of iteration 0.
Unrouted nets 39 at the end of iteration 1.
Unrouted nets 17 at the end of iteration 2.
Unrouted nets 2 at the end of iteration 3.
Unrouted nets 0 at the end of iteration 4.
Global Routing step 3 processed 247 nets, it takes 0.19 sec.
Global routing takes 0.22 sec.
Total 2980 subnets.
    forward max bucket size 915 , backward 94.
        Unrouted nets 921 at the end of iteration 0.
    route iteration 0, CPU time elapsed 0.265625 sec.
    forward max bucket size 958 , backward 94.
        Unrouted nets 557 at the end of iteration 1.
    route iteration 1, CPU time elapsed 0.109375 sec.
    forward max bucket size 766 , backward 74.
        Unrouted nets 289 at the end of iteration 2.
    route iteration 2, CPU time elapsed 0.062500 sec.
    forward max bucket size 146 , backward 70.
        Unrouted nets 128 at the end of iteration 3.
    route iteration 3, CPU time elapsed 0.015625 sec.
    forward max bucket size 62 , backward 61.
        Unrouted nets 61 at the end of iteration 4.
    route iteration 4, CPU time elapsed 0.015625 sec.
    forward max bucket size 23 , backward 25.
        Unrouted nets 14 at the end of iteration 5.
    route iteration 5, CPU time elapsed 0.000000 sec.
    forward max bucket size 15 , backward 50.
        Unrouted nets 5 at the end of iteration 6.
    route iteration 6, CPU time elapsed 0.015625 sec.
    forward max bucket size 16 , backward 14.
        Unrouted nets 4 at the end of iteration 7.
    route iteration 7, CPU time elapsed 0.000000 sec.
    forward max bucket size 12 , backward 9.
        Unrouted nets 0 at the end of iteration 8.
    route iteration 8, CPU time elapsed 0.000000 sec.
Detailed routing takes 8 iterations
Detailed routing takes 0.50 sec.
Start fix hold violation.
Build tmp routing results takes 0.02 sec.
Timing analysis takes 0.34 sec.
No hold violation.
Hold Violation Fix in router takes 0 iterations.
Fix hold violation Finished.
Hold Violation Fix in router takes 1.12 sec.

Dispose routing result:
    Collect routing result.
    Delete unused device instances.
    Annotate routing result.
    Change LUT configuration.
    Dispose misc instances.
    Annotate routing result again.
Finish routing takes 0.05 sec.
Used SRB routing arc is 10836.
Cleanup routing takes 0.00 sec.
Routing done.
Total routing takes 3.19 sec.


Device Utilization Summary :
+---------------------------------------------------------------------------+
| Logic Utilization        | Used     | Available     | Utilization(%)     
+---------------------------------------------------------------------------+
| Use of APM               | 40       | 40            | 100                
| Use of BKCL              | 0        | 4             | 0                  
| Use of CLMA              | 104      | 3748          | 3                  
|   FF                     | 175      | 22488         | 1                  
|   LUT                    | 286      | 14992         | 2                  
|   LUT-FF pairs           | 131      | 14992         | 1                  
| Use of CLMS              | 65       | 1892          | 4                  
|   FF                     | 100      | 11352         | 1                  
|   LUT                    | 187      | 7568          | 3                  
|   LUT-FF pairs           | 65       | 7568          | 1                  
|   Distributed RAM        | 0        | 7568          | 0                  
| Use of CRYSTAL           | 0        | 4             | 0                  
| Use of DLL               | 0        | 8             | 0                  
| Use of DQSL              | 0        | 12            | 0                  
| Use of DRM               | 0        | 60            | 0                  
| Use of FUSECODE          | 0        | 1             | 0                  
| Use of HARD0N1           | 136      | 3480          | 4                  
| Use of IO                | 78       | 308           | 26                 
|   IOBD                   | 23       | 74            | 32                 
|   IOBR                   | 4        | 12            | 34                 
|   IOBS                   | 51       | 222           | 23                 
| Use of IOCKDIV           | 0        | 16            | 0                  
| Use of IOCKDLY           | 0        | 32            | 0                  
| Use of IOCKGATE          | 0        | 16            | 0                  
| Use of IOCKGMUX_TEST     | 0        | 16            | 0                  
| Use of IOL               | 78       | 308           | 26                 
| Use of IPAL              | 0        | 1             | 0                  
| Use of MFG_TEST          | 0        | 1             | 0                  
| Use of OSC               | 0        | 1             | 0                  
| Use of PLL               | 0        | 4             | 0                  
| Use of PREGMUX_TEST      | 0        | 4             | 0                  
| Use of RCKB              | 0        | 16            | 0                  
| Use of RCKBMUX_TEST      | 0        | 8             | 0                  
| Use of RESCAL            | 0        | 4             | 0                  
| Use of SCANCHAIN         | 0        | 2             | 0                  
| Use of START             | 1        | 1             | 100                
| Use of UDID              | 0        | 1             | 0                  
| Use of USCM              | 1        | 30            | 4                  
| Use of USCMMUX_TEST      | 0        | 30            | 0                  
| Use of VCKBMUX_TEST      | 0        | 8             | 0                  
+---------------------------------------------------------------------------+

Finished routing. (CPU time elapsed 0h:00m:03s)
Design 'data_module_fft' has been placed and routed successfully.
Saving design to DB.
Finished placement and routing. (CPU time elapsed 0h:00m:17s)
Action pnr: Real time elapsed is 0h:0m:20s
Action pnr: CPU time elapsed is 0h:0m:18s
Action pnr: Process CPU time elapsed is 0h:0m:18s
Current time: Mon Apr  1 10:17:53 2024
Action pnr: Peak memory pool usage is 717 MB
