#Build: Fabric Compiler 2022.1, Build 99559, Jul 12 00:20 2022
#Install: D:\fpga_competition\FPGA_competition\ziguangtongchuang_file\MES50HP_v3\set_up\set_up_file\PDS_2022.1\bin
#Application name: pds_shell.exe
#OS: Windows 10 10.0.22000
#Hostname: Thecomputerofmartin
Generated by Fabric Compiler (version 2022.1 build 99559) at Sun May 26 10:22:52 2024
Compiling verification operator library.
Compiling common defs.
Compiling prim grid devices.
Compiling gate devices.
Compiling gate operators.
Building architecture model.
Loading device packaging model.
Building architecture floorplan logic view.
Constraint check start.
Executing : def_port {eth_rgmii_tx_ctl_0} LOC=B18 VCCIO=3.3 IOSTANDARD=LVCMOS33 DRIVE=4 SLEW=FAST NONE=TRUE
C: ConstraintEditor-2002: [C:/Users/86151/Desktop/auido_fft_fir/ziguangTongchuang_Competition_Documents/prj/prj_udp_loop/device_map/udp_loop.pcf(line number: 3)] | Port eth_rgmii_tx_ctl_0 has been placed at location B18, whose type is share pin.
Executing : def_port {eth_rgmii_tx_ctl_0} LOC=B18 VCCIO=3.3 IOSTANDARD=LVCMOS33 DRIVE=4 SLEW=FAST NONE=TRUE successfully
Executing : def_port {eth_rgmii_txc_0} LOC=G16 VCCIO=3.3 IOSTANDARD=LVCMOS33 DRIVE=4 SLEW=FAST NONE=TRUE
Executing : def_port {eth_rgmii_txc_0} LOC=G16 VCCIO=3.3 IOSTANDARD=LVCMOS33 DRIVE=4 SLEW=FAST NONE=TRUE successfully
Executing : def_port {eth_rgmii_txd_0[0]} LOC=F17 VCCIO=3.3 IOSTANDARD=LVCMOS33 DRIVE=4 SLEW=FAST NONE=TRUE
Executing : def_port {eth_rgmii_txd_0[0]} LOC=F17 VCCIO=3.3 IOSTANDARD=LVCMOS33 DRIVE=4 SLEW=FAST NONE=TRUE successfully
Executing : def_port {eth_rgmii_txd_0[1]} LOC=D17 VCCIO=3.3 IOSTANDARD=LVCMOS33 DRIVE=4 SLEW=FAST NONE=TRUE
C: ConstraintEditor-2002: [C:/Users/86151/Desktop/auido_fft_fir/ziguangTongchuang_Competition_Documents/prj/prj_udp_loop/device_map/udp_loop.pcf(line number: 6)] | Port eth_rgmii_txd_0[1] has been placed at location D17, whose type is share pin.
Executing : def_port {eth_rgmii_txd_0[1]} LOC=D17 VCCIO=3.3 IOSTANDARD=LVCMOS33 DRIVE=4 SLEW=FAST NONE=TRUE successfully
Executing : def_port {eth_rgmii_txd_0[2]} LOC=C18 VCCIO=3.3 IOSTANDARD=LVCMOS33 DRIVE=4 SLEW=FAST NONE=TRUE
C: ConstraintEditor-2002: [C:/Users/86151/Desktop/auido_fft_fir/ziguangTongchuang_Competition_Documents/prj/prj_udp_loop/device_map/udp_loop.pcf(line number: 7)] | Port eth_rgmii_txd_0[2] has been placed at location C18, whose type is share pin.
Executing : def_port {eth_rgmii_txd_0[2]} LOC=C18 VCCIO=3.3 IOSTANDARD=LVCMOS33 DRIVE=4 SLEW=FAST NONE=TRUE successfully
Executing : def_port {eth_rgmii_txd_0[3]} LOC=A18 VCCIO=3.3 IOSTANDARD=LVCMOS33 DRIVE=4 SLEW=FAST NONE=TRUE
C: ConstraintEditor-2002: [C:/Users/86151/Desktop/auido_fft_fir/ziguangTongchuang_Competition_Documents/prj/prj_udp_loop/device_map/udp_loop.pcf(line number: 8)] | Port eth_rgmii_txd_0[3] has been placed at location A18, whose type is share pin.
Executing : def_port {eth_rgmii_txd_0[3]} LOC=A18 VCCIO=3.3 IOSTANDARD=LVCMOS33 DRIVE=4 SLEW=FAST NONE=TRUE successfully
Executing : def_port {eth_rst_n_0} LOC=B20 VCCIO=3.3 IOSTANDARD=LVCMOS33 DRIVE=4 SLEW=FAST NONE=TRUE
C: ConstraintEditor-2002: [C:/Users/86151/Desktop/auido_fft_fir/ziguangTongchuang_Competition_Documents/prj/prj_udp_loop/device_map/udp_loop.pcf(line number: 9)] | Port eth_rst_n_0 has been placed at location B20, whose type is share pin.
Executing : def_port {eth_rst_n_0} LOC=B20 VCCIO=3.3 IOSTANDARD=LVCMOS33 DRIVE=4 SLEW=FAST NONE=TRUE successfully
Executing : def_port {eth_rgmii_rx_ctl_0} LOC=F9 VCCIO=3.3 IOSTANDARD=LVCMOS33 NONE=TRUE
Executing : def_port {eth_rgmii_rx_ctl_0} LOC=F9 VCCIO=3.3 IOSTANDARD=LVCMOS33 NONE=TRUE successfully
Executing : def_port {eth_rgmii_rxc_0} LOC=F14 VCCIO=3.3 IOSTANDARD=LVCMOS33 NONE=TRUE
Executing : def_port {eth_rgmii_rxc_0} LOC=F14 VCCIO=3.3 IOSTANDARD=LVCMOS33 NONE=TRUE successfully
Executing : def_port {eth_rgmii_rxd_0[0]} LOC=H10 VCCIO=3.3 IOSTANDARD=LVCMOS33 NONE=TRUE
Executing : def_port {eth_rgmii_rxd_0[0]} LOC=H10 VCCIO=3.3 IOSTANDARD=LVCMOS33 NONE=TRUE successfully
Executing : def_port {eth_rgmii_rxd_0[1]} LOC=H11 VCCIO=3.3 IOSTANDARD=LVCMOS33 NONE=TRUE
Executing : def_port {eth_rgmii_rxd_0[1]} LOC=H11 VCCIO=3.3 IOSTANDARD=LVCMOS33 NONE=TRUE successfully
Executing : def_port {eth_rgmii_rxd_0[2]} LOC=G13 VCCIO=3.3 IOSTANDARD=LVCMOS33 NONE=TRUE
Executing : def_port {eth_rgmii_rxd_0[2]} LOC=G13 VCCIO=3.3 IOSTANDARD=LVCMOS33 NONE=TRUE successfully
Executing : def_port {eth_rgmii_rxd_0[3]} LOC=H13 VCCIO=3.3 IOSTANDARD=LVCMOS33 NONE=TRUE
Executing : def_port {eth_rgmii_rxd_0[3]} LOC=H13 VCCIO=3.3 IOSTANDARD=LVCMOS33 NONE=TRUE successfully
Executing : def_port {sys_clk} LOC=P20 VCCIO=3.3 IOSTANDARD=LVCMOS33 NONE=TRUE
Executing : def_port {sys_clk} LOC=P20 VCCIO=3.3 IOSTANDARD=LVCMOS33 NONE=TRUE successfully
Constraint check end.
I: Column Clock Check open.
Read Column Clock Map.

Placement started.
Phase 1 Pre global placement started.
Mapping instance eth0_gmii_to_rgmii/rgmii_clk_delay/opit_0 to IOCKDLY_84_360.
Phase 1.1 1st GP placement started.
Design Utilization : 5%.
Wirelength after clock region global placement is 11700.
1st GP placement takes 3.84 sec.

Phase 1.2 Clock placement started.
Mapping instance eth0_gmii_to_rgmii/GTP_CLKBUFG_RXSHFT/gopclkbufg to USCM_84_108.
Mapping instance clkbufg_0/gopclkbufg to USCM_84_109.
Clock placement takes 0.17 sec.

Pre global placement takes 5.72 sec.

Phase 2 Global placement started.
Phase 2.1 Fixed placement started.
Placed fixed group with base inst eth0_gmii_to_rgmii/gmii_ctl_in/gateigddr_IOL on IOL_71_373.
Placed fixed group with base inst eth0_gmii_to_rgmii/gtp_outbuft1/opit_1_IOL on IOL_311_374.
Placed fixed group with base inst eth0_gmii_to_rgmii/gtp_outbuft6/opit_1_IOL on IOL_299_374.
Placed fixed group with base inst eth0_gmii_to_rgmii/rgmii_rx_data[0].gmii_rxd_in/gateigddr_IOL on IOL_75_374.
Placed fixed group with base inst eth0_gmii_to_rgmii/rgmii_rx_data[1].gmii_rxd_in/gateigddr_IOL on IOL_75_373.
Placed fixed group with base inst eth0_gmii_to_rgmii/rgmii_rx_data[2].gmii_rxd_in/gateigddr_IOL on IOL_251_373.
Placed fixed group with base inst eth0_gmii_to_rgmii/rgmii_rx_data[3].gmii_rxd_in/gateigddr_IOL on IOL_251_374.
Placed fixed group with base inst eth0_gmii_to_rgmii/rgmii_tx_data[0].gtp_outbuft1/opit_1_IOL on IOL_299_373.
Placed fixed group with base inst eth0_gmii_to_rgmii/rgmii_tx_data[1].gtp_outbuft1/opit_1_IOL on IOL_323_374.
Placed fixed group with base inst eth0_gmii_to_rgmii/rgmii_tx_data[2].gtp_outbuft1/opit_1_IOL on IOL_323_373.
Placed fixed group with base inst eth0_gmii_to_rgmii/rgmii_tx_data[3].gtp_outbuft1/opit_1_IOL on IOL_311_373.
Placed fixed group with base inst eth_rgmii_rxc_0_ibuf/opit_1 on IOL_243_374.
Placed fixed group with base inst eth_rst_n_0_obuf/opit_1 on IOL_319_374.
Placed fixed group with base inst sys_clk_ibuf/opit_1 on IOL_327_210.
Placed fixed instance clkbufg_0/gopclkbufg on USCM_84_109.
Placed fixed instance eth0_gmii_to_rgmii/GTP_CLKBUFG_RXSHFT/gopclkbufg on USCM_84_108.
Placed fixed instance eth0_gmii_to_rgmii/rgmii_clk_delay/opit_0 on IOCKDLY_84_360.
Placed fixed instance BKCL_auto_0 on BKCL_188_376.
Placed fixed instance BKCL_auto_1 on BKCL_328_184.
Fixed placement takes 0.00 sec.

Phase 2.2 Process placement started.
Placed instance eth0_gmii_to_rgmii/clk_dll/gopdll(gopDLL) on DLL_86_363, and placed eth0_gmii_to_rgmii/rgmii_clk_delay/opit_0(gopCLKDELAY) on IOCKDLY_84_360.
Process placement takes 0.00 sec.

Phase 2.3 IO placement started.
IO placement takes 0.02 sec.

Phase 2.4 2nd GP placement started.
Run super clustering :
	Initial slack 986847.
	6 iterations finished.
	Final slack 990595.
Super clustering done.
Design Utilization : 5%.
2nd GP placement takes 3.36 sec.

Wirelength after global placement is 12013.
Global placement takes 3.38 sec.

Phase 3 Post global placement started.
Phase 3.1 Macro cell placement started.
Wirelength after macro cell placement is 12013.
Macro cell placement takes 0.00 sec.

Phase 3.2 3rd GP placement started.
Run super clustering :
	Initial slack 986847.
	6 iterations finished.
	Final slack 990595.
Super clustering done.
Design Utilization : 5%.
3rd GP placement takes 3.42 sec.

Wirelength after post global placement is 12013.
Post global placement takes 3.42 sec.

Phase 4 Legalization started.
The average distance in LP is 3.492325.
Wirelength after legalization is 17841.
Legalization takes 0.12 sec.

Phase 5 Timing-driven detailed placement started.
Phase 5.1 Replication placement started.
Worst slack before Replication Place is 993447.
Replication placement takes 0.12 sec.

Wirelength after replication placement is 17841.
Phase 5.2 DP placement started.
Legalized cost 993447.000000.
The detailed placement ends at 0th iteration.
DP placement takes 0.11 sec.

Wirelength after detailed placement is 17841.
Timing-driven detailed placement takes 0.23 sec.

Worst slack is 993447, TNS after placement is 0.
Placement done.
Total placement takes 13.59 sec.
Finished placement. (CPU time elapsed 0h:00m:13s)

Routing started.
Building routing graph takes 1.55 sec.
Worst slack is 993447, TNS before global route is 0.
Processing design graph takes 0.36 sec.
Total memory for routing:
	116.911055 M.
Total nets for routing : 2115.
Rcf routing step 1 processed 0 nets, it takes 0.00 sec.
Rcf routing step 2 processed 0 nets, it takes 0.00 sec.
Rcf routing step 3 processed 0 nets, it takes 0.00 sec.
Global Routing step 1 processed 0 nets, it takes 0.00 sec.
Global Routing step 2 processed 0 nets, it takes 0.00 sec.
Unrouted nets 66 at the end of iteration 0.
Unrouted nets 43 at the end of iteration 1.
Unrouted nets 37 at the end of iteration 2.
Unrouted nets 28 at the end of iteration 3.
Unrouted nets 25 at the end of iteration 4.
Unrouted nets 21 at the end of iteration 5.
Unrouted nets 15 at the end of iteration 6.
Unrouted nets 16 at the end of iteration 7.
Unrouted nets 16 at the end of iteration 8.
Unrouted nets 12 at the end of iteration 9.
Unrouted nets 11 at the end of iteration 10.
Unrouted nets 7 at the end of iteration 11.
Unrouted nets 5 at the end of iteration 12.
Unrouted nets 2 at the end of iteration 13.
Unrouted nets 1 at the end of iteration 14.
Unrouted nets 1 at the end of iteration 15.
Unrouted nets 2 at the end of iteration 16.
Unrouted nets 2 at the end of iteration 17.
Unrouted nets 2 at the end of iteration 18.
Unrouted nets 0 at the end of iteration 19.
Global Routing step 3 processed 119 nets, it takes 1.28 sec.
Global routing takes 1.33 sec.
Total 3202 subnets.
    forward max bucket size 983 , backward 681.
        Unrouted nets 2349 at the end of iteration 0.
    route iteration 0, CPU time elapsed 0.703125 sec.
    forward max bucket size 962 , backward 827.
        Unrouted nets 1727 at the end of iteration 1.
    route iteration 1, CPU time elapsed 0.500000 sec.
    forward max bucket size 73 , backward 812.
        Unrouted nets 1339 at the end of iteration 2.
    route iteration 2, CPU time elapsed 0.468750 sec.
    forward max bucket size 34 , backward 45.
        Unrouted nets 1108 at the end of iteration 3.
    route iteration 3, CPU time elapsed 0.406250 sec.
    forward max bucket size 38 , backward 59.
        Unrouted nets 1115 at the end of iteration 4.
    route iteration 4, CPU time elapsed 0.312500 sec.
    forward max bucket size 38 , backward 54.
        Unrouted nets 992 at the end of iteration 5.
    route iteration 5, CPU time elapsed 0.281250 sec.
    forward max bucket size 32 , backward 48.
        Unrouted nets 846 at the end of iteration 6.
    route iteration 6, CPU time elapsed 0.234375 sec.
    forward max bucket size 35 , backward 40.
        Unrouted nets 738 at the end of iteration 7.
    route iteration 7, CPU time elapsed 0.187500 sec.
    forward max bucket size 37 , backward 65.
        Unrouted nets 589 at the end of iteration 8.
    route iteration 8, CPU time elapsed 0.171875 sec.
    forward max bucket size 34 , backward 41.
        Unrouted nets 478 at the end of iteration 9.
    route iteration 9, CPU time elapsed 0.140625 sec.
    forward max bucket size 45 , backward 84.
        Unrouted nets 386 at the end of iteration 10.
    route iteration 10, CPU time elapsed 0.125000 sec.
    forward max bucket size 33 , backward 52.
        Unrouted nets 300 at the end of iteration 11.
    route iteration 11, CPU time elapsed 0.109375 sec.
    forward max bucket size 42 , backward 54.
        Unrouted nets 232 at the end of iteration 12.
    route iteration 12, CPU time elapsed 0.078125 sec.
    forward max bucket size 32 , backward 63.
        Unrouted nets 185 at the end of iteration 13.
    route iteration 13, CPU time elapsed 0.078125 sec.
    forward max bucket size 44 , backward 89.
        Unrouted nets 163 at the end of iteration 14.
    route iteration 14, CPU time elapsed 0.062500 sec.
    forward max bucket size 32 , backward 72.
        Unrouted nets 131 at the end of iteration 15.
    route iteration 15, CPU time elapsed 0.062500 sec.
    forward max bucket size 34 , backward 54.
        Unrouted nets 103 at the end of iteration 16.
    route iteration 16, CPU time elapsed 0.046875 sec.
    forward max bucket size 50 , backward 59.
        Unrouted nets 88 at the end of iteration 17.
    route iteration 17, CPU time elapsed 0.031250 sec.
    forward max bucket size 49 , backward 65.
        Unrouted nets 64 at the end of iteration 18.
    route iteration 18, CPU time elapsed 0.031250 sec.
    forward max bucket size 55 , backward 89.
        Unrouted nets 54 at the end of iteration 19.
    route iteration 19, CPU time elapsed 0.031250 sec.
    forward max bucket size 63 , backward 79.
        Unrouted nets 48 at the end of iteration 20.
    route iteration 20, CPU time elapsed 0.031250 sec.
    forward max bucket size 70 , backward 90.
        Unrouted nets 27 at the end of iteration 21.
    route iteration 21, CPU time elapsed 0.015625 sec.
    forward max bucket size 19 , backward 34.
        Unrouted nets 29 at the end of iteration 22.
    route iteration 22, CPU time elapsed 0.015625 sec.
    forward max bucket size 28 , backward 36.
        Unrouted nets 27 at the end of iteration 23.
    route iteration 23, CPU time elapsed 0.015625 sec.
    forward max bucket size 31 , backward 48.
        Unrouted nets 21 at the end of iteration 24.
    route iteration 24, CPU time elapsed 0.015625 sec.
    forward max bucket size 24 , backward 25.
        Unrouted nets 17 at the end of iteration 25.
    route iteration 25, CPU time elapsed 0.015625 sec.
    forward max bucket size 23 , backward 34.
        Unrouted nets 8 at the end of iteration 26.
    route iteration 26, CPU time elapsed 0.015625 sec.
    forward max bucket size 20 , backward 28.
        Unrouted nets 13 at the end of iteration 27.
    route iteration 27, CPU time elapsed 0.015625 sec.
    forward max bucket size 26 , backward 29.
        Unrouted nets 6 at the end of iteration 28.
    route iteration 28, CPU time elapsed 0.000000 sec.
    forward max bucket size 15 , backward 18.
        Unrouted nets 7 at the end of iteration 29.
    route iteration 29, CPU time elapsed 0.000000 sec.
    forward max bucket size 19 , backward 18.
        Unrouted nets 8 at the end of iteration 30.
    route iteration 30, CPU time elapsed 0.000000 sec.
    forward max bucket size 25 , backward 42.
        Unrouted nets 7 at the end of iteration 31.
    route iteration 31, CPU time elapsed 0.015625 sec.
    forward max bucket size 22 , backward 40.
        Unrouted nets 2 at the end of iteration 32.
    route iteration 32, CPU time elapsed 0.015625 sec.
    forward max bucket size 16 , backward 16.
        Unrouted nets 0 at the end of iteration 33.
    route iteration 33, CPU time elapsed 0.015625 sec.
Detailed routing takes 33 iterations
C: Route-2036: The clock path from eth_rgmii_rxc_0_ibuf/opit_1:OUT to eth0_gmii_to_rgmii/clk_dll/gopdll:CLK is routed by SRB.
Detailed routing takes 4.45 sec.
Start fix hold violation.
Build tmp routing results takes 0.05 sec.
Timing analysis takes 0.42 sec.
Hold violation fix iter 0 takes 4.80 sec, total_step_forward 276601.
Incremental timing analysis takes 0.41 sec.
Hold violation fix iter 1 takes 0.86 sec, total_step_forward 202428.
Incremental timing analysis takes 0.33 sec.
Hold violation fix iter 2 takes 0.83 sec, total_step_forward 205589.
Incremental timing analysis takes 0.33 sec.
Hold violation fix iter 3 takes 0.50 sec, total_step_forward 136760.
Incremental timing analysis takes 0.34 sec.
Hold violation fix iter 4 takes 0.55 sec, total_step_forward 156403.
Incremental timing analysis takes 0.31 sec.
Hold violation fix iter 5 takes 0.53 sec, total_step_forward 159458.
Hold Violation Fix in router takes 6 iterations.
Fix hold violation Finished.
Hold Violation Fix in router takes 10.44 sec.

Dispose routing result:
    Collect routing result.
    Delete unused device instances.
    Annotate routing result.
    Change LUT configuration.
    Dispose misc instances.
    Annotate routing result again.
Finish routing takes 0.14 sec.
Used SRB routing arc is 42752.
Cleanup routing takes 0.00 sec.
Routing done.
Total routing takes 18.75 sec.
W: Timing-4105: The worst slack of endpoint fifo_udp_loop/u_ipm_distributed_fifo_fifo_udp_loop/ipm_distributed_sdpram_fifo_udp_loop/mem_11_23/ram32x1dp/WD of clock udp_loop|eth_rgmii_rxc_0 is 127ps(fast corner), but required hold violation threshold is 200ps.
C: STA-3017: There are 1 clock cross SRB paths do not meet the required hold violation threshold(200ps).


Device Utilization Summary :
+---------------------------------------------------------------------------+
| Logic Utilization        | Used     | Available     | Utilization(%)     
+---------------------------------------------------------------------------+
| Use of APM               | 0        | 84            | 0                  
| Use of BKCL              | 2        | 4             | 50                 
| Use of CLMA              | 216      | 6450          | 4                  
|   FF                     | 378      | 38700         | 1                  
|   LUT                    | 678      | 25800         | 3                  
|   LUT-FF pairs           | 126      | 25800         | 1                  
| Use of CLMS              | 480      | 4250          | 12                 
|   FF                     | 11       | 25500         | 1                  
|   LUT                    | 1231     | 17000         | 8                  
|   LUT-FF pairs           | 2        | 17000         | 1                  
|   Distributed RAM        | 1024     | 17000         | 7                  
| Use of CRYSTAL           | 0        | 2             | 0                  
| Use of DLL               | 1        | 10            | 10                 
| Use of DQSL              | 0        | 18            | 0                  
| Use of DRM               | 0        | 134           | 0                  
| Use of FUSECODE          | 0        | 1             | 0                  
| Use of HARD0N1           | 41       | 6672          | 1                  
| Use of HSST              | 0        | 1             | 0                  
| Use of IO                | 14       | 296           | 5                  
|   IOBD                   | 7        | 64            | 11                 
|   IOBR_LR                | 0        | 7             | 0                  
|   IOBR_TB                | 1        | 8             | 13                 
|   IOBS_LR                | 1        | 161           | 1                  
|   IOBS_TB                | 5        | 56            | 9                  
| Use of IOCKDIV           | 0        | 20            | 0                  
| Use of IOCKDLY           | 1        | 40            | 3                  
| Use of IOCKGATE          | 0        | 20            | 0                  
| Use of IOCKGMUX_TEST     | 0        | 20            | 0                  
| Use of IOL               | 14       | 400           | 4                  
| Use of IPAL              | 0        | 1             | 0                  
| Use of LDO               | 0        | 4             | 0                  
| Use of MFG_TEST          | 0        | 1             | 0                  
| Use of OSC               | 0        | 1             | 0                  
| Use of PCIE              | 0        | 1             | 0                  
| Use of PIOMUX_TEST       | 0        | 10            | 0                  
| Use of PLL               | 0        | 5             | 0                  
| Use of PREGMUX_TEST      | 0        | 6             | 0                  
| Use of RCKB              | 1        | 24            | 5                  
| Use of RCKBMUX_TEST      | 0        | 12            | 0                  
| Use of RESCAL            | 0        | 4             | 0                  
| Use of SCANCHAIN         | 0        | 2             | 0                  
| Use of START             | 1        | 1             | 100                
| Use of UDID              | 0        | 1             | 0                  
| Use of USCM              | 2        | 30            | 7                  
| Use of USCMMUX_TEST      | 0        | 30            | 0                  
| Use of VCKBMUX_TEST      | 0        | 12            | 0                  
+---------------------------------------------------------------------------+

Finished routing. (CPU time elapsed 0h:00m:18s)
Design 'udp_loop' has been placed and routed successfully.
Saving design to DB.
Finished placement and routing. (CPU time elapsed 0h:00m:40s)
Action pnr: Real time elapsed is 0h:0m:44s
Action pnr: CPU time elapsed is 0h:0m:41s
Action pnr: Process CPU time elapsed is 0h:0m:41s
Current time: Sun May 26 10:23:34 2024
Action pnr: Peak memory pool usage is 796 MB
