# Reading pref.tcl
# //  ModelSim SE-64 2020.4 Oct 13 2020
# //
# //  Copyright 1991-2020 Mentor Graphics Corporation
# //  All Rights Reserved.
# //
# //  ModelSim SE-64 and its associated documentation contain trade
# //  secrets and commercial or financial information that are the property of
# //  Mentor Graphics Corporation and are privileged, confidential,
# //  and exempt from disclosure under the Freedom of Information Act,
# //  5 U.S.C. Section 552. Furthermore, this information
# //  is prohibited from disclosure under the Trade Secrets Act,
# //  18 U.S.C. Section 1905.
# //
# do {run_behav_compile.tcl}
# ** Warning: (vlib-34) Library already exists at "work".
# Errors: 0, Warnings: 1
# Model Technology ModelSim SE-64 vmap 2020.4 Lib Mapping Utility 2020.10 Oct 13 2020
# vmap work ./work 
# Modifying modelsim.ini
# Model Technology ModelSim SE-64 vmap 2020.4 Lib Mapping Utility 2020.10 Oct 13 2020
# vmap usim C:/Users/86151/Desktop/auido_fft_fir/audio_fft_fir_hdmi/src/UDP/udp/udp_pre_prj/pango_sim_libraries/usim 
# Modifying modelsim.ini
# Model Technology ModelSim SE-64 vmap 2020.4 Lib Mapping Utility 2020.10 Oct 13 2020
# vmap adc C:/Users/86151/Desktop/auido_fft_fir/audio_fft_fir_hdmi/src/UDP/udp/udp_pre_prj/pango_sim_libraries/adc 
# Modifying modelsim.ini
# Model Technology ModelSim SE-64 vmap 2020.4 Lib Mapping Utility 2020.10 Oct 13 2020
# vmap ddrc C:/Users/86151/Desktop/auido_fft_fir/audio_fft_fir_hdmi/src/UDP/udp/udp_pre_prj/pango_sim_libraries/ddrc 
# Modifying modelsim.ini
# Model Technology ModelSim SE-64 vmap 2020.4 Lib Mapping Utility 2020.10 Oct 13 2020
# vmap ddrphy C:/Users/86151/Desktop/auido_fft_fir/audio_fft_fir_hdmi/src/UDP/udp/udp_pre_prj/pango_sim_libraries/ddrphy 
# Modifying modelsim.ini
# Model Technology ModelSim SE-64 vmap 2020.4 Lib Mapping Utility 2020.10 Oct 13 2020
# vmap hsst_e2 C:/Users/86151/Desktop/auido_fft_fir/audio_fft_fir_hdmi/src/UDP/udp/udp_pre_prj/pango_sim_libraries/hsst_e2 
# Modifying modelsim.ini
# Model Technology ModelSim SE-64 vmap 2020.4 Lib Mapping Utility 2020.10 Oct 13 2020
# vmap iolhr_dft C:/Users/86151/Desktop/auido_fft_fir/audio_fft_fir_hdmi/src/UDP/udp/udp_pre_prj/pango_sim_libraries/iolhr_dft 
# Modifying modelsim.ini
# Model Technology ModelSim SE-64 vmap 2020.4 Lib Mapping Utility 2020.10 Oct 13 2020
# vmap ipal_e1 C:/Users/86151/Desktop/auido_fft_fir/audio_fft_fir_hdmi/src/UDP/udp/udp_pre_prj/pango_sim_libraries/ipal_e1 
# Modifying modelsim.ini
# Model Technology ModelSim SE-64 vmap 2020.4 Lib Mapping Utility 2020.10 Oct 13 2020
# vmap pciegen2 C:/Users/86151/Desktop/auido_fft_fir/audio_fft_fir_hdmi/src/UDP/udp/udp_pre_prj/pango_sim_libraries/pciegen2 
# Modifying modelsim.ini
# Model Technology ModelSim SE-64 vlog 2020.4 Compiler 2020.10 Oct 13 2020
# Start time: 16:30:00 on Apr 22,2024
# vlog -reportprogress 300 C:/Users/86151/Desktop/auido_fft_fir/audio_fft_fir_hdmi/src/UDP/udp/udp_re.v -work work 
# -- Compiling module udp_re
# 
# Top level modules:
# 	udp_re
# End time: 16:30:00 on Apr 22,2024, Elapsed time: 0:00:00
# Errors: 0, Warnings: 0
# Model Technology ModelSim SE-64 vlog 2020.4 Compiler 2020.10 Oct 13 2020
# Start time: 16:30:00 on Apr 22,2024
# vlog -reportprogress 300 C:/Users/86151/Desktop/auido_fft_fir/audio_fft_fir_hdmi/src/UDP/udp/udp_rx_re.v -work work 
# -- Compiling module udp_rx_re
# 
# Top level modules:
# 	udp_rx_re
# End time: 16:30:00 on Apr 22,2024, Elapsed time: 0:00:00
# Errors: 0, Warnings: 0
# Model Technology ModelSim SE-64 vlog 2020.4 Compiler 2020.10 Oct 13 2020
# Start time: 16:30:00 on Apr 22,2024
# vlog -reportprogress 300 C:/Users/86151/Desktop/auido_fft_fir/audio_fft_fir_hdmi/src/UDP/udp/udp_tx_re.v -work work 
# -- Compiling module udp_tx_re
# 
# Top level modules:
# 	udp_tx_re
# End time: 16:30:00 on Apr 22,2024, Elapsed time: 0:00:00
# Errors: 0, Warnings: 0
# Model Technology ModelSim SE-64 vlog 2020.4 Compiler 2020.10 Oct 13 2020
# Start time: 16:30:00 on Apr 22,2024
# vlog -reportprogress 300 C:/Users/86151/Desktop/auido_fft_fir/audio_fft_fir_hdmi/src/UDP/arp/crc32_d8.v -work work 
# -- Compiling module crc32_d8
# 
# Top level modules:
# 	crc32_d8
# End time: 16:30:01 on Apr 22,2024, Elapsed time: 0:00:01
# Errors: 0, Warnings: 0
# Model Technology ModelSim SE-64 vlog 2020.4 Compiler 2020.10 Oct 13 2020
# Start time: 16:30:01 on Apr 22,2024
# vlog -reportprogress 300 C:/Users/86151/Desktop/auido_fft_fir/audio_fft_fir_hdmi/src/UDP/udp/tb_udp.v -work work 
# -- Compiling module tb_udp
# 
# Top level modules:
# 	tb_udp
# End time: 16:30:01 on Apr 22,2024, Elapsed time: 0:00:00
# Errors: 0, Warnings: 0
# do {run_behav_simulate.tcl}
# vsim -voptargs="+acc" -L work -L usim -L adc -L ddrc -L ddrphy -L hsst_e2 -L iolhr_dft -L ipal_e1 -L pciegen2 tb_udp usim.GTP_GRS 
# Start time: 16:30:01 on Apr 22,2024
# ** Note: (vsim-3813) Design is being optimized due to module recompilation...
# ** Note: (vopt-143) Recognized 1 FSM in module "udp_tx_re(fast)".
# Loading work.tb_udp(fast)
# Loading work.udp_re(fast)
# Loading work.udp_rx_re(fast)
# Loading work.udp_tx_re(fast)
# Loading work.crc32_d8(fast)
# Loading usim.GTP_GRS(fast)
# .main_pane.wave.interior.cs.body.pw.wf
# .main_pane.structure.interior.cs.body.struct
# .main_pane.objects.interior.cs.body.tree
add wave -position insertpoint sim:/tb_udp/u_udp/*
add wave -position insertpoint sim:/tb_udp/u_udp/u_udp_rx/*
add wave -position insertpoint sim:/tb_udp/u_udp/u_udp_tx/*
restart
# ** Note: (vsim-8009) Loading existing optimized design _opt
# Loading work.tb_udp(fast)
# Loading work.udp_re(fast)
# Loading work.udp_rx_re(fast)
# Loading work.udp_tx_re(fast)
# Loading work.crc32_d8(fast)
# Loading usim.GTP_GRS(fast)
run
# Causality operation skipped due to absence of debug database file
#  Trace back: invalid command name ""
#     while executing
# "::SourceEdit::HandleDrivers [lindex $sigList 0] $d_or_r"
#     (procedure "_showDFReadersDrivers" line 41)
#     invoked from within
# "_showDFReadersDrivers drivers .main_pane.wave.interior.cs.body.pw.wf 1"
#     ("eval" body line 1)
#     invoked from within
# "eval _showDFReadersDrivers "drivers" $winname $classic $args"
#     (procedure "Wave::ShowDFDrivers" line 2)
#     invoked from within
# "Wave::ShowDFDrivers $top 1"
#     (procedure "Wave::1Up" line 27)
#     invoked from within
# "Wave::1Up $widget $x $y"
#     (procedure "Wave::SelectUp" line 4)
#     invoked from within
# "Wave::SelectUp	 .main_pane.wave.interior.cs.body.pw.wf.grid.row0,wave.data 335 360 976 553 "
#     (command bound to event)
#    <2:D:/modelsim20204/ssetup/win64/tk8.6/bgerror.tcl:106: ::tkerror {invalid command name ""}
#    <1:eval:1: ::tk::dialog::error::bgerror {invalid command name ""}
# Error: invalid command name "::.main_pane.dataflow.interior.cs.body.pw.df.c"
# Error: invalid command name "::.main_pane.dataflow.interior.cs.body.pw.df.c"
# Error: invalid command name "::.main_pane.dataflow.interior.cs.body.pw.df.c"
# Error: invalid command name "::.main_pane.dataflow.interior.cs.body.pw.df.c"
# Error: invalid command name "::.main_pane.dataflow.interior.cs.body.pw.df.c"
# Error: invalid command name "::.main_pane.dataflow.interior.cs.body.pw.df.c"
# Error: invalid command name "::.main_pane.dataflow.interior.cs.body.pw.df.c"
# Error: invalid command name "::.main_pane.dataflow.interior.cs.body.pw.df.c"
# Error: invalid command name "::.main_pane.dataflow.interior.cs.body.pw.df.c"
# Error: invalid command name "::.main_pane.dataflow.interior.cs.body.pw.df.c"
# Error: invalid command name "::.main_pane.dataflow.interior.cs.body.pw.df.c"
# Error: invalid command name "::.main_pane.dataflow.interior.cs.body.pw.df.c"
# Error: invalid command name "::.main_pane.dataflow.interior.cs.body.pw.df.c"
# Error: invalid command name "::.main_pane.dataflow.interior.cs.body.pw.df.c"
# Error: invalid command name "::.main_pane.dataflow.interior.cs.body.pw.df.c"
# Error: invalid command name "::.main_pane.dataflow.interior.cs.body.pw.df.c"
# Error: invalid command name "::.main_pane.dataflow.interior.cs.body.pw.df.c"
# Error: invalid command name "::.main_pane.dataflow.interior.cs.body.pw.df.c"
# Error: invalid command name "::.main_pane.dataflow.interior.cs.body.pw.df.c"
# Error: invalid command name "::.main_pane.dataflow.interior.cs.body.pw.df.c"
# Error: invalid command name "::.main_pane.dataflow.interior.cs.body.pw.df.c"
# Error: invalid command name "::.main_pane.dataflow.interior.cs.body.pw.df.c"
# Error: invalid command name "::.main_pane.dataflow.interior.cs.body.pw.df.c"
# Error: invalid command name "::.main_pane.dataflow.interior.cs.body.pw.df.c"
# Error: invalid command name "::.main_pane.dataflow.interior.cs.body.pw.df.c"
# Error: invalid command name "::.main_pane.dataflow.interior.cs.body.pw.df.c"
# Error: invalid command name "::.main_pane.dataflow.interior.cs.body.pw.df.c"
# Error: invalid command name "::.main_pane.dataflow.interior.cs.body.pw.df.c"
# Error: invalid command name "::.main_pane.dataflow.interior.cs.body.pw.df.c"
# Error: invalid command name "::.main_pane.dataflow.interior.cs.body.pw.df.c"
# Error: invalid command name "::.main_pane.dataflow.interior.cs.body.pw.df.c"
# Error: invalid command name "::.main_pane.dataflow.interior.cs.body.pw.df.c"
# Error: invalid command name "::.main_pane.dataflow.interior.cs.body.pw.df.c"
# Error: invalid command name "::.main_pane.dataflow.interior.cs.body.pw.df.c"
# Error: invalid command name "::.main_pane.dataflow.interior.cs.body.pw.df.c"
# Error: invalid command name "::.main_pane.dataflow.interior.cs.body.pw.df.c"
# Error: invalid command name "::.main_pane.dataflow.interior.cs.body.pw.df.c"
# Error: invalid command name "::.main_pane.dataflow.interior.cs.body.pw.df.c"
# Error: invalid command name "::.main_pane.dataflow.interior.cs.body.pw.df.c"
# Error: invalid command name "::.main_pane.dataflow.interior.cs.body.pw.df.c"
# Error: invalid command name "::.main_pane.dataflow.interior.cs.body.pw.df.c"
# Error: invalid command name "::.main_pane.dataflow.interior.cs.body.pw.df.c"
# Error: invalid command name "::.main_pane.dataflow.interior.cs.body.pw.df.c"
# Error: invalid command name "::.main_pane.dataflow.interior.cs.body.pw.df.c"
# Error: invalid command name "::.main_pane.dataflow.interior.cs.body.pw.df.c"
# Error: invalid command name "::.main_pane.dataflow.interior.cs.body.pw.df.c"
# Error: invalid command name "::.main_pane.dataflow.interior.cs.body.pw.df.c"
# Error: invalid command name "::.main_pane.dataflow.interior.cs.body.pw.df.c"
# Error: invalid command name "::.main_pane.dataflow.interior.cs.body.pw.df.c"
# Error: invalid command name "::.main_pane.dataflow.interior.cs.body.pw.df.c"
# Error: invalid command name "::.main_pane.dataflow.interior.cs.body.pw.df.c"
# Error: invalid command name "::.main_pane.dataflow.interior.cs.body.pw.df.c"
# Error: invalid command name "::.main_pane.dataflow.interior.cs.body.pw.df.c"
# Error: invalid command name "::.main_pane.dataflow.interior.cs.body.pw.df.c"
# Error: invalid command name "::.main_pane.dataflow.interior.cs.body.pw.df.c"
# Error: invalid command name "::.main_pane.dataflow.interior.cs.body.pw.df.c"
# Error: invalid command name "::.main_pane.dataflow.interior.cs.body.pw.df.c"
# Error: invalid command name "::.main_pane.dataflow.interior.cs.body.pw.df.c"
# Error: invalid command name "::.main_pane.dataflow.interior.cs.body.pw.df.c"
# Error: invalid command name "::.main_pane.dataflow.interior.cs.body.pw.df.c"
# Error: invalid command name "::.main_pane.dataflow.interior.cs.body.pw.df.c"
# Error: invalid command name "::.main_pane.dataflow.interior.cs.body.pw.df.c"
# Error: invalid command name "::.main_pane.dataflow.interior.cs.body.pw.df.c"
# Error: invalid command name "::.main_pane.dataflow.interior.cs.body.pw.df.c"
# Error: invalid command name "::.main_pane.dataflow.interior.cs.body.pw.df.c"
# End time: 18:09:00 on Apr 22,2024, Elapsed time: 1:38:59
# Errors: 0, Warnings: 0
