#Build: Fabric Compiler 2022.1, Build 99559, Jul 12 00:20 2022
#Install: D:\fpga_competition\FPGA_competition\ziguangtongchuang_file\MES50HP_v3\set_up\set_up_file\PDS_2022.1\bin
#Application name: pds_shell.exe
#OS: Windows 10 10.0.22000
#Hostname: Thecomputerofmartin
Generated by Fabric Compiler (version 2022.1 build 99559) at Fri Jul 26 09:39:27 2024
Compiling verification operator library.
Compiling common defs.
Compiling prim grid devices.
Compiling gate devices.
Compiling gate operators.
Building architecture model.
Loading device packaging model.
Reading design from DB.
Start Generating Programming File...
Reading design from DB takes 5.828125 sec.
Generating architecture configuration.
The bitstream file is "C:/Users/86151/Desktop/auido_fft_fir/ziguangTongchuang_Competition_Documents/prj/prj_audio_top_new1/generate_bitstream/audio_top.sbit"
Generate programming file takes 35.171875 sec.
Generating Programming File done.
Action gen_bit_stream: Real time elapsed is 0h:0m:42s
Action gen_bit_stream: CPU time elapsed is 0h:0m:40s
Action gen_bit_stream: Process CPU time elapsed is 0h:0m:40s
Current time: Fri Jul 26 09:40:07 2024
Action gen_bit_stream: Peak memory pool usage is 902 MB
