#Build: Fabric Compiler 2022.1, Build 99559, Jul 12 00:20 2022
#Install: D:\fpga_competition\FPGA_competition\ziguangtongchuang_file\MES50HP_v3\set_up\set_up_file\PDS_2022.1\bin
#Application name: pds_shell.exe
#OS: Windows 10 10.0.22000
#Hostname: Thecomputerofmartin
Generated by Fabric Compiler (version 2022.1 build 99559) at Sun May 26 14:24:26 2024
License checkout: fabric_ads
Compiling verification operator library.
Compiling common defs.
Loading technology operator library.
Compiling technology operator library.
Compiling technology operator (valence) library.
Reading design from compile DB
Reading design from compile DB successfully.
Constraint check start.
Compiling prim grid devices.
Building architecture model.
Loading device packaging model.
Building architecture floorplan logic view.
C: ConstraintEditor-2002: [C:/Users/86151/Desktop/auido_fft_fir/ziguangTongchuang_Competition_Documents/prj/prj_udp_loop_noarp/source/udp_top/udp_loop.fdc(line number: 33)] | Port eth_rst_n_0 has been placed at location B20, whose type is share pin.
C: ConstraintEditor-2002: [C:/Users/86151/Desktop/auido_fft_fir/ziguangTongchuang_Competition_Documents/prj/prj_udp_loop_noarp/source/udp_top/udp_loop.fdc(line number: 40)] | Port eth_rgmii_tx_ctl_0 has been placed at location B18, whose type is share pin.
C: ConstraintEditor-2002: [C:/Users/86151/Desktop/auido_fft_fir/ziguangTongchuang_Competition_Documents/prj/prj_udp_loop_noarp/source/udp_top/udp_loop.fdc(line number: 61)] | Port eth_rgmii_txd_0[1] has been placed at location D17, whose type is share pin.
C: ConstraintEditor-2002: [C:/Users/86151/Desktop/auido_fft_fir/ziguangTongchuang_Competition_Documents/prj/prj_udp_loop_noarp/source/udp_top/udp_loop.fdc(line number: 68)] | Port eth_rgmii_txd_0[2] has been placed at location C18, whose type is share pin.
C: ConstraintEditor-2002: [C:/Users/86151/Desktop/auido_fft_fir/ziguangTongchuang_Competition_Documents/prj/prj_udp_loop_noarp/source/udp_top/udp_loop.fdc(line number: 75)] | Port eth_rgmii_txd_0[3] has been placed at location A18, whose type is share pin.
Constraint check end.
C: SDC-2025: Clock source 'n:sys_clk' need a clock constraint, please use 'create_clock' or 'create_generate_clock' to generate.
Executing : get_ports sys_clk
Executing : get_ports sys_clk successfully.
Executing : create_clock -name udp_loop_noarp|sys_clk [get_ports sys_clk] -period 1000.000 -waveform {0.000 500.000} -add
Executing : create_clock -name udp_loop_noarp|sys_clk [get_ports sys_clk] -period 1000.000 -waveform {0.000 500.000} -add successfully.
Executing : set_clock_groups -name Inferred_clock_group_0 -asynchronous -group udp_loop_noarp|sys_clk
Executing : set_clock_groups -name Inferred_clock_group_0 -asynchronous -group udp_loop_noarp|sys_clk successfully.
C: SDC-2025: Clock source 'n:eth_rgmii_rxc_0' need a clock constraint, please use 'create_clock' or 'create_generate_clock' to generate.
Executing : get_ports eth_rgmii_rxc_0
Executing : get_ports eth_rgmii_rxc_0 successfully.
Executing : create_clock -name udp_loop_noarp|eth_rgmii_rxc_0 [get_ports eth_rgmii_rxc_0] -period 1000.000 -waveform {0.000 500.000} -add
Executing : create_clock -name udp_loop_noarp|eth_rgmii_rxc_0 [get_ports eth_rgmii_rxc_0] -period 1000.000 -waveform {0.000 500.000} -add successfully.
Executing : set_clock_groups -name Inferred_clock_group_1 -asynchronous -group udp_loop_noarp|eth_rgmii_rxc_0
Executing : set_clock_groups -name Inferred_clock_group_1 -asynchronous -group udp_loop_noarp|eth_rgmii_rxc_0 successfully.
Start pre-mapping.
I: Removed bmsSUB inst N320 that is redundant to N319
I: Removed bmsSUB inst N311 that is redundant to N310
I: Encoding type of FSM 'cur_state_fsm[6:0]' is: onehot.
I: [C:/Users/86151/Desktop/auido_fft_fir/ziguangTongchuang_Competition_Documents/src/udp_top/udp_rx.v(line number:49)] The user initial state for regs on FSM cur_state_fsm[6:0] is 0000001 and be encoded 0000001.
I: Encoding table of FSM 'cur_state_fsm[6:0]':
I: from  u_udp/u_udp_rx/cur_state[6] u_udp/u_udp_rx/cur_state[5] u_udp/u_udp_rx/cur_state[4] u_udp/u_udp_rx/cur_state[3] u_udp/u_udp_rx/cur_state[2] u_udp/u_udp_rx/cur_state[1] u_udp/u_udp_rx/cur_state[0]
I: to  u_udp/u_udp_rx/cur_state_6 u_udp/u_udp_rx/cur_state_5 u_udp/u_udp_rx/cur_state_4 u_udp/u_udp_rx/cur_state_3 u_udp/u_udp_rx/cur_state_2 u_udp/u_udp_rx/cur_state_1 u_udp/u_udp_rx/cur_state_0
I: 0000001 => 0000001
I: 0000010 => 0000010
I: 0000100 => 0000100
I: 0001000 => 0001000
I: 0010000 => 0010000
I: 0100000 => 0100000
I: 1000000 => 1000000
I: Encoding type of FSM 'cur_state_fsm[6:0]' is: onehot.
I: [C:/Users/86151/Desktop/auido_fft_fir/ziguangTongchuang_Competition_Documents/src/udp_top/udp_tx.v(line number:118)] The user initial state for regs on FSM cur_state_fsm[6:0] is 0000001 and be encoded 0000001.
I: Encoding table of FSM 'cur_state_fsm[6:0]':
I: from  u_udp/u_udp_tx/cur_state[6] u_udp/u_udp_tx/cur_state[5] u_udp/u_udp_tx/cur_state[4] u_udp/u_udp_tx/cur_state[3] u_udp/u_udp_tx/cur_state[2] u_udp/u_udp_tx/cur_state[1] u_udp/u_udp_tx/cur_state[0]
I: to  u_udp/u_udp_tx/cur_state_6 u_udp/u_udp_tx/cur_state_5 u_udp/u_udp_tx/cur_state_4 u_udp/u_udp_tx/cur_state_3 u_udp/u_udp_tx/cur_state_2 u_udp/u_udp_tx/cur_state_1 u_udp/u_udp_tx/cur_state_0
I: 0000001 => 0000001
I: 0000010 => 0000010
I: 0000100 => 0000100
I: 0001000 => 0001000
I: 0010000 => 0010000
I: 0100000 => 0100000
I: 1000000 => 1000000
I: Constant propagation done on u_udp/u_udp_rx/N47 (bmsWIDEINV).
I: Constant propagation done on u_udp/u_udp_rx/N48 (bmsPMUX).
I: Constant propagation done on u_udp/u_udp_tx/N69 (bmsWIDEINV).
I: Constant propagation done on u_udp/u_udp_tx/N70 (bmsPMUX).
I: Constant propagation done on u_udp/u_udp_tx/N916_2 (bmsWIDEMUX).
I: Constant propagation done on u_udp/u_udp_tx/N916_3 (bmsWIDEMUX).
I: Constant propagation done on fifo_udp_loop/u_ipm_distributed_fifo_fifo_udp_loop/u_ipm_distributed_fifo_ctr/N58_1 (bmsWIDEMUX).
I: Constant propagation done on fifo_udp_loop/u_ipm_distributed_fifo_fifo_udp_loop/u_ipm_distributed_fifo_ctr/N190_1 (bmsWIDEMUX).
I: Constant propagation done on fifo_udp_loop/u_ipm_distributed_fifo_fifo_udp_loop/u_ipm_distributed_fifo_ctr/N58_1 (bmsWIDEMUX).
I: Constant propagation done on fifo_udp_loop/u_ipm_distributed_fifo_fifo_udp_loop/u_ipm_distributed_fifo_ctr/N190_1 (bmsWIDEMUX).
W: Removed bmsWIDEDFFCPE inst ip_head_byte_num[5:0] at 0 that is stuck at constant 0.
W: Removed bmsWIDEDFFCPE inst check_buffer[31:0] at 20 that is stuck at constant 0.
Executing : pre-mapping successfully. Time elapsed: 0.078s wall, 0.078s user + 0.000s system = 0.078s CPU (100.1%)

Start mod-gen.
W: Public-4008: Instance 'eth0_gmii_to_rgmii/mac_rx_error' of 'bmsWIDEDFFRSE' unit is dangling and will be cleaned.
W: Public-4008: Instance 'fifo_udp_loop/u_ipm_distributed_fifo_fifo_udp_loop/u_ipm_distributed_fifo_ctr/ASYN_CTRL.asyn_almost_empty' of 'bmsWIDEDFFCPE' unit is dangling and will be cleaned.
W: Public-4008: Instance 'fifo_udp_loop/u_ipm_distributed_fifo_fifo_udp_loop/u_ipm_distributed_fifo_ctr/ASYN_CTRL.asyn_almost_full' of 'bmsWIDEDFFCPE' unit is dangling and will be cleaned.
W: Public-4008: Instance 'fifo_udp_loop/u_ipm_distributed_fifo_fifo_udp_loop/u_ipm_distributed_fifo_ctr/rd_water_level[10:0]' of 'bmsWIDEDFFCPE' unit is dangling and will be cleaned.
W: Public-4008: Instance 'fifo_udp_loop/u_ipm_distributed_fifo_fifo_udp_loop/u_ipm_distributed_fifo_ctr/wr_water_level[10:0]' of 'bmsWIDEDFFCPE' unit is dangling and will be cleaned.
W: Removed bmsWIDEDFFRSE inst u_udp/u_udp_tx/ip_head[4][0] that is stuck at constant 0.
W: Removed bmsWIDEDFFRSE inst u_udp/u_udp_tx/ip_head[4][1] that is stuck at constant 0.
W: Removed bmsWIDEDFFRSE inst u_udp/u_udp_tx/ip_head[4][2] that is stuck at constant 0.
W: Removed bmsWIDEDFFRSE inst u_udp/u_udp_tx/ip_head[4][3] that is stuck at constant 1.
W: Removed bmsWIDEDFFRSE inst u_udp/u_udp_tx/ip_head[4][4] that is stuck at constant 1.
W: Removed bmsWIDEDFFRSE inst u_udp/u_udp_tx/ip_head[4][5] that is stuck at constant 1.
W: Removed bmsWIDEDFFRSE inst u_udp/u_udp_tx/ip_head[4][6] that is stuck at constant 1.
W: Removed bmsWIDEDFFRSE inst u_udp/u_udp_tx/ip_head[4][7] that is stuck at constant 0.
W: Removed bmsWIDEDFFRSE inst u_udp/u_udp_tx/ip_head[4][8] that is stuck at constant 1.
W: Removed bmsWIDEDFFRSE inst u_udp/u_udp_tx/ip_head[4][9] that is stuck at constant 1.
W: Removed bmsWIDEDFFRSE inst u_udp/u_udp_tx/ip_head[4][10] that is stuck at constant 0.
W: Removed bmsWIDEDFFRSE inst u_udp/u_udp_tx/ip_head[4][11] that is stuck at constant 0.
W: Removed bmsWIDEDFFRSE inst u_udp/u_udp_tx/ip_head[4][12] that is stuck at constant 1.
W: Removed bmsWIDEDFFRSE inst u_udp/u_udp_tx/ip_head[4][13] that is stuck at constant 1.
W: Removed bmsWIDEDFFRSE inst u_udp/u_udp_tx/ip_head[4][14] that is stuck at constant 0.
W: Removed bmsWIDEDFFRSE inst u_udp/u_udp_tx/ip_head[4][15] that is stuck at constant 0.
W: Removed bmsWIDEDFFRSE inst u_udp/u_udp_tx/ip_head[4][16] that is stuck at constant 0.
W: Removed bmsWIDEDFFRSE inst u_udp/u_udp_tx/ip_head[4][17] that is stuck at constant 1.
W: Removed bmsWIDEDFFRSE inst u_udp/u_udp_tx/ip_head[4][18] that is stuck at constant 1.
W: Removed bmsWIDEDFFRSE inst u_udp/u_udp_tx/ip_head[4][19] that is stuck at constant 1.
W: Removed bmsWIDEDFFRSE inst u_udp/u_udp_tx/ip_head[4][20] that is stuck at constant 1.
W: Removed bmsWIDEDFFRSE inst u_udp/u_udp_tx/ip_head[4][21] that is stuck at constant 1.
W: Removed bmsWIDEDFFRSE inst u_udp/u_udp_tx/ip_head[4][22] that is stuck at constant 1.
W: Removed bmsWIDEDFFRSE inst u_udp/u_udp_tx/ip_head[4][23] that is stuck at constant 1.
W: Removed bmsWIDEDFFRSE inst u_udp/u_udp_tx/ip_head[4][24] that is stuck at constant 1.
W: Removed bmsWIDEDFFRSE inst u_udp/u_udp_tx/ip_head[4][25] that is stuck at constant 0.
W: Removed bmsWIDEDFFRSE inst u_udp/u_udp_tx/ip_head[4][26] that is stuck at constant 0.
W: Removed bmsWIDEDFFRSE inst u_udp/u_udp_tx/ip_head[4][27] that is stuck at constant 1.
W: Removed bmsWIDEDFFRSE inst u_udp/u_udp_tx/ip_head[4][28] that is stuck at constant 0.
W: Removed bmsWIDEDFFRSE inst u_udp/u_udp_tx/ip_head[4][29] that is stuck at constant 1.
W: Removed bmsWIDEDFFRSE inst u_udp/u_udp_tx/ip_head[4][30] that is stuck at constant 0.
W: Removed bmsWIDEDFFRSE inst u_udp/u_udp_tx/ip_head[4][31] that is stuck at constant 1.
I: Removed inst u_udp/u_udp_tx/preamble[1][7:0] which is redundant to u_udp/u_udp_tx/preamble[0][7:0] (type bmsWIDEDFFPATCE)
I: Removed inst u_udp/u_udp_tx/preamble[2][7:0] which is redundant to u_udp/u_udp_tx/preamble[0][7:0] (type bmsWIDEDFFPATCE)
I: Removed inst u_udp/u_udp_tx/preamble[3][7:0] which is redundant to u_udp/u_udp_tx/preamble[0][7:0] (type bmsWIDEDFFPATCE)
I: Removed inst u_udp/u_udp_tx/preamble[4][7:0] which is redundant to u_udp/u_udp_tx/preamble[0][7:0] (type bmsWIDEDFFPATCE)
I: Removed inst u_udp/u_udp_tx/preamble[5][7:0] which is redundant to u_udp/u_udp_tx/preamble[0][7:0] (type bmsWIDEDFFPATCE)
I: Removed inst u_udp/u_udp_tx/preamble[6][7:0] which is redundant to u_udp/u_udp_tx/preamble[0][7:0] (type bmsWIDEDFFPATCE)
I: Removed inst u_udp/u_udp_tx/eth_head[11][7:0] which is redundant to u_udp/u_udp_tx/eth_head[10][7:0] (type bmsWIDEDFFPATCE)
Executing : mod-gen successfully. Time elapsed: 0.298s wall, 0.281s user + 0.016s system = 0.297s CPU (99.6%)

Start logic-optimization.
W: Removed bmsWIDEDFFCPE inst u_udp/u_udp_tx/eth_head[13][7:0] at 0 that is stuck at constant 0.
W: Removed bmsWIDEDFFCPE inst u_udp/u_udp_tx/eth_head[13][7:0] at 1 that is stuck at constant 0.
W: Removed bmsWIDEDFFCPE inst u_udp/u_udp_tx/eth_head[13][7:0] at 2 that is stuck at constant 0.
W: Removed bmsWIDEDFFCPE inst u_udp/u_udp_tx/eth_head[13][7:0] at 3 that is stuck at constant 0.
W: Removed bmsWIDEDFFCPE inst u_udp/u_udp_tx/eth_head[13][7:0] at 4 that is stuck at constant 0.
W: Removed bmsWIDEDFFCPE inst u_udp/u_udp_tx/eth_head[13][7:0] at 5 that is stuck at constant 0.
W: Removed bmsWIDEDFFCPE inst u_udp/u_udp_tx/eth_head[13][7:0] at 6 that is stuck at constant 0.
W: Removed bmsWIDEDFFCPE inst u_udp/u_udp_tx/eth_head[13][7:0] at 7 that is stuck at constant 0.
Executing : logic-optimization successfully. Time elapsed: 0.839s wall, 0.812s user + 0.016s system = 0.828s CPU (98.7%)

Start tech-mapping phase 1.
W: Public-4008: Instance 'u_udp/u_udp_rx/des_ip[24]' of 'bmsWIDEDFFCPE' unit is dangling and will be cleaned.
W: Public-4008: Instance 'u_udp/u_udp_rx/des_ip[25]' of 'bmsWIDEDFFCPE' unit is dangling and will be cleaned.
W: Public-4008: Instance 'u_udp/u_udp_rx/des_ip[26]' of 'bmsWIDEDFFCPE' unit is dangling and will be cleaned.
W: Public-4008: Instance 'u_udp/u_udp_rx/des_ip[27]' of 'bmsWIDEDFFCPE' unit is dangling and will be cleaned.
W: Public-4008: Instance 'u_udp/u_udp_rx/des_ip[28]' of 'bmsWIDEDFFCPE' unit is dangling and will be cleaned.
W: Public-4008: Instance 'u_udp/u_udp_rx/des_ip[29]' of 'bmsWIDEDFFCPE' unit is dangling and will be cleaned.
W: Public-4008: Instance 'u_udp/u_udp_rx/des_ip[30]' of 'bmsWIDEDFFCPE' unit is dangling and will be cleaned.
W: Public-4008: Instance 'u_udp/u_udp_rx/des_ip[31]' of 'bmsWIDEDFFCPE' unit is dangling and will be cleaned.
W: Public-4008: Instance 'u_udp/u_udp_rx/ip_head_byte_num[0]' of 'bmsWIDEDFFCPE' unit is dangling and will be cleaned.
W: Public-4008: Instance 'u_udp/u_udp_rx/ip_head_byte_num[1]' of 'bmsWIDEDFFCPE' unit is dangling and will be cleaned.
W: Public-4008: Instance 'u_udp/u_udp_tx/check_buffer[20]' of 'bmsWIDEDFFCPE' unit is dangling and will be cleaned.
W: Public-4008: Instance 'u_udp/u_udp_tx/check_buffer[21]' of 'bmsWIDEDFFCPE' unit is dangling and will be cleaned.
W: Public-4008: Instance 'u_udp/u_udp_tx/check_buffer[22]' of 'bmsWIDEDFFCPE' unit is dangling and will be cleaned.
W: Public-4008: Instance 'u_udp/u_udp_tx/check_buffer[23]' of 'bmsWIDEDFFCPE' unit is dangling and will be cleaned.
W: Public-4008: Instance 'u_udp/u_udp_tx/check_buffer[24]' of 'bmsWIDEDFFCPE' unit is dangling and will be cleaned.
W: Public-4008: Instance 'u_udp/u_udp_tx/check_buffer[25]' of 'bmsWIDEDFFCPE' unit is dangling and will be cleaned.
W: Public-4008: Instance 'u_udp/u_udp_tx/check_buffer[26]' of 'bmsWIDEDFFCPE' unit is dangling and will be cleaned.
W: Public-4008: Instance 'u_udp/u_udp_tx/check_buffer[27]' of 'bmsWIDEDFFCPE' unit is dangling and will be cleaned.
W: Public-4008: Instance 'u_udp/u_udp_tx/check_buffer[28]' of 'bmsWIDEDFFCPE' unit is dangling and will be cleaned.
W: Public-4008: Instance 'u_udp/u_udp_tx/check_buffer[29]' of 'bmsWIDEDFFCPE' unit is dangling and will be cleaned.
W: Public-4008: Instance 'u_udp/u_udp_tx/check_buffer[30]' of 'bmsWIDEDFFCPE' unit is dangling and will be cleaned.
W: Public-4008: Instance 'u_udp/u_udp_tx/check_buffer[31]' of 'bmsWIDEDFFCPE' unit is dangling and will be cleaned.
W: Removed GTP_DFF_R inst cnt[12] that is stuck at constant 0.
W: Removed GTP_DFF_R inst cnt[13] that is stuck at constant 0.
W: Removed GTP_DFF_R inst cnt[14] that is stuck at constant 0.
W: Removed GTP_DFF_R inst cnt[15] that is stuck at constant 0.
W: Removed GTP_DFF_R inst cnt[16] that is stuck at constant 0.
W: Removed GTP_DFF_CE inst u_udp/u_udp_tx/eth_head[0][0] that is stuck at constant 0.
W: Removed GTP_DFF_CE inst u_udp/u_udp_tx/eth_head[0][1] that is stuck at constant 0.
W: Removed GTP_DFF_PE inst u_udp/u_udp_tx/eth_head[0][2] that is stuck at constant 1.
W: Removed GTP_DFF_CE inst u_udp/u_udp_tx/eth_head[0][3] that is stuck at constant 0.
W: Removed GTP_DFF_CE inst u_udp/u_udp_tx/eth_head[0][4] that is stuck at constant 0.
W: Removed GTP_DFF_CE inst u_udp/u_udp_tx/eth_head[0][5] that is stuck at constant 0.
W: Removed GTP_DFF_CE inst u_udp/u_udp_tx/eth_head[0][6] that is stuck at constant 0.
W: Removed GTP_DFF_PE inst u_udp/u_udp_tx/eth_head[0][7] that is stuck at constant 1.
W: Removed GTP_DFF_PE inst u_udp/u_udp_tx/eth_head[1][0] that is stuck at constant 1.
W: Removed GTP_DFF_CE inst u_udp/u_udp_tx/eth_head[1][1] that is stuck at constant 0.
W: Removed GTP_DFF_CE inst u_udp/u_udp_tx/eth_head[1][2] that is stuck at constant 0.
W: Removed GTP_DFF_PE inst u_udp/u_udp_tx/eth_head[1][3] that is stuck at constant 1.
W: Removed GTP_DFF_CE inst u_udp/u_udp_tx/eth_head[1][4] that is stuck at constant 0.
W: Removed GTP_DFF_PE inst u_udp/u_udp_tx/eth_head[1][5] that is stuck at constant 1.
W: Removed GTP_DFF_CE inst u_udp/u_udp_tx/eth_head[1][6] that is stuck at constant 0.
W: Removed GTP_DFF_PE inst u_udp/u_udp_tx/eth_head[1][7] that is stuck at constant 1.
W: Removed GTP_DFF_CE inst u_udp/u_udp_tx/eth_head[2][0] that is stuck at constant 0.
W: Removed GTP_DFF_CE inst u_udp/u_udp_tx/eth_head[2][1] that is stuck at constant 0.
W: Removed GTP_DFF_CE inst u_udp/u_udp_tx/eth_head[2][2] that is stuck at constant 0.
W: Removed GTP_DFF_PE inst u_udp/u_udp_tx/eth_head[2][3] that is stuck at constant 1.
W: Removed GTP_DFF_PE inst u_udp/u_udp_tx/eth_head[2][4] that is stuck at constant 1.
W: Removed GTP_DFF_PE inst u_udp/u_udp_tx/eth_head[2][5] that is stuck at constant 1.
W: Removed GTP_DFF_CE inst u_udp/u_udp_tx/eth_head[2][6] that is stuck at constant 0.
W: Removed GTP_DFF_CE inst u_udp/u_udp_tx/eth_head[2][7] that is stuck at constant 0.
W: Removed GTP_DFF_PE inst u_udp/u_udp_tx/eth_head[3][0] that is stuck at constant 1.
W: Removed GTP_DFF_PE inst u_udp/u_udp_tx/eth_head[3][1] that is stuck at constant 1.
W: Removed GTP_DFF_PE inst u_udp/u_udp_tx/eth_head[3][2] that is stuck at constant 1.
W: Removed GTP_DFF_PE inst u_udp/u_udp_tx/eth_head[3][3] that is stuck at constant 1.
W: Removed GTP_DFF_PE inst u_udp/u_udp_tx/eth_head[3][4] that is stuck at constant 1.
W: Removed GTP_DFF_PE inst u_udp/u_udp_tx/eth_head[3][5] that is stuck at constant 1.
W: Removed GTP_DFF_CE inst u_udp/u_udp_tx/eth_head[3][6] that is stuck at constant 0.
W: Removed GTP_DFF_PE inst u_udp/u_udp_tx/eth_head[3][7] that is stuck at constant 1.
W: Removed GTP_DFF_PE inst u_udp/u_udp_tx/eth_head[4][0] that is stuck at constant 1.
W: Removed GTP_DFF_CE inst u_udp/u_udp_tx/eth_head[4][1] that is stuck at constant 0.
W: Removed GTP_DFF_CE inst u_udp/u_udp_tx/eth_head[4][2] that is stuck at constant 0.
W: Removed GTP_DFF_PE inst u_udp/u_udp_tx/eth_head[4][3] that is stuck at constant 1.
W: Removed GTP_DFF_CE inst u_udp/u_udp_tx/eth_head[4][4] that is stuck at constant 0.
W: Removed GTP_DFF_CE inst u_udp/u_udp_tx/eth_head[4][5] that is stuck at constant 0.
W: Removed GTP_DFF_PE inst u_udp/u_udp_tx/eth_head[4][6] that is stuck at constant 1.
W: Removed GTP_DFF_PE inst u_udp/u_udp_tx/eth_head[4][7] that is stuck at constant 1.
W: Removed GTP_DFF_CE inst u_udp/u_udp_tx/eth_head[5][0] that is stuck at constant 0.
W: Removed GTP_DFF_CE inst u_udp/u_udp_tx/eth_head[5][1] that is stuck at constant 0.
W: Removed GTP_DFF_CE inst u_udp/u_udp_tx/eth_head[5][2] that is stuck at constant 0.
W: Removed GTP_DFF_CE inst u_udp/u_udp_tx/eth_head[5][3] that is stuck at constant 0.
W: Removed GTP_DFF_CE inst u_udp/u_udp_tx/eth_head[5][4] that is stuck at constant 0.
W: Removed GTP_DFF_PE inst u_udp/u_udp_tx/eth_head[5][5] that is stuck at constant 1.
W: Removed GTP_DFF_CE inst u_udp/u_udp_tx/eth_head[5][6] that is stuck at constant 0.
W: Removed GTP_DFF_PE inst u_udp/u_udp_tx/eth_head[5][7] that is stuck at constant 1.
W: Removed GTP_DFF_C inst u_udp/u_udp_tx/eth_head[6][0] that is stuck at constant 0.
W: Removed GTP_DFF_C inst u_udp/u_udp_tx/eth_head[6][1] that is stuck at constant 0.
W: Removed GTP_DFF_C inst u_udp/u_udp_tx/eth_head[6][2] that is stuck at constant 0.
W: Removed GTP_DFF_C inst u_udp/u_udp_tx/eth_head[6][3] that is stuck at constant 0.
W: Removed GTP_DFF_C inst u_udp/u_udp_tx/eth_head[6][4] that is stuck at constant 0.
W: Removed GTP_DFF_P inst u_udp/u_udp_tx/eth_head[6][5] that is stuck at constant 1.
W: Removed GTP_DFF_C inst u_udp/u_udp_tx/eth_head[6][6] that is stuck at constant 0.
W: Removed GTP_DFF_P inst u_udp/u_udp_tx/eth_head[6][7] that is stuck at constant 1.
W: Removed GTP_DFF_P inst u_udp/u_udp_tx/eth_head[7][0] that is stuck at constant 1.
W: Removed GTP_DFF_C inst u_udp/u_udp_tx/eth_head[7][1] that is stuck at constant 0.
W: Removed GTP_DFF_C inst u_udp/u_udp_tx/eth_head[7][2] that is stuck at constant 0.
W: Removed GTP_DFF_C inst u_udp/u_udp_tx/eth_head[7][3] that is stuck at constant 0.
W: Removed GTP_DFF_P inst u_udp/u_udp_tx/eth_head[7][4] that is stuck at constant 1.
W: Removed GTP_DFF_P inst u_udp/u_udp_tx/eth_head[7][5] that is stuck at constant 1.
W: Removed GTP_DFF_C inst u_udp/u_udp_tx/eth_head[7][6] that is stuck at constant 0.
W: Removed GTP_DFF_P inst u_udp/u_udp_tx/eth_head[7][7] that is stuck at constant 1.
W: Removed GTP_DFF_C inst u_udp/u_udp_tx/eth_head[8][0] that is stuck at constant 0.
W: Removed GTP_DFF_P inst u_udp/u_udp_tx/eth_head[8][1] that is stuck at constant 1.
W: Removed GTP_DFF_C inst u_udp/u_udp_tx/eth_head[8][2] that is stuck at constant 0.
W: Removed GTP_DFF_C inst u_udp/u_udp_tx/eth_head[8][3] that is stuck at constant 0.
W: Removed GTP_DFF_C inst u_udp/u_udp_tx/eth_head[8][4] that is stuck at constant 0.
W: Removed GTP_DFF_C inst u_udp/u_udp_tx/eth_head[8][5] that is stuck at constant 0.
W: Removed GTP_DFF_P inst u_udp/u_udp_tx/eth_head[8][6] that is stuck at constant 1.
W: Removed GTP_DFF_P inst u_udp/u_udp_tx/eth_head[8][7] that is stuck at constant 1.
W: Removed GTP_DFF_P inst u_udp/u_udp_tx/eth_head[9][0] that is stuck at constant 1.
W: Removed GTP_DFF_P inst u_udp/u_udp_tx/eth_head[9][1] that is stuck at constant 1.
W: Removed GTP_DFF_C inst u_udp/u_udp_tx/eth_head[9][2] that is stuck at constant 0.
W: Removed GTP_DFF_C inst u_udp/u_udp_tx/eth_head[9][3] that is stuck at constant 0.
W: Removed GTP_DFF_P inst u_udp/u_udp_tx/eth_head[9][4] that is stuck at constant 1.
W: Removed GTP_DFF_C inst u_udp/u_udp_tx/eth_head[9][5] that is stuck at constant 0.
W: Removed GTP_DFF_P inst u_udp/u_udp_tx/eth_head[9][6] that is stuck at constant 1.
W: Removed GTP_DFF_P inst u_udp/u_udp_tx/eth_head[9][7] that is stuck at constant 1.
W: Removed GTP_DFF_P inst u_udp/u_udp_tx/eth_head[10][0] that is stuck at constant 1.
W: Removed GTP_DFF_C inst u_udp/u_udp_tx/eth_head[10][1] that is stuck at constant 0.
W: Removed GTP_DFF_C inst u_udp/u_udp_tx/eth_head[10][2] that is stuck at constant 0.
W: Removed GTP_DFF_C inst u_udp/u_udp_tx/eth_head[10][3] that is stuck at constant 0.
W: Removed GTP_DFF_C inst u_udp/u_udp_tx/eth_head[10][4] that is stuck at constant 0.
W: Removed GTP_DFF_P inst u_udp/u_udp_tx/eth_head[10][5] that is stuck at constant 1.
W: Removed GTP_DFF_P inst u_udp/u_udp_tx/eth_head[10][6] that is stuck at constant 1.
W: Removed GTP_DFF_P inst u_udp/u_udp_tx/eth_head[10][7] that is stuck at constant 1.
W: Removed GTP_DFF_C inst u_udp/u_udp_tx/eth_head[12][0] that is stuck at constant 0.
W: Removed GTP_DFF_C inst u_udp/u_udp_tx/eth_head[12][1] that is stuck at constant 0.
W: Removed GTP_DFF_C inst u_udp/u_udp_tx/eth_head[12][2] that is stuck at constant 0.
W: Removed GTP_DFF_P inst u_udp/u_udp_tx/eth_head[12][3] that is stuck at constant 1.
W: Removed GTP_DFF_C inst u_udp/u_udp_tx/eth_head[12][4] that is stuck at constant 0.
W: Removed GTP_DFF_C inst u_udp/u_udp_tx/eth_head[12][5] that is stuck at constant 0.
W: Removed GTP_DFF_C inst u_udp/u_udp_tx/eth_head[12][6] that is stuck at constant 0.
W: Removed GTP_DFF_C inst u_udp/u_udp_tx/eth_head[12][7] that is stuck at constant 0.
W: Removed GTP_DFF_P inst u_udp/u_udp_tx/preamble[0][0] that is stuck at constant 1.
W: Removed GTP_DFF_C inst u_udp/u_udp_tx/preamble[0][1] that is stuck at constant 0.
W: Removed GTP_DFF_P inst u_udp/u_udp_tx/preamble[0][2] that is stuck at constant 1.
W: Removed GTP_DFF_C inst u_udp/u_udp_tx/preamble[0][3] that is stuck at constant 0.
W: Removed GTP_DFF_P inst u_udp/u_udp_tx/preamble[0][4] that is stuck at constant 1.
W: Removed GTP_DFF_C inst u_udp/u_udp_tx/preamble[0][5] that is stuck at constant 0.
W: Removed GTP_DFF_P inst u_udp/u_udp_tx/preamble[0][6] that is stuck at constant 1.
W: Removed GTP_DFF_C inst u_udp/u_udp_tx/preamble[0][7] that is stuck at constant 0.
W: Removed GTP_DFF_P inst u_udp/u_udp_tx/preamble[7][0] that is stuck at constant 1.
W: Removed GTP_DFF_C inst u_udp/u_udp_tx/preamble[7][1] that is stuck at constant 0.
W: Removed GTP_DFF_P inst u_udp/u_udp_tx/preamble[7][2] that is stuck at constant 1.
W: Removed GTP_DFF_C inst u_udp/u_udp_tx/preamble[7][3] that is stuck at constant 0.
W: Removed GTP_DFF_P inst u_udp/u_udp_tx/preamble[7][4] that is stuck at constant 1.
W: Removed GTP_DFF_C inst u_udp/u_udp_tx/preamble[7][5] that is stuck at constant 0.
W: Removed GTP_DFF_P inst u_udp/u_udp_tx/preamble[7][6] that is stuck at constant 1.
W: Removed GTP_DFF_P inst u_udp/u_udp_tx/preamble[7][7] that is stuck at constant 1.
I: Removed GTP_DFF_CE inst u_udp/u_udp_tx/udp_num[0] that is redundant to u_udp/u_udp_tx/total_num[0]
I: Removed GTP_DFF_CE inst u_udp/u_udp_tx/tx_data_num[0] that is redundant to u_udp/u_udp_tx/total_num[0]
I: Removed GTP_DFF_CE inst u_udp/u_udp_tx/udp_num[1] that is redundant to u_udp/u_udp_tx/total_num[1]
I: Removed GTP_DFF_CE inst u_udp/u_udp_tx/tx_data_num[1] that is redundant to u_udp/u_udp_tx/total_num[1]
I: Removed GTP_DFF_CE inst u_udp/u_udp_tx/udp_num[2] that is redundant to u_udp/u_udp_tx/tx_data_num[2]
I: Removed GTP_DFF_E inst u_udp/u_udp_tx/ip_head[6][16] that is redundant to u_udp/u_udp_tx/ip_head[0][0]
I: Removed GTP_DFF_E inst u_udp/u_udp_tx/ip_head[6][17] that is redundant to u_udp/u_udp_tx/ip_head[0][1]
Executing : tech-mapping phase 1 successfully. Time elapsed: 0.096s wall, 0.109s user + 0.000s system = 0.109s CPU (113.9%)

Start tech-mapping phase 2.
Executing : tech-mapping phase 2 successfully. Time elapsed: 1.023s wall, 1.016s user + 0.000s system = 1.016s CPU (99.3%)

Start tech-optimization.
Executing : tech-optimization successfully. Time elapsed: 0.217s wall, 0.219s user + 0.000s system = 0.219s CPU (101.0%)

Start phys-optimization.
Executing : phys-optimization successfully. Time elapsed: 0.000s wall, 0.000s user + 0.000s system = 0.000s CPU (n/a%)

Start restore-hierarchy.
Executing : restore-hierarchy successfully. Time elapsed: 0.146s wall, 0.141s user + 0.000s system = 0.141s CPU (96.4%)


Cell Usage:
GTP_CLKBUFG                   1 use
GTP_DFF                      10 uses
GTP_DFF_C                    94 uses
GTP_DFF_CE                  302 uses
GTP_DFF_E                    46 uses
GTP_DFF_P                     3 uses
GTP_DFF_PE                   32 uses
GTP_DFF_R                    11 uses
GTP_DLL                       1 use
GTP_GRS                       1 use
GTP_INV                       1 use
GTP_IOCLKDELAY                1 use
GTP_ISERDES                   5 uses
GTP_LUT1                      5 uses
GTP_LUT2                     67 uses
GTP_LUT3                     39 uses
GTP_LUT4                     58 uses
GTP_LUT5                    182 uses
GTP_LUT5CARRY               321 uses
GTP_LUT5M                   326 uses
GTP_MUX2LUT6                154 uses
GTP_MUX2LUT7                 72 uses
GTP_MUX2LUT8                 32 uses
GTP_OSERDES                   6 uses
GTP_RAM32X1DP              1024 uses

I/O ports: 14
GTP_INBUF                   7 uses
GTP_OUTBUF                  1 use
GTP_OUTBUFT                 6 uses

Mapping Summary:
Total LUTs: 2022 of 42800 (4.72%)
	LUTs as dram: 1024 of 17000 (6.02%)
	LUTs as logic: 998
Total Registers: 498 of 64200 (0.78%)
Total Latches: 0

DRM18K:
Total DRM18K = 0.0 of 134 (0.00%)

APMs:
Total APMs = 0.00 of 84 (0.00%)

Total I/O ports = 14 of 296 (4.73%)


Overview of Control Sets:

Number of unique control sets : 29

Histogram:
**************************************************************
  Fanout      | Count    | Sync Set/Reset    Async Set/Reset
--------------------------------------------------------------
  [0, 2)      | 1        | 1                 0
  [2, 4)      | 1        | 0                 1
  [4, 6)      | 4        | 0                 4
  [6, 8)      | 0        | 0                 0
  [8, 10)     | 9        | 1                 8
  [10, 12)    | 1        | 1                 0
  [12, 14)    | 0        | 0                 0
  [14, 16)    | 0        | 0                 0
  [16, Inf)   | 13       | 2                 11
--------------------------------------------------------------
  The maximum fanout: 97
==============================================================

Flip-Flop Distribution:
************************************************************************
  Clock Enable    Sync Set/Reset    Async Set/Reset    Total Registers
------------------------------------------------------------------------
  NO              NO                NO                 10
  NO              NO                YES                97
  NO              YES               NO                 11
  YES             NO                NO                 46
  YES             NO                YES                334
  YES             YES               NO                 0
========================================================================

Latch Distribution:
************************************************
  Gate Enable    Preset/Clear    Total Latches
************************************************
  NO             NO              0
  NO             YES             0
  YES            NO              0
  YES            YES             0
************************************************

Design 'udp_loop_noarp' has been successfully synthesized to architecture-specific objects.
Saving design to DB.
I: Adm-6003: Trying to disconnect un-connected pin 'Z[0]' of instance 'ND8[20]'.
I: Adm-6003: Trying to disconnect un-connected pin 'Z[0]' of instance 'ND8[17]'.
I: Adm-6003: Trying to disconnect un-connected pin 'Z[0]' of instance 'ND8[16]'.
I: Adm-6003: Trying to disconnect un-connected pin 'Z[0]' of instance 'ND8[15]'.
I: Adm-6003: Trying to disconnect un-connected pin 'Z[0]' of instance 'ND8[14]'.
I: Adm-6003: Trying to disconnect un-connected pin 'Z[0]' of instance 'ND8[13]'.
I: Adm-6003: Trying to disconnect un-connected pin 'Z[0]' of instance 'ND8[12]'.
I: Adm-6003: Trying to disconnect un-connected pin 'Z[0]' of instance 'ND8[11]'.
I: Adm-6003: Trying to disconnect un-connected pin 'Z[0]' of instance 'ND8[10]'.
I: Adm-6003: Trying to disconnect un-connected pin 'Z[0]' of instance 'ND8[9]'.
I: Adm-6003: Trying to disconnect un-connected pin 'Z[0]' of instance 'ND8[8]'.
I: Adm-6003: Trying to disconnect un-connected pin 'Z[0]' of instance 'ND8[7]'.
I: Adm-6003: Trying to disconnect un-connected pin 'Z[0]' of instance 'ND8[6]'.
I: Adm-6003: Trying to disconnect un-connected pin 'Z[0]' of instance 'ND8[5]'.
I: Adm-6003: Trying to disconnect un-connected pin 'Z[0]' of instance 'ND8[4]'.
I: Adm-6003: Trying to disconnect un-connected pin 'Z[0]' of instance 'ND8[3]'.
I: Adm-6003: Trying to disconnect un-connected pin 'Z[0]' of instance 'ND8[2]'.
I: Adm-6003: Trying to disconnect un-connected pin 'Z[0]' of instance 'ND8[1]'.
I: Adm-6003: Trying to disconnect un-connected pin 'Z[0]' of instance 'ND8[0]'.
I: Adm-6003: Trying to disconnect un-connected pin 'Z[0]' of instance 'ND7[47]'.
I: Adm-6003: Trying to disconnect un-connected pin 'Z[0]' of instance 'ND7[46]'.
I: Adm-6003: Trying to disconnect un-connected pin 'Z[0]' of instance 'ND7[45]'.
I: Adm-6003: Trying to disconnect un-connected pin 'Z[0]' of instance 'ND7[44]'.
I: Adm-6003: Trying to disconnect un-connected pin 'Z[0]' of instance 'ND7[43]'.
I: Adm-6003: Trying to disconnect un-connected pin 'Z[0]' of instance 'ND7[42]'.
I: Adm-6003: Trying to disconnect un-connected pin 'Z[0]' of instance 'ND7[41]'.
I: Adm-6003: Trying to disconnect un-connected pin 'Z[0]' of instance 'ND7[40]'.
I: Adm-6003: Trying to disconnect un-connected pin 'Z[0]' of instance 'ND7[39]'.
I: Adm-6003: Trying to disconnect un-connected pin 'Z[0]' of instance 'ND7[38]'.
I: Adm-6003: Trying to disconnect un-connected pin 'Z[0]' of instance 'ND7[37]'.
I: Adm-6003: Trying to disconnect un-connected pin 'Z[0]' of instance 'ND7[36]'.
I: Adm-6003: Trying to disconnect un-connected pin 'Z[0]' of instance 'ND7[35]'.
I: Adm-6003: Trying to disconnect un-connected pin 'Z[0]' of instance 'ND7[34]'.
I: Adm-6003: Trying to disconnect un-connected pin 'Z[0]' of instance 'ND7[33]'.
I: Adm-6003: Trying to disconnect un-connected pin 'Z[0]' of instance 'ND7[32]'.
I: Adm-6003: Trying to disconnect un-connected pin 'Z[0]' of instance 'ND7[31]'.
I: Adm-6003: Trying to disconnect un-connected pin 'Z[0]' of instance 'ND7[30]'.
I: Adm-6003: Trying to disconnect un-connected pin 'Z[0]' of instance 'ND7[29]'.
I: Adm-6003: Trying to disconnect un-connected pin 'Z[0]' of instance 'ND7[28]'.
I: Adm-6003: Trying to disconnect un-connected pin 'Z[0]' of instance 'ND7[27]'.
I: Adm-6003: Trying to disconnect un-connected pin 'Z[0]' of instance 'ND7[26]'.
I: Adm-6003: Trying to disconnect un-connected pin 'Z[0]' of instance 'ND7[25]'.
I: Adm-6003: Trying to disconnect un-connected pin 'Z[0]' of instance 'ND7[24]'.
I: Adm-6003: Trying to disconnect un-connected pin 'Z[0]' of instance 'ND7[23]'.
I: Adm-6003: Trying to disconnect un-connected pin 'Z[0]' of instance 'ND8[23]'.
I: Adm-6003: Trying to disconnect un-connected pin 'Z[0]' of instance 'ND8[22]'.
I: Adm-6003: Trying to disconnect un-connected pin 'Z[0]' of instance 'ND8[21]'.
I: Adm-6003: Trying to disconnect un-connected pin 'Z[0]' of instance 'ND8[19]'.
I: Adm-6003: Trying to disconnect un-connected pin 'Z[0]' of instance 'ND8[18]'.
I: Adm-6003: Trying to disconnect un-connected pin 'Z[0]' of instance 'ND5[2]'.
I: Adm-6003: Trying to disconnect un-connected pin 'Z[0]' of instance 'ND5[3]'.
I: Adm-6003: Trying to disconnect un-connected pin 'Z[0]' of instance 'ND5[4]'.
I: Adm-6003: Trying to disconnect un-connected pin 'Z[0]' of instance 'ND3'.
I: Adm-6003: Trying to disconnect un-connected pin 'Z[0]' of instance 'ND5[5]'.
I: Adm-6003: Trying to disconnect un-connected pin 'Z[0]' of instance 'ND5[6]'.
I: Adm-6003: Trying to disconnect un-connected pin 'Z[0]' of instance 'ND6'.
I: Adm-6003: Trying to disconnect un-connected pin 'Z[0]' of instance 'ND2[0]'.
I: Adm-6003: Trying to disconnect un-connected pin 'Z[0]' of instance 'ND2[1]'.
I: Adm-6003: Trying to disconnect un-connected pin 'Z[0]' of instance 'ND2[2]'.
I: Adm-6003: Trying to disconnect un-connected pin 'Z[0]' of instance 'ND2[3]'.
I: Adm-6003: Trying to disconnect un-connected pin 'Z[0]' of instance 'ND2[4]'.
I: Adm-6003: Trying to disconnect un-connected pin 'Z[0]' of instance 'ND2[5]'.
I: Adm-6003: Trying to disconnect un-connected pin 'Z[0]' of instance 'ND2[6]'.
I: Adm-6003: Trying to disconnect un-connected pin 'Z[0]' of instance 'ND2[7]'.
I: Adm-6003: Trying to disconnect un-connected pin 'Z[0]' of instance 'ND4[0]'.
I: Adm-6003: Trying to disconnect un-connected pin 'Z[0]' of instance 'ND4[1]'.
I: Adm-6003: Trying to disconnect un-connected pin 'Z[0]' of instance 'ND4[2]'.
I: Adm-6003: Trying to disconnect un-connected pin 'Z[0]' of instance 'ND4[3]'.
I: Adm-6003: Trying to disconnect un-connected pin 'Z[0]' of instance 'ND4[4]'.
I: Adm-6003: Trying to disconnect un-connected pin 'Z[0]' of instance 'ND4[5]'.
I: Adm-6003: Trying to disconnect un-connected pin 'Z[0]' of instance 'ND4[6]'.
I: Adm-6003: Trying to disconnect un-connected pin 'Z[0]' of instance 'ND4[7]'.
I: Adm-6003: Trying to disconnect un-connected pin 'Z[0]' of instance 'ND4[8]'.
I: Adm-6003: Trying to disconnect un-connected pin 'Z[0]' of instance 'ND4[9]'.
I: Adm-6003: Trying to disconnect un-connected pin 'Z[0]' of instance 'ND4[10]'.
I: Adm-6003: Trying to disconnect un-connected pin 'Z[0]' of instance 'ND4[11]'.
I: Adm-6003: Trying to disconnect un-connected pin 'Z[0]' of instance 'ND4[12]'.
I: Adm-6003: Trying to disconnect un-connected pin 'Z[0]' of instance 'ND4[13]'.
I: Adm-6003: Trying to disconnect un-connected pin 'Z[0]' of instance 'ND4[14]'.
I: Adm-6003: Trying to disconnect un-connected pin 'Z[0]' of instance 'ND4[15]'.
I: Adm-6003: Trying to disconnect un-connected pin 'Z[0]' of instance 'ND4[16]'.
I: Adm-6003: Trying to disconnect un-connected pin 'Z[0]' of instance 'ND4[17]'.
I: Adm-6003: Trying to disconnect un-connected pin 'Z[0]' of instance 'ND4[18]'.
I: Adm-6003: Trying to disconnect un-connected pin 'Z[0]' of instance 'ND4[19]'.
I: Adm-6003: Trying to disconnect un-connected pin 'Z[0]' of instance 'ND4[20]'.
I: Adm-6003: Trying to disconnect un-connected pin 'Z[0]' of instance 'ND4[21]'.
I: Adm-6003: Trying to disconnect un-connected pin 'Z[0]' of instance 'ND4[22]'.
I: Adm-6003: Trying to disconnect un-connected pin 'Z[0]' of instance 'ND4[23]'.
I: Adm-6003: Trying to disconnect un-connected pin 'Z[0]' of instance 'ND4[24]'.
I: Adm-6003: Trying to disconnect un-connected pin 'Z[0]' of instance 'ND4[25]'.
I: Adm-6003: Trying to disconnect un-connected pin 'Z[0]' of instance 'ND4[26]'.
I: Adm-6003: Trying to disconnect un-connected pin 'Z[0]' of instance 'ND4[27]'.
I: Adm-6003: Trying to disconnect un-connected pin 'Z[0]' of instance 'ND4[28]'.
I: Adm-6003: Trying to disconnect un-connected pin 'Z[0]' of instance 'ND4[29]'.
I: Adm-6003: Trying to disconnect un-connected pin 'Z[0]' of instance 'ND4[30]'.
I: Adm-6003: Trying to disconnect un-connected pin 'Z[0]' of instance 'ND4[31]'.
I: Adm-6003: Trying to disconnect un-connected pin 'Z[0]' of instance 'ND5[0]'.
I: Adm-6003: Trying to disconnect un-connected pin 'Z[0]' of instance 'ND5[1]'.
I: Adm-6003: Trying to disconnect un-connected pin 'Z[0]' of instance 'ND8[24]'.
I: Adm-6003: Trying to disconnect un-connected pin 'Z[0]' of instance 'ND8[25]'.
I: Adm-6003: Trying to disconnect un-connected pin 'Z[0]' of instance 'ND8[26]'.
I: Adm-6003: Trying to disconnect un-connected pin 'Z[0]' of instance 'ND8[27]'.
I: Adm-6003: Trying to disconnect un-connected pin 'Z[0]' of instance 'ND8[28]'.
I: Adm-6003: Trying to disconnect un-connected pin 'Z[0]' of instance 'ND8[29]'.
I: Adm-6003: Trying to disconnect un-connected pin 'Z[0]' of instance 'ND8[30]'.
I: Adm-6003: Trying to disconnect un-connected pin 'Z[0]' of instance 'ND8[31]'.
I: Adm-6003: Trying to disconnect un-connected pin 'Z[0]' of instance 'ND11[0]'.
I: Adm-6003: Trying to disconnect un-connected pin 'Z[0]' of instance 'ND11[1]'.
I: Adm-6003: Trying to disconnect un-connected pin 'Z[0]' of instance 'ND11[2]'.
I: Adm-6003: Trying to disconnect un-connected pin 'Z[0]' of instance 'ND11[3]'.
I: Adm-6003: Trying to disconnect un-connected pin 'Z[0]' of instance 'ND11[4]'.
I: Adm-6003: Trying to disconnect un-connected pin 'Z[0]' of instance 'ND11[5]'.
I: Adm-6003: Trying to disconnect un-connected pin 'Z[0]' of instance 'ND11[6]'.
I: Adm-6003: Trying to disconnect un-connected pin 'Z[0]' of instance 'ND11[7]'.
I: Adm-6003: Trying to disconnect un-connected pin 'Z[0]' of instance 'ND12[0]'.
I: Adm-6003: Trying to disconnect un-connected pin 'Z[0]' of instance 'ND12[1]'.
I: Adm-6003: Trying to disconnect un-connected pin 'Z[0]' of instance 'ND12[2]'.
I: Adm-6003: Trying to disconnect un-connected pin 'Z[0]' of instance 'ND12[3]'.
I: Adm-6003: Trying to disconnect un-connected pin 'Z[0]' of instance 'ND12[4]'.
I: Adm-6003: Trying to disconnect un-connected pin 'Z[0]' of instance 'ND12[5]'.
I: Adm-6003: Trying to disconnect un-connected pin 'Z[0]' of instance 'ND12[6]'.
I: Adm-6003: Trying to disconnect un-connected pin 'Z[0]' of instance 'ND13[0]'.
I: Adm-6003: Trying to disconnect un-connected pin 'Z[0]' of instance 'ND13[1]'.
I: Adm-6003: Trying to disconnect un-connected pin 'Z[0]' of instance 'ND14[0]'.
I: Adm-6003: Trying to disconnect un-connected pin 'Z[0]' of instance 'ND14[1]'.
I: Adm-6003: Trying to disconnect un-connected pin 'Z[0]' of instance 'ND14[2]'.
I: Adm-6003: Trying to disconnect un-connected pin 'Z[0]' of instance 'ND14[3]'.
I: Adm-6003: Trying to disconnect un-connected pin 'Z[0]' of instance 'ND14[4]'.
I: Adm-6003: Trying to disconnect un-connected pin 'Z[0]' of instance 'ND14[5]'.
I: Adm-6003: Trying to disconnect un-connected pin 'Z[0]' of instance 'ND14[6]'.
I: Adm-6003: Trying to disconnect un-connected pin 'Z[0]' of instance 'ND14[7]'.
I: Adm-6003: Trying to disconnect un-connected pin 'Z[0]' of instance 'ND14[9]'.
I: Adm-6003: Trying to disconnect un-connected pin 'Z[0]' of instance 'ND14[10]'.
I: Adm-6003: Trying to disconnect un-connected pin 'Z[0]' of instance 'ND14[11]'.
I: Adm-6003: Trying to disconnect un-connected pin 'Z[0]' of instance 'ND9'.
I: Adm-6003: Trying to disconnect un-connected pin 'Z[0]' of instance 'ND10'.
I: Adm-6003: Trying to disconnect un-connected pin 'Z[0]' of instance 'ND14[12]'.
I: Adm-6003: Trying to disconnect un-connected pin 'Z[0]' of instance 'ND14[13]'.
I: Adm-6003: Trying to disconnect un-connected pin 'Z[0]' of instance 'ND14[14]'.
I: Adm-6003: Trying to disconnect un-connected pin 'Z[0]' of instance 'ND14[15]'.
I: Adm-6003: Trying to disconnect un-connected pin 'Z[0]' of instance 'ND14[8]'.
I: Adm-6003: Trying to disconnect un-connected pin 'Z[0]' of instance 'ND6[0]'.
I: Adm-6003: Trying to disconnect un-connected pin 'Z[0]' of instance 'ND6[1]'.
I: Adm-6003: Trying to disconnect un-connected pin 'Z[0]' of instance 'ND6[2]'.
I: Adm-6003: Trying to disconnect un-connected pin 'Z[0]' of instance 'ND6[3]'.
I: Adm-6003: Trying to disconnect un-connected pin 'Z[0]' of instance 'ND6[4]'.
I: Adm-6003: Trying to disconnect un-connected pin 'Z[0]' of instance 'ND6[5]'.
I: Adm-6003: Trying to disconnect un-connected pin 'Z[0]' of instance 'ND6[6]'.
I: Adm-6003: Trying to disconnect un-connected pin 'Z[0]' of instance 'ND6[7]'.
I: Adm-6003: Trying to disconnect un-connected pin 'Z[0]' of instance 'ND6[8]'.
I: Adm-6003: Trying to disconnect un-connected pin 'Z[0]' of instance 'ND6[9]'.
I: Adm-6003: Trying to disconnect un-connected pin 'Z[0]' of instance 'ND6[10]'.
I: Adm-6003: Trying to disconnect un-connected pin 'Z[0]' of instance 'ND6[11]'.
I: Adm-6003: Trying to disconnect un-connected pin 'Z[0]' of instance 'ND6[12]'.
I: Adm-6003: Trying to disconnect un-connected pin 'Z[0]' of instance 'ND6[13]'.
I: Adm-6003: Trying to disconnect un-connected pin 'Z[0]' of instance 'ND6[14]'.
I: Adm-6003: Trying to disconnect un-connected pin 'Z[0]' of instance 'ND6[15]'.
I: Adm-6003: Trying to disconnect un-connected pin 'Z[0]' of instance 'ND6[16]'.
I: Adm-6003: Trying to disconnect un-connected pin 'Z[0]' of instance 'ND6[17]'.
I: Adm-6003: Trying to disconnect un-connected pin 'Z[0]' of instance 'ND6[18]'.
I: Adm-6003: Trying to disconnect un-connected pin 'Z[0]' of instance 'ND6[19]'.
I: Adm-6003: Trying to disconnect un-connected pin 'Z[0]' of instance 'ND6[20]'.
I: Adm-6003: Trying to disconnect un-connected pin 'Z[0]' of instance 'ND6[21]'.
I: Adm-6003: Trying to disconnect un-connected pin 'Z[0]' of instance 'ND6[22]'.
I: Adm-6003: Trying to disconnect un-connected pin 'Z[0]' of instance 'ND6[23]'.
I: Adm-6003: Trying to disconnect un-connected pin 'Z[0]' of instance 'ND6[24]'.
I: Adm-6003: Trying to disconnect un-connected pin 'Z[0]' of instance 'ND6[25]'.
I: Adm-6003: Trying to disconnect un-connected pin 'Z[0]' of instance 'ND6[26]'.
I: Adm-6003: Trying to disconnect un-connected pin 'Z[0]' of instance 'ND6[27]'.
I: Adm-6003: Trying to disconnect un-connected pin 'Z[0]' of instance 'ND6[28]'.
I: Adm-6003: Trying to disconnect un-connected pin 'Z[0]' of instance 'ND6[29]'.
I: Adm-6003: Trying to disconnect un-connected pin 'Z[0]' of instance 'ND6[30]'.
I: Adm-6003: Trying to disconnect un-connected pin 'Z[0]' of instance 'ND6[31]'.
I: Adm-6003: Trying to disconnect un-connected pin 'Z[0]' of instance 'ND7[0]'.
I: Adm-6003: Trying to disconnect un-connected pin 'Z[0]' of instance 'ND7[1]'.
I: Adm-6003: Trying to disconnect un-connected pin 'Z[0]' of instance 'ND7[2]'.
I: Adm-6003: Trying to disconnect un-connected pin 'Z[0]' of instance 'ND7[3]'.
I: Adm-6003: Trying to disconnect un-connected pin 'Z[0]' of instance 'ND7[4]'.
I: Adm-6003: Trying to disconnect un-connected pin 'Z[0]' of instance 'ND7[5]'.
I: Adm-6003: Trying to disconnect un-connected pin 'Z[0]' of instance 'ND7[6]'.
I: Adm-6003: Trying to disconnect un-connected pin 'Z[0]' of instance 'ND7[7]'.
I: Adm-6003: Trying to disconnect un-connected pin 'Z[0]' of instance 'ND7[8]'.
I: Adm-6003: Trying to disconnect un-connected pin 'Z[0]' of instance 'ND7[9]'.
I: Adm-6003: Trying to disconnect un-connected pin 'Z[0]' of instance 'ND7[10]'.
I: Adm-6003: Trying to disconnect un-connected pin 'Z[0]' of instance 'ND7[11]'.
I: Adm-6003: Trying to disconnect un-connected pin 'Z[0]' of instance 'ND7[12]'.
I: Adm-6003: Trying to disconnect un-connected pin 'Z[0]' of instance 'ND7[13]'.
I: Adm-6003: Trying to disconnect un-connected pin 'Z[0]' of instance 'ND7[14]'.
I: Adm-6003: Trying to disconnect un-connected pin 'Z[0]' of instance 'ND7[15]'.
I: Adm-6003: Trying to disconnect un-connected pin 'Z[0]' of instance 'ND7[16]'.
I: Adm-6003: Trying to disconnect un-connected pin 'Z[0]' of instance 'ND7[17]'.
I: Adm-6003: Trying to disconnect un-connected pin 'Z[0]' of instance 'ND7[18]'.
I: Adm-6003: Trying to disconnect un-connected pin 'Z[0]' of instance 'ND7[19]'.
I: Adm-6003: Trying to disconnect un-connected pin 'Z[0]' of instance 'ND7[20]'.
I: Adm-6003: Trying to disconnect un-connected pin 'Z[0]' of instance 'ND7[21]'.
I: Adm-6003: Trying to disconnect un-connected pin 'Z[0]' of instance 'ND7[22]'.
Saving design to udp_loop_noarp_syn.vm
Constructing timing graph ...
Timing graph has been constructed successfully
W: Timing-4087: Port 'eth_rgmii_tx_ctl_0' is not constrained, it is treated as combinational output.
W: Timing-4087: Port 'eth_rgmii_txc_0' is not constrained, it is treated as combinational output.
W: Timing-4087: Port 'eth_rgmii_txd_0[0]' is not constrained, it is treated as combinational output.
W: Timing-4087: Port 'eth_rgmii_txd_0[1]' is not constrained, it is treated as combinational output.
W: Timing-4087: Port 'eth_rgmii_txd_0[2]' is not constrained, it is treated as combinational output.
W: Timing-4087: Port 'eth_rgmii_txd_0[3]' is not constrained, it is treated as combinational output.
W: Timing-4087: Port 'eth_rst_n_0' is not constrained, it is treated as combinational output.
W: Timing-4086: Port 'eth_rgmii_rx_ctl_0' is not constrained, it is treated as combinational input.
W: Timing-4086: Port 'eth_rgmii_rxd_0[0]' is not constrained, it is treated as combinational input.
W: Timing-4086: Port 'eth_rgmii_rxd_0[1]' is not constrained, it is treated as combinational input.
W: Timing-4086: Port 'eth_rgmii_rxd_0[2]' is not constrained, it is treated as combinational input.
W: Timing-4086: Port 'eth_rgmii_rxd_0[3]' is not constrained, it is treated as combinational input.
Action synthesize: Real time elapsed is 0h:0m:8s
Action synthesize: CPU time elapsed is 0h:0m:6s
Action synthesize: Process CPU time elapsed is 0h:0m:6s
Current time: Sun May 26 14:24:33 2024
Action synthesize: Peak memory pool usage is 300 MB
