------------------------------------------------------------------------------------------------------------------------------------------------------------------------------------------
Detailed RTL Component Info :
-----Module Name :
                    hdmi_top

-----ROMs :
            1K Bit    (64 x 20 bit)          ROMs := 1
            10K Bit    (512 x 20 bit)          ROMs := 1

-----RAMs :
            12K Bit    (1024 x 12 bit)          RAMs := 1

Distributed RAM and Block RAM: Final Mapping Report
|-----------------------------------------------------------------|------------------------|-------------------|-------------------|-------------------|-------------------|
| Inst Name                                                       | Size (Depth x Width)   | Write_Mode_A      | Write_Mode_B      | Ram_Mode          | Primitives        |
|-----------------------------------------------------------------|------------------------|-------------------|-------------------|-------------------|-------------------|
| rw_ram_ctrl_inst/single_ram_inst/mem                            | 1 K x 12               |                   |                   |                   |                   |
|                                  mem                            | 1 K x 12               | NORMAL_WRITE      | NORMAL_WRITE      | SIMPLE_DUAL_PORT  | GTP_DRM18K        |
|-----------------------------------------------------------------|------------------------|-------------------|-------------------|-------------------|-------------------|
| hdmi_test_revised_inst/ms72xx_ctl/ms7210_ctl/N325_1_concat_2    | 64 x 20                |                   |                   |                   |                   |
|                                              N325_1_concat_2    | 64 x 20                | NORMAL_WRITE      | /                 | SINGLE_PORT       | GTP_DRM9K         |
|-----------------------------------------------------------------|------------------------|-------------------|-------------------|-------------------|-------------------|
| hdmi_test_revised_inst/ms72xx_ctl/ms7200_ctl/N1219_1_concat_3   | 512 x 20               |                   |                   |                   |                   |
|                                              N1219_1_concat_3   | 512 x 20               | NORMAL_WRITE      | /                 | SINGLE_PORT       | GTP_DRM18K        |
|-----------------------------------------------------------------|------------------------|-------------------|-------------------|-------------------|-------------------|

------------------------------------------------------------------------------------------------------------------------------------------------------------------------------------------

