#Build: Fabric Compiler 2022.1, Build 99559, Jul 12 00:20 2022
#Install: D:\fpga_competition\FPGA_competition\ziguangtongchuang_file\MES50HP_v3\set_up\set_up_file\PDS_2022.1\bin
#Application name: pds_shell.exe
#OS: Windows 10 10.0.22000
#Hostname: Thecomputerofmartin
Generated by Fabric Compiler (version 2022.1 build 99559) at Mon Apr 22 14:39:34 2024
Compiling verification operator library.
Compiling common defs.
Loading technology operator library.
Compiling technology operator library.
Compiling technology operator (valence) library.
Compiling operator packing rules.
Compiling prim grid devices.
Compiling gate devices.
Compiling gate operators.
Compiling tech operator impls.
Building architecture model.
Loading device packaging model.
Reading design from translate DB.
Flattening design 'udp_re'
Device mapping started.
Optimizing circuit logic.
Checking design netlist.
Processing tech operator.
I: The instance clkbufg_0(GTP_CLKBUFG) has been inserted on the net nt_gmii_tx_clk in design, driver pin O(instance gmii_tx_clk_ibuf) -> load pin CLK(instance u_crc32_d8/crc_data[0]).
I: The instance clkbufg_1(GTP_CLKBUFG) has been inserted on the net nt_gmii_rx_clk in design, driver pin O(instance gmii_rx_clk_ibuf) -> load pin CLK(instance u_udp_rx/cnt[0]).
Converting tech operator to gate operator.
Processing gate operator.
I: Infer CARRY group, base inst: u_udp_rx/N214_1.fsub_1/gateop, insts:12.
I: Infer CARRY group, base inst: u_udp_rx/N233_1_1/gateop, insts:15.
I: Infer CARRY group, base inst: u_udp_rx/N237_1.fsub_1/gateop, insts:15.
I: Infer CARRY group, base inst: u_udp_rx/N238.eq_0/gateop, insts:8.
I: Infer CARRY group, base inst: u_udp_tx/N20_1_1/gateop, insts:13.
I: Infer CARRY group, base inst: u_udp_tx/N22_1_1/gateop, insts:12.
I: Infer CARRY group, base inst: u_udp_tx/N129_1_1/gateop, insts:15.
I: Infer CARRY group, base inst: u_udp_tx/N287_1.fsub_1/gateop, insts:15.
I: Infer CARRY group, base inst: u_udp_tx/N288.lt_0/gateop, insts:8.
I: Infer CARRY group, base inst: u_udp_tx/N296_1_1/gateop, insts:15.
I: Infer CARRY group, base inst: u_udp_tx/N299.eq_0/gateop, insts:8.
I: Infer CARRY group, base inst: u_udp_tx/N306_1/gateop, insts:16.
I: Infer CARRY group, base inst: u_udp_tx/N308_1.fsub_1/gateop, insts:15.
I: Infer CARRY group, base inst: u_udp_tx/N309.lt_0/gateop, insts:8.
I: Infer CARRY group, base inst: u_udp_tx/N335_1.fsub_1/gateop, insts:14.
I: Infer CARRY group, base inst: u_udp_tx/N336.eq_0/gateop, insts:8.
I: Infer CARRY group, base inst: u_udp_tx/N904_5_1/gateop, insts:20.
I: Infer CARRY group, base inst: u_udp_tx/N3544_1_1/gateop, insts:8.
I: Infer CARRY group, base inst: u_udp_tx/N3550_1_1/gateop, insts:16.
I: Infer CARRY group, base inst: u_udp_tx/N3556_1/gateop, insts:17.
I: Infer CARRY group, base inst: u_udp_tx/N3559_1/gateop, insts:18.
I: Infer CARRY group, base inst: u_udp_tx/N3562_1_1/gateop, insts:17.
I: Infer CARRY group, base inst: u_udp_tx/N3565_1/gateop, insts:19.
Device mapping done.
Total device mapping takes 0.09 sec.

C: DeviceMap-2003: The total resource of IO is 160, but there are 170.00 in the design.
E: DRC-0018: The resource of IO is not enough.
Program Error Out.
Action dev_map: Real time elapsed is 0h:0m:3s
Action dev_map: CPU time elapsed is 0h:0m:2s
Action dev_map: Process CPU time elapsed is 0h:0m:2s
Current time: Mon Apr 22 14:39:36 2024
Action dev_map: Peak memory pool usage is 196 MB
