[Info] [2024-4-20 15:55:00] /***************************Start Configuration***************************/
[Info] [2024-4-20 15:55:00] Path: D:/fpga_competition/FPGA_competition/ziguangtongchuang_file/MES50HP_v3/set_up/set_up_file/PDS_2022.1/bin
[Info] [2024-4-20 15:55:00] Version: 99559
[Info] [2024-4-20 15:55:01] Current Path: C:/Users/86151/Desktop/auido_fft_fir/audio_fft_fir_hdmi/src/UDP/prj_pango
[Info] [2024-4-20 15:55:01] PDS Dir Path: C:/Users/86151/Desktop/auido_fft_fir/audio_fft_fir_hdmi/src/UDP/prj_pango
[Info] [2024-4-20 15:55:04] /***************************End Configration***************************/
[Info] [2024-4-20 16:00:48] /***************************Start Configuration***************************/
[Info] [2024-4-20 16:00:48] Path: D:/fpga_competition/FPGA_competition/ziguangtongchuang_file/MES50HP_v3/set_up/set_up_file/PDS_2022.1/bin
[Info] [2024-4-20 16:00:48] Version: 99559
[Info] [2024-4-20 16:00:49] Current Path: C:/Users/86151/Desktop/auido_fft_fir/audio_fft_fir_hdmi/src/UDP/prj_pango
[Info] [2024-4-20 16:00:49] PDS Dir Path: C:/Users/86151/Desktop/auido_fft_fir/audio_fft_fir_hdmi/src/UDP/prj_pango
[Info] [2024-4-20 16:00:55] Configuration is not connect with server. connect first then scan chain.
[Debug] [2024-4-20 16:00:55] Client Local host name:Thecomputerofmartin
[Debug] [2024-4-20 16:00:55] Client Local Address:169.254.51.120
[Debug] [2024-4-20 16:00:55] Client Local Address:10.136.129.96
[Debug] [2024-4-20 16:00:55] Server Address:127.0.0.1, Port:65420
[Info] [2024-4-20 16:00:55] Connect OK, Server: 127.0.0.1  Port: 65420
[Debug] [2024-4-20 16:00:55] Finish.
[Info] [2024-4-20 16:00:55] Connect server succeeded
[Debug] [2024-4-20 16:00:55] Send RPC:1
[Debug] [2024-4-20 16:00:55] Send cmd [check version information:40005] OK
[Debug] [2024-4-20 16:00:56] Send RPC:2
[Debug] [2024-4-20 16:00:56] Send cmd [get_cable_paras:40011] OK
[Debug] [2024-4-20 16:00:56] Begin to send initialize chain cmd...
[Debug] [2024-4-20 16:00:56] Send RPC:3
[Debug] [2024-4-20 16:00:56] Send cmd [Open config cable:20001] OK
[Debug] [2024-4-20 16:00:56] End to send initialize chain cmd.
[Debug] [2024-4-20 16:00:56] COMMAND[check version information] execute successfully, takes 0.2 secs.
[Debug] [2024-4-20 16:00:57] COMMAND[get_cable_paras] execute successfully, takes 1.0 secs.
[Debug] [2024-4-20 16:00:57] begin the exec of open cable cmd...
[Debug] [2024-4-20 16:00:57] Begin to deal with chain from server...
[Debug] [2024-4-20 16:00:57] Begin to set user chain...
[Debug] [2024-4-20 16:00:57] End to set user chain.
[Debug] [2024-4-20 16:00:57] Begin to update graphic item and tree item ...
[Debug] [2024-4-20 16:00:57] End to update graphic item and tree item ...
[Info] [2024-4-20 16:00:59] set OpenLastPath: C:/Users/86151/Desktop/auido_fft_fir/audio_fft_fir_hdmi/src/UDP/prj_pango/generate_bitstream/udp_audio_test.sbit
[Debug] [2024-4-20 16:00:59] begin to get device info from CFG file...
[Debug] [2024-4-20 16:00:59] end to get device info from CFG file...
[Debug] [2024-4-20 16:00:59] Begin to update graphic item and tree item ...
[Debug] [2024-4-20 16:00:59] End to update graphic item and tree item ...
[Debug] [2024-4-20 16:00:59] End to deal wiht chain from server.
[Debug] [2024-4-20 16:00:59] end the exec of open cable cmd.
[Debug] [2024-4-20 16:00:59] COMMAND[Open config cable] execute successfully, takes 3.5 secs.
[Debug] [2024-4-20 16:01:02] Begin to send programming cmd...
[Debug] [2024-4-20 16:01:02] Send RPC:4
[Debug] [2024-4-20 16:01:02] Begin to send program data.
[Debug] [2024-4-20 16:01:02] End to send program data.
[Debug] [2024-4-20 16:01:02] Send cmd [Program:20002] OK
[Debug] [2024-4-20 16:01:02] The value of Progress is 6
[Debug] [2024-4-20 16:01:02] The value of Progress is 10
[Debug] [2024-4-20 16:01:02] The value of Progress is 15
[Debug] [2024-4-20 16:01:02] The value of Progress is 20
[Debug] [2024-4-20 16:01:02] The value of Progress is 25
[Debug] [2024-4-20 16:01:02] The value of Progress is 30
[Debug] [2024-4-20 16:01:02] The value of Progress is 35
[Debug] [2024-4-20 16:01:02] The value of Progress is 40
[Debug] [2024-4-20 16:01:02] The value of Progress is 45
[Debug] [2024-4-20 16:01:03] The value of Progress is 50
[Debug] [2024-4-20 16:01:03] The value of Progress is 55
[Debug] [2024-4-20 16:01:03] The value of Progress is 60
[Debug] [2024-4-20 16:01:03] The value of Progress is 65
[Debug] [2024-4-20 16:01:03] The value of Progress is 70
[Debug] [2024-4-20 16:01:03] The value of Progress is 75
[Debug] [2024-4-20 16:01:03] The value of Progress is 80
[Debug] [2024-4-20 16:01:03] The value of Progress is 85
[Debug] [2024-4-20 16:01:03] The value of Progress is 90
[Debug] [2024-4-20 16:01:03] The value of Progress is 95
[Debug] [2024-4-20 16:01:03] The value of Progress is 100
[Debug] [2024-4-20 16:01:04] COMMAND[Program] execute successfully, takes 2.0 secs.
[Debug] [2024-4-20 16:01:04] End to send programming cmd.
[Info] [2024-4-20 16:17:22] /***************************End Configration***************************/
[Info] [2024-4-20 16:18:33] /***************************Start Configuration***************************/
[Info] [2024-4-20 16:18:33] Path: D:/fpga_competition/FPGA_competition/ziguangtongchuang_file/MES50HP_v3/set_up/set_up_file/PDS_2022.1/bin
[Info] [2024-4-20 16:18:33] Version: 99559
[Info] [2024-4-20 16:18:34] Current Path: C:/Users/86151/Desktop/auido_fft_fir/audio_fft_fir_hdmi/src/UDP/prj_pango
[Info] [2024-4-20 16:18:34] PDS Dir Path: C:/Users/86151/Desktop/auido_fft_fir/audio_fft_fir_hdmi/src/UDP/prj_pango
[Info] [2024-4-20 16:18:38] Configuration is not connect with server. connect first then scan chain.
[Debug] [2024-4-20 16:18:38] Client Local host name:Thecomputerofmartin
[Debug] [2024-4-20 16:18:38] Client Local Address:169.254.51.120
[Debug] [2024-4-20 16:18:38] Client Local Address:10.136.129.96
[Debug] [2024-4-20 16:18:38] Server Address:127.0.0.1, Port:65420
[Info] [2024-4-20 16:18:38] Connect OK, Server: 127.0.0.1  Port: 65420
[Debug] [2024-4-20 16:18:38] Finish.
[Info] [2024-4-20 16:18:38] Connect server succeeded
[Debug] [2024-4-20 16:18:38] Send RPC:1
[Debug] [2024-4-20 16:18:38] Send cmd [check version information:40005] OK
[Debug] [2024-4-20 16:18:38] Send RPC:2
[Debug] [2024-4-20 16:18:38] Send cmd [get_cable_paras:40011] OK
[Debug] [2024-4-20 16:18:38] Begin to send initialize chain cmd...
[Debug] [2024-4-20 16:18:38] Send RPC:3
[Debug] [2024-4-20 16:18:38] Send cmd [Open config cable:20001] OK
[Debug] [2024-4-20 16:18:38] End to send initialize chain cmd.
[Debug] [2024-4-20 16:18:38] COMMAND[check version information] execute successfully, takes 0.0 secs.
[Debug] [2024-4-20 16:18:39] COMMAND[get_cable_paras] execute successfully, takes 0.9 secs.
[Debug] [2024-4-20 16:18:39] begin the exec of open cable cmd...
[Debug] [2024-4-20 16:18:39] Begin to deal with chain from server...
[Debug] [2024-4-20 16:18:39] Begin to set user chain...
[Debug] [2024-4-20 16:18:39] End to set user chain.
[Debug] [2024-4-20 16:18:39] Begin to update graphic item and tree item ...
[Debug] [2024-4-20 16:18:39] End to update graphic item and tree item ...
[Info] [2024-4-20 16:18:44] set OpenLastPath: C:/Users/86151/Desktop/auido_fft_fir/audio_fft_fir_hdmi/src/UDP/prj_pango/generate_bitstream/udp_audio_test.sbit
[Debug] [2024-4-20 16:18:44] begin to get device info from CFG file...
[Debug] [2024-4-20 16:18:44] end to get device info from CFG file...
[Debug] [2024-4-20 16:18:44] Begin to update graphic item and tree item ...
[Debug] [2024-4-20 16:18:44] End to update graphic item and tree item ...
[Debug] [2024-4-20 16:18:44] End to deal wiht chain from server.
[Debug] [2024-4-20 16:18:44] end the exec of open cable cmd.
[Debug] [2024-4-20 16:18:44] COMMAND[Open config cable] execute successfully, takes 5.5 secs.
[Debug] [2024-4-20 16:18:46] Begin to send programming cmd...
[Debug] [2024-4-20 16:18:46] Send RPC:4
[Debug] [2024-4-20 16:18:46] Begin to send program data.
[Debug] [2024-4-20 16:18:46] End to send program data.
[Debug] [2024-4-20 16:18:46] Send cmd [Program:20002] OK
[Debug] [2024-4-20 16:18:46] The value of Progress is 6
[Debug] [2024-4-20 16:18:46] The value of Progress is 10
[Debug] [2024-4-20 16:18:46] The value of Progress is 15
[Debug] [2024-4-20 16:18:46] The value of Progress is 20
[Debug] [2024-4-20 16:18:46] The value of Progress is 25
[Debug] [2024-4-20 16:18:46] The value of Progress is 30
[Debug] [2024-4-20 16:18:46] The value of Progress is 35
[Debug] [2024-4-20 16:18:46] The value of Progress is 40
[Debug] [2024-4-20 16:18:47] The value of Progress is 45
[Debug] [2024-4-20 16:18:47] The value of Progress is 50
[Debug] [2024-4-20 16:18:47] The value of Progress is 55
[Debug] [2024-4-20 16:18:47] The value of Progress is 60
[Debug] [2024-4-20 16:18:47] The value of Progress is 65
[Debug] [2024-4-20 16:18:47] The value of Progress is 70
[Debug] [2024-4-20 16:18:47] The value of Progress is 75
[Debug] [2024-4-20 16:18:47] The value of Progress is 80
[Debug] [2024-4-20 16:18:47] The value of Progress is 85
[Debug] [2024-4-20 16:18:47] The value of Progress is 90
[Debug] [2024-4-20 16:18:47] The value of Progress is 95
[Debug] [2024-4-20 16:18:48] The value of Progress is 100
[Debug] [2024-4-20 16:18:48] COMMAND[Program] execute successfully, takes 2.0 secs.
[Debug] [2024-4-20 16:18:48] End to send programming cmd.
[Debug] [2024-4-20 16:20:44] Begin to send programming cmd...
[Debug] [2024-4-20 16:20:44] Send RPC:5
[Debug] [2024-4-20 16:20:44] Begin to send program data.
[Debug] [2024-4-20 16:20:44] End to send program data.
[Debug] [2024-4-20 16:20:44] Send cmd [Program:20002] OK
[Debug] [2024-4-20 16:20:44] The value of Progress is 6
[Debug] [2024-4-20 16:20:44] The value of Progress is 10
[Debug] [2024-4-20 16:20:44] The value of Progress is 15
[Debug] [2024-4-20 16:20:44] The value of Progress is 20
[Debug] [2024-4-20 16:20:44] The value of Progress is 25
[Debug] [2024-4-20 16:20:45] The value of Progress is 30
[Debug] [2024-4-20 16:20:45] The value of Progress is 35
[Debug] [2024-4-20 16:20:45] The value of Progress is 40
[Debug] [2024-4-20 16:20:45] The value of Progress is 45
[Debug] [2024-4-20 16:20:45] The value of Progress is 50
[Debug] [2024-4-20 16:20:45] The value of Progress is 55
[Debug] [2024-4-20 16:20:45] The value of Progress is 60
[Debug] [2024-4-20 16:20:45] The value of Progress is 65
[Debug] [2024-4-20 16:20:45] The value of Progress is 70
[Debug] [2024-4-20 16:20:45] The value of Progress is 75
[Debug] [2024-4-20 16:20:45] The value of Progress is 80
[Debug] [2024-4-20 16:20:46] The value of Progress is 85
[Debug] [2024-4-20 16:20:46] The value of Progress is 90
[Debug] [2024-4-20 16:20:46] The value of Progress is 95
[Debug] [2024-4-20 16:20:46] The value of Progress is 100
[Debug] [2024-4-20 16:20:46] COMMAND[Program] execute successfully, takes 2.0 secs.
[Debug] [2024-4-20 16:20:46] End to send programming cmd.
[Info] [2024-4-20 16:21:52] /***************************End Configration***************************/
[Info] [2024-4-20 19:35:37] /***************************Start Configuration***************************/
[Info] [2024-4-20 19:35:37] Path: D:/fpga_competition/FPGA_competition/ziguangtongchuang_file/MES50HP_v3/set_up/set_up_file/PDS_2022.1/bin
[Info] [2024-4-20 19:35:37] Version: 99559
[Info] [2024-4-20 19:35:38] Current Path: C:/Users/86151/Desktop/auido_fft_fir/audio_fft_fir_hdmi/src/UDP/prj_pango
[Info] [2024-4-20 19:35:38] PDS Dir Path: C:/Users/86151/Desktop/auido_fft_fir/audio_fft_fir_hdmi/src/UDP/prj_pango
[Info] [2024-4-20 19:35:40] Configuration is not connect with server. connect first then scan chain.
[Debug] [2024-4-20 19:35:40] Client Local host name:Thecomputerofmartin
[Debug] [2024-4-20 19:35:40] Client Local Address:10.136.129.96
[Debug] [2024-4-20 19:35:40] Server Address:127.0.0.1, Port:65420
[Info] [2024-4-20 19:35:41] Connect OK, Server: 127.0.0.1  Port: 65420
[Debug] [2024-4-20 19:35:41] Finish.
[Info] [2024-4-20 19:35:41] Connect server succeeded
[Debug] [2024-4-20 19:35:41] Send RPC:1
[Debug] [2024-4-20 19:35:41] Send cmd [check version information:40005] OK
[Debug] [2024-4-20 19:35:41] Send RPC:2
[Debug] [2024-4-20 19:35:41] Send cmd [get_cable_paras:40011] OK
[Debug] [2024-4-20 19:35:41] Begin to send initialize chain cmd...
[Debug] [2024-4-20 19:35:41] Send RPC:3
[Debug] [2024-4-20 19:35:41] Send cmd [Open config cable:20001] OK
[Debug] [2024-4-20 19:35:41] End to send initialize chain cmd.
[Debug] [2024-4-20 19:35:41] COMMAND[check version information] execute successfully, takes 0.2 secs.
[Debug] [2024-4-20 19:35:42] COMMAND[get_cable_paras] execute successfully, takes 1.0 secs.
[Error] [2024-4-20 19:35:46] fail to exec Open config cable cmd...
[Debug] [2024-4-20 19:35:48] Begin to send initialize chain cmd...
[Debug] [2024-4-20 19:35:48] Send RPC:4
[Debug] [2024-4-20 19:35:48] Send cmd [Open config cable:20001] OK
[Debug] [2024-4-20 19:35:48] End to send initialize chain cmd.
[Error] [2024-4-20 19:35:52] fail to exec Open config cable cmd...
[Debug] [2024-4-20 19:36:52] Begin to send initialize chain cmd...
[Debug] [2024-4-20 19:36:52] Send RPC:5
[Debug] [2024-4-20 19:36:52] Send cmd [Open config cable:20001] OK
[Debug] [2024-4-20 19:36:52] End to send initialize chain cmd.
[Debug] [2024-4-20 19:36:56] begin to add pango device by bitstream file.
[Error] [2024-4-20 19:36:56] fail to exec Open config cable cmd...
[Debug] [2024-4-20 19:36:58] bin file name is empty and end add pango device.
[Debug] [2024-4-20 19:36:59] Begin to send initialize chain cmd...
[Debug] [2024-4-20 19:36:59] Send RPC:6
[Debug] [2024-4-20 19:36:59] Send cmd [Open config cable:20001] OK
[Debug] [2024-4-20 19:36:59] End to send initialize chain cmd.
[Debug] [2024-4-20 19:37:03] begin the exec of open cable cmd...
[Debug] [2024-4-20 19:37:03] Begin to deal with chain from server...
[Debug] [2024-4-20 19:37:03] Begin to set user chain...
[Debug] [2024-4-20 19:37:03] End to set user chain.
[Debug] [2024-4-20 19:37:03] Begin to update graphic item and tree item ...
[Debug] [2024-4-20 19:37:03] End to update graphic item and tree item ...
[Debug] [2024-4-20 19:37:05] selected file name is empty and ignore.
[Debug] [2024-4-20 19:37:05] End to deal wiht chain from server.
[Debug] [2024-4-20 19:37:05] end the exec of open cable cmd.
[Debug] [2024-4-20 19:37:05] COMMAND[Open config cable] execute successfully, takes 5.1 secs.
[Info] [2024-4-20 19:37:10] /***************************End Configration***************************/
[Info] [2024-4-20 19:37:13] /***************************Start Configuration***************************/
[Info] [2024-4-20 19:37:13] Path: D:/fpga_competition/FPGA_competition/ziguangtongchuang_file/MES50HP_v3/set_up/set_up_file/PDS_2022.1/bin
[Info] [2024-4-20 19:37:13] Version: 99559
[Info] [2024-4-20 19:37:14] Current Path: C:/Users/86151/Desktop/auido_fft_fir/audio_fft_fir_hdmi/src/UDP/prj_pango
[Info] [2024-4-20 19:37:14] PDS Dir Path: C:/Users/86151/Desktop/auido_fft_fir/audio_fft_fir_hdmi/src/UDP/prj_pango
[Info] [2024-4-20 19:37:17] Configuration is not connect with server. connect first then scan chain.
[Debug] [2024-4-20 19:37:17] Client Local host name:Thecomputerofmartin
[Debug] [2024-4-20 19:37:17] Client Local Address:169.254.51.120
[Debug] [2024-4-20 19:37:17] Client Local Address:10.136.129.96
[Debug] [2024-4-20 19:37:17] Server Address:127.0.0.1, Port:65420
[Info] [2024-4-20 19:37:17] Connect OK, Server: 127.0.0.1  Port: 65420
[Debug] [2024-4-20 19:37:17] Finish.
[Info] [2024-4-20 19:37:17] Connect server succeeded
[Debug] [2024-4-20 19:37:17] Send RPC:1
[Debug] [2024-4-20 19:37:17] Send cmd [check version information:40005] OK
[Debug] [2024-4-20 19:37:17] Send RPC:2
[Debug] [2024-4-20 19:37:17] Send cmd [get_cable_paras:40011] OK
[Debug] [2024-4-20 19:37:17] Begin to send initialize chain cmd...
[Debug] [2024-4-20 19:37:17] Send RPC:3
[Debug] [2024-4-20 19:37:17] Send cmd [Open config cable:20001] OK
[Debug] [2024-4-20 19:37:17] End to send initialize chain cmd.
[Debug] [2024-4-20 19:37:17] COMMAND[check version information] execute successfully, takes 0.1 secs.
[Debug] [2024-4-20 19:37:18] COMMAND[get_cable_paras] execute successfully, takes 0.9 secs.
[Debug] [2024-4-20 19:37:19] begin the exec of open cable cmd...
[Debug] [2024-4-20 19:37:19] Begin to deal with chain from server...
[Debug] [2024-4-20 19:37:19] Begin to set user chain...
[Debug] [2024-4-20 19:37:19] End to set user chain.
[Debug] [2024-4-20 19:37:19] Begin to update graphic item and tree item ...
[Debug] [2024-4-20 19:37:19] End to update graphic item and tree item ...
[Info] [2024-4-20 19:37:21] set OpenLastPath: C:/Users/86151/Desktop/auido_fft_fir/audio_fft_fir_hdmi/src/UDP/prj_pango/generate_bitstream/udp_audio_test.sbit
[Debug] [2024-4-20 19:37:21] begin to get device info from CFG file...
[Debug] [2024-4-20 19:37:21] end to get device info from CFG file...
[Debug] [2024-4-20 19:37:21] Begin to update graphic item and tree item ...
[Debug] [2024-4-20 19:37:21] End to update graphic item and tree item ...
[Debug] [2024-4-20 19:37:21] End to deal wiht chain from server.
[Debug] [2024-4-20 19:37:21] end the exec of open cable cmd.
[Debug] [2024-4-20 19:37:21] COMMAND[Open config cable] execute successfully, takes 3.2 secs.
[Debug] [2024-4-20 19:37:23] Begin to send programming cmd...
[Debug] [2024-4-20 19:37:23] Send RPC:4
[Debug] [2024-4-20 19:37:23] Begin to send program data.
[Debug] [2024-4-20 19:37:23] End to send program data.
[Debug] [2024-4-20 19:37:23] Send cmd [Program:20002] OK
[Debug] [2024-4-20 19:37:23] The value of Progress is 6
[Debug] [2024-4-20 19:37:23] The value of Progress is 10
[Debug] [2024-4-20 19:37:23] The value of Progress is 15
[Debug] [2024-4-20 19:37:23] The value of Progress is 20
[Debug] [2024-4-20 19:37:24] The value of Progress is 25
[Debug] [2024-4-20 19:37:24] The value of Progress is 30
[Debug] [2024-4-20 19:37:24] The value of Progress is 35
[Debug] [2024-4-20 19:37:24] The value of Progress is 40
[Debug] [2024-4-20 19:37:24] The value of Progress is 45
[Debug] [2024-4-20 19:37:24] The value of Progress is 50
[Debug] [2024-4-20 19:37:24] The value of Progress is 55
[Debug] [2024-4-20 19:37:24] The value of Progress is 60
[Debug] [2024-4-20 19:37:24] The value of Progress is 65
[Debug] [2024-4-20 19:37:24] The value of Progress is 70
[Debug] [2024-4-20 19:37:24] The value of Progress is 75
[Debug] [2024-4-20 19:37:24] The value of Progress is 80
[Debug] [2024-4-20 19:37:25] The value of Progress is 85
[Debug] [2024-4-20 19:37:25] The value of Progress is 90
[Debug] [2024-4-20 19:37:25] The value of Progress is 95
[Debug] [2024-4-20 19:37:25] The value of Progress is 100
[Debug] [2024-4-20 19:37:25] COMMAND[Program] execute successfully, takes 2.0 secs.
[Debug] [2024-4-20 19:37:25] End to send programming cmd.
[Debug] [2024-4-20 19:41:52] Begin to send programming cmd...
[Debug] [2024-4-20 19:41:52] Send RPC:5
[Debug] [2024-4-20 19:41:52] Begin to send program data.
[Debug] [2024-4-20 19:41:52] End to send program data.
[Debug] [2024-4-20 19:41:52] Send cmd [Program:20002] OK
[Debug] [2024-4-20 19:41:52] The value of Progress is 6
[Debug] [2024-4-20 19:41:52] The value of Progress is 10
[Debug] [2024-4-20 19:41:52] The value of Progress is 15
[Debug] [2024-4-20 19:41:52] The value of Progress is 20
[Debug] [2024-4-20 19:41:52] The value of Progress is 25
[Debug] [2024-4-20 19:41:53] The value of Progress is 30
[Debug] [2024-4-20 19:41:53] The value of Progress is 35
[Debug] [2024-4-20 19:41:53] The value of Progress is 40
[Debug] [2024-4-20 19:41:53] The value of Progress is 45
[Debug] [2024-4-20 19:41:53] The value of Progress is 50
[Debug] [2024-4-20 19:41:53] The value of Progress is 55
[Debug] [2024-4-20 19:41:53] The value of Progress is 60
[Debug] [2024-4-20 19:41:53] The value of Progress is 65
[Debug] [2024-4-20 19:41:53] The value of Progress is 70
[Debug] [2024-4-20 19:41:53] The value of Progress is 75
[Debug] [2024-4-20 19:41:53] The value of Progress is 80
[Debug] [2024-4-20 19:41:54] The value of Progress is 85
[Debug] [2024-4-20 19:41:54] The value of Progress is 90
[Debug] [2024-4-20 19:41:54] The value of Progress is 95
[Debug] [2024-4-20 19:41:54] The value of Progress is 100
[Debug] [2024-4-20 19:41:54] COMMAND[Program] execute successfully, takes 2.0 secs.
[Debug] [2024-4-20 19:41:54] End to send programming cmd.
[Info] [2024-4-20 19:47:01] /***************************End Configration***************************/
[Info] [2024-4-20 19:48:03] /***************************Start Configuration***************************/
[Info] [2024-4-20 19:48:03] Path: D:/fpga_competition/FPGA_competition/ziguangtongchuang_file/MES50HP_v3/set_up/set_up_file/PDS_2022.1/bin
[Info] [2024-4-20 19:48:03] Version: 99559
[Info] [2024-4-20 19:48:04] Current Path: C:/Users/86151/Desktop/auido_fft_fir/audio_fft_fir_hdmi/src/UDP/prj_pango
[Info] [2024-4-20 19:48:04] PDS Dir Path: C:/Users/86151/Desktop/auido_fft_fir/audio_fft_fir_hdmi/src/UDP/prj_pango
[Info] [2024-4-20 19:48:06] Configuration is not connect with server. connect first then scan chain.
[Debug] [2024-4-20 19:48:06] Client Local host name:Thecomputerofmartin
[Debug] [2024-4-20 19:48:06] Client Local Address:10.136.129.96
[Debug] [2024-4-20 19:48:06] Server Address:127.0.0.1, Port:65420
[Info] [2024-4-20 19:48:07] Connect OK, Server: 127.0.0.1  Port: 65420
[Debug] [2024-4-20 19:48:07] Finish.
[Info] [2024-4-20 19:48:07] Connect server succeeded
[Debug] [2024-4-20 19:48:07] Send RPC:1
[Debug] [2024-4-20 19:48:07] Send cmd [check version information:40005] OK
[Debug] [2024-4-20 19:48:07] Send RPC:2
[Debug] [2024-4-20 19:48:07] Send cmd [get_cable_paras:40011] OK
[Debug] [2024-4-20 19:48:07] Begin to send initialize chain cmd...
[Debug] [2024-4-20 19:48:07] Send RPC:3
[Debug] [2024-4-20 19:48:07] Send cmd [Open config cable:20001] OK
[Debug] [2024-4-20 19:48:07] End to send initialize chain cmd.
[Debug] [2024-4-20 19:48:07] COMMAND[check version information] execute successfully, takes 0.1 secs.
[Debug] [2024-4-20 19:48:08] COMMAND[get_cable_paras] execute successfully, takes 0.9 secs.
[Debug] [2024-4-20 19:48:08] begin the exec of open cable cmd...
[Debug] [2024-4-20 19:48:08] Begin to deal with chain from server...
[Debug] [2024-4-20 19:48:08] Begin to set user chain...
[Debug] [2024-4-20 19:48:08] End to set user chain.
[Debug] [2024-4-20 19:48:08] Begin to update graphic item and tree item ...
[Debug] [2024-4-20 19:48:08] End to update graphic item and tree item ...
[Info] [2024-4-20 19:48:10] set OpenLastPath: C:/Users/86151/Desktop/auido_fft_fir/audio_fft_fir_hdmi/src/UDP/prj_pango/generate_bitstream/udp_audio_test.sbit
[Debug] [2024-4-20 19:48:10] begin to get device info from CFG file...
[Debug] [2024-4-20 19:48:10] end to get device info from CFG file...
[Debug] [2024-4-20 19:48:10] Begin to update graphic item and tree item ...
[Debug] [2024-4-20 19:48:10] End to update graphic item and tree item ...
[Debug] [2024-4-20 19:48:10] End to deal wiht chain from server.
[Debug] [2024-4-20 19:48:10] end the exec of open cable cmd.
[Debug] [2024-4-20 19:48:10] COMMAND[Open config cable] execute successfully, takes 3.1 secs.
[Debug] [2024-4-20 19:48:12] Begin to send programming cmd...
[Debug] [2024-4-20 19:48:12] Send RPC:4
[Debug] [2024-4-20 19:48:12] Begin to send program data.
[Debug] [2024-4-20 19:48:12] End to send program data.
[Debug] [2024-4-20 19:48:12] Send cmd [Program:20002] OK
[Debug] [2024-4-20 19:48:12] The value of Progress is 6
[Debug] [2024-4-20 19:48:12] The value of Progress is 10
[Debug] [2024-4-20 19:48:12] The value of Progress is 15
[Debug] [2024-4-20 19:48:12] The value of Progress is 20
[Debug] [2024-4-20 19:48:13] The value of Progress is 25
[Debug] [2024-4-20 19:48:13] The value of Progress is 30
[Debug] [2024-4-20 19:48:13] The value of Progress is 35
[Debug] [2024-4-20 19:48:13] The value of Progress is 40
[Debug] [2024-4-20 19:48:13] The value of Progress is 45
[Debug] [2024-4-20 19:48:13] The value of Progress is 50
[Debug] [2024-4-20 19:48:13] The value of Progress is 55
[Debug] [2024-4-20 19:48:13] The value of Progress is 60
[Debug] [2024-4-20 19:48:13] The value of Progress is 65
[Debug] [2024-4-20 19:48:13] The value of Progress is 70
[Debug] [2024-4-20 19:48:13] The value of Progress is 75
[Debug] [2024-4-20 19:48:14] The value of Progress is 80
[Debug] [2024-4-20 19:48:14] The value of Progress is 85
[Debug] [2024-4-20 19:48:14] The value of Progress is 90
[Debug] [2024-4-20 19:48:14] The value of Progress is 95
[Debug] [2024-4-20 19:48:14] The value of Progress is 100
[Debug] [2024-4-20 19:48:14] COMMAND[Program] execute successfully, takes 2.0 secs.
[Debug] [2024-4-20 19:48:14] End to send programming cmd.
[Debug] [2024-4-20 19:48:32] Begin to send programming cmd...
[Debug] [2024-4-20 19:48:32] Send RPC:5
[Debug] [2024-4-20 19:48:32] Begin to send program data.
[Debug] [2024-4-20 19:48:32] End to send program data.
[Debug] [2024-4-20 19:48:32] Send cmd [Program:20002] OK
[Debug] [2024-4-20 19:48:32] The value of Progress is 6
[Debug] [2024-4-20 19:48:32] The value of Progress is 10
[Debug] [2024-4-20 19:48:32] The value of Progress is 15
[Debug] [2024-4-20 19:48:32] The value of Progress is 20
[Debug] [2024-4-20 19:48:32] The value of Progress is 25
[Debug] [2024-4-20 19:48:32] The value of Progress is 30
[Debug] [2024-4-20 19:48:33] The value of Progress is 35
[Debug] [2024-4-20 19:48:33] The value of Progress is 40
[Debug] [2024-4-20 19:48:33] The value of Progress is 45
[Debug] [2024-4-20 19:48:33] The value of Progress is 50
[Debug] [2024-4-20 19:48:33] The value of Progress is 55
[Debug] [2024-4-20 19:48:33] The value of Progress is 60
[Debug] [2024-4-20 19:48:33] The value of Progress is 65
[Debug] [2024-4-20 19:48:33] The value of Progress is 70
[Debug] [2024-4-20 19:48:33] The value of Progress is 75
[Debug] [2024-4-20 19:48:33] The value of Progress is 80
[Debug] [2024-4-20 19:48:33] The value of Progress is 85
[Debug] [2024-4-20 19:48:33] The value of Progress is 90
[Debug] [2024-4-20 19:48:34] The value of Progress is 95
[Debug] [2024-4-20 19:48:34] The value of Progress is 100
[Debug] [2024-4-20 19:48:34] COMMAND[Program] execute successfully, takes 2.0 secs.
[Debug] [2024-4-20 19:48:34] End to send programming cmd.
[Info] [2024-4-20 19:48:44] /***************************End Configration***************************/
[Info] [2024-4-20 20:06:40] /***************************Start Configuration***************************/
[Info] [2024-4-20 20:06:40] Path: D:/fpga_competition/FPGA_competition/ziguangtongchuang_file/MES50HP_v3/set_up/set_up_file/PDS_2022.1/bin
[Info] [2024-4-20 20:06:40] Version: 99559
[Info] [2024-4-20 20:06:41] Current Path: C:/Users/86151/Desktop/auido_fft_fir/audio_fft_fir_hdmi/src/UDP/prj_pango
[Info] [2024-4-20 20:06:41] PDS Dir Path: C:/Users/86151/Desktop/auido_fft_fir/audio_fft_fir_hdmi/src/UDP/prj_pango
[Info] [2024-4-20 20:06:44] Configuration is not connect with server. connect first then scan chain.
[Debug] [2024-4-20 20:06:44] Client Local host name:Thecomputerofmartin
[Debug] [2024-4-20 20:06:44] Client Local Address:10.136.129.96
[Debug] [2024-4-20 20:06:44] Server Address:127.0.0.1, Port:65420
[Info] [2024-4-20 20:06:44] Connect OK, Server: 127.0.0.1  Port: 65420
[Debug] [2024-4-20 20:06:44] Finish.
[Info] [2024-4-20 20:06:44] Connect server succeeded
[Debug] [2024-4-20 20:06:44] Send RPC:1
[Debug] [2024-4-20 20:06:44] Send cmd [check version information:40005] OK
[Debug] [2024-4-20 20:06:44] Send RPC:2
[Debug] [2024-4-20 20:06:44] Send cmd [get_cable_paras:40011] OK
[Debug] [2024-4-20 20:06:44] Begin to send initialize chain cmd...
[Debug] [2024-4-20 20:06:44] Send RPC:3
[Debug] [2024-4-20 20:06:44] Send cmd [Open config cable:20001] OK
[Debug] [2024-4-20 20:06:44] End to send initialize chain cmd.
[Debug] [2024-4-20 20:06:44] COMMAND[check version information] execute successfully, takes 0.1 secs.
[Debug] [2024-4-20 20:06:45] COMMAND[get_cable_paras] execute successfully, takes 0.9 secs.
[Debug] [2024-4-20 20:06:49] begin the exec of open cable cmd...
[Debug] [2024-4-20 20:06:49] Begin to deal with chain from server...
[Debug] [2024-4-20 20:06:49] Begin to set user chain...
[Debug] [2024-4-20 20:06:49] End to set user chain.
[Debug] [2024-4-20 20:06:49] Begin to update graphic item and tree item ...
[Debug] [2024-4-20 20:06:49] End to update graphic item and tree item ...
[Info] [2024-4-20 20:06:52] set OpenLastPath: C:/Users/86151/Desktop/auido_fft_fir/audio_fft_fir_hdmi/src/UDP/prj_pango/generate_bitstream/udp_audio_test.sbit
[Debug] [2024-4-20 20:06:52] begin to get device info from CFG file...
[Debug] [2024-4-20 20:06:52] end to get device info from CFG file...
[Debug] [2024-4-20 20:06:52] Begin to update graphic item and tree item ...
[Debug] [2024-4-20 20:06:52] End to update graphic item and tree item ...
[Debug] [2024-4-20 20:06:52] End to deal wiht chain from server.
[Debug] [2024-4-20 20:06:52] end the exec of open cable cmd.
[Debug] [2024-4-20 20:06:52] COMMAND[Open config cable] execute successfully, takes 7.3 secs.
[Debug] [2024-4-20 20:06:53] Begin to send programming cmd...
[Debug] [2024-4-20 20:06:53] Send RPC:4
[Debug] [2024-4-20 20:06:53] Begin to send program data.
[Debug] [2024-4-20 20:06:53] End to send program data.
[Debug] [2024-4-20 20:06:53] Send cmd [Program:20002] OK
[Debug] [2024-4-20 20:06:54] The value of Progress is 6
[Debug] [2024-4-20 20:06:54] The value of Progress is 10
[Debug] [2024-4-20 20:06:54] The value of Progress is 15
[Debug] [2024-4-20 20:06:54] The value of Progress is 20
[Debug] [2024-4-20 20:06:54] The value of Progress is 25
[Debug] [2024-4-20 20:06:54] The value of Progress is 30
[Debug] [2024-4-20 20:06:54] The value of Progress is 35
[Debug] [2024-4-20 20:06:54] The value of Progress is 40
[Debug] [2024-4-20 20:06:54] The value of Progress is 45
[Debug] [2024-4-20 20:06:54] The value of Progress is 50
[Debug] [2024-4-20 20:06:55] The value of Progress is 55
[Debug] [2024-4-20 20:06:55] The value of Progress is 60
[Debug] [2024-4-20 20:06:55] The value of Progress is 65
[Debug] [2024-4-20 20:06:55] The value of Progress is 70
[Debug] [2024-4-20 20:06:55] The value of Progress is 75
[Debug] [2024-4-20 20:06:55] The value of Progress is 80
[Debug] [2024-4-20 20:06:55] The value of Progress is 85
[Debug] [2024-4-20 20:06:55] The value of Progress is 90
[Debug] [2024-4-20 20:06:55] The value of Progress is 95
[Debug] [2024-4-20 20:06:55] The value of Progress is 100
[Debug] [2024-4-20 20:06:55] COMMAND[Program] execute successfully, takes 2.0 secs.
[Debug] [2024-4-20 20:06:55] End to send programming cmd.
[Info] [2024-4-20 20:06:58] /***************************End Configration***************************/
[Info] [2024-4-20 20:22:59] /***************************Start Configuration***************************/
[Info] [2024-4-20 20:22:59] Path: D:/fpga_competition/FPGA_competition/ziguangtongchuang_file/MES50HP_v3/set_up/set_up_file/PDS_2022.1/bin
[Info] [2024-4-20 20:22:59] Version: 99559
[Info] [2024-4-20 20:23:00] Current Path: C:/Users/86151/Desktop/auido_fft_fir/audio_fft_fir_hdmi/src/UDP/prj_pango
[Info] [2024-4-20 20:23:00] PDS Dir Path: C:/Users/86151/Desktop/auido_fft_fir/audio_fft_fir_hdmi/src/UDP/prj_pango
[Info] [2024-4-20 20:23:02] Configuration is not connect with server. connect first then scan chain.
[Debug] [2024-4-20 20:23:02] Client Local host name:Thecomputerofmartin
[Debug] [2024-4-20 20:23:02] Client Local Address:169.254.51.120
[Debug] [2024-4-20 20:23:02] Client Local Address:10.136.129.96
[Debug] [2024-4-20 20:23:02] Server Address:127.0.0.1, Port:65420
[Info] [2024-4-20 20:23:02] Connect OK, Server: 127.0.0.1  Port: 65420
[Debug] [2024-4-20 20:23:02] Finish.
[Info] [2024-4-20 20:23:02] Connect server succeeded
[Debug] [2024-4-20 20:23:02] Send RPC:1
[Debug] [2024-4-20 20:23:02] Send cmd [check version information:40005] OK
[Debug] [2024-4-20 20:23:03] Send RPC:2
[Debug] [2024-4-20 20:23:03] Send cmd [get_cable_paras:40011] OK
[Debug] [2024-4-20 20:23:03] Begin to send initialize chain cmd...
[Debug] [2024-4-20 20:23:03] Send RPC:3
[Debug] [2024-4-20 20:23:03] Send cmd [Open config cable:20001] OK
[Debug] [2024-4-20 20:23:03] End to send initialize chain cmd.
[Debug] [2024-4-20 20:23:03] COMMAND[check version information] execute successfully, takes 0.1 secs.
[Debug] [2024-4-20 20:23:03] COMMAND[get_cable_paras] execute successfully, takes 0.9 secs.
[Debug] [2024-4-20 20:23:04] begin the exec of open cable cmd...
[Debug] [2024-4-20 20:23:04] Begin to deal with chain from server...
[Debug] [2024-4-20 20:23:04] Begin to set user chain...
[Debug] [2024-4-20 20:23:04] End to set user chain.
[Debug] [2024-4-20 20:23:04] Begin to update graphic item and tree item ...
[Debug] [2024-4-20 20:23:04] End to update graphic item and tree item ...
[Info] [2024-4-20 20:23:05] set OpenLastPath: C:/Users/86151/Desktop/auido_fft_fir/audio_fft_fir_hdmi/src/UDP/prj_pango/generate_bitstream/udp_audio_test.sbit
[Debug] [2024-4-20 20:23:05] begin to get device info from CFG file...
[Debug] [2024-4-20 20:23:05] end to get device info from CFG file...
[Debug] [2024-4-20 20:23:05] Begin to update graphic item and tree item ...
[Debug] [2024-4-20 20:23:05] End to update graphic item and tree item ...
[Debug] [2024-4-20 20:23:05] End to deal wiht chain from server.
[Debug] [2024-4-20 20:23:05] end the exec of open cable cmd.
[Debug] [2024-4-20 20:23:05] COMMAND[Open config cable] execute successfully, takes 2.8 secs.
[Debug] [2024-4-20 20:23:09] Begin to send programming cmd...
[Debug] [2024-4-20 20:23:09] Send RPC:4
[Debug] [2024-4-20 20:23:09] Begin to send program data.
[Debug] [2024-4-20 20:23:09] End to send program data.
[Debug] [2024-4-20 20:23:09] Send cmd [Program:20002] OK
[Debug] [2024-4-20 20:23:09] The value of Progress is 6
[Debug] [2024-4-20 20:23:09] The value of Progress is 10
[Debug] [2024-4-20 20:23:09] The value of Progress is 15
[Debug] [2024-4-20 20:23:09] The value of Progress is 20
[Debug] [2024-4-20 20:23:09] The value of Progress is 25
[Debug] [2024-4-20 20:23:09] The value of Progress is 30
[Debug] [2024-4-20 20:23:09] The value of Progress is 35
[Debug] [2024-4-20 20:23:10] The value of Progress is 40
[Debug] [2024-4-20 20:23:10] The value of Progress is 45
[Debug] [2024-4-20 20:23:10] The value of Progress is 50
[Debug] [2024-4-20 20:23:10] The value of Progress is 55
[Debug] [2024-4-20 20:23:10] The value of Progress is 60
[Debug] [2024-4-20 20:23:10] The value of Progress is 65
[Debug] [2024-4-20 20:23:10] The value of Progress is 70
[Debug] [2024-4-20 20:23:10] The value of Progress is 75
[Debug] [2024-4-20 20:23:10] The value of Progress is 80
[Debug] [2024-4-20 20:23:10] The value of Progress is 85
[Debug] [2024-4-20 20:23:10] The value of Progress is 90
[Debug] [2024-4-20 20:23:10] The value of Progress is 95
[Debug] [2024-4-20 20:23:11] The value of Progress is 100
[Debug] [2024-4-20 20:23:11] COMMAND[Program] execute successfully, takes 2.0 secs.
[Debug] [2024-4-20 20:23:11] End to send programming cmd.
[Info] [2024-4-20 20:25:32] /***************************End Configration***************************/
[Info] [2024-4-20 20:29:15] /***************************Start Configuration***************************/
[Info] [2024-4-20 20:29:15] Path: D:/fpga_competition/FPGA_competition/ziguangtongchuang_file/MES50HP_v3/set_up/set_up_file/PDS_2022.1/bin
[Info] [2024-4-20 20:29:15] Version: 99559
[Info] [2024-4-20 20:29:16] Current Path: C:/Users/86151/Desktop/auido_fft_fir/audio_fft_fir_hdmi/src/UDP/prj_pango
[Info] [2024-4-20 20:29:16] PDS Dir Path: C:/Users/86151/Desktop/auido_fft_fir/audio_fft_fir_hdmi/src/UDP/prj_pango
[Info] [2024-4-20 20:29:18] Configuration is not connect with server. connect first then scan chain.
[Debug] [2024-4-20 20:29:18] Client Local host name:Thecomputerofmartin
[Debug] [2024-4-20 20:29:18] Client Local Address:10.136.129.96
[Debug] [2024-4-20 20:29:18] Server Address:127.0.0.1, Port:65420
[Info] [2024-4-20 20:29:19] Connect OK, Server: 127.0.0.1  Port: 65420
[Debug] [2024-4-20 20:29:19] Finish.
[Info] [2024-4-20 20:29:19] Connect server succeeded
[Debug] [2024-4-20 20:29:19] Send RPC:1
[Debug] [2024-4-20 20:29:19] Send cmd [check version information:40005] OK
[Debug] [2024-4-20 20:29:19] Send RPC:2
[Debug] [2024-4-20 20:29:19] Send cmd [get_cable_paras:40011] OK
[Debug] [2024-4-20 20:29:19] Begin to send initialize chain cmd...
[Debug] [2024-4-20 20:29:19] Send RPC:3
[Debug] [2024-4-20 20:29:19] Send cmd [Open config cable:20001] OK
[Debug] [2024-4-20 20:29:19] End to send initialize chain cmd.
[Debug] [2024-4-20 20:29:19] COMMAND[check version information] execute successfully, takes 0.1 secs.
[Debug] [2024-4-20 20:29:20] COMMAND[get_cable_paras] execute successfully, takes 0.9 secs.
[Debug] [2024-4-20 20:29:22] begin the exec of open cable cmd...
[Debug] [2024-4-20 20:29:22] Begin to deal with chain from server...
[Debug] [2024-4-20 20:29:22] Begin to set user chain...
[Debug] [2024-4-20 20:29:22] End to set user chain.
[Debug] [2024-4-20 20:29:22] Begin to update graphic item and tree item ...
[Debug] [2024-4-20 20:29:22] End to update graphic item and tree item ...
[Info] [2024-4-20 20:29:24] set OpenLastPath: C:/Users/86151/Desktop/auido_fft_fir/audio_fft_fir_hdmi/src/UDP/prj_pango/generate_bitstream/udp_audio_test.sbit
[Debug] [2024-4-20 20:29:24] begin to get device info from CFG file...
[Debug] [2024-4-20 20:29:24] end to get device info from CFG file...
[Debug] [2024-4-20 20:29:24] Begin to update graphic item and tree item ...
[Debug] [2024-4-20 20:29:24] End to update graphic item and tree item ...
[Debug] [2024-4-20 20:29:24] End to deal wiht chain from server.
[Debug] [2024-4-20 20:29:24] end the exec of open cable cmd.
[Debug] [2024-4-20 20:29:24] COMMAND[Open config cable] execute successfully, takes 5.5 secs.
[Debug] [2024-4-20 20:29:26] Begin to send programming cmd...
[Debug] [2024-4-20 20:29:26] Send RPC:4
[Debug] [2024-4-20 20:29:26] Begin to send program data.
[Debug] [2024-4-20 20:29:26] End to send program data.
[Debug] [2024-4-20 20:29:26] Send cmd [Program:20002] OK
[Debug] [2024-4-20 20:29:27] The value of Progress is 6
[Debug] [2024-4-20 20:29:27] The value of Progress is 10
[Debug] [2024-4-20 20:29:27] The value of Progress is 15
[Debug] [2024-4-20 20:29:27] The value of Progress is 20
[Debug] [2024-4-20 20:29:27] The value of Progress is 25
[Debug] [2024-4-20 20:29:27] The value of Progress is 30
[Debug] [2024-4-20 20:29:27] The value of Progress is 35
[Debug] [2024-4-20 20:29:27] The value of Progress is 40
[Debug] [2024-4-20 20:29:27] The value of Progress is 45
[Debug] [2024-4-20 20:29:27] The value of Progress is 50
[Debug] [2024-4-20 20:29:27] The value of Progress is 55
[Debug] [2024-4-20 20:29:27] The value of Progress is 60
[Debug] [2024-4-20 20:29:28] The value of Progress is 65
[Debug] [2024-4-20 20:29:28] The value of Progress is 70
[Debug] [2024-4-20 20:29:28] The value of Progress is 75
[Debug] [2024-4-20 20:29:28] The value of Progress is 80
[Debug] [2024-4-20 20:29:28] The value of Progress is 85
[Debug] [2024-4-20 20:29:28] The value of Progress is 90
[Debug] [2024-4-20 20:29:28] The value of Progress is 95
[Debug] [2024-4-20 20:29:28] The value of Progress is 100
[Debug] [2024-4-20 20:29:28] COMMAND[Program] execute successfully, takes 2.0 secs.
[Debug] [2024-4-20 20:29:28] End to send programming cmd.
[Debug] [2024-4-20 20:35:00] Begin to send programming cmd...
[Debug] [2024-4-20 20:35:00] Send RPC:5
[Debug] [2024-4-20 20:35:00] Begin to send program data.
[Debug] [2024-4-20 20:35:00] End to send program data.
[Debug] [2024-4-20 20:35:00] Send cmd [Program:20002] OK
[Debug] [2024-4-20 20:35:00] The value of Progress is 6
[Debug] [2024-4-20 20:35:01] The value of Progress is 10
[Debug] [2024-4-20 20:35:01] The value of Progress is 15
[Debug] [2024-4-20 20:35:01] The value of Progress is 20
[Debug] [2024-4-20 20:35:01] The value of Progress is 25
[Debug] [2024-4-20 20:35:01] The value of Progress is 30
[Debug] [2024-4-20 20:35:01] The value of Progress is 35
[Debug] [2024-4-20 20:35:01] The value of Progress is 40
[Debug] [2024-4-20 20:35:01] The value of Progress is 45
[Debug] [2024-4-20 20:35:01] The value of Progress is 50
[Debug] [2024-4-20 20:35:01] The value of Progress is 55
[Debug] [2024-4-20 20:35:01] The value of Progress is 60
[Debug] [2024-4-20 20:35:02] The value of Progress is 65
[Debug] [2024-4-20 20:35:02] The value of Progress is 70
[Debug] [2024-4-20 20:35:02] The value of Progress is 75
[Debug] [2024-4-20 20:35:02] The value of Progress is 80
[Debug] [2024-4-20 20:35:02] The value of Progress is 85
[Debug] [2024-4-20 20:35:02] The value of Progress is 90
[Debug] [2024-4-20 20:35:02] The value of Progress is 95
[Debug] [2024-4-20 20:35:02] The value of Progress is 100
[Debug] [2024-4-20 20:35:02] COMMAND[Program] execute successfully, takes 2.0 secs.
[Debug] [2024-4-20 20:35:02] End to send programming cmd.
[Info] [2024-4-20 20:35:31] /***************************End Configration***************************/
[Info] [2024-4-21 10:15:07] /***************************Start Configuration***************************/
[Info] [2024-4-21 10:15:07] Path: D:/fpga_competition/FPGA_competition/ziguangtongchuang_file/MES50HP_v3/set_up/set_up_file/PDS_2022.1/bin
[Info] [2024-4-21 10:15:07] Version: 99559
[Info] [2024-4-21 10:15:08] Current Path: C:/Users/86151/Desktop/auido_fft_fir/audio_fft_fir_hdmi/src/UDP/prj_pango
[Info] [2024-4-21 10:15:08] PDS Dir Path: C:/Users/86151/Desktop/auido_fft_fir/audio_fft_fir_hdmi/src/UDP/prj_pango
[Info] [2024-4-21 10:15:10] /***************************End Configration***************************/
[Info] [2024-4-21 10:17:34] /***************************Start Configuration***************************/
[Info] [2024-4-21 10:17:34] Path: D:/fpga_competition/FPGA_competition/ziguangtongchuang_file/MES50HP_v3/set_up/set_up_file/PDS_2022.1/bin
[Info] [2024-4-21 10:17:34] Version: 99559
[Info] [2024-4-21 10:17:35] Current Path: C:/Users/86151/Desktop/auido_fft_fir/audio_fft_fir_hdmi/src/UDP/prj_pango
[Info] [2024-4-21 10:17:35] PDS Dir Path: C:/Users/86151/Desktop/auido_fft_fir/audio_fft_fir_hdmi/src/UDP/prj_pango
[Info] [2024-4-21 10:17:37] Configuration is not connect with server. connect first then scan chain.
[Debug] [2024-4-21 10:17:37] Client Local host name:Thecomputerofmartin
[Debug] [2024-4-21 10:17:37] Client Local Address:10.136.129.96
[Debug] [2024-4-21 10:17:37] Server Address:127.0.0.1, Port:65420
[Info] [2024-4-21 10:17:38] Connect OK, Server: 127.0.0.1  Port: 65420
[Debug] [2024-4-21 10:17:38] Finish.
[Info] [2024-4-21 10:17:38] Connect server succeeded
[Debug] [2024-4-21 10:17:38] Send RPC:1
[Debug] [2024-4-21 10:17:38] Send cmd [check version information:40005] OK
[Debug] [2024-4-21 10:17:38] Send RPC:2
[Debug] [2024-4-21 10:17:38] Send cmd [get_cable_paras:40011] OK
[Debug] [2024-4-21 10:17:38] Begin to send initialize chain cmd...
[Debug] [2024-4-21 10:17:38] Send RPC:3
[Debug] [2024-4-21 10:17:38] Send cmd [Open config cable:20001] OK
[Debug] [2024-4-21 10:17:38] End to send initialize chain cmd.
[Debug] [2024-4-21 10:17:38] COMMAND[check version information] execute successfully, takes 0.1 secs.
[Debug] [2024-4-21 10:17:39] COMMAND[get_cable_paras] execute successfully, takes 1.0 secs.
[Debug] [2024-4-21 10:17:39] begin the exec of open cable cmd...
[Debug] [2024-4-21 10:17:39] Begin to deal with chain from server...
[Debug] [2024-4-21 10:17:39] Begin to set user chain...
[Debug] [2024-4-21 10:17:39] End to set user chain.
[Debug] [2024-4-21 10:17:39] Begin to update graphic item and tree item ...
[Debug] [2024-4-21 10:17:39] End to update graphic item and tree item ...
[Info] [2024-4-21 10:17:41] set OpenLastPath: C:/Users/86151/Desktop/auido_fft_fir/audio_fft_fir_hdmi/src/UDP/prj_pango/generate_bitstream/udp_audio_test.sbit
[Debug] [2024-4-21 10:17:41] begin to get device info from CFG file...
[Debug] [2024-4-21 10:17:41] end to get device info from CFG file...
[Debug] [2024-4-21 10:17:41] Begin to update graphic item and tree item ...
[Debug] [2024-4-21 10:17:41] End to update graphic item and tree item ...
[Debug] [2024-4-21 10:17:41] End to deal wiht chain from server.
[Debug] [2024-4-21 10:17:41] end the exec of open cable cmd.
[Debug] [2024-4-21 10:17:41] COMMAND[Open config cable] execute successfully, takes 3.0 secs.
[Debug] [2024-4-21 10:17:42] begin to add pango device by bitstream file.
[Debug] [2024-4-21 10:17:44] bin file name is empty and end add pango device.
[Debug] [2024-4-21 10:17:45] Begin to send programming cmd...
[Debug] [2024-4-21 10:17:45] Send RPC:4
[Debug] [2024-4-21 10:17:45] Begin to send program data.
[Debug] [2024-4-21 10:17:45] End to send program data.
[Debug] [2024-4-21 10:17:45] Send cmd [Program:20002] OK
[Debug] [2024-4-21 10:17:46] The value of Progress is 6
[Debug] [2024-4-21 10:17:46] The value of Progress is 10
[Debug] [2024-4-21 10:17:46] The value of Progress is 15
[Debug] [2024-4-21 10:17:46] The value of Progress is 20
[Debug] [2024-4-21 10:17:46] The value of Progress is 25
[Debug] [2024-4-21 10:17:46] The value of Progress is 30
[Debug] [2024-4-21 10:17:46] The value of Progress is 35
[Debug] [2024-4-21 10:17:46] The value of Progress is 40
[Debug] [2024-4-21 10:17:46] The value of Progress is 45
[Debug] [2024-4-21 10:17:46] The value of Progress is 50
[Debug] [2024-4-21 10:17:46] The value of Progress is 55
[Debug] [2024-4-21 10:17:46] The value of Progress is 60
[Debug] [2024-4-21 10:17:47] The value of Progress is 65
[Debug] [2024-4-21 10:17:47] The value of Progress is 70
[Debug] [2024-4-21 10:17:47] The value of Progress is 75
[Debug] [2024-4-21 10:17:47] The value of Progress is 80
[Debug] [2024-4-21 10:17:47] The value of Progress is 85
[Debug] [2024-4-21 10:17:47] The value of Progress is 90
[Debug] [2024-4-21 10:17:47] The value of Progress is 95
[Debug] [2024-4-21 10:17:47] The value of Progress is 100
[Debug] [2024-4-21 10:17:47] COMMAND[Program] execute successfully, takes 2.0 secs.
[Debug] [2024-4-21 10:17:47] End to send programming cmd.
[Info] [2024-4-21 14:55:41] /***************************End Configration***************************/
