#Build: Fabric Compiler 2022.1, Build 99559, Jul 12 00:20 2022
#Install: D:\fpga_competition\FPGA_competition\ziguangtongchuang_file\MES50HP_v3\set_up\set_up_file\PDS_2022.1\bin
#Application name: pds_shell.exe
#OS: Windows 10 10.0.22000
#Hostname: Thecomputerofmartin
Generated by Fabric Compiler (version 2022.1 build 99559) at Wed Jun 12 10:49:21 2024
Compiling verification operator library.
Compiling common defs.
Compiling prim grid devices.
Compiling gate devices.
Compiling gate operators.
Building architecture model.
Loading device packaging model.
W: ConstraintEditor-4030: No constraint files found, so all ports are unspecified I/O constraint.
I: Column Clock Check open.
Read Column Clock Map.

Placement started.
Phase 1 Pre global placement started.
Phase 1.1 1st GP placement started.
Design Utilization : 2%.
Wirelength after clock region global placement is 5607.
1st GP placement takes 3.58 sec.

Phase 1.2 Clock placement started.
Mapping instance wr_clk_ibuf/opit_1 to IOL_7_205.
Mapping instance clkbufg_0/gopclkbufg to USCM_84_108.
Mapping instance rd_clk_ibuf/opit_1 to IOL_7_206.
Mapping instance clkbufg_1/gopclkbufg to USCM_84_109.
Clock placement takes 0.47 sec.

Pre global placement takes 5.86 sec.

Phase 2 Global placement started.
Phase 2.1 Fixed placement started.
Placed fixed group with base inst rd_clk_ibuf/opit_1 on IOL_7_206.
Placed fixed group with base inst wr_clk_ibuf/opit_1 on IOL_7_205.
Placed fixed instance clkbufg_0/gopclkbufg on USCM_84_108.
Placed fixed instance clkbufg_1/gopclkbufg on USCM_84_109.
Fixed placement takes 0.00 sec.

Phase 2.2 Process placement started.
Process placement takes 0.00 sec.

Phase 2.3 IO placement started.
IO placement takes 0.03 sec.

Phase 2.4 2nd GP placement started.
Run super clustering :
	Initial slack 987729.
	13 iterations finished.
	Final slack 993895.
Super clustering done.
Design Utilization : 2%.
2nd GP placement takes 3.92 sec.

Wirelength after global placement is 7087.
Global placement takes 3.95 sec.

Phase 3 Post global placement started.
Phase 3.1 Macro cell placement started.
Wirelength after macro cell placement is 7087.
Macro cell placement takes 0.00 sec.

Phase 3.2 3rd GP placement started.
Run super clustering :
	Initial slack 987729.
	13 iterations finished.
	Final slack 993895.
Super clustering done.
Design Utilization : 2%.
3rd GP placement takes 3.86 sec.

Wirelength after post global placement is 7087.
Post global placement takes 3.86 sec.

Phase 4 Legalization started.
The average distance in LP is 3.849934.
Wirelength after legalization is 10093.
Legalization takes 0.05 sec.

Phase 5 Timing-driven detailed placement started.
Phase 5.1 Replication placement started.
Worst slack before Replication Place is 993474.
Replication placement takes 0.06 sec.

Wirelength after replication placement is 10093.
Phase 5.2 DP placement started.
Legalized cost 993474.000000.
The detailed placement ends at 0th iteration.
DP placement takes 0.03 sec.

Wirelength after detailed placement is 10093.
Timing-driven detailed placement takes 0.09 sec.

Worst slack is 993474, TNS after placement is 0.
Placement done.
Total placement takes 14.16 sec.
Finished placement. (CPU time elapsed 0h:00m:14s)

Routing started.
Building routing graph takes 1.58 sec.
Worst slack is 993474, TNS before global route is 0.
Processing design graph takes 0.34 sec.
Total memory for routing:
	115.948221 M.
Total nets for routing : 928.
Rcf routing step 1 processed 0 nets, it takes 0.00 sec.
Rcf routing step 2 processed 0 nets, it takes 0.00 sec.
Rcf routing step 3 processed 0 nets, it takes 0.00 sec.
Global Routing step 1 processed 0 nets, it takes 0.00 sec.
Global Routing step 2 processed 0 nets, it takes 0.00 sec.
Unrouted nets 39 at the end of iteration 0.
Unrouted nets 19 at the end of iteration 1.
Unrouted nets 13 at the end of iteration 2.
Unrouted nets 6 at the end of iteration 3.
Unrouted nets 4 at the end of iteration 4.
Unrouted nets 3 at the end of iteration 5.
Unrouted nets 2 at the end of iteration 6.
Unrouted nets 3 at the end of iteration 7.
Unrouted nets 3 at the end of iteration 8.
Unrouted nets 4 at the end of iteration 9.
Unrouted nets 4 at the end of iteration 10.
Unrouted nets 3 at the end of iteration 11.
Unrouted nets 1 at the end of iteration 12.
Unrouted nets 2 at the end of iteration 13.
Unrouted nets 0 at the end of iteration 14.
Global Routing step 3 processed 101 nets, it takes 0.41 sec.
Global routing takes 0.44 sec.
Total 1407 subnets.
    forward max bucket size 1251 , backward 72.
        Unrouted nets 958 at the end of iteration 0.
    route iteration 0, CPU time elapsed 0.265625 sec.
    forward max bucket size 1242 , backward 72.
        Unrouted nets 656 at the end of iteration 1.
    route iteration 1, CPU time elapsed 0.203125 sec.
    forward max bucket size 52 , backward 49.
        Unrouted nets 507 at the end of iteration 2.
    route iteration 2, CPU time elapsed 0.171875 sec.
    forward max bucket size 49 , backward 37.
        Unrouted nets 491 at the end of iteration 3.
    route iteration 3, CPU time elapsed 0.140625 sec.
    forward max bucket size 56 , backward 56.
        Unrouted nets 414 at the end of iteration 4.
    route iteration 4, CPU time elapsed 0.109375 sec.
    forward max bucket size 42 , backward 44.
        Unrouted nets 333 at the end of iteration 5.
    route iteration 5, CPU time elapsed 0.078125 sec.
    forward max bucket size 42 , backward 41.
        Unrouted nets 249 at the end of iteration 6.
    route iteration 6, CPU time elapsed 0.078125 sec.
    forward max bucket size 35 , backward 43.
        Unrouted nets 219 at the end of iteration 7.
    route iteration 7, CPU time elapsed 0.062500 sec.
    forward max bucket size 33 , backward 52.
        Unrouted nets 177 at the end of iteration 8.
    route iteration 8, CPU time elapsed 0.046875 sec.
    forward max bucket size 42 , backward 64.
        Unrouted nets 128 at the end of iteration 9.
    route iteration 9, CPU time elapsed 0.031250 sec.
    forward max bucket size 42 , backward 68.
        Unrouted nets 105 at the end of iteration 10.
    route iteration 10, CPU time elapsed 0.031250 sec.
    forward max bucket size 56 , backward 106.
        Unrouted nets 86 at the end of iteration 11.
    route iteration 11, CPU time elapsed 0.031250 sec.
    forward max bucket size 56 , backward 39.
        Unrouted nets 67 at the end of iteration 12.
    route iteration 12, CPU time elapsed 0.015625 sec.
    forward max bucket size 36 , backward 50.
        Unrouted nets 56 at the end of iteration 13.
    route iteration 13, CPU time elapsed 0.015625 sec.
    forward max bucket size 25 , backward 35.
        Unrouted nets 43 at the end of iteration 14.
    route iteration 14, CPU time elapsed 0.015625 sec.
    forward max bucket size 36 , backward 31.
        Unrouted nets 30 at the end of iteration 15.
    route iteration 15, CPU time elapsed 0.015625 sec.
    forward max bucket size 28 , backward 33.
        Unrouted nets 14 at the end of iteration 16.
    route iteration 16, CPU time elapsed 0.000000 sec.
    forward max bucket size 18 , backward 37.
        Unrouted nets 9 at the end of iteration 17.
    route iteration 17, CPU time elapsed 0.015625 sec.
    forward max bucket size 17 , backward 10.
        Unrouted nets 6 at the end of iteration 18.
    route iteration 18, CPU time elapsed 0.000000 sec.
    forward max bucket size 21 , backward 14.
        Unrouted nets 3 at the end of iteration 19.
    route iteration 19, CPU time elapsed 0.000000 sec.
    forward max bucket size 15 , backward 9.
        Unrouted nets 4 at the end of iteration 20.
    route iteration 20, CPU time elapsed 0.000000 sec.
    forward max bucket size 11 , backward 8.
        Unrouted nets 2 at the end of iteration 21.
    route iteration 21, CPU time elapsed 0.015625 sec.
    forward max bucket size 10 , backward 7.
        Unrouted nets 0 at the end of iteration 22.
    route iteration 22, CPU time elapsed 0.000000 sec.
Detailed routing takes 22 iterations
Detailed routing takes 1.38 sec.
Start fix hold violation.
Build tmp routing results takes 0.02 sec.
Timing analysis takes 0.14 sec.
Hold violation fix iter 0 takes 0.23 sec, total_step_forward 110.
Incremental timing analysis takes 0.14 sec.
Hold violation fix iter 1 takes 0.03 sec, total_step_forward 18.
Incremental timing analysis takes 0.12 sec.
Hold violation fix iter 2 takes 0.00 sec, total_step_forward 0.
Hold Violation Fix in router takes 3 iterations.
Fix hold violation Finished.
Hold Violation Fix in router takes 0.80 sec.

Dispose routing result:
    Collect routing result.
    Delete unused device instances.
    Annotate routing result.
    Change LUT configuration.
    Dispose misc instances.
    Annotate routing result again.
Finish routing takes 0.05 sec.
Used SRB routing arc is 19247.
Cleanup routing takes 0.02 sec.
Routing done.
Total routing takes 5.16 sec.


Device Utilization Summary :
+---------------------------------------------------------------------------+
| Logic Utilization        | Used     | Available     | Utilization(%)     
+---------------------------------------------------------------------------+
| Use of APM               | 0        | 84            | 0                  
| Use of BKCL              | 0        | 4             | 0                  
| Use of CLMA              | 79       | 6450          | 2                  
|   FF                     | 90       | 38700         | 1                  
|   LUT                    | 234      | 25800         | 1                  
|   LUT-FF pairs           | 48       | 25800         | 1                  
| Use of CLMS              | 262      | 4250          | 7                  
|   FF                     | 7        | 25500         | 1                  
|   LUT                    | 609      | 17000         | 4                  
|   LUT-FF pairs           | 2        | 17000         | 1                  
|   Distributed RAM        | 512      | 17000         | 4                  
| Use of CRYSTAL           | 0        | 2             | 0                  
| Use of DLL               | 0        | 10            | 0                  
| Use of DQSL              | 0        | 18            | 0                  
| Use of DRM               | 0        | 134           | 0                  
| Use of FUSECODE          | 0        | 1             | 0                  
| Use of HARD0N1           | 12       | 6672          | 1                  
| Use of HSST              | 0        | 1             | 0                  
| Use of IO                | 37       | 296           | 13                 
|   IOBD                   | 0        | 64            | 0                  
|   IOBR_LR                | 0        | 7             | 0                  
|   IOBR_TB                | 0        | 8             | 0                  
|   IOBS_LR                | 34       | 161           | 22                 
|   IOBS_TB                | 3        | 56            | 6                  
| Use of IOCKDIV           | 0        | 20            | 0                  
| Use of IOCKDLY           | 0        | 40            | 0                  
| Use of IOCKGATE          | 0        | 20            | 0                  
| Use of IOCKGMUX_TEST     | 0        | 20            | 0                  
| Use of IOL               | 37       | 400           | 10                 
| Use of IPAL              | 0        | 1             | 0                  
| Use of LDO               | 0        | 4             | 0                  
| Use of MFG_TEST          | 0        | 1             | 0                  
| Use of OSC               | 0        | 1             | 0                  
| Use of PCIE              | 0        | 1             | 0                  
| Use of PIOMUX_TEST       | 0        | 10            | 0                  
| Use of PLL               | 0        | 5             | 0                  
| Use of PREGMUX_TEST      | 0        | 6             | 0                  
| Use of RCKB              | 0        | 24            | 0                  
| Use of RCKBMUX_TEST      | 0        | 12            | 0                  
| Use of RESCAL            | 0        | 4             | 0                  
| Use of SCANCHAIN         | 0        | 2             | 0                  
| Use of START             | 1        | 1             | 100                
| Use of UDID              | 0        | 1             | 0                  
| Use of USCM              | 2        | 30            | 7                  
| Use of USCMMUX_TEST      | 0        | 30            | 0                  
| Use of VCKBMUX_TEST      | 0        | 12            | 0                  
+---------------------------------------------------------------------------+

Finished routing. (CPU time elapsed 0h:00m:05s)
Design 'fifo_ambition_top' has been placed and routed successfully.
Saving design to DB.
Finished placement and routing. (CPU time elapsed 0h:00m:26s)
Action pnr: Real time elapsed is 0h:0m:28s
Action pnr: CPU time elapsed is 0h:0m:27s
Action pnr: Process CPU time elapsed is 0h:0m:27s
Current time: Wed Jun 12 10:49:48 2024
Action pnr: Peak memory pool usage is 734 MB
