#Build: Fabric Compiler 2022.1, Build 99559, Jul 12 00:20 2022
#Install: D:\fpga_competition\FPGA_competition\ziguangtongchuang_file\MES50HP_v3\set_up\set_up_file\PDS_2022.1\bin
#Application name: pds_shell.exe
#OS: Windows 10 10.0.22000
#Hostname: Thecomputerofmartin
Generated by Fabric Compiler (version 2022.1 build 99559) at Sat May 18 09:57:10 2024
Compiling verification operator library.
Compiling common defs.
Loading technology operator library.
Compiling technology operator library.
Compiling technology operator (valence) library.
Compiling operator packing rules.
Compiling prim grid devices.
Compiling gate devices.
Compiling gate operators.
Compiling tech operator impls.
Building architecture model.
Loading device packaging model.
Reading design from translate DB.
Flattening design 'cordic_newton'
Device mapping started.
Optimizing circuit logic.
I: Const net (pin CEX of inst N227) has been disconnected.
I: Const net (pin CEY of inst N227) has been disconnected.
I: Const net (pin CEX of inst N265) has been disconnected.
I: Const net (pin CEY of inst N265) has been disconnected.
I: Const net (pin CEX of inst N303) has been disconnected.
I: Const net (pin CEY of inst N303) has been disconnected.
I: Const net (pin CEX of inst N341) has been disconnected.
I: Const net (pin CEY of inst N341) has been disconnected.
I: Const net (pin CEX of inst N379) has been disconnected.
I: Const net (pin CEY of inst N379) has been disconnected.
I: Const net (pin CEX of inst N417) has been disconnected.
I: Const net (pin CEY of inst N417) has been disconnected.
I: Const net (pin CEX of inst N455) has been disconnected.
I: Const net (pin CEY of inst N455) has been disconnected.
I: Const net (pin CEX of inst N493) has been disconnected.
I: Const net (pin CEY of inst N493) has been disconnected.
I: Const net (pin CEX of inst N531) has been disconnected.
I: Const net (pin CEY of inst N531) has been disconnected.
I: Const net (pin CEX of inst N569) has been disconnected.
I: Const net (pin CEY of inst N569) has been disconnected.
I: Const net (pin CEX of inst N600) has been disconnected.
I: Const net (pin CEY of inst N600) has been disconnected.
I: Const net (pin CEZ of inst N849_7) has been disconnected.
Checking design netlist.
Processing tech operator.
I: The instance clkbufg_0(GTP_CLKBUFG) has been inserted on the net nt_clk in design, driver pin O(instance clk_ibuf) -> load pin CLK(instance D[1][0]).
Converting tech operator to gate operator.
Processing gate operator.
I: Infer CARRY group, base inst: N38.lt_1/gateop, insts:9.
I: Infer CARRY group, base inst: N76.lt_1/gateop, insts:10.
I: Infer CARRY group, base inst: N113_m2_m2_a1_2_1/gateop, insts:4.
I: Infer CARRY group, base inst: N114.lt_1/gateop, insts:10.
I: Infer CARRY group, base inst: N151_m2_m2_a1_1_0/gateop, insts:7.
I: Infer CARRY group, base inst: N151_m2_m2_m1_a1_1_0/gateop, insts:5.
I: Infer CARRY group, base inst: N151_m2_m2_m2_a1_1_1/gateop, insts:5.
I: Infer CARRY group, base inst: N152.lt_1/gateop, insts:11.
I: Infer CARRY group, base inst: N189_m2_a1_2_0/gateop, insts:9.
I: Infer CARRY group, base inst: N189_m2_m2_a1_2_0/gateop, insts:8.
I: Infer CARRY group, base inst: N189_m2_m2_m1_a1_1_1/gateop, insts:6.
I: Infer CARRY group, base inst: N189_m2_m2_m2_a1_1_0/gateop, insts:7.
I: Infer CARRY group, base inst: N190.lt_1/gateop, insts:11.
I: Infer CARRY group, base inst: N228.lt_0/gateop, insts:16.
I: Infer CARRY group, base inst: N266.lt_0/gateop, insts:16.
I: Infer CARRY group, base inst: N304.lt_0/gateop, insts:16.
I: Infer CARRY group, base inst: N342.lt_0/gateop, insts:16.
I: Infer CARRY group, base inst: N380.lt_0/gateop, insts:16.
I: Infer CARRY group, base inst: N418.lt_0/gateop, insts:16.
I: Infer CARRY group, base inst: N456.lt_0/gateop, insts:16.
I: Infer CARRY group, base inst: N494.lt_0/gateop, insts:16.
I: Infer CARRY group, base inst: N532.lt_0/gateop, insts:16.
I: Infer CARRY group, base inst: N570.lt_0/gateop, insts:16.
I: Infer CARRY group, base inst: N601.lt_0/gateop, insts:16.
Device mapping done.
Total device mapping takes 0.11 sec.

Device Utilization Summary:
+------------------------------------------------------------------------+
| Logic Utilization     | Used     | Available     | Utilization(%)     
+------------------------------------------------------------------------+
| APM                   | 12       | 40            | 30                 
| IOCKDLY               | 0        | 32            | 0                  
| FF                    | 682      | 33840         | 3                  
| LUT                   | 948      | 22560         | 5                  
| Distributed RAM       | 0        | 7568          | 0                  
| DLL                   | 0        | 8             | 0                  
| DQSL                  | 0        | 12            | 0                  
| DRM                   | 0        | 60            | 0                  
| FUSECODE              | 0        | 1             | 0                  
| IO                    | 69       | 308           | 23                 
| IOCKDIV               | 0        | 16            | 0                  
| IOCKGATE              | 0        | 16            | 0                  
| IPAL                  | 0        | 1             | 0                  
| PLL                   | 0        | 4             | 0                  
| RCKB                  | 0        | 16            | 0                  
| SCANCHAIN             | 0        | 2             | 0                  
| START                 | 0        | 1             | 0                  
| USCM                  | 1        | 30            | 4                  
| OSC                   | 0        | 1             | 0                  
| CRYSTAL               | 0        | 4             | 0                  
| RESCAL                | 0        | 4             | 0                  
| UDID                  | 0        | 1             | 0                  
+------------------------------------------------------------------------+

Design 'cordic_newton' has been successfully mapped to architecture-specific objects.
Saving design to DB.
Action dev_map: Real time elapsed is 0h:0m:4s
Action dev_map: CPU time elapsed is 0h:0m:2s
Action dev_map: Process CPU time elapsed is 0h:0m:2s
Current time: Sat May 18 09:57:12 2024
Action dev_map: Peak memory pool usage is 210 MB
