IP Generator (Version 2022.1 build 99559)
Check out license ...
Start generating at 2024-07-23 19:55
Instance: hsst_fifo (C:\Users\86151\Desktop\auido_fft_fir\ziguangTongchuang_Competition_Documents\prj\prj_audio_top_new1\ipcore\hsst_fifo\hsst_fifo.idf)
IP: Distributed FIFO (1.2)
Part: Logos-PGL50H-FBG484--6
Create directory 'rtl' ...
Copy 'rtl\ipm_distributed_fifo_ctr_v1_0.v' to 'rtl' ...
Copy 'rtl\ipm_distributed_fifo_v1_2.v.xml' to 'rtl' ...
Copy 'rtl\ipm_distributed_sdpram_v1_2.v.xml' to 'rtl' ...
Compile file 'rtl\ipm_distributed_fifo_v1_2.v.xml' to 'rtl\ipm_distributed_fifo_v1_2_hsst_fifo.v' ...
Compile file 'rtl\ipm_distributed_sdpram_v1_2.v.xml' to 'rtl\ipm_distributed_sdpram_v1_2_hsst_fifo.v' ...
Copy 'ipm_distributed_fifo_wrapper_v1_2.v.xml' ...
Copy 'ipm_distributed_fifo_wrapper_v1_2_tb.v.xml' ...
Compile file 'ipm_distributed_fifo_wrapper_v1_2.v.xml' to 'hsst_fifo.v' ...
Found top module 'hsst_fifo' in file 'hsst_fifo.v'.
Compile file 'ipm_distributed_fifo_wrapper_v1_2_tb.v.xml' to 'hsst_fifo_tb.v' ...
Create template file 'hsst_fifo_tmpl.v' ...
Create template file 'hsst_fifo_tmpl.vhdl' ...
There are 4 source files to synthesize.
Synthesis is disabled.
Done: 0 error(s), 0 warning(s)
