#Build: Fabric Compiler 2022.1, Build 99559, Jul 12 00:20 2022
#Install: D:\fpga_competition\FPGA_competition\ziguangtongchuang_file\MES50HP_v3\set_up\set_up_file\PDS_2022.1\bin
#Application name: pds_shell.exe
#OS: Windows 10 10.0.22000
#Hostname: Thecomputerofmartin
Generated by Fabric Compiler (version 2022.1 build 99559) at Mon May  6 19:55:04 2024
Compiling verification operator library.
Compiling common defs.
Compiling prim grid devices.
Compiling gate devices.
Compiling gate operators.
Building architecture model.
Loading device packaging model.
Building architecture floorplan logic view.
Constraint check start.
Executing : def_port {eth_rgmii_tx_ctl_0} LOC=B18 VCCIO=3.3 IOSTANDARD=LVCMOS33 DRIVE=4 SLEW=FAST NONE=TRUE
C: ConstraintEditor-2002: [C:/Users/86151/Desktop/auido_fft_fir/audio_fft_fir_hdmi/src/UDP/udp/revised_new/prj/device_map/audio_udp_top.pcf(line number: 3)] | Port eth_rgmii_tx_ctl_0 has been placed at location B18, whose type is share pin.
Executing : def_port {eth_rgmii_tx_ctl_0} LOC=B18 VCCIO=3.3 IOSTANDARD=LVCMOS33 DRIVE=4 SLEW=FAST NONE=TRUE successfully
Executing : def_port {eth_rgmii_txc_0} LOC=G16 VCCIO=3.3 IOSTANDARD=LVCMOS33 DRIVE=4 SLEW=FAST NONE=TRUE
Executing : def_port {eth_rgmii_txc_0} LOC=G16 VCCIO=3.3 IOSTANDARD=LVCMOS33 DRIVE=4 SLEW=FAST NONE=TRUE successfully
Executing : def_port {eth_rgmii_txd_0[0]} LOC=F17 VCCIO=3.3 IOSTANDARD=LVCMOS33 DRIVE=4 SLEW=FAST NONE=TRUE
Executing : def_port {eth_rgmii_txd_0[0]} LOC=F17 VCCIO=3.3 IOSTANDARD=LVCMOS33 DRIVE=4 SLEW=FAST NONE=TRUE successfully
Executing : def_port {eth_rgmii_txd_0[1]} LOC=D17 VCCIO=3.3 IOSTANDARD=LVCMOS33 DRIVE=4 SLEW=FAST NONE=TRUE
C: ConstraintEditor-2002: [C:/Users/86151/Desktop/auido_fft_fir/audio_fft_fir_hdmi/src/UDP/udp/revised_new/prj/device_map/audio_udp_top.pcf(line number: 6)] | Port eth_rgmii_txd_0[1] has been placed at location D17, whose type is share pin.
Executing : def_port {eth_rgmii_txd_0[1]} LOC=D17 VCCIO=3.3 IOSTANDARD=LVCMOS33 DRIVE=4 SLEW=FAST NONE=TRUE successfully
Executing : def_port {eth_rgmii_txd_0[2]} LOC=C18 VCCIO=3.3 IOSTANDARD=LVCMOS33 DRIVE=4 SLEW=FAST NONE=TRUE
C: ConstraintEditor-2002: [C:/Users/86151/Desktop/auido_fft_fir/audio_fft_fir_hdmi/src/UDP/udp/revised_new/prj/device_map/audio_udp_top.pcf(line number: 7)] | Port eth_rgmii_txd_0[2] has been placed at location C18, whose type is share pin.
Executing : def_port {eth_rgmii_txd_0[2]} LOC=C18 VCCIO=3.3 IOSTANDARD=LVCMOS33 DRIVE=4 SLEW=FAST NONE=TRUE successfully
Executing : def_port {eth_rgmii_txd_0[3]} LOC=A18 VCCIO=3.3 IOSTANDARD=LVCMOS33 DRIVE=4 SLEW=FAST NONE=TRUE
C: ConstraintEditor-2002: [C:/Users/86151/Desktop/auido_fft_fir/audio_fft_fir_hdmi/src/UDP/udp/revised_new/prj/device_map/audio_udp_top.pcf(line number: 8)] | Port eth_rgmii_txd_0[3] has been placed at location A18, whose type is share pin.
Executing : def_port {eth_rgmii_txd_0[3]} LOC=A18 VCCIO=3.3 IOSTANDARD=LVCMOS33 DRIVE=4 SLEW=FAST NONE=TRUE successfully
Executing : def_port {eth_rst_n_0} LOC=B20 VCCIO=3.3 IOSTANDARD=LVCMOS33 DRIVE=4 SLEW=FAST NONE=TRUE
C: ConstraintEditor-2002: [C:/Users/86151/Desktop/auido_fft_fir/audio_fft_fir_hdmi/src/UDP/udp/revised_new/prj/device_map/audio_udp_top.pcf(line number: 9)] | Port eth_rst_n_0 has been placed at location B20, whose type is share pin.
Executing : def_port {eth_rst_n_0} LOC=B20 VCCIO=3.3 IOSTANDARD=LVCMOS33 DRIVE=4 SLEW=FAST NONE=TRUE successfully
Executing : def_port {led} LOC=B2 VCCIO=3.3 IOSTANDARD=LVCMOS33 DRIVE=4 SLEW=FAST NONE=TRUE
Executing : def_port {led} LOC=B2 VCCIO=3.3 IOSTANDARD=LVCMOS33 DRIVE=4 SLEW=FAST NONE=TRUE successfully
Executing : def_port {clk_50m} LOC=P20 VCCIO=3.3 IOSTANDARD=LVCMOS33 UNUSED=TRUE
Executing : def_port {clk_50m} LOC=P20 VCCIO=3.3 IOSTANDARD=LVCMOS33 UNUSED=TRUE successfully
Executing : def_port {eth_rgmii_rx_ctl_0} LOC=F9 VCCIO=3.3 IOSTANDARD=LVCMOS33 NONE=TRUE
Executing : def_port {eth_rgmii_rx_ctl_0} LOC=F9 VCCIO=3.3 IOSTANDARD=LVCMOS33 NONE=TRUE successfully
Executing : def_port {eth_rgmii_rxc_0} LOC=F14 VCCIO=3.3 IOSTANDARD=LVCMOS33 NONE=TRUE
Executing : def_port {eth_rgmii_rxc_0} LOC=F14 VCCIO=3.3 IOSTANDARD=LVCMOS33 NONE=TRUE successfully
Executing : def_port {eth_rgmii_rxd_0[0]} LOC=H10 VCCIO=3.3 IOSTANDARD=LVCMOS33 NONE=TRUE
Executing : def_port {eth_rgmii_rxd_0[0]} LOC=H10 VCCIO=3.3 IOSTANDARD=LVCMOS33 NONE=TRUE successfully
Executing : def_port {eth_rgmii_rxd_0[1]} LOC=H11 VCCIO=3.3 IOSTANDARD=LVCMOS33 NONE=TRUE
Executing : def_port {eth_rgmii_rxd_0[1]} LOC=H11 VCCIO=3.3 IOSTANDARD=LVCMOS33 NONE=TRUE successfully
Executing : def_port {eth_rgmii_rxd_0[2]} LOC=G13 VCCIO=3.3 IOSTANDARD=LVCMOS33 NONE=TRUE
Executing : def_port {eth_rgmii_rxd_0[2]} LOC=G13 VCCIO=3.3 IOSTANDARD=LVCMOS33 NONE=TRUE successfully
Executing : def_port {eth_rgmii_rxd_0[3]} LOC=H13 VCCIO=3.3 IOSTANDARD=LVCMOS33 NONE=TRUE
Executing : def_port {eth_rgmii_rxd_0[3]} LOC=H13 VCCIO=3.3 IOSTANDARD=LVCMOS33 NONE=TRUE successfully
Constraint check end.
I: Column Clock Check open.
Read Column Clock Map.

Placement started.
Phase 1 Pre global placement started.
Mapping instance eth0_gmii_to_rgmii/rgmii_clk_delay/opit_0 to IOCKDLY_84_360.
Phase 1.1 1st GP placement started.
Design Utilization : 3%.
Wirelength after clock region global placement is 9498.
1st GP placement takes 3.38 sec.

Phase 1.2 Clock placement started.
Mapping instance eth0_gmii_to_rgmii/GTP_CLKBUFG_RXSHFT/gopclkbufg to USCM_84_108.
Mapping instance clkbufg_0/gopclkbufg to USCM_84_109.
Clock placement takes 0.16 sec.

Pre global placement takes 5.23 sec.

Phase 2 Global placement started.
Phase 2.1 Fixed placement started.
Placed fixed group with base inst clk_50m_ibuf/opit_1 on IOL_327_210.
Placed fixed group with base inst eth0_gmii_to_rgmii/gtp_outbuft1/opit_1_IOL on IOL_311_374.
Placed fixed group with base inst eth0_gmii_to_rgmii/gtp_outbuft6/opit_1_IOL on IOL_299_374.
Placed fixed group with base inst eth0_gmii_to_rgmii/rgmii_rx_data[0].u_rgmii_rxd_ibuf/opit_1 on IOL_75_374.
Placed fixed group with base inst eth0_gmii_to_rgmii/rgmii_rx_data[1].u_rgmii_rxd_ibuf/opit_1 on IOL_75_373.
Placed fixed group with base inst eth0_gmii_to_rgmii/rgmii_rx_data[2].u_rgmii_rxd_ibuf/opit_1 on IOL_251_373.
Placed fixed group with base inst eth0_gmii_to_rgmii/rgmii_rx_data[3].u_rgmii_rxd_ibuf/opit_1 on IOL_251_374.
Placed fixed group with base inst eth0_gmii_to_rgmii/rgmii_tx_data[0].gtp_outbuft1/opit_1_IOL on IOL_299_373.
Placed fixed group with base inst eth0_gmii_to_rgmii/rgmii_tx_data[1].gtp_outbuft1/opit_1_IOL on IOL_323_374.
Placed fixed group with base inst eth0_gmii_to_rgmii/rgmii_tx_data[2].gtp_outbuft1/opit_1_IOL on IOL_323_373.
Placed fixed group with base inst eth0_gmii_to_rgmii/rgmii_tx_data[3].gtp_outbuft1/opit_1_IOL on IOL_311_373.
Placed fixed group with base inst eth0_gmii_to_rgmii/u_rgmii_rx_ctl_ibuf/opit_1 on IOL_71_373.
Placed fixed group with base inst eth_rgmii_rxc_0_ibuf/opit_1 on IOL_243_374.
Placed fixed group with base inst eth_rst_n_0_obuf/opit_1 on IOL_319_374.
Placed fixed group with base inst led_obuf/opit_1 on IOL_19_374.
Placed fixed instance clkbufg_0/gopclkbufg on USCM_84_109.
Placed fixed instance eth0_gmii_to_rgmii/GTP_CLKBUFG_RXSHFT/gopclkbufg on USCM_84_108.
Placed fixed instance eth0_gmii_to_rgmii/rgmii_clk_delay/opit_0 on IOCKDLY_84_360.
Placed fixed instance BKCL_auto_0 on BKCL_188_376.
Placed fixed instance BKCL_auto_1 on BKCL_328_184.
Fixed placement takes 0.02 sec.

Phase 2.2 Process placement started.
Placed instance eth0_gmii_to_rgmii/clk_dll/gopdll(gopDLL) on DLL_86_363, and placed eth0_gmii_to_rgmii/rgmii_clk_delay/opit_0(gopCLKDELAY) on IOCKDLY_84_360.
Process placement takes 0.00 sec.

Phase 2.3 IO placement started.
IO placement takes 0.02 sec.

Phase 2.4 2nd GP placement started.
Run super clustering :
	Initial slack 988997.
	7 iterations finished.
	Final slack 991721.
Super clustering done.
Design Utilization : 3%.
2nd GP placement takes 2.80 sec.

Wirelength after global placement is 7700.
Global placement takes 2.83 sec.

Phase 3 Post global placement started.
Phase 3.1 Macro cell placement started.
Wirelength after macro cell placement is 7700.
Macro cell placement takes 0.00 sec.

Phase 3.2 3rd GP placement started.
Run super clustering :
	Initial slack 988997.
	7 iterations finished.
	Final slack 991721.
Super clustering done.
Design Utilization : 3%.
3rd GP placement takes 2.78 sec.

Wirelength after post global placement is 7700.
Post global placement takes 2.80 sec.

Phase 4 Legalization started.
The average distance in LP is 2.984186.
Wirelength after legalization is 11275.
Legalization takes 0.08 sec.

Phase 5 Timing-driven detailed placement started.
Phase 5.1 Replication placement started.
Worst slack before Replication Place is 993813.
Replication placement takes 0.08 sec.

Wirelength after replication placement is 11275.
Phase 5.2 DP placement started.
Legalized cost 993813.000000.
The detailed placement ends at 0th iteration.
DP placement takes 0.06 sec.

Wirelength after detailed placement is 11275.
Timing-driven detailed placement takes 0.14 sec.

Worst slack is 993813, TNS after placement is 0.
Placement done.
Total placement takes 11.53 sec.
Finished placement. (CPU time elapsed 0h:00m:11s)

Routing started.
Building routing graph takes 1.58 sec.
Worst slack is 993813, TNS before global route is 0.
Processing design graph takes 0.34 sec.
Total memory for routing:
	116.239275 M.
Total nets for routing : 1414.
Rcf routing step 1 processed 0 nets, it takes 0.00 sec.
Rcf routing step 2 processed 0 nets, it takes 0.00 sec.
Rcf routing step 3 processed 0 nets, it takes 0.00 sec.
Global Routing step 1 processed 0 nets, it takes 0.00 sec.
Global Routing step 2 processed 0 nets, it takes 0.00 sec.
Unrouted nets 41 at the end of iteration 0.
Unrouted nets 19 at the end of iteration 1.
Unrouted nets 14 at the end of iteration 2.
Unrouted nets 10 at the end of iteration 3.
Unrouted nets 5 at the end of iteration 4.
Unrouted nets 10 at the end of iteration 5.
Unrouted nets 7 at the end of iteration 6.
Unrouted nets 7 at the end of iteration 7.
Unrouted nets 8 at the end of iteration 8.
Unrouted nets 7 at the end of iteration 9.
Unrouted nets 7 at the end of iteration 10.
Unrouted nets 2 at the end of iteration 11.
Unrouted nets 1 at the end of iteration 12.
Unrouted nets 0 at the end of iteration 13.
Global Routing step 3 processed 98 nets, it takes 0.56 sec.
Global routing takes 0.59 sec.
Total 1989 subnets.
    forward max bucket size 992 , backward 708.
        Unrouted nets 1440 at the end of iteration 0.
    route iteration 0, CPU time elapsed 0.343750 sec.
    forward max bucket size 992 , backward 854.
        Unrouted nets 1038 at the end of iteration 1.
    route iteration 1, CPU time elapsed 0.296875 sec.
    forward max bucket size 74 , backward 858.
        Unrouted nets 933 at the end of iteration 2.
    route iteration 2, CPU time elapsed 0.234375 sec.
    forward max bucket size 29 , backward 77.
        Unrouted nets 838 at the end of iteration 3.
    route iteration 3, CPU time elapsed 0.187500 sec.
    forward max bucket size 34 , backward 72.
        Unrouted nets 671 at the end of iteration 4.
    route iteration 4, CPU time elapsed 0.140625 sec.
    forward max bucket size 32 , backward 63.
        Unrouted nets 541 at the end of iteration 5.
    route iteration 5, CPU time elapsed 0.109375 sec.
    forward max bucket size 32 , backward 73.
        Unrouted nets 428 at the end of iteration 6.
    route iteration 6, CPU time elapsed 0.109375 sec.
    forward max bucket size 27 , backward 60.
        Unrouted nets 351 at the end of iteration 7.
    route iteration 7, CPU time elapsed 0.093750 sec.
    forward max bucket size 36 , backward 72.
        Unrouted nets 283 at the end of iteration 8.
    route iteration 8, CPU time elapsed 0.062500 sec.
    forward max bucket size 30 , backward 73.
        Unrouted nets 185 at the end of iteration 9.
    route iteration 9, CPU time elapsed 0.046875 sec.
    forward max bucket size 33 , backward 83.
        Unrouted nets 147 at the end of iteration 10.
    route iteration 10, CPU time elapsed 0.031250 sec.
    forward max bucket size 27 , backward 64.
        Unrouted nets 114 at the end of iteration 11.
    route iteration 11, CPU time elapsed 0.031250 sec.
    forward max bucket size 26 , backward 42.
        Unrouted nets 91 at the end of iteration 12.
    route iteration 12, CPU time elapsed 0.015625 sec.
    forward max bucket size 30 , backward 33.
        Unrouted nets 59 at the end of iteration 13.
    route iteration 13, CPU time elapsed 0.031250 sec.
    forward max bucket size 26 , backward 50.
        Unrouted nets 47 at the end of iteration 14.
    route iteration 14, CPU time elapsed 0.015625 sec.
    forward max bucket size 25 , backward 36.
        Unrouted nets 44 at the end of iteration 15.
    route iteration 15, CPU time elapsed 0.015625 sec.
    forward max bucket size 24 , backward 42.
        Unrouted nets 38 at the end of iteration 16.
    route iteration 16, CPU time elapsed 0.015625 sec.
    forward max bucket size 25 , backward 41.
        Unrouted nets 31 at the end of iteration 17.
    route iteration 17, CPU time elapsed 0.015625 sec.
    forward max bucket size 27 , backward 36.
        Unrouted nets 26 at the end of iteration 18.
    route iteration 18, CPU time elapsed 0.015625 sec.
    forward max bucket size 22 , backward 34.
        Unrouted nets 21 at the end of iteration 19.
    route iteration 19, CPU time elapsed 0.015625 sec.
    forward max bucket size 22 , backward 35.
        Unrouted nets 12 at the end of iteration 20.
    route iteration 20, CPU time elapsed 0.015625 sec.
    forward max bucket size 17 , backward 37.
        Unrouted nets 4 at the end of iteration 21.
    route iteration 21, CPU time elapsed 0.000000 sec.
    forward max bucket size 11 , backward 8.
        Unrouted nets 4 at the end of iteration 22.
    route iteration 22, CPU time elapsed 0.015625 sec.
    forward max bucket size 6 , backward 7.
        Unrouted nets 4 at the end of iteration 23.
    route iteration 23, CPU time elapsed 0.000000 sec.
    forward max bucket size 28 , backward 19.
        Unrouted nets 2 at the end of iteration 24.
    route iteration 24, CPU time elapsed 0.000000 sec.
    forward max bucket size 10 , backward 5.
        Unrouted nets 2 at the end of iteration 25.
    route iteration 25, CPU time elapsed 0.015625 sec.
    forward max bucket size 19 , backward 9.
        Unrouted nets 2 at the end of iteration 26.
    route iteration 26, CPU time elapsed 0.015625 sec.
    forward max bucket size 17 , backward 7.
        Unrouted nets 0 at the end of iteration 27.
    route iteration 27, CPU time elapsed 0.000000 sec.
Detailed routing takes 27 iterations
C: Route-2036: The clock path from eth_rgmii_rxc_0_ibuf/opit_1:OUT to eth0_gmii_to_rgmii/clk_dll/gopdll:CLK is routed by SRB.
C: Route-2036: The clock path from clk_12M/opit_0_inv_L5Q:Q to audio_udp_pk2_inst/wr_fifo_data[5]/opit_0_inv_L5Q:CLK is routed by SRB.
Detailed routing takes 1.97 sec.
Start fix hold violation.
Build tmp routing results takes 0.03 sec.
Timing analysis takes 0.16 sec.
No hold violation.
Hold Violation Fix in router takes 0 iterations.
Fix hold violation Finished.
Hold Violation Fix in router takes 0.30 sec.

Dispose routing result:
    Collect routing result.
    Delete unused device instances.
    Annotate routing result.
    Change LUT configuration.
    Dispose misc instances.
    Annotate routing result again.
Finish routing takes 0.11 sec.
Used SRB routing arc is 25150.
Cleanup routing takes 0.02 sec.
Routing done.
Total routing takes 5.38 sec.


Device Utilization Summary :
+---------------------------------------------------------------------------+
| Logic Utilization        | Used     | Available     | Utilization(%)     
+---------------------------------------------------------------------------+
| Use of APM               | 0        | 84            | 0                  
| Use of BKCL              | 2        | 4             | 50                 
| Use of CLMA              | 152      | 6450          | 3                  
|   FF                     | 260      | 38700         | 1                  
|   LUT                    | 519      | 25800         | 3                  
|   LUT-FF pairs           | 195      | 25800         | 1                  
| Use of CLMS              | 297      | 4250          | 7                  
|   FF                     | 67       | 25500         | 1                  
|   LUT                    | 744      | 17000         | 5                  
|   LUT-FF pairs           | 16       | 17000         | 1                  
|   Distributed RAM        | 512      | 17000         | 4                  
| Use of CRYSTAL           | 0        | 2             | 0                  
| Use of DLL               | 1        | 10            | 10                 
| Use of DQSL              | 0        | 18            | 0                  
| Use of DRM               | 0        | 134           | 0                  
| Use of FUSECODE          | 0        | 1             | 0                  
| Use of HARD0N1           | 51       | 6672          | 1                  
| Use of HSST              | 0        | 1             | 0                  
| Use of IO                | 15       | 296           | 6                  
|   IOBD                   | 8        | 64            | 13                 
|   IOBR_LR                | 0        | 7             | 0                  
|   IOBR_TB                | 1        | 8             | 13                 
|   IOBS_LR                | 1        | 161           | 1                  
|   IOBS_TB                | 5        | 56            | 9                  
| Use of IOCKDIV           | 0        | 20            | 0                  
| Use of IOCKDLY           | 1        | 40            | 3                  
| Use of IOCKGATE          | 0        | 20            | 0                  
| Use of IOCKGMUX_TEST     | 0        | 20            | 0                  
| Use of IOL               | 15       | 400           | 4                  
| Use of IPAL              | 0        | 1             | 0                  
| Use of LDO               | 0        | 4             | 0                  
| Use of MFG_TEST          | 0        | 1             | 0                  
| Use of OSC               | 0        | 1             | 0                  
| Use of PCIE              | 0        | 1             | 0                  
| Use of PIOMUX_TEST       | 0        | 10            | 0                  
| Use of PLL               | 0        | 5             | 0                  
| Use of PREGMUX_TEST      | 0        | 6             | 0                  
| Use of RCKB              | 1        | 24            | 5                  
| Use of RCKBMUX_TEST      | 0        | 12            | 0                  
| Use of RESCAL            | 0        | 4             | 0                  
| Use of SCANCHAIN         | 0        | 2             | 0                  
| Use of START             | 1        | 1             | 100                
| Use of UDID              | 0        | 1             | 0                  
| Use of USCM              | 2        | 30            | 7                  
| Use of USCMMUX_TEST      | 0        | 30            | 0                  
| Use of VCKBMUX_TEST      | 0        | 12            | 0                  
+---------------------------------------------------------------------------+

Finished routing. (CPU time elapsed 0h:00m:05s)
Design 'audio_udp_top' has been placed and routed successfully.
Saving design to DB.
Finished placement and routing. (CPU time elapsed 0h:00m:24s)
Action pnr: Real time elapsed is 0h:0m:26s
Action pnr: CPU time elapsed is 0h:0m:25s
Action pnr: Process CPU time elapsed is 0h:0m:25s
Current time: Mon May  6 19:55:28 2024
Action pnr: Peak memory pool usage is 769 MB
