#Build: Fabric Compiler 2022.1, Build 99559, Jul 12 00:20 2022
#Install: D:\fpga_competition\FPGA_competition\ziguangtongchuang_file\MES50HP_v3\set_up\set_up_file\PDS_2022.1\bin
#Application name: pds_shell.exe
#OS: Windows 10 10.0.22000
#Hostname: Thecomputerofmartin
Generated by Fabric Compiler (version 2022.1 build 99559) at Mon May  6 18:17:15 2024
Compiling verification operator library.
Compiling common defs.
Compiling prim grid devices.
Compiling gate devices.
Compiling gate operators.
Building architecture model.
Loading device packaging model.
Building architecture floorplan logic view.
Constraint check start.
Executing : def_port {eth_rgmii_tx_ctl_0} LOC=B18 VCCIO=3.3 IOSTANDARD=LVCMOS33 DRIVE=4 SLEW=FAST NONE=TRUE
C: ConstraintEditor-2002: [C:/Users/86151/Desktop/auido_fft_fir/audio_fft_fir_hdmi/src/UDP/udp/revised_new/prj/device_map/audio_udp_top.pcf(line number: 3)] | Port eth_rgmii_tx_ctl_0 has been placed at location B18, whose type is share pin.
Executing : def_port {eth_rgmii_tx_ctl_0} LOC=B18 VCCIO=3.3 IOSTANDARD=LVCMOS33 DRIVE=4 SLEW=FAST NONE=TRUE successfully
Executing : def_port {eth_rgmii_txc_0} LOC=G16 VCCIO=3.3 IOSTANDARD=LVCMOS33 DRIVE=4 SLEW=FAST NONE=TRUE
Executing : def_port {eth_rgmii_txc_0} LOC=G16 VCCIO=3.3 IOSTANDARD=LVCMOS33 DRIVE=4 SLEW=FAST NONE=TRUE successfully
Executing : def_port {eth_rgmii_txd_0[0]} LOC=F17 VCCIO=3.3 IOSTANDARD=LVCMOS33 DRIVE=4 SLEW=FAST NONE=TRUE
Executing : def_port {eth_rgmii_txd_0[0]} LOC=F17 VCCIO=3.3 IOSTANDARD=LVCMOS33 DRIVE=4 SLEW=FAST NONE=TRUE successfully
Executing : def_port {eth_rgmii_txd_0[1]} LOC=D17 VCCIO=3.3 IOSTANDARD=LVCMOS33 DRIVE=4 SLEW=FAST NONE=TRUE
C: ConstraintEditor-2002: [C:/Users/86151/Desktop/auido_fft_fir/audio_fft_fir_hdmi/src/UDP/udp/revised_new/prj/device_map/audio_udp_top.pcf(line number: 6)] | Port eth_rgmii_txd_0[1] has been placed at location D17, whose type is share pin.
Executing : def_port {eth_rgmii_txd_0[1]} LOC=D17 VCCIO=3.3 IOSTANDARD=LVCMOS33 DRIVE=4 SLEW=FAST NONE=TRUE successfully
Executing : def_port {eth_rgmii_txd_0[2]} LOC=C18 VCCIO=3.3 IOSTANDARD=LVCMOS33 DRIVE=4 SLEW=FAST NONE=TRUE
C: ConstraintEditor-2002: [C:/Users/86151/Desktop/auido_fft_fir/audio_fft_fir_hdmi/src/UDP/udp/revised_new/prj/device_map/audio_udp_top.pcf(line number: 7)] | Port eth_rgmii_txd_0[2] has been placed at location C18, whose type is share pin.
Executing : def_port {eth_rgmii_txd_0[2]} LOC=C18 VCCIO=3.3 IOSTANDARD=LVCMOS33 DRIVE=4 SLEW=FAST NONE=TRUE successfully
Executing : def_port {eth_rgmii_txd_0[3]} LOC=A18 VCCIO=3.3 IOSTANDARD=LVCMOS33 DRIVE=4 SLEW=FAST NONE=TRUE
C: ConstraintEditor-2002: [C:/Users/86151/Desktop/auido_fft_fir/audio_fft_fir_hdmi/src/UDP/udp/revised_new/prj/device_map/audio_udp_top.pcf(line number: 8)] | Port eth_rgmii_txd_0[3] has been placed at location A18, whose type is share pin.
Executing : def_port {eth_rgmii_txd_0[3]} LOC=A18 VCCIO=3.3 IOSTANDARD=LVCMOS33 DRIVE=4 SLEW=FAST NONE=TRUE successfully
Executing : def_port {eth_rst_n_0} LOC=B20 VCCIO=3.3 IOSTANDARD=LVCMOS33 DRIVE=4 SLEW=FAST NONE=TRUE
C: ConstraintEditor-2002: [C:/Users/86151/Desktop/auido_fft_fir/audio_fft_fir_hdmi/src/UDP/udp/revised_new/prj/device_map/audio_udp_top.pcf(line number: 9)] | Port eth_rst_n_0 has been placed at location B20, whose type is share pin.
Executing : def_port {eth_rst_n_0} LOC=B20 VCCIO=3.3 IOSTANDARD=LVCMOS33 DRIVE=4 SLEW=FAST NONE=TRUE successfully
Executing : def_port {led} LOC=B2 VCCIO=3.3 IOSTANDARD=LVCMOS33 DRIVE=4 SLEW=FAST NONE=TRUE
Executing : def_port {led} LOC=B2 VCCIO=3.3 IOSTANDARD=LVCMOS33 DRIVE=4 SLEW=FAST NONE=TRUE successfully
Executing : def_port {clk_50m} LOC=P20 VCCIO=3.3 IOSTANDARD=LVCMOS33 UNUSED=TRUE
Executing : def_port {clk_50m} LOC=P20 VCCIO=3.3 IOSTANDARD=LVCMOS33 UNUSED=TRUE successfully
Executing : def_port {eth_rgmii_rx_ctl_0} LOC=F9 VCCIO=3.3 IOSTANDARD=LVCMOS33 NONE=TRUE
Executing : def_port {eth_rgmii_rx_ctl_0} LOC=F9 VCCIO=3.3 IOSTANDARD=LVCMOS33 NONE=TRUE successfully
Executing : def_port {eth_rgmii_rxc_0} LOC=F14 VCCIO=3.3 IOSTANDARD=LVCMOS33 NONE=TRUE
Executing : def_port {eth_rgmii_rxc_0} LOC=F14 VCCIO=3.3 IOSTANDARD=LVCMOS33 NONE=TRUE successfully
Executing : def_port {eth_rgmii_rxd_0[0]} LOC=H10 VCCIO=3.3 IOSTANDARD=LVCMOS33 NONE=TRUE
Executing : def_port {eth_rgmii_rxd_0[0]} LOC=H10 VCCIO=3.3 IOSTANDARD=LVCMOS33 NONE=TRUE successfully
Executing : def_port {eth_rgmii_rxd_0[1]} LOC=H11 VCCIO=3.3 IOSTANDARD=LVCMOS33 NONE=TRUE
Executing : def_port {eth_rgmii_rxd_0[1]} LOC=H11 VCCIO=3.3 IOSTANDARD=LVCMOS33 NONE=TRUE successfully
Executing : def_port {eth_rgmii_rxd_0[2]} LOC=G13 VCCIO=3.3 IOSTANDARD=LVCMOS33 NONE=TRUE
Executing : def_port {eth_rgmii_rxd_0[2]} LOC=G13 VCCIO=3.3 IOSTANDARD=LVCMOS33 NONE=TRUE successfully
Executing : def_port {eth_rgmii_rxd_0[3]} LOC=H13 VCCIO=3.3 IOSTANDARD=LVCMOS33 NONE=TRUE
Executing : def_port {eth_rgmii_rxd_0[3]} LOC=H13 VCCIO=3.3 IOSTANDARD=LVCMOS33 NONE=TRUE successfully
Constraint check end.
I: Column Clock Check open.
Read Column Clock Map.

Placement started.
Phase 1 Pre global placement started.
Mapping instance eth0_gmii_to_rgmii/rgmii_clk_delay/opit_0 to IOCKDLY_84_360.
Phase 1.1 1st GP placement started.
Design Utilization : 3%.
Wirelength after clock region global placement is 9135.
1st GP placement takes 3.42 sec.

Phase 1.2 Clock placement started.
Mapping instance eth0_gmii_to_rgmii/GTP_CLKBUFG_RXSHFT/gopclkbufg to USCM_84_108.
Mapping instance clkbufg_0/gopclkbufg to USCM_84_109.
Clock placement takes 0.20 sec.

Pre global placement takes 5.36 sec.

Phase 2 Global placement started.
Phase 2.1 Fixed placement started.
Placed fixed group with base inst clk_50m_ibuf/opit_1 on IOL_327_210.
Placed fixed group with base inst eth0_gmii_to_rgmii/gtp_outbuft1/opit_1_IOL on IOL_311_374.
Placed fixed group with base inst eth0_gmii_to_rgmii/gtp_outbuft6/opit_1_IOL on IOL_299_374.
Placed fixed group with base inst eth0_gmii_to_rgmii/rgmii_rx_data[0].u_rgmii_rxd_ibuf/opit_1 on IOL_75_374.
Placed fixed group with base inst eth0_gmii_to_rgmii/rgmii_rx_data[1].u_rgmii_rxd_ibuf/opit_1 on IOL_75_373.
Placed fixed group with base inst eth0_gmii_to_rgmii/rgmii_rx_data[2].u_rgmii_rxd_ibuf/opit_1 on IOL_251_373.
Placed fixed group with base inst eth0_gmii_to_rgmii/rgmii_rx_data[3].u_rgmii_rxd_ibuf/opit_1 on IOL_251_374.
Placed fixed group with base inst eth0_gmii_to_rgmii/rgmii_tx_data[0].gtp_outbuft1/opit_1_IOL on IOL_299_373.
Placed fixed group with base inst eth0_gmii_to_rgmii/rgmii_tx_data[1].gtp_outbuft1/opit_1_IOL on IOL_323_374.
Placed fixed group with base inst eth0_gmii_to_rgmii/rgmii_tx_data[2].gtp_outbuft1/opit_1_IOL on IOL_323_373.
Placed fixed group with base inst eth0_gmii_to_rgmii/rgmii_tx_data[3].gtp_outbuft1/opit_1_IOL on IOL_311_373.
Placed fixed group with base inst eth0_gmii_to_rgmii/u_rgmii_rx_ctl_ibuf/opit_1 on IOL_71_373.
Placed fixed group with base inst eth_rgmii_rxc_0_ibuf/opit_1 on IOL_243_374.
Placed fixed group with base inst eth_rst_n_0_obuf/opit_1 on IOL_319_374.
Placed fixed group with base inst led_obuf/opit_1 on IOL_19_374.
Placed fixed instance clkbufg_0/gopclkbufg on USCM_84_109.
Placed fixed instance eth0_gmii_to_rgmii/GTP_CLKBUFG_RXSHFT/gopclkbufg on USCM_84_108.
Placed fixed instance eth0_gmii_to_rgmii/rgmii_clk_delay/opit_0 on IOCKDLY_84_360.
Placed fixed instance BKCL_auto_0 on BKCL_188_376.
Placed fixed instance BKCL_auto_1 on BKCL_328_184.
Fixed placement takes 0.00 sec.

Phase 2.2 Process placement started.
Placed instance eth0_gmii_to_rgmii/clk_dll/gopdll(gopDLL) on DLL_86_363, and placed eth0_gmii_to_rgmii/rgmii_clk_delay/opit_0(gopCLKDELAY) on IOCKDLY_84_360.
Process placement takes 0.00 sec.

Phase 2.3 IO placement started.
IO placement takes 0.03 sec.

Phase 2.4 2nd GP placement started.
Run super clustering :
	Initial slack 988997.
	7 iterations finished.
	Final slack 991721.
Super clustering done.
Design Utilization : 3%.
2nd GP placement takes 2.84 sec.

Wirelength after global placement is 7505.
Global placement takes 2.88 sec.

Phase 3 Post global placement started.
Phase 3.1 Macro cell placement started.
Wirelength after macro cell placement is 7505.
Macro cell placement takes 0.00 sec.

Phase 3.2 3rd GP placement started.
Run super clustering :
	Initial slack 988997.
	7 iterations finished.
	Final slack 991721.
Super clustering done.
Design Utilization : 3%.
3rd GP placement takes 2.84 sec.

Wirelength after post global placement is 7505.
Post global placement takes 2.86 sec.

Phase 4 Legalization started.
The average distance in LP is 2.880405.
Wirelength after legalization is 10978.
Legalization takes 0.06 sec.

Phase 5 Timing-driven detailed placement started.
Phase 5.1 Replication placement started.
Worst slack before Replication Place is 993391.
Replication placement takes 0.09 sec.

Wirelength after replication placement is 10978.
Phase 5.2 DP placement started.
Legalized cost 993391.000000.
The detailed placement ends at 0th iteration.
DP placement takes 0.06 sec.

Wirelength after detailed placement is 10978.
Timing-driven detailed placement takes 0.16 sec.

Worst slack is 993391, TNS after placement is 0.
Placement done.
Total placement takes 11.77 sec.
Finished placement. (CPU time elapsed 0h:00m:11s)

Routing started.
Building routing graph takes 1.53 sec.
Worst slack is 993391, TNS before global route is 0.
Processing design graph takes 0.36 sec.
Total memory for routing:
	116.249769 M.
Total nets for routing : 1443.
Rcf routing step 1 processed 0 nets, it takes 0.00 sec.
Rcf routing step 2 processed 0 nets, it takes 0.00 sec.
Rcf routing step 3 processed 0 nets, it takes 0.00 sec.
Global Routing step 1 processed 0 nets, it takes 0.00 sec.
Global Routing step 2 processed 0 nets, it takes 0.00 sec.
Unrouted nets 36 at the end of iteration 0.
Unrouted nets 24 at the end of iteration 1.
Unrouted nets 15 at the end of iteration 2.
Unrouted nets 10 at the end of iteration 3.
Unrouted nets 7 at the end of iteration 4.
Unrouted nets 4 at the end of iteration 5.
Unrouted nets 4 at the end of iteration 6.
Unrouted nets 8 at the end of iteration 7.
Unrouted nets 8 at the end of iteration 8.
Unrouted nets 4 at the end of iteration 9.
Unrouted nets 2 at the end of iteration 10.
Unrouted nets 1 at the end of iteration 11.
Unrouted nets 1 at the end of iteration 12.
Unrouted nets 1 at the end of iteration 13.
Unrouted nets 1 at the end of iteration 14.
Unrouted nets 1 at the end of iteration 15.
Unrouted nets 2 at the end of iteration 16.
Unrouted nets 0 at the end of iteration 17.
Global Routing step 3 processed 93 nets, it takes 0.59 sec.
Global routing takes 0.61 sec.
Total 2030 subnets.
    forward max bucket size 992 , backward 682.
        Unrouted nets 1436 at the end of iteration 0.
    route iteration 0, CPU time elapsed 0.375000 sec.
    forward max bucket size 689 , backward 42.
        Unrouted nets 1071 at the end of iteration 1.
    route iteration 1, CPU time elapsed 0.281250 sec.
    forward max bucket size 35 , backward 42.
        Unrouted nets 735 at the end of iteration 2.
    route iteration 2, CPU time elapsed 0.234375 sec.
    forward max bucket size 30 , backward 56.
        Unrouted nets 755 at the end of iteration 3.
    route iteration 3, CPU time elapsed 0.187500 sec.
    forward max bucket size 29 , backward 47.
        Unrouted nets 622 at the end of iteration 4.
    route iteration 4, CPU time elapsed 0.125000 sec.
    forward max bucket size 30 , backward 73.
        Unrouted nets 535 at the end of iteration 5.
    route iteration 5, CPU time elapsed 0.140625 sec.
    forward max bucket size 31 , backward 79.
        Unrouted nets 453 at the end of iteration 6.
    route iteration 6, CPU time elapsed 0.093750 sec.
    forward max bucket size 43 , backward 60.
        Unrouted nets 339 at the end of iteration 7.
    route iteration 7, CPU time elapsed 0.078125 sec.
    forward max bucket size 32 , backward 90.
        Unrouted nets 246 at the end of iteration 8.
    route iteration 8, CPU time elapsed 0.062500 sec.
    forward max bucket size 34 , backward 33.
        Unrouted nets 185 at the end of iteration 9.
    route iteration 9, CPU time elapsed 0.046875 sec.
    forward max bucket size 27 , backward 45.
        Unrouted nets 129 at the end of iteration 10.
    route iteration 10, CPU time elapsed 0.046875 sec.
    forward max bucket size 27 , backward 53.
        Unrouted nets 103 at the end of iteration 11.
    route iteration 11, CPU time elapsed 0.031250 sec.
    forward max bucket size 31 , backward 25.
        Unrouted nets 69 at the end of iteration 12.
    route iteration 12, CPU time elapsed 0.015625 sec.
    forward max bucket size 23 , backward 27.
        Unrouted nets 55 at the end of iteration 13.
    route iteration 13, CPU time elapsed 0.031250 sec.
    forward max bucket size 23 , backward 33.
        Unrouted nets 22 at the end of iteration 14.
    route iteration 14, CPU time elapsed 0.031250 sec.
    forward max bucket size 20 , backward 21.
        Unrouted nets 14 at the end of iteration 15.
    route iteration 15, CPU time elapsed 0.000000 sec.
    forward max bucket size 21 , backward 20.
        Unrouted nets 14 at the end of iteration 16.
    route iteration 16, CPU time elapsed 0.000000 sec.
    forward max bucket size 18 , backward 23.
        Unrouted nets 2 at the end of iteration 17.
    route iteration 17, CPU time elapsed 0.000000 sec.
    forward max bucket size 5 , backward 5.
        Unrouted nets 0 at the end of iteration 18.
    route iteration 18, CPU time elapsed 0.000000 sec.
Detailed routing takes 18 iterations
C: Route-2036: The clock path from eth_rgmii_rxc_0_ibuf/opit_1:OUT to eth0_gmii_to_rgmii/clk_dll/gopdll:CLK is routed by SRB.
C: Route-2036: The clock path from clk_12M/opit_0_inv_L5Q:Q to audio_udp_pk2_inst/wr_fifo_en/opit_0_inv_L5Q:CLK is routed by SRB.
Detailed routing takes 1.89 sec.
Start fix hold violation.
Build tmp routing results takes 0.03 sec.
Timing analysis takes 0.16 sec.
Hold violation fix iter 0 takes 0.00 sec, total_step_forward 104.
Incremental timing analysis takes 0.12 sec.
Hold violation fix iter 1 takes 0.00 sec, total_step_forward 0.
Hold Violation Fix in router takes 2 iterations.
Fix hold violation Finished.
Hold Violation Fix in router takes 0.44 sec.

Dispose routing result:
    Collect routing result.
    Delete unused device instances.
    Annotate routing result.
    Change LUT configuration.
    Dispose misc instances.
    Annotate routing result again.
Finish routing takes 0.11 sec.
Used SRB routing arc is 25119.
Cleanup routing takes 0.00 sec.
Routing done.
Total routing takes 5.44 sec.


Device Utilization Summary :
+---------------------------------------------------------------------------+
| Logic Utilization        | Used     | Available     | Utilization(%)     
+---------------------------------------------------------------------------+
| Use of APM               | 0        | 84            | 0                  
| Use of BKCL              | 2        | 4             | 50                 
| Use of CLMA              | 159      | 6450          | 3                  
|   FF                     | 264      | 38700         | 1                  
|   LUT                    | 542      | 25800         | 3                  
|   LUT-FF pairs           | 196      | 25800         | 1                  
| Use of CLMS              | 301      | 4250          | 8                  
|   FF                     | 75       | 25500         | 1                  
|   LUT                    | 735      | 17000         | 5                  
|   LUT-FF pairs           | 17       | 17000         | 1                  
|   Distributed RAM        | 512      | 17000         | 4                  
| Use of CRYSTAL           | 0        | 2             | 0                  
| Use of DLL               | 1        | 10            | 10                 
| Use of DQSL              | 0        | 18            | 0                  
| Use of DRM               | 0        | 134           | 0                  
| Use of FUSECODE          | 0        | 1             | 0                  
| Use of HARD0N1           | 50       | 6672          | 1                  
| Use of HSST              | 0        | 1             | 0                  
| Use of IO                | 15       | 296           | 6                  
|   IOBD                   | 8        | 64            | 13                 
|   IOBR_LR                | 0        | 7             | 0                  
|   IOBR_TB                | 1        | 8             | 13                 
|   IOBS_LR                | 1        | 161           | 1                  
|   IOBS_TB                | 5        | 56            | 9                  
| Use of IOCKDIV           | 0        | 20            | 0                  
| Use of IOCKDLY           | 1        | 40            | 3                  
| Use of IOCKGATE          | 0        | 20            | 0                  
| Use of IOCKGMUX_TEST     | 0        | 20            | 0                  
| Use of IOL               | 15       | 400           | 4                  
| Use of IPAL              | 0        | 1             | 0                  
| Use of LDO               | 0        | 4             | 0                  
| Use of MFG_TEST          | 0        | 1             | 0                  
| Use of OSC               | 0        | 1             | 0                  
| Use of PCIE              | 0        | 1             | 0                  
| Use of PIOMUX_TEST       | 0        | 10            | 0                  
| Use of PLL               | 0        | 5             | 0                  
| Use of PREGMUX_TEST      | 0        | 6             | 0                  
| Use of RCKB              | 1        | 24            | 5                  
| Use of RCKBMUX_TEST      | 0        | 12            | 0                  
| Use of RESCAL            | 0        | 4             | 0                  
| Use of SCANCHAIN         | 0        | 2             | 0                  
| Use of START             | 1        | 1             | 100                
| Use of UDID              | 0        | 1             | 0                  
| Use of USCM              | 2        | 30            | 7                  
| Use of USCMMUX_TEST      | 0        | 30            | 0                  
| Use of VCKBMUX_TEST      | 0        | 12            | 0                  
+---------------------------------------------------------------------------+

Finished routing. (CPU time elapsed 0h:00m:05s)
Design 'audio_udp_top' has been placed and routed successfully.
Saving design to DB.
Finished placement and routing. (CPU time elapsed 0h:00m:24s)
Action pnr: Real time elapsed is 0h:0m:27s
Action pnr: CPU time elapsed is 0h:0m:25s
Action pnr: Process CPU time elapsed is 0h:0m:25s
Current time: Mon May  6 18:17:40 2024
Action pnr: Peak memory pool usage is 769 MB
